info: Microsoft.Hosting.Lifetime[0]
      Application started. Press Ctrl+C to shut down.
info: Microsoft.Hosting.Lifetime[0]
      Hosting environment: Production
info: Microsoft.Hosting.Lifetime[0]
      Content root path: D:\LMS\Getway\
info: Ocelot.RateLimit.Middleware.ClientRateLimitMiddleware[0]
      requestId: 80001450-0006-c500-b63f-84710c7967bb, previousRequestId: no previous request id, message: EndpointRateLimiting is not enabled for /{everything}
info: Ocelot.Authentication.Middleware.AuthenticationMiddleware[0]
      requestId: 80001450-0006-c500-b63f-84710c7967bb, previousRequestId: no previous request id, message: No authentication needed for /goals/view
info: Ocelot.Authorization.Middleware.AuthorizationMiddleware[0]
      requestId: 80001450-0006-c500-b63f-84710c7967bb, previousRequestId: no previous request id, message: /{everything} route does not require user to be authorized
info: Ocelot.Requester.Middleware.HttpRequesterMiddleware[0]
      requestId: 80001450-0006-c500-b63f-84710c7967bb, previousRequestId: no previous request id, message: 200 (OK) status code, request uri: http://192.168.73.133:8000/goals/view
info: Ocelot.RateLimit.Middleware.ClientRateLimitMiddleware[0]
      requestId: 80001aaa-0002-df00-b63f-84710c7967bb, previousRequestId: no previous request id, message: EndpointRateLimiting is not enabled for /{everything}
info: Ocelot.Authentication.Middleware.AuthenticationMiddleware[0]
      requestId: 80001aaa-0002-df00-b63f-84710c7967bb, previousRequestId: no previous request id, message: No authentication needed for /goals/view
info: Ocelot.Authorization.Middleware.AuthorizationMiddleware[0]
      requestId: 80001aaa-0002-df00-b63f-84710c7967bb, previousRequestId: no previous request id, message: /{everything} route does not require user to be authorized
info: Ocelot.Requester.Middleware.HttpRequesterMiddleware[0]
      requestId: 80001aaa-0002-df00-b63f-84710c7967bb, previousRequestId: no previous request id, message: 200 (OK) status code, request uri: http://192.168.73.133:8000/goals/view
info: Microsoft.Hosting.Lifetime[0]
      Application is shutting down...
