info: Microsoft.Hosting.Lifetime[0]
      Application started. Press Ctrl+C to shut down.
info: Microsoft.Hosting.Lifetime[0]
      Hosting environment: Production
info: Microsoft.Hosting.Lifetime[0]
      Content root path: D:\LMS\Getway\
info: Ocelot.RateLimit.Middleware.ClientRateLimitMiddleware[0]
      requestId: 800002a1-0020-e800-b63f-84710c7967bb, previousRequestId: no previous request id, message: EndpointRateLimiting is not enabled for /{everything}
info: Ocelot.Authentication.Middleware.AuthenticationMiddleware[0]
      requestId: 800002a1-0020-e800-b63f-84710c7967bb, previousRequestId: no previous request id, message: No authentication needed for /chat/process
info: Ocelot.Authorization.Middleware.AuthorizationMiddleware[0]
      requestId: 800002a1-0020-e800-b63f-84710c7967bb, previousRequestId: no previous request id, message: /{everything} route does not require user to be authorized
info: Ocelot.Requester.Middleware.HttpRequesterMiddleware[0]
      requestId: 800002a1-0020-e800-b63f-84710c7967bb, previousRequestId: no previous request id, message: 200 (OK) status code, request uri: http://192.168.73.133:8000/chat/process
info: Ocelot.RateLimit.Middleware.ClientRateLimitMiddleware[0]
      requestId: 800012e9-0004-d200-b63f-84710c7967bb, previousRequestId: no previous request id, message: EndpointRateLimiting is not enabled for /{everything}
info: Ocelot.Authentication.Middleware.AuthenticationMiddleware[0]
      requestId: 800012e9-0004-d200-b63f-84710c7967bb, previousRequestId: no previous request id, message: No authentication needed for /chat/process
info: Ocelot.Authorization.Middleware.AuthorizationMiddleware[0]
      requestId: 800012e9-0004-d200-b63f-84710c7967bb, previousRequestId: no previous request id, message: /{everything} route does not require user to be authorized
warn: Ocelot.Responder.Middleware.ResponderMiddleware[0]
      requestId: 800012e9-0004-d200-b63f-84710c7967bb, previousRequestId: no previous request id, message: Error Code: ConnectionToDownstreamServiceError Message: Error connecting to downstream service, exception: System.Net.Http.HttpRequestException: Error while copying content to a stream.
       ---> System.IO.IOException: The response ended prematurely.
         at System.Net.Http.HttpConnection.FillAsync(Boolean async)
         at System.Net.Http.HttpConnection.ChunkedEncodingReadStream.CopyToAsyncCore(Stream destination, CancellationToken cancellationToken)
         at System.Net.Http.HttpConnectionResponseContent.SerializeToStreamAsync(Stream stream, TransportContext context, CancellationToken cancellationToken)
         at System.Net.Http.HttpContent.LoadIntoBufferAsyncCore(Task serializeToStreamTask, MemoryStream tempBuffer)
         --- End of inner exception stack trace ---
         at System.Net.Http.HttpContent.LoadIntoBufferAsyncCore(Task serializeToStreamTask, MemoryStream tempBuffer)
         at System.Net.Http.HttpClient.<SendAsync>g__Core|83_0(HttpRequestMessage request, HttpCompletionOption completionOption, CancellationTokenSource cts, Boolean disposeCts, CancellationTokenSource pendingRequestsCts, CancellationToken originalCancellationToken)
         at Ocelot.Requester.HttpClientHttpRequester.GetResponse(HttpContext httpContext) errors found in ResponderMiddleware. Setting error response for request path:/chat/process, request method: POST
info: Ocelot.RateLimit.Middleware.ClientRateLimitMiddleware[0]
      requestId: 800012f1-0004-d200-b63f-84710c7967bb, previousRequestId: no previous request id, message: EndpointRateLimiting is not enabled for /{everything}
info: Ocelot.Authentication.Middleware.AuthenticationMiddleware[0]
      requestId: 800012f1-0004-d200-b63f-84710c7967bb, previousRequestId: no previous request id, message: No authentication needed for /chat/voice
info: Ocelot.Authorization.Middleware.AuthorizationMiddleware[0]
      requestId: 800012f1-0004-d200-b63f-84710c7967bb, previousRequestId: no previous request id, message: /{everything} route does not require user to be authorized
info: Ocelot.Requester.Middleware.HttpRequesterMiddleware[0]
      requestId: 800012f1-0004-d200-b63f-84710c7967bb, previousRequestId: no previous request id, message: 200 (OK) status code, request uri: http://192.168.73.133:8000/chat/voice
info: Ocelot.RateLimit.Middleware.ClientRateLimitMiddleware[0]
      requestId: 800005da-0000-c100-b63f-84710c7967bb, previousRequestId: no previous request id, message: EndpointRateLimiting is not enabled for /{everything}
info: Ocelot.Authentication.Middleware.AuthenticationMiddleware[0]
      requestId: 800005da-0000-c100-b63f-84710c7967bb, previousRequestId: no previous request id, message: No authentication needed for /chat/voice
info: Ocelot.Authorization.Middleware.AuthorizationMiddleware[0]
      requestId: 800005da-0000-c100-b63f-84710c7967bb, previousRequestId: no previous request id, message: /{everything} route does not require user to be authorized
info: Ocelot.Requester.Middleware.HttpRequesterMiddleware[0]
      requestId: 800005da-0000-c100-b63f-84710c7967bb, previousRequestId: no previous request id, message: 200 (OK) status code, request uri: http://192.168.73.133:8000/chat/voice
info: Ocelot.RateLimit.Middleware.ClientRateLimitMiddleware[0]
      requestId: 800003a7-0009-f500-b63f-84710c7967bb, previousRequestId: no previous request id, message: EndpointRateLimiting is not enabled for /{everything}
info: Ocelot.Authentication.Middleware.AuthenticationMiddleware[0]
      requestId: 800003a7-0009-f500-b63f-84710c7967bb, previousRequestId: no previous request id, message: No authentication needed for /chat/process
info: Ocelot.Authorization.Middleware.AuthorizationMiddleware[0]
      requestId: 800003a7-0009-f500-b63f-84710c7967bb, previousRequestId: no previous request id, message: /{everything} route does not require user to be authorized
warn: Ocelot.Responder.Middleware.ResponderMiddleware[0]
      requestId: 800003a7-0009-f500-b63f-84710c7967bb, previousRequestId: no previous request id, message: Error Code: ConnectionToDownstreamServiceError Message: Error connecting to downstream service, exception: System.Net.Http.HttpRequestException: Error while copying content to a stream.
       ---> System.IO.IOException: The response ended prematurely.
         at System.Net.Http.HttpConnection.FillAsync(Boolean async)
         at System.Net.Http.HttpConnection.ChunkedEncodingReadStream.CopyToAsyncCore(Stream destination, CancellationToken cancellationToken)
         at System.Net.Http.HttpConnectionResponseContent.SerializeToStreamAsync(Stream stream, TransportContext context, CancellationToken cancellationToken)
         at System.Net.Http.HttpContent.LoadIntoBufferAsyncCore(Task serializeToStreamTask, MemoryStream tempBuffer)
         --- End of inner exception stack trace ---
         at System.Net.Http.HttpContent.LoadIntoBufferAsyncCore(Task serializeToStreamTask, MemoryStream tempBuffer)
         at System.Net.Http.HttpClient.<SendAsync>g__Core|83_0(HttpRequestMessage request, HttpCompletionOption completionOption, CancellationTokenSource cts, Boolean disposeCts, CancellationTokenSource pendingRequestsCts, CancellationToken originalCancellationToken)
         at Ocelot.Requester.HttpClientHttpRequester.GetResponse(HttpContext httpContext) errors found in ResponderMiddleware. Setting error response for request path:/chat/process, request method: POST
info: Microsoft.Hosting.Lifetime[0]
      Application is shutting down...
