info: Microsoft.Hosting.Lifetime[0]
      Application started. Press Ctrl+C to shut down.
info: Microsoft.Hosting.Lifetime[0]
      Hosting environment: Production
info: Microsoft.Hosting.Lifetime[0]
      Content root path: D:\LMS\Getway\
warn: Microsoft.AspNetCore.HttpsPolicy.HttpsRedirectionMiddleware[3]
      Failed to determine the https port for redirect.
info: Ocelot.RateLimit.Middleware.ClientRateLimitMiddleware[0]
      requestId: 80000996-0016-fb00-b63f-84710c7967bb, previousRequestId: no previous request id, message: EndpointRateLimiting is not enabled for /{everything}
info: Ocelot.Authentication.Middleware.AuthenticationMiddleware[0]
      requestId: 80000996-0016-fb00-b63f-84710c7967bb, previousRequestId: no previous request id, message: No authentication needed for /
info: Ocelot.Authorization.Middleware.AuthorizationMiddleware[0]
      requestId: 80000996-0016-fb00-b63f-84710c7967bb, previousRequestId: no previous request id, message: /{everything} route does not require user to be authorized
info: Ocelot.Requester.Middleware.HttpRequesterMiddleware[0]
      requestId: 80000996-0016-fb00-b63f-84710c7967bb, previousRequestId: no previous request id, message: 200 (OK) status code, request uri: http://192.168.73.133:8000/
info: Ocelot.RateLimit.Middleware.ClientRateLimitMiddleware[0]
      requestId: 800007a3-000e-e700-b63f-84710c7967bb, previousRequestId: no previous request id, message: EndpointRateLimiting is not enabled for /{everything}
info: Ocelot.Authentication.Middleware.AuthenticationMiddleware[0]
      requestId: 800007a3-000e-e700-b63f-84710c7967bb, previousRequestId: no previous request id, message: No authentication needed for /
info: Ocelot.Authorization.Middleware.AuthorizationMiddleware[0]
      requestId: 800007a3-000e-e700-b63f-84710c7967bb, previousRequestId: no previous request id, message: /{everything} route does not require user to be authorized
info: Ocelot.Requester.Middleware.HttpRequesterMiddleware[0]
      requestId: 800007a3-000e-e700-b63f-84710c7967bb, previousRequestId: no previous request id, message: 200 (OK) status code, request uri: http://192.168.73.133:8000/
info: Ocelot.RateLimit.Middleware.ClientRateLimitMiddleware[0]
      requestId: 80000464-0012-bf00-b63f-84710c7967bb, previousRequestId: no previous request id, message: EndpointRateLimiting is not enabled for /{everything}
info: Ocelot.Authentication.Middleware.AuthenticationMiddleware[0]
      requestId: 80000464-0012-bf00-b63f-84710c7967bb, previousRequestId: no previous request id, message: No authentication needed for /favicon.ico
info: Ocelot.Authorization.Middleware.AuthorizationMiddleware[0]
      requestId: 80000464-0012-bf00-b63f-84710c7967bb, previousRequestId: no previous request id, message: /{everything} route does not require user to be authorized
warn: Ocelot.Requester.Middleware.HttpRequesterMiddleware[0]
      requestId: 80000464-0012-bf00-b63f-84710c7967bb, previousRequestId: no previous request id, message: 404 (Not Found) status code, request uri: http://192.168.73.133:8000/favicon.ico
info: Ocelot.RateLimit.Middleware.ClientRateLimitMiddleware[0]
      requestId: 80000cd0-0004-ff00-b63f-84710c7967bb, previousRequestId: no previous request id, message: EndpointRateLimiting is not enabled for /{everything}
info: Ocelot.Authentication.Middleware.AuthenticationMiddleware[0]
      requestId: 80000cd0-0004-ff00-b63f-84710c7967bb, previousRequestId: no previous request id, message: No authentication needed for /favicon.ico
info: Ocelot.Authorization.Middleware.AuthorizationMiddleware[0]
      requestId: 80000cd0-0004-ff00-b63f-84710c7967bb, previousRequestId: no previous request id, message: /{everything} route does not require user to be authorized
warn: Ocelot.Requester.Middleware.HttpRequesterMiddleware[0]
      requestId: 80000cd0-0004-ff00-b63f-84710c7967bb, previousRequestId: no previous request id, message: 404 (Not Found) status code, request uri: http://192.168.73.133:8000/favicon.ico
info: Ocelot.RateLimit.Middleware.ClientRateLimitMiddleware[0]
      requestId: 8000064f-0010-e800-b63f-84710c7967bb, previousRequestId: no previous request id, message: EndpointRateLimiting is not enabled for /{everything}
info: Ocelot.Authentication.Middleware.AuthenticationMiddleware[0]
      requestId: 8000064f-0010-e800-b63f-84710c7967bb, previousRequestId: no previous request id, message: No authentication needed for /security.txt
info: Ocelot.Authorization.Middleware.AuthorizationMiddleware[0]
      requestId: 8000064f-0010-e800-b63f-84710c7967bb, previousRequestId: no previous request id, message: /{everything} route does not require user to be authorized
warn: Ocelot.Requester.Middleware.HttpRequesterMiddleware[0]
      requestId: 8000064f-0010-e800-b63f-84710c7967bb, previousRequestId: no previous request id, message: 404 (Not Found) status code, request uri: http://192.168.73.133:8000/security.txt
info: Microsoft.Hosting.Lifetime[0]
      Application is shutting down...
