info: Microsoft.Hosting.Lifetime[0]
      Application started. Press Ctrl+C to shut down.
info: Microsoft.Hosting.Lifetime[0]
      Hosting environment: Production
info: Microsoft.Hosting.Lifetime[0]
      Content root path: D:\LMS\Getway\
warn: Microsoft.AspNetCore.HttpsPolicy.HttpsRedirectionMiddleware[3]
      Failed to determine the https port for redirect.
info: Ocelot.RateLimit.Middleware.ClientRateLimitMiddleware[0]
      requestId: 800001dd-0005-fb00-b63f-84710c7967bb, previousRequestId: no previous request id, message: EndpointRateLimiting is not enabled for /{everything}
info: Ocelot.RateLimit.Middleware.ClientRateLimitMiddleware[0]
      requestId: 800008f5-0006-c700-b63f-84710c7967bb, previousRequestId: no previous request id, message: EndpointRateLimiting is not enabled for /{everything}
info: Ocelot.Authentication.Middleware.AuthenticationMiddleware[0]
      requestId: 800001dd-0005-fb00-b63f-84710c7967bb, previousRequestId: no previous request id, message: No authentication needed for /ISAPI/Security/capabilities
info: Ocelot.Authentication.Middleware.AuthenticationMiddleware[0]
      requestId: 800008f5-0006-c700-b63f-84710c7967bb, previousRequestId: no previous request id, message: No authentication needed for /ISAPI/Security/capabilities
info: Ocelot.Authorization.Middleware.AuthorizationMiddleware[0]
      requestId: 800008f5-0006-c700-b63f-84710c7967bb, previousRequestId: no previous request id, message: /{everything} route does not require user to be authorized
info: Ocelot.Authorization.Middleware.AuthorizationMiddleware[0]
      requestId: 800001dd-0005-fb00-b63f-84710c7967bb, previousRequestId: no previous request id, message: /{everything} route does not require user to be authorized
warn: Ocelot.Requester.Middleware.HttpRequesterMiddleware[0]
      requestId: 800008f5-0006-c700-b63f-84710c7967bb, previousRequestId: no previous request id, message: 404 (Not Found) status code, request uri: http://192.168.73.133:8000/ISAPI/Security/capabilities
warn: Ocelot.Requester.Middleware.HttpRequesterMiddleware[0]
      requestId: 800001dd-0005-fb00-b63f-84710c7967bb, previousRequestId: no previous request id, message: 404 (Not Found) status code, request uri: http://192.168.73.133:8000/ISAPI/Security/capabilities
info: Ocelot.RateLimit.Middleware.ClientRateLimitMiddleware[0]
      requestId: 80000dfb-0004-f100-b63f-84710c7967bb, previousRequestId: no previous request id, message: EndpointRateLimiting is not enabled for /{everything}
info: Ocelot.RateLimit.Middleware.ClientRateLimitMiddleware[0]
      requestId: 800000a5-000b-eb00-b63f-84710c7967bb, previousRequestId: no previous request id, message: EndpointRateLimiting is not enabled for /{everything}
info: Ocelot.Authentication.Middleware.AuthenticationMiddleware[0]
      requestId: 80000dfb-0004-f100-b63f-84710c7967bb, previousRequestId: no previous request id, message: No authentication needed for /cgi-bin/configManager.cgi
info: Ocelot.Authentication.Middleware.AuthenticationMiddleware[0]
      requestId: 800000a5-000b-eb00-b63f-84710c7967bb, previousRequestId: no previous request id, message: No authentication needed for /cgi-bin/configManager.cgi
info: Ocelot.Authorization.Middleware.AuthorizationMiddleware[0]
      requestId: 800000a5-000b-eb00-b63f-84710c7967bb, previousRequestId: no previous request id, message: /{everything} route does not require user to be authorized
info: Ocelot.Authorization.Middleware.AuthorizationMiddleware[0]
      requestId: 80000dfb-0004-f100-b63f-84710c7967bb, previousRequestId: no previous request id, message: /{everything} route does not require user to be authorized
warn: Ocelot.Requester.Middleware.HttpRequesterMiddleware[0]
      requestId: 80000dfb-0004-f100-b63f-84710c7967bb, previousRequestId: no previous request id, message: 404 (Not Found) status code, request uri: http://192.168.73.133:8000/cgi-bin/configManager.cgi?action=getConfig&name=General
warn: Ocelot.Requester.Middleware.HttpRequesterMiddleware[0]
      requestId: 800000a5-000b-eb00-b63f-84710c7967bb, previousRequestId: no previous request id, message: 404 (Not Found) status code, request uri: http://192.168.73.133:8000/cgi-bin/configManager.cgi?action=getConfig&name=General
info: Ocelot.RateLimit.Middleware.ClientRateLimitMiddleware[0]
      requestId: 800004c7-000e-de00-b63f-84710c7967bb, previousRequestId: no previous request id, message: EndpointRateLimiting is not enabled for /{everything}
info: Ocelot.Authentication.Middleware.AuthenticationMiddleware[0]
      requestId: 800004c7-000e-de00-b63f-84710c7967bb, previousRequestId: no previous request id, message: No authentication needed for /ISAPI/Security/capabilities
info: Ocelot.Authorization.Middleware.AuthorizationMiddleware[0]
      requestId: 800004c7-000e-de00-b63f-84710c7967bb, previousRequestId: no previous request id, message: /{everything} route does not require user to be authorized
warn: Ocelot.Requester.Middleware.HttpRequesterMiddleware[0]
      requestId: 800004c7-000e-de00-b63f-84710c7967bb, previousRequestId: no previous request id, message: 404 (Not Found) status code, request uri: http://192.168.73.133:8000/ISAPI/Security/capabilities
info: Ocelot.RateLimit.Middleware.ClientRateLimitMiddleware[0]
      requestId: 80000a84-0002-c100-b63f-84710c7967bb, previousRequestId: no previous request id, message: EndpointRateLimiting is not enabled for /{everything}
info: Ocelot.Authentication.Middleware.AuthenticationMiddleware[0]
      requestId: 80000a84-0002-c100-b63f-84710c7967bb, previousRequestId: no previous request id, message: No authentication needed for /cgi-bin/configManager.cgi
info: Ocelot.Authorization.Middleware.AuthorizationMiddleware[0]
      requestId: 80000a84-0002-c100-b63f-84710c7967bb, previousRequestId: no previous request id, message: /{everything} route does not require user to be authorized
warn: Ocelot.Requester.Middleware.HttpRequesterMiddleware[0]
      requestId: 80000a84-0002-c100-b63f-84710c7967bb, previousRequestId: no previous request id, message: 404 (Not Found) status code, request uri: http://192.168.73.133:8000/cgi-bin/configManager.cgi?action=getConfig&name=General
info: Microsoft.Hosting.Lifetime[0]
      Application is shutting down...
