info: Microsoft.Hosting.Lifetime[0]
      Application started. Press Ctrl+C to shut down.
info: Microsoft.Hosting.Lifetime[0]
      Hosting environment: Production
info: Microsoft.Hosting.Lifetime[0]
      Content root path: D:\LMS\Getway\
warn: Microsoft.AspNetCore.HttpsPolicy.HttpsRedirectionMiddleware[3]
      Failed to determine the https port for redirect.
info: Ocelot.RateLimit.Middleware.ClientRateLimitMiddleware[0]
      requestId: 800002c4-0010-f400-b63f-84710c7967bb, previousRequestId: no previous request id, message: EndpointRateLimiting is not enabled for /{everything}
info: Ocelot.Authentication.Middleware.AuthenticationMiddleware[0]
      requestId: 800002c4-0010-f400-b63f-84710c7967bb, previousRequestId: no previous request id, message: No authentication needed for /
info: Ocelot.Authorization.Middleware.AuthorizationMiddleware[0]
      requestId: 800002c4-0010-f400-b63f-84710c7967bb, previousRequestId: no previous request id, message: /{everything} route does not require user to be authorized
warn: Ocelot.Responder.Middleware.ResponderMiddleware[0]
      requestId: 800002c4-0010-f400-b63f-84710c7967bb, previousRequestId: no previous request id, message: Error Code: ConnectionToDownstreamServiceError Message: Error connecting to downstream service, exception: System.Net.Http.HttpRequestException: A connection attempt failed because the connected party did not properly respond after a period of time, or established connection failed because connected host has failed to respond. (192.168.73.133:8000)
       ---> System.Net.Sockets.SocketException (10060): A connection attempt failed because the connected party did not properly respond after a period of time, or established connection failed because connected host has failed to respond.
         at System.Net.Sockets.Socket.AwaitableSocketAsyncEventArgs.ThrowException(SocketError error, CancellationToken cancellationToken)
         at System.Net.Sockets.Socket.AwaitableSocketAsyncEventArgs.System.Threading.Tasks.Sources.IValueTaskSource.GetResult(Int16 token)
         at System.Net.Sockets.Socket.<ConnectAsync>g__WaitForConnectWithCancellation|277_0(AwaitableSocketAsyncEventArgs saea, ValueTask connectTask, CancellationToken cancellationToken)
         at System.Net.Http.HttpConnectionPool.ConnectToTcpHostAsync(String host, Int32 port, HttpRequestMessage initialRequest, Boolean async, CancellationToken cancellationToken)
         --- End of inner exception stack trace ---
         at System.Net.Http.HttpConnectionPool.ConnectToTcpHostAsync(String host, Int32 port, HttpRequestMessage initialRequest, Boolean async, CancellationToken cancellationToken)
         at System.Net.Http.HttpConnectionPool.ConnectAsync(HttpRequestMessage request, Boolean async, CancellationToken cancellationToken)
         at System.Net.Http.HttpConnectionPool.CreateHttp11ConnectionAsync(HttpRequestMessage request, Boolean async, CancellationToken cancellationToken)
         at System.Net.Http.HttpConnectionPool.AddHttp11ConnectionAsync(HttpRequestMessage request)
         at System.Threading.Tasks.TaskCompletionSourceWithCancellation`1.WaitWithCancellationAsync(CancellationToken cancellationToken)
         at System.Net.Http.HttpConnectionPool.GetHttp11ConnectionAsync(HttpRequestMessage request, Boolean async, CancellationToken cancellationToken)
         at System.Net.Http.HttpConnectionPool.SendWithVersionDetectionAndRetryAsync(HttpRequestMessage request, Boolean async, Boolean doRequestAuth, CancellationToken cancellationToken)
         at System.Net.Http.DiagnosticsHandler.SendAsyncCore(HttpRequestMessage request, Boolean async, CancellationToken cancellationToken)
         at System.Net.Http.HttpClient.<SendAsync>g__Core|83_0(HttpRequestMessage request, HttpCompletionOption completionOption, CancellationTokenSource cts, Boolean disposeCts, CancellationTokenSource pendingRequestsCts, CancellationToken originalCancellationToken)
         at Ocelot.Requester.HttpClientHttpRequester.GetResponse(HttpContext httpContext) errors found in ResponderMiddleware. Setting error response for request path:/, request method: GET
warn: Ocelot.Responder.Middleware.ResponderMiddleware[0]
      requestId: 8000153a-0004-e600-b63f-84710c7967bb, previousRequestId: no previous request id, message: Error Code: UnmappableRequestError Message: Error when parsing incoming request, exception: System.UriFormatException: Invalid URI: The hostname could not be parsed.
         at System.Uri.CreateThis(String uri, Boolean dontEscape, UriKind uriKind, UriCreationOptions& creationOptions)
         at System.Uri..ctor(String uriString)
         at Ocelot.Request.Mapper.RequestMapper.MapUri(HttpRequest request)
         at Ocelot.Request.Mapper.RequestMapper.Map(HttpRequest request, DownstreamRoute downstreamRoute) errors found in ResponderMiddleware. Setting error response for request path:/, request method: GET
info: Microsoft.Hosting.Lifetime[0]
      Application is shutting down...
