info: Microsoft.Hosting.Lifetime[0]
      Application started. Press Ctrl+C to shut down.
info: Microsoft.Hosting.Lifetime[0]
      Hosting environment: Production
info: Microsoft.Hosting.Lifetime[0]
      Content root path: D:\LMS\Getway\
info: Ocelot.RateLimit.Middleware.ClientRateLimitMiddleware[0]
      requestId: 800001f3-0028-f000-b63f-84710c7967bb, previousRequestId: no previous request id, message: EndpointRateLimiting is not enabled for /{everything}
info: Ocelot.Authentication.Middleware.AuthenticationMiddleware[0]
      requestId: 800001f3-0028-f000-b63f-84710c7967bb, previousRequestId: no previous request id, message: No authentication needed for /chat/voice
info: Ocelot.Authorization.Middleware.AuthorizationMiddleware[0]
      requestId: 800001f3-0028-f000-b63f-84710c7967bb, previousRequestId: no previous request id, message: /{everything} route does not require user to be authorized
info: Ocelot.Requester.Middleware.HttpRequesterMiddleware[0]
      requestId: 800001f3-0028-f000-b63f-84710c7967bb, previousRequestId: no previous request id, message: 200 (OK) status code, request uri: http://192.168.73.133:8000/chat/voice
info: Ocelot.RateLimit.Middleware.ClientRateLimitMiddleware[0]
      requestId: 80000af0-0002-c300-b63f-84710c7967bb, previousRequestId: no previous request id, message: EndpointRateLimiting is not enabled for /{everything}
info: Ocelot.Authentication.Middleware.AuthenticationMiddleware[0]
      requestId: 80000af0-0002-c300-b63f-84710c7967bb, previousRequestId: no previous request id, message: No authentication needed for /chat/voice
info: Ocelot.Authorization.Middleware.AuthorizationMiddleware[0]
      requestId: 80000af0-0002-c300-b63f-84710c7967bb, previousRequestId: no previous request id, message: /{everything} route does not require user to be authorized
info: Ocelot.Requester.Middleware.HttpRequesterMiddleware[0]
      requestId: 80000af0-0002-c300-b63f-84710c7967bb, previousRequestId: no previous request id, message: 200 (OK) status code, request uri: http://192.168.73.133:8000/chat/voice
info: Ocelot.RateLimit.Middleware.ClientRateLimitMiddleware[0]
      requestId: 80000786-0006-dc00-b63f-84710c7967bb, previousRequestId: no previous request id, message: EndpointRateLimiting is not enabled for /{everything}
info: Ocelot.Authentication.Middleware.AuthenticationMiddleware[0]
      requestId: 80000786-0006-dc00-b63f-84710c7967bb, previousRequestId: no previous request id, message: No authentication needed for /chat/process
info: Ocelot.Authorization.Middleware.AuthorizationMiddleware[0]
      requestId: 80000786-0006-dc00-b63f-84710c7967bb, previousRequestId: no previous request id, message: /{everything} route does not require user to be authorized
info: Ocelot.Requester.Middleware.HttpRequesterMiddleware[0]
      requestId: 80000786-0006-dc00-b63f-84710c7967bb, previousRequestId: no previous request id, message: 200 (OK) status code, request uri: http://192.168.73.133:8000/chat/process
info: Ocelot.RateLimit.Middleware.ClientRateLimitMiddleware[0]
      requestId: 80000788-0006-dc00-b63f-84710c7967bb, previousRequestId: no previous request id, message: EndpointRateLimiting is not enabled for /{everything}
info: Ocelot.Authentication.Middleware.AuthenticationMiddleware[0]
      requestId: 80000788-0006-dc00-b63f-84710c7967bb, previousRequestId: no previous request id, message: No authentication needed for /chat/process
info: Ocelot.Authorization.Middleware.AuthorizationMiddleware[0]
      requestId: 80000788-0006-dc00-b63f-84710c7967bb, previousRequestId: no previous request id, message: /{everything} route does not require user to be authorized
info: Ocelot.Requester.Middleware.HttpRequesterMiddleware[0]
      requestId: 80000788-0006-dc00-b63f-84710c7967bb, previousRequestId: no previous request id, message: 200 (OK) status code, request uri: http://192.168.73.133:8000/chat/process
info: Ocelot.RateLimit.Middleware.ClientRateLimitMiddleware[0]
      requestId: 800006a7-000a-cb00-b63f-84710c7967bb, previousRequestId: no previous request id, message: EndpointRateLimiting is not enabled for /{everything}
info: Ocelot.Authentication.Middleware.AuthenticationMiddleware[0]
      requestId: 800006a7-000a-cb00-b63f-84710c7967bb, previousRequestId: no previous request id, message: No authentication needed for /chat/voice
info: Ocelot.Authorization.Middleware.AuthorizationMiddleware[0]
      requestId: 800006a7-000a-cb00-b63f-84710c7967bb, previousRequestId: no previous request id, message: /{everything} route does not require user to be authorized
info: Ocelot.Requester.Middleware.HttpRequesterMiddleware[0]
      requestId: 800006a7-000a-cb00-b63f-84710c7967bb, previousRequestId: no previous request id, message: 200 (OK) status code, request uri: http://192.168.73.133:8000/chat/voice
info: Ocelot.RateLimit.Middleware.ClientRateLimitMiddleware[0]
      requestId: 800006ed-001e-ef00-b63f-84710c7967bb, previousRequestId: no previous request id, message: EndpointRateLimiting is not enabled for /{everything}
info: Ocelot.Authentication.Middleware.AuthenticationMiddleware[0]
      requestId: 800006ed-001e-ef00-b63f-84710c7967bb, previousRequestId: no previous request id, message: No authentication needed for /chat/voice
info: Ocelot.Authorization.Middleware.AuthorizationMiddleware[0]
      requestId: 800006ed-001e-ef00-b63f-84710c7967bb, previousRequestId: no previous request id, message: /{everything} route does not require user to be authorized
info: Ocelot.Requester.Middleware.HttpRequesterMiddleware[0]
      requestId: 800006ed-001e-ef00-b63f-84710c7967bb, previousRequestId: no previous request id, message: 200 (OK) status code, request uri: http://192.168.73.133:8000/chat/voice
info: Ocelot.RateLimit.Middleware.ClientRateLimitMiddleware[0]
      requestId: 80000186-0008-a900-b63f-84710c7967bb, previousRequestId: no previous request id, message: EndpointRateLimiting is not enabled for /{everything}
info: Ocelot.Authentication.Middleware.AuthenticationMiddleware[0]
      requestId: 80000186-0008-a900-b63f-84710c7967bb, previousRequestId: no previous request id, message: No authentication needed for /chat/voice
info: Ocelot.Authorization.Middleware.AuthorizationMiddleware[0]
      requestId: 80000186-0008-a900-b63f-84710c7967bb, previousRequestId: no previous request id, message: /{everything} route does not require user to be authorized
info: Ocelot.Requester.Middleware.HttpRequesterMiddleware[0]
      requestId: 80000186-0008-a900-b63f-84710c7967bb, previousRequestId: no previous request id, message: 200 (OK) status code, request uri: http://192.168.73.133:8000/chat/voice
info: Ocelot.RateLimit.Middleware.ClientRateLimitMiddleware[0]
      requestId: 80000640-0012-b900-b63f-84710c7967bb, previousRequestId: no previous request id, message: EndpointRateLimiting is not enabled for /{everything}
info: Ocelot.Authentication.Middleware.AuthenticationMiddleware[0]
      requestId: 80000640-0012-b900-b63f-84710c7967bb, previousRequestId: no previous request id, message: No authentication needed for /chat/voice
info: Ocelot.Authorization.Middleware.AuthorizationMiddleware[0]
      requestId: 80000640-0012-b900-b63f-84710c7967bb, previousRequestId: no previous request id, message: /{everything} route does not require user to be authorized
info: Ocelot.Requester.Middleware.HttpRequesterMiddleware[0]
      requestId: 80000640-0012-b900-b63f-84710c7967bb, previousRequestId: no previous request id, message: 200 (OK) status code, request uri: http://192.168.73.133:8000/chat/voice
info: Ocelot.RateLimit.Middleware.ClientRateLimitMiddleware[0]
      requestId: 800004e4-002c-f100-b63f-84710c7967bb, previousRequestId: no previous request id, message: EndpointRateLimiting is not enabled for /{everything}
info: Ocelot.Authentication.Middleware.AuthenticationMiddleware[0]
      requestId: 800004e4-002c-f100-b63f-84710c7967bb, previousRequestId: no previous request id, message: No authentication needed for /chat/voice
info: Ocelot.Authorization.Middleware.AuthorizationMiddleware[0]
      requestId: 800004e4-002c-f100-b63f-84710c7967bb, previousRequestId: no previous request id, message: /{everything} route does not require user to be authorized
info: Ocelot.Requester.Middleware.HttpRequesterMiddleware[0]
      requestId: 800004e4-002c-f100-b63f-84710c7967bb, previousRequestId: no previous request id, message: 200 (OK) status code, request uri: http://192.168.73.133:8000/chat/voice
info: Ocelot.RateLimit.Middleware.ClientRateLimitMiddleware[0]
      requestId: 80000261-0010-ff00-b63f-84710c7967bb, previousRequestId: no previous request id, message: EndpointRateLimiting is not enabled for /{everything}
info: Ocelot.Authentication.Middleware.AuthenticationMiddleware[0]
      requestId: 80000261-0010-ff00-b63f-84710c7967bb, previousRequestId: no previous request id, message: No authentication needed for /chat/voice
info: Ocelot.Authorization.Middleware.AuthorizationMiddleware[0]
      requestId: 80000261-0010-ff00-b63f-84710c7967bb, previousRequestId: no previous request id, message: /{everything} route does not require user to be authorized
info: Ocelot.Requester.Middleware.HttpRequesterMiddleware[0]
      requestId: 80000261-0010-ff00-b63f-84710c7967bb, previousRequestId: no previous request id, message: 200 (OK) status code, request uri: http://192.168.73.133:8000/chat/voice
info: Ocelot.RateLimit.Middleware.ClientRateLimitMiddleware[0]
      requestId: 800002e6-0014-ef00-b63f-84710c7967bb, previousRequestId: no previous request id, message: EndpointRateLimiting is not enabled for /{everything}
info: Ocelot.Authentication.Middleware.AuthenticationMiddleware[0]
      requestId: 800002e6-0014-ef00-b63f-84710c7967bb, previousRequestId: no previous request id, message: No authentication needed for /chat/process
info: Ocelot.Authorization.Middleware.AuthorizationMiddleware[0]
      requestId: 800002e6-0014-ef00-b63f-84710c7967bb, previousRequestId: no previous request id, message: /{everything} route does not require user to be authorized
info: Ocelot.Requester.Middleware.HttpRequesterMiddleware[0]
      requestId: 800002e6-0014-ef00-b63f-84710c7967bb, previousRequestId: no previous request id, message: 200 (OK) status code, request uri: http://192.168.73.133:8000/chat/process
info: Ocelot.RateLimit.Middleware.ClientRateLimitMiddleware[0]
      requestId: 800009a1-0006-fe00-b63f-84710c7967bb, previousRequestId: no previous request id, message: EndpointRateLimiting is not enabled for /{everything}
info: Ocelot.Authentication.Middleware.AuthenticationMiddleware[0]
      requestId: 800009a1-0006-fe00-b63f-84710c7967bb, previousRequestId: no previous request id, message: No authentication needed for /chat/process
info: Ocelot.Authorization.Middleware.AuthorizationMiddleware[0]
      requestId: 800009a1-0006-fe00-b63f-84710c7967bb, previousRequestId: no previous request id, message: /{everything} route does not require user to be authorized
info: Ocelot.Requester.Middleware.HttpRequesterMiddleware[0]
      requestId: 800009a1-0006-fe00-b63f-84710c7967bb, previousRequestId: no previous request id, message: 200 (OK) status code, request uri: http://192.168.73.133:8000/chat/process
info: Ocelot.RateLimit.Middleware.ClientRateLimitMiddleware[0]
      requestId: 800000e6-0017-fa00-b63f-84710c7967bb, previousRequestId: no previous request id, message: EndpointRateLimiting is not enabled for /{everything}
info: Ocelot.Authentication.Middleware.AuthenticationMiddleware[0]
      requestId: 800000e6-0017-fa00-b63f-84710c7967bb, previousRequestId: no previous request id, message: No authentication needed for /chat/voice
info: Ocelot.Authorization.Middleware.AuthorizationMiddleware[0]
      requestId: 800000e6-0017-fa00-b63f-84710c7967bb, previousRequestId: no previous request id, message: /{everything} route does not require user to be authorized
info: Ocelot.Requester.Middleware.HttpRequesterMiddleware[0]
      requestId: 800000e6-0017-fa00-b63f-84710c7967bb, previousRequestId: no previous request id, message: 200 (OK) status code, request uri: http://192.168.73.133:8000/chat/voice
info: Ocelot.RateLimit.Middleware.ClientRateLimitMiddleware[0]
      requestId: 8000065d-000e-e100-b63f-84710c7967bb, previousRequestId: no previous request id, message: EndpointRateLimiting is not enabled for /{everything}
info: Ocelot.Authentication.Middleware.AuthenticationMiddleware[0]
      requestId: 8000065d-000e-e100-b63f-84710c7967bb, previousRequestId: no previous request id, message: No authentication needed for /chat/voice
info: Ocelot.Authorization.Middleware.AuthorizationMiddleware[0]
      requestId: 8000065d-000e-e100-b63f-84710c7967bb, previousRequestId: no previous request id, message: /{everything} route does not require user to be authorized
info: Ocelot.Requester.Middleware.HttpRequesterMiddleware[0]
      requestId: 8000065d-000e-e100-b63f-84710c7967bb, previousRequestId: no previous request id, message: 200 (OK) status code, request uri: http://192.168.73.133:8000/chat/voice
info: Microsoft.Hosting.Lifetime[0]
      Application is shutting down...
