info: Microsoft.Hosting.Lifetime[0]
      Application started. Press Ctrl+C to shut down.
info: Microsoft.Hosting.Lifetime[0]
      Hosting environment: Production
info: Microsoft.Hosting.Lifetime[0]
      Content root path: D:\LMS\Getway\
info: Ocelot.RateLimit.Middleware.ClientRateLimitMiddleware[0]
      requestId: 8000003c-0012-cf00-b63f-84710c7967bb, previousRequestId: no previous request id, message: EndpointRateLimiting is not enabled for /{**catchAll}
info: Ocelot.RateLimit.Middleware.ClientRateLimitMiddleware[0]
      requestId: 80000239-0008-a800-b63f-84710c7967bb, previousRequestId: no previous request id, message: EndpointRateLimiting is not enabled for /{**catchAll}
info: Ocelot.RateLimit.Middleware.ClientRateLimitMiddleware[0]
      requestId: 80000016-0012-d200-b63f-84710c7967bb, previousRequestId: no previous request id, message: EndpointRateLimiting is not enabled for /{**catchAll}
info: Ocelot.Authentication.Middleware.AuthenticationMiddleware[0]
      requestId: 8000003c-0012-cf00-b63f-84710c7967bb, previousRequestId: no previous request id, message: No authentication needed for /_stcore/host-config
info: Ocelot.Authentication.Middleware.AuthenticationMiddleware[0]
      requestId: 80000016-0012-d200-b63f-84710c7967bb, previousRequestId: no previous request id, message: No authentication needed for /_stcore/health
info: Ocelot.Authentication.Middleware.AuthenticationMiddleware[0]
      requestId: 80000239-0008-a800-b63f-84710c7967bb, previousRequestId: no previous request id, message: No authentication needed for /demo/
info: Ocelot.Authorization.Middleware.AuthorizationMiddleware[0]
      requestId: 80000016-0012-d200-b63f-84710c7967bb, previousRequestId: no previous request id, message: /{**catchAll} route does not require user to be authorized
info: Ocelot.Authorization.Middleware.AuthorizationMiddleware[0]
      requestId: 8000003c-0012-cf00-b63f-84710c7967bb, previousRequestId: no previous request id, message: /{**catchAll} route does not require user to be authorized
info: Ocelot.Authorization.Middleware.AuthorizationMiddleware[0]
      requestId: 80000239-0008-a800-b63f-84710c7967bb, previousRequestId: no previous request id, message: /{**catchAll} route does not require user to be authorized
warn: Ocelot.Requester.Middleware.HttpRequesterMiddleware[0]
      requestId: 80000239-0008-a800-b63f-84710c7967bb, previousRequestId: no previous request id, message: 404 (Not Found) status code, request uri: http://192.168.73.133:8000/demo/
warn: Ocelot.Requester.Middleware.HttpRequesterMiddleware[0]
      requestId: 8000003c-0012-cf00-b63f-84710c7967bb, previousRequestId: no previous request id, message: 404 (Not Found) status code, request uri: http://192.168.73.133:8000/_stcore/host-config
warn: Ocelot.Requester.Middleware.HttpRequesterMiddleware[0]
      requestId: 80000016-0012-d200-b63f-84710c7967bb, previousRequestId: no previous request id, message: 404 (Not Found) status code, request uri: http://192.168.73.133:8000/_stcore/health
info: Ocelot.RateLimit.Middleware.ClientRateLimitMiddleware[0]
      requestId: 80000700-002e-ff00-b63f-84710c7967bb, previousRequestId: no previous request id, message: EndpointRateLimiting is not enabled for /{**catchAll}
info: Ocelot.RateLimit.Middleware.ClientRateLimitMiddleware[0]
      requestId: 8000009e-002f-fc00-b63f-84710c7967bb, previousRequestId: no previous request id, message: EndpointRateLimiting is not enabled for /{**catchAll}
info: Ocelot.Authentication.Middleware.AuthenticationMiddleware[0]
      requestId: 8000009e-002f-fc00-b63f-84710c7967bb, previousRequestId: no previous request id, message: No authentication needed for /_stcore/host-config
info: Ocelot.Authentication.Middleware.AuthenticationMiddleware[0]
      requestId: 80000700-002e-ff00-b63f-84710c7967bb, previousRequestId: no previous request id, message: No authentication needed for /_stcore/health
info: Ocelot.Authorization.Middleware.AuthorizationMiddleware[0]
      requestId: 80000700-002e-ff00-b63f-84710c7967bb, previousRequestId: no previous request id, message: /{**catchAll} route does not require user to be authorized
info: Ocelot.Authorization.Middleware.AuthorizationMiddleware[0]
      requestId: 8000009e-002f-fc00-b63f-84710c7967bb, previousRequestId: no previous request id, message: /{**catchAll} route does not require user to be authorized
warn: Ocelot.Requester.Middleware.HttpRequesterMiddleware[0]
      requestId: 80000700-002e-ff00-b63f-84710c7967bb, previousRequestId: no previous request id, message: 404 (Not Found) status code, request uri: http://192.168.73.133:8000/_stcore/health
warn: Ocelot.Requester.Middleware.HttpRequesterMiddleware[0]
      requestId: 8000009e-002f-fc00-b63f-84710c7967bb, previousRequestId: no previous request id, message: 404 (Not Found) status code, request uri: http://192.168.73.133:8000/_stcore/host-config
info: Ocelot.RateLimit.Middleware.ClientRateLimitMiddleware[0]
      requestId: 80000042-0014-ee00-b63f-84710c7967bb, previousRequestId: no previous request id, message: EndpointRateLimiting is not enabled for /{**catchAll}
info: Ocelot.Authentication.Middleware.AuthenticationMiddleware[0]
      requestId: 80000042-0014-ee00-b63f-84710c7967bb, previousRequestId: no previous request id, message: No authentication needed for /
info: Ocelot.Authorization.Middleware.AuthorizationMiddleware[0]
      requestId: 80000042-0014-ee00-b63f-84710c7967bb, previousRequestId: no previous request id, message: /{**catchAll} route does not require user to be authorized
info: Ocelot.Requester.Middleware.HttpRequesterMiddleware[0]
      requestId: 80000042-0014-ee00-b63f-84710c7967bb, previousRequestId: no previous request id, message: 200 (OK) status code, request uri: http://192.168.73.133:8000/
info: Ocelot.RateLimit.Middleware.ClientRateLimitMiddleware[0]
      requestId: 80000044-0014-ee00-b63f-84710c7967bb, previousRequestId: no previous request id, message: EndpointRateLimiting is not enabled for /{**catchAll}
info: Ocelot.Authentication.Middleware.AuthenticationMiddleware[0]
      requestId: 80000044-0014-ee00-b63f-84710c7967bb, previousRequestId: no previous request id, message: No authentication needed for /
info: Ocelot.Authorization.Middleware.AuthorizationMiddleware[0]
      requestId: 80000044-0014-ee00-b63f-84710c7967bb, previousRequestId: no previous request id, message: /{**catchAll} route does not require user to be authorized
info: Ocelot.Requester.Middleware.HttpRequesterMiddleware[0]
      requestId: 80000044-0014-ee00-b63f-84710c7967bb, previousRequestId: no previous request id, message: 200 (OK) status code, request uri: http://192.168.73.133:8000/
info: Ocelot.RateLimit.Middleware.ClientRateLimitMiddleware[0]
      requestId: 80000702-002e-ff00-b63f-84710c7967bb, previousRequestId: no previous request id, message: EndpointRateLimiting is not enabled for /{**catchAll}
info: Ocelot.Authentication.Middleware.AuthenticationMiddleware[0]
      requestId: 80000702-002e-ff00-b63f-84710c7967bb, previousRequestId: no previous request id, message: No authentication needed for /_stcore/health
info: Ocelot.Authorization.Middleware.AuthorizationMiddleware[0]
      requestId: 80000702-002e-ff00-b63f-84710c7967bb, previousRequestId: no previous request id, message: /{**catchAll} route does not require user to be authorized
info: Ocelot.RateLimit.Middleware.ClientRateLimitMiddleware[0]
      requestId: 800003de-0018-fe00-b63f-84710c7967bb, previousRequestId: no previous request id, message: EndpointRateLimiting is not enabled for /{**catchAll}
info: Ocelot.Authentication.Middleware.AuthenticationMiddleware[0]
      requestId: 800003de-0018-fe00-b63f-84710c7967bb, previousRequestId: no previous request id, message: No authentication needed for /_stcore/host-config
info: Ocelot.Authorization.Middleware.AuthorizationMiddleware[0]
      requestId: 800003de-0018-fe00-b63f-84710c7967bb, previousRequestId: no previous request id, message: /{**catchAll} route does not require user to be authorized
warn: Ocelot.Requester.Middleware.HttpRequesterMiddleware[0]
      requestId: 80000702-002e-ff00-b63f-84710c7967bb, previousRequestId: no previous request id, message: 404 (Not Found) status code, request uri: http://192.168.73.133:8000/_stcore/health
warn: Ocelot.Requester.Middleware.HttpRequesterMiddleware[0]
      requestId: 800003de-0018-fe00-b63f-84710c7967bb, previousRequestId: no previous request id, message: 404 (Not Found) status code, request uri: http://192.168.73.133:8000/_stcore/host-config
info: Ocelot.RateLimit.Middleware.ClientRateLimitMiddleware[0]
      requestId: 80000226-000e-cc00-b63f-84710c7967bb, previousRequestId: no previous request id, message: EndpointRateLimiting is not enabled for /{**catchAll}
info: Ocelot.Authentication.Middleware.AuthenticationMiddleware[0]
      requestId: 80000226-000e-cc00-b63f-84710c7967bb, previousRequestId: no previous request id, message: No authentication needed for /demo/
info: Ocelot.Authorization.Middleware.AuthorizationMiddleware[0]
      requestId: 80000226-000e-cc00-b63f-84710c7967bb, previousRequestId: no previous request id, message: /{**catchAll} route does not require user to be authorized
warn: Ocelot.Requester.Middleware.HttpRequesterMiddleware[0]
      requestId: 80000226-000e-cc00-b63f-84710c7967bb, previousRequestId: no previous request id, message: 404 (Not Found) status code, request uri: http://192.168.73.133:8000/demo/
info: Ocelot.RateLimit.Middleware.ClientRateLimitMiddleware[0]
      requestId: 80000216-0028-ed00-b63f-84710c7967bb, previousRequestId: no previous request id, message: EndpointRateLimiting is not enabled for /{**catchAll}
info: Ocelot.Authentication.Middleware.AuthenticationMiddleware[0]
      requestId: 80000216-0028-ed00-b63f-84710c7967bb, previousRequestId: no previous request id, message: No authentication needed for /_stcore/health
info: Ocelot.Authorization.Middleware.AuthorizationMiddleware[0]
      requestId: 80000216-0028-ed00-b63f-84710c7967bb, previousRequestId: no previous request id, message: /{**catchAll} route does not require user to be authorized
info: Ocelot.RateLimit.Middleware.ClientRateLimitMiddleware[0]
      requestId: 800004ea-0028-fb00-b63f-84710c7967bb, previousRequestId: no previous request id, message: EndpointRateLimiting is not enabled for /{**catchAll}
info: Ocelot.Authentication.Middleware.AuthenticationMiddleware[0]
      requestId: 800004ea-0028-fb00-b63f-84710c7967bb, previousRequestId: no previous request id, message: No authentication needed for /_stcore/host-config
info: Ocelot.Authorization.Middleware.AuthorizationMiddleware[0]
      requestId: 800004ea-0028-fb00-b63f-84710c7967bb, previousRequestId: no previous request id, message: /{**catchAll} route does not require user to be authorized
warn: Ocelot.Requester.Middleware.HttpRequesterMiddleware[0]
      requestId: 80000216-0028-ed00-b63f-84710c7967bb, previousRequestId: no previous request id, message: 404 (Not Found) status code, request uri: http://192.168.73.133:8000/_stcore/health
warn: Ocelot.Requester.Middleware.HttpRequesterMiddleware[0]
      requestId: 800004ea-0028-fb00-b63f-84710c7967bb, previousRequestId: no previous request id, message: 404 (Not Found) status code, request uri: http://192.168.73.133:8000/_stcore/host-config
info: Ocelot.RateLimit.Middleware.ClientRateLimitMiddleware[0]
      requestId: 80000012-0016-e700-b63f-84710c7967bb, previousRequestId: no previous request id, message: EndpointRateLimiting is not enabled for /{**catchAll}
info: Ocelot.Authentication.Middleware.AuthenticationMiddleware[0]
      requestId: 80000012-0016-e700-b63f-84710c7967bb, previousRequestId: no previous request id, message: No authentication needed for /_stcore/health
info: Ocelot.Authorization.Middleware.AuthorizationMiddleware[0]
      requestId: 80000012-0016-e700-b63f-84710c7967bb, previousRequestId: no previous request id, message: /{**catchAll} route does not require user to be authorized
info: Ocelot.RateLimit.Middleware.ClientRateLimitMiddleware[0]
      requestId: 80000ae4-0002-c700-b63f-84710c7967bb, previousRequestId: no previous request id, message: EndpointRateLimiting is not enabled for /{**catchAll}
info: Ocelot.Authentication.Middleware.AuthenticationMiddleware[0]
      requestId: 80000ae4-0002-c700-b63f-84710c7967bb, previousRequestId: no previous request id, message: No authentication needed for /_stcore/host-config
info: Ocelot.Authorization.Middleware.AuthorizationMiddleware[0]
      requestId: 80000ae4-0002-c700-b63f-84710c7967bb, previousRequestId: no previous request id, message: /{**catchAll} route does not require user to be authorized
warn: Ocelot.Requester.Middleware.HttpRequesterMiddleware[0]
      requestId: 80000012-0016-e700-b63f-84710c7967bb, previousRequestId: no previous request id, message: 404 (Not Found) status code, request uri: http://192.168.73.133:8000/_stcore/health
warn: Ocelot.Requester.Middleware.HttpRequesterMiddleware[0]
      requestId: 80000ae4-0002-c700-b63f-84710c7967bb, previousRequestId: no previous request id, message: 404 (Not Found) status code, request uri: http://192.168.73.133:8000/_stcore/host-config
info: Ocelot.RateLimit.Middleware.ClientRateLimitMiddleware[0]
      requestId: 8000015c-0006-e700-b63f-84710c7967bb, previousRequestId: no previous request id, message: EndpointRateLimiting is not enabled for /{**catchAll}
info: Ocelot.Authentication.Middleware.AuthenticationMiddleware[0]
      requestId: 8000015c-0006-e700-b63f-84710c7967bb, previousRequestId: no previous request id, message: No authentication needed for /_stcore/health
info: Ocelot.Authorization.Middleware.AuthorizationMiddleware[0]
      requestId: 8000015c-0006-e700-b63f-84710c7967bb, previousRequestId: no previous request id, message: /{**catchAll} route does not require user to be authorized
info: Ocelot.RateLimit.Middleware.ClientRateLimitMiddleware[0]
      requestId: 8000023b-0008-a800-b63f-84710c7967bb, previousRequestId: no previous request id, message: EndpointRateLimiting is not enabled for /{**catchAll}
info: Ocelot.Authentication.Middleware.AuthenticationMiddleware[0]
      requestId: 8000023b-0008-a800-b63f-84710c7967bb, previousRequestId: no previous request id, message: No authentication needed for /_stcore/host-config
info: Ocelot.Authorization.Middleware.AuthorizationMiddleware[0]
      requestId: 8000023b-0008-a800-b63f-84710c7967bb, previousRequestId: no previous request id, message: /{**catchAll} route does not require user to be authorized
warn: Ocelot.Requester.Middleware.HttpRequesterMiddleware[0]
      requestId: 8000015c-0006-e700-b63f-84710c7967bb, previousRequestId: no previous request id, message: 404 (Not Found) status code, request uri: http://192.168.73.133:8000/_stcore/health
warn: Ocelot.Requester.Middleware.HttpRequesterMiddleware[0]
      requestId: 8000023b-0008-a800-b63f-84710c7967bb, previousRequestId: no previous request id, message: 404 (Not Found) status code, request uri: http://192.168.73.133:8000/_stcore/host-config
info: Ocelot.RateLimit.Middleware.ClientRateLimitMiddleware[0]
      requestId: 80000190-000c-df00-b63f-84710c7967bb, previousRequestId: no previous request id, message: EndpointRateLimiting is not enabled for /{**catchAll}
info: Ocelot.Authentication.Middleware.AuthenticationMiddleware[0]
      requestId: 80000190-000c-df00-b63f-84710c7967bb, previousRequestId: no previous request id, message: No authentication needed for /_stcore/health
info: Ocelot.Authorization.Middleware.AuthorizationMiddleware[0]
      requestId: 80000190-000c-df00-b63f-84710c7967bb, previousRequestId: no previous request id, message: /{**catchAll} route does not require user to be authorized
info: Ocelot.RateLimit.Middleware.ClientRateLimitMiddleware[0]
      requestId: 8000003e-0012-cf00-b63f-84710c7967bb, previousRequestId: no previous request id, message: EndpointRateLimiting is not enabled for /{**catchAll}
info: Ocelot.Authentication.Middleware.AuthenticationMiddleware[0]
      requestId: 8000003e-0012-cf00-b63f-84710c7967bb, previousRequestId: no previous request id, message: No authentication needed for /_stcore/host-config
info: Ocelot.Authorization.Middleware.AuthorizationMiddleware[0]
      requestId: 8000003e-0012-cf00-b63f-84710c7967bb, previousRequestId: no previous request id, message: /{**catchAll} route does not require user to be authorized
warn: Ocelot.Requester.Middleware.HttpRequesterMiddleware[0]
      requestId: 80000190-000c-df00-b63f-84710c7967bb, previousRequestId: no previous request id, message: 404 (Not Found) status code, request uri: http://192.168.73.133:8000/_stcore/health
warn: Ocelot.Requester.Middleware.HttpRequesterMiddleware[0]
      requestId: 8000003e-0012-cf00-b63f-84710c7967bb, previousRequestId: no previous request id, message: 404 (Not Found) status code, request uri: http://192.168.73.133:8000/_stcore/host-config
info: Ocelot.RateLimit.Middleware.ClientRateLimitMiddleware[0]
      requestId: 8000036d-002a-f800-b63f-84710c7967bb, previousRequestId: no previous request id, message: EndpointRateLimiting is not enabled for /{**catchAll}
info: Ocelot.Authentication.Middleware.AuthenticationMiddleware[0]
      requestId: 8000036d-002a-f800-b63f-84710c7967bb, previousRequestId: no previous request id, message: No authentication needed for /_stcore/health
info: Ocelot.Authorization.Middleware.AuthorizationMiddleware[0]
      requestId: 8000036d-002a-f800-b63f-84710c7967bb, previousRequestId: no previous request id, message: /{**catchAll} route does not require user to be authorized
info: Ocelot.RateLimit.Middleware.ClientRateLimitMiddleware[0]
      requestId: 80000704-002e-ff00-b63f-84710c7967bb, previousRequestId: no previous request id, message: EndpointRateLimiting is not enabled for /{**catchAll}
info: Ocelot.Authentication.Middleware.AuthenticationMiddleware[0]
      requestId: 80000704-002e-ff00-b63f-84710c7967bb, previousRequestId: no previous request id, message: No authentication needed for /_stcore/host-config
info: Ocelot.Authorization.Middleware.AuthorizationMiddleware[0]
      requestId: 80000704-002e-ff00-b63f-84710c7967bb, previousRequestId: no previous request id, message: /{**catchAll} route does not require user to be authorized
warn: Ocelot.Requester.Middleware.HttpRequesterMiddleware[0]
      requestId: 8000036d-002a-f800-b63f-84710c7967bb, previousRequestId: no previous request id, message: 404 (Not Found) status code, request uri: http://192.168.73.133:8000/_stcore/health
warn: Ocelot.Requester.Middleware.HttpRequesterMiddleware[0]
      requestId: 80000704-002e-ff00-b63f-84710c7967bb, previousRequestId: no previous request id, message: 404 (Not Found) status code, request uri: http://192.168.73.133:8000/_stcore/host-config
info: Ocelot.RateLimit.Middleware.ClientRateLimitMiddleware[0]
      requestId: 80000192-000c-df00-b63f-84710c7967bb, previousRequestId: no previous request id, message: EndpointRateLimiting is not enabled for /{**catchAll}
info: Ocelot.Authentication.Middleware.AuthenticationMiddleware[0]
      requestId: 80000192-000c-df00-b63f-84710c7967bb, previousRequestId: no previous request id, message: No authentication needed for /_stcore/health
info: Ocelot.Authorization.Middleware.AuthorizationMiddleware[0]
      requestId: 80000192-000c-df00-b63f-84710c7967bb, previousRequestId: no previous request id, message: /{**catchAll} route does not require user to be authorized
info: Ocelot.RateLimit.Middleware.ClientRateLimitMiddleware[0]
      requestId: 80000098-0010-f100-b63f-84710c7967bb, previousRequestId: no previous request id, message: EndpointRateLimiting is not enabled for /{**catchAll}
info: Ocelot.Authentication.Middleware.AuthenticationMiddleware[0]
      requestId: 80000098-0010-f100-b63f-84710c7967bb, previousRequestId: no previous request id, message: No authentication needed for /_stcore/host-config
info: Ocelot.Authorization.Middleware.AuthorizationMiddleware[0]
      requestId: 80000098-0010-f100-b63f-84710c7967bb, previousRequestId: no previous request id, message: /{**catchAll} route does not require user to be authorized
warn: Ocelot.Requester.Middleware.HttpRequesterMiddleware[0]
      requestId: 80000192-000c-df00-b63f-84710c7967bb, previousRequestId: no previous request id, message: 404 (Not Found) status code, request uri: http://192.168.73.133:8000/_stcore/health
warn: Ocelot.Requester.Middleware.HttpRequesterMiddleware[0]
      requestId: 80000098-0010-f100-b63f-84710c7967bb, previousRequestId: no previous request id, message: 404 (Not Found) status code, request uri: http://192.168.73.133:8000/_stcore/host-config
info: Ocelot.RateLimit.Middleware.ClientRateLimitMiddleware[0]
      requestId: 800003fc-002c-f300-b63f-84710c7967bb, previousRequestId: no previous request id, message: EndpointRateLimiting is not enabled for /{**catchAll}
info: Ocelot.Authentication.Middleware.AuthenticationMiddleware[0]
      requestId: 800003fc-002c-f300-b63f-84710c7967bb, previousRequestId: no previous request id, message: No authentication needed for /_stcore/health
info: Ocelot.Authorization.Middleware.AuthorizationMiddleware[0]
      requestId: 800003fc-002c-f300-b63f-84710c7967bb, previousRequestId: no previous request id, message: /{**catchAll} route does not require user to be authorized
info: Ocelot.RateLimit.Middleware.ClientRateLimitMiddleware[0]
      requestId: 800003a5-002c-f000-b63f-84710c7967bb, previousRequestId: no previous request id, message: EndpointRateLimiting is not enabled for /{**catchAll}
info: Ocelot.Authentication.Middleware.AuthenticationMiddleware[0]
      requestId: 800003a5-002c-f000-b63f-84710c7967bb, previousRequestId: no previous request id, message: No authentication needed for /_stcore/host-config
info: Ocelot.Authorization.Middleware.AuthorizationMiddleware[0]
      requestId: 800003a5-002c-f000-b63f-84710c7967bb, previousRequestId: no previous request id, message: /{**catchAll} route does not require user to be authorized
warn: Ocelot.Requester.Middleware.HttpRequesterMiddleware[0]
      requestId: 800003fc-002c-f300-b63f-84710c7967bb, previousRequestId: no previous request id, message: 404 (Not Found) status code, request uri: http://192.168.73.133:8000/_stcore/health
warn: Ocelot.Requester.Middleware.HttpRequesterMiddleware[0]
      requestId: 800003a5-002c-f000-b63f-84710c7967bb, previousRequestId: no previous request id, message: 404 (Not Found) status code, request uri: http://192.168.73.133:8000/_stcore/host-config
info: Ocelot.RateLimit.Middleware.ClientRateLimitMiddleware[0]
      requestId: 800004ec-0028-fb00-b63f-84710c7967bb, previousRequestId: no previous request id, message: EndpointRateLimiting is not enabled for /{**catchAll}
info: Ocelot.Authentication.Middleware.AuthenticationMiddleware[0]
      requestId: 800004ec-0028-fb00-b63f-84710c7967bb, previousRequestId: no previous request id, message: No authentication needed for /_stcore/health
info: Ocelot.Authorization.Middleware.AuthorizationMiddleware[0]
      requestId: 800004ec-0028-fb00-b63f-84710c7967bb, previousRequestId: no previous request id, message: /{**catchAll} route does not require user to be authorized
info: Ocelot.RateLimit.Middleware.ClientRateLimitMiddleware[0]
      requestId: 80000218-0028-ed00-b63f-84710c7967bb, previousRequestId: no previous request id, message: EndpointRateLimiting is not enabled for /{**catchAll}
info: Ocelot.Authentication.Middleware.AuthenticationMiddleware[0]
      requestId: 80000218-0028-ed00-b63f-84710c7967bb, previousRequestId: no previous request id, message: No authentication needed for /_stcore/host-config
info: Ocelot.Authorization.Middleware.AuthorizationMiddleware[0]
      requestId: 80000218-0028-ed00-b63f-84710c7967bb, previousRequestId: no previous request id, message: /{**catchAll} route does not require user to be authorized
warn: Ocelot.Requester.Middleware.HttpRequesterMiddleware[0]
      requestId: 800004ec-0028-fb00-b63f-84710c7967bb, previousRequestId: no previous request id, message: 404 (Not Found) status code, request uri: http://192.168.73.133:8000/_stcore/health
warn: Ocelot.Requester.Middleware.HttpRequesterMiddleware[0]
      requestId: 80000218-0028-ed00-b63f-84710c7967bb, previousRequestId: no previous request id, message: 404 (Not Found) status code, request uri: http://192.168.73.133:8000/_stcore/host-config
info: Ocelot.RateLimit.Middleware.ClientRateLimitMiddleware[0]
      requestId: 800003e0-0018-fe00-b63f-84710c7967bb, previousRequestId: no previous request id, message: EndpointRateLimiting is not enabled for /{**catchAll}
info: Ocelot.Authentication.Middleware.AuthenticationMiddleware[0]
      requestId: 800003e0-0018-fe00-b63f-84710c7967bb, previousRequestId: no previous request id, message: No authentication needed for /_stcore/health
info: Ocelot.Authorization.Middleware.AuthorizationMiddleware[0]
      requestId: 800003e0-0018-fe00-b63f-84710c7967bb, previousRequestId: no previous request id, message: /{**catchAll} route does not require user to be authorized
info: Ocelot.RateLimit.Middleware.ClientRateLimitMiddleware[0]
      requestId: 80000032-001e-e400-b63f-84710c7967bb, previousRequestId: no previous request id, message: EndpointRateLimiting is not enabled for /{**catchAll}
info: Ocelot.Authentication.Middleware.AuthenticationMiddleware[0]
      requestId: 80000032-001e-e400-b63f-84710c7967bb, previousRequestId: no previous request id, message: No authentication needed for /_stcore/host-config
info: Ocelot.Authorization.Middleware.AuthorizationMiddleware[0]
      requestId: 80000032-001e-e400-b63f-84710c7967bb, previousRequestId: no previous request id, message: /{**catchAll} route does not require user to be authorized
warn: Ocelot.Requester.Middleware.HttpRequesterMiddleware[0]
      requestId: 800003e0-0018-fe00-b63f-84710c7967bb, previousRequestId: no previous request id, message: 404 (Not Found) status code, request uri: http://192.168.73.133:8000/_stcore/health
warn: Ocelot.Requester.Middleware.HttpRequesterMiddleware[0]
      requestId: 80000032-001e-e400-b63f-84710c7967bb, previousRequestId: no previous request id, message: 404 (Not Found) status code, request uri: http://192.168.73.133:8000/_stcore/host-config
info: Ocelot.RateLimit.Middleware.ClientRateLimitMiddleware[0]
      requestId: 80000ae6-0002-c700-b63f-84710c7967bb, previousRequestId: no previous request id, message: EndpointRateLimiting is not enabled for /{**catchAll}
info: Ocelot.Authentication.Middleware.AuthenticationMiddleware[0]
      requestId: 80000ae6-0002-c700-b63f-84710c7967bb, previousRequestId: no previous request id, message: No authentication needed for /_stcore/health
info: Ocelot.Authorization.Middleware.AuthorizationMiddleware[0]
      requestId: 80000ae6-0002-c700-b63f-84710c7967bb, previousRequestId: no previous request id, message: /{**catchAll} route does not require user to be authorized
info: Ocelot.RateLimit.Middleware.ClientRateLimitMiddleware[0]
      requestId: 8000053e-0002-d500-b63f-84710c7967bb, previousRequestId: no previous request id, message: EndpointRateLimiting is not enabled for /{**catchAll}
info: Ocelot.Authentication.Middleware.AuthenticationMiddleware[0]
      requestId: 8000053e-0002-d500-b63f-84710c7967bb, previousRequestId: no previous request id, message: No authentication needed for /_stcore/host-config
info: Ocelot.Authorization.Middleware.AuthorizationMiddleware[0]
      requestId: 8000053e-0002-d500-b63f-84710c7967bb, previousRequestId: no previous request id, message: /{**catchAll} route does not require user to be authorized
warn: Ocelot.Requester.Middleware.HttpRequesterMiddleware[0]
      requestId: 80000ae6-0002-c700-b63f-84710c7967bb, previousRequestId: no previous request id, message: 404 (Not Found) status code, request uri: http://192.168.73.133:8000/_stcore/health
warn: Ocelot.Requester.Middleware.HttpRequesterMiddleware[0]
      requestId: 8000053e-0002-d500-b63f-84710c7967bb, previousRequestId: no previous request id, message: 404 (Not Found) status code, request uri: http://192.168.73.133:8000/_stcore/host-config
info: Ocelot.RateLimit.Middleware.ClientRateLimitMiddleware[0]
      requestId: 800000ae-0011-fc00-b63f-84710c7967bb, previousRequestId: no previous request id, message: EndpointRateLimiting is not enabled for /{**catchAll}
info: Ocelot.Authentication.Middleware.AuthenticationMiddleware[0]
      requestId: 800000ae-0011-fc00-b63f-84710c7967bb, previousRequestId: no previous request id, message: No authentication needed for /_stcore/health
info: Ocelot.Authorization.Middleware.AuthorizationMiddleware[0]
      requestId: 800000ae-0011-fc00-b63f-84710c7967bb, previousRequestId: no previous request id, message: /{**catchAll} route does not require user to be authorized
info: Ocelot.RateLimit.Middleware.ClientRateLimitMiddleware[0]
      requestId: 8000023d-0008-a800-b63f-84710c7967bb, previousRequestId: no previous request id, message: EndpointRateLimiting is not enabled for /{**catchAll}
info: Ocelot.Authentication.Middleware.AuthenticationMiddleware[0]
      requestId: 8000023d-0008-a800-b63f-84710c7967bb, previousRequestId: no previous request id, message: No authentication needed for /_stcore/host-config
info: Ocelot.Authorization.Middleware.AuthorizationMiddleware[0]
      requestId: 8000023d-0008-a800-b63f-84710c7967bb, previousRequestId: no previous request id, message: /{**catchAll} route does not require user to be authorized
warn: Ocelot.Requester.Middleware.HttpRequesterMiddleware[0]
      requestId: 800000ae-0011-fc00-b63f-84710c7967bb, previousRequestId: no previous request id, message: 404 (Not Found) status code, request uri: http://192.168.73.133:8000/_stcore/health
warn: Ocelot.Requester.Middleware.HttpRequesterMiddleware[0]
      requestId: 8000023d-0008-a800-b63f-84710c7967bb, previousRequestId: no previous request id, message: 404 (Not Found) status code, request uri: http://192.168.73.133:8000/_stcore/host-config
info: Ocelot.RateLimit.Middleware.ClientRateLimitMiddleware[0]
      requestId: 800003e2-0018-fe00-b63f-84710c7967bb, previousRequestId: no previous request id, message: EndpointRateLimiting is not enabled for /{**catchAll}
info: Ocelot.RateLimit.Middleware.ClientRateLimitMiddleware[0]
      requestId: 800005f8-0018-f700-b63f-84710c7967bb, previousRequestId: no previous request id, message: EndpointRateLimiting is not enabled for /{**catchAll}
info: Ocelot.Authentication.Middleware.AuthenticationMiddleware[0]
      requestId: 800003e2-0018-fe00-b63f-84710c7967bb, previousRequestId: no previous request id, message: No authentication needed for /_stcore/health
info: Ocelot.Authorization.Middleware.AuthorizationMiddleware[0]
      requestId: 800003e2-0018-fe00-b63f-84710c7967bb, previousRequestId: no previous request id, message: /{**catchAll} route does not require user to be authorized
info: Ocelot.Authentication.Middleware.AuthenticationMiddleware[0]
      requestId: 800005f8-0018-f700-b63f-84710c7967bb, previousRequestId: no previous request id, message: No authentication needed for /_stcore/host-config
info: Ocelot.Authorization.Middleware.AuthorizationMiddleware[0]
      requestId: 800005f8-0018-f700-b63f-84710c7967bb, previousRequestId: no previous request id, message: /{**catchAll} route does not require user to be authorized
warn: Ocelot.Requester.Middleware.HttpRequesterMiddleware[0]
      requestId: 800005f8-0018-f700-b63f-84710c7967bb, previousRequestId: no previous request id, message: 404 (Not Found) status code, request uri: http://192.168.73.133:8000/_stcore/host-config
warn: Ocelot.Requester.Middleware.HttpRequesterMiddleware[0]
      requestId: 800003e2-0018-fe00-b63f-84710c7967bb, previousRequestId: no previous request id, message: 404 (Not Found) status code, request uri: http://192.168.73.133:8000/_stcore/health
info: Ocelot.RateLimit.Middleware.ClientRateLimitMiddleware[0]
      requestId: 8000036f-002a-f800-b63f-84710c7967bb, previousRequestId: no previous request id, message: EndpointRateLimiting is not enabled for /{**catchAll}
info: Ocelot.Authentication.Middleware.AuthenticationMiddleware[0]
      requestId: 8000036f-002a-f800-b63f-84710c7967bb, previousRequestId: no previous request id, message: No authentication needed for /_stcore/health
info: Ocelot.Authorization.Middleware.AuthorizationMiddleware[0]
      requestId: 8000036f-002a-f800-b63f-84710c7967bb, previousRequestId: no previous request id, message: /{**catchAll} route does not require user to be authorized
info: Ocelot.RateLimit.Middleware.ClientRateLimitMiddleware[0]
      requestId: 80000612-002a-fb00-b63f-84710c7967bb, previousRequestId: no previous request id, message: EndpointRateLimiting is not enabled for /{**catchAll}
info: Ocelot.Authentication.Middleware.AuthenticationMiddleware[0]
      requestId: 80000612-002a-fb00-b63f-84710c7967bb, previousRequestId: no previous request id, message: No authentication needed for /_stcore/host-config
info: Ocelot.Authorization.Middleware.AuthorizationMiddleware[0]
      requestId: 80000612-002a-fb00-b63f-84710c7967bb, previousRequestId: no previous request id, message: /{**catchAll} route does not require user to be authorized
warn: Ocelot.Requester.Middleware.HttpRequesterMiddleware[0]
      requestId: 8000036f-002a-f800-b63f-84710c7967bb, previousRequestId: no previous request id, message: 404 (Not Found) status code, request uri: http://192.168.73.133:8000/_stcore/health
warn: Ocelot.Requester.Middleware.HttpRequesterMiddleware[0]
      requestId: 80000612-002a-fb00-b63f-84710c7967bb, previousRequestId: no previous request id, message: 404 (Not Found) status code, request uri: http://192.168.73.133:8000/_stcore/host-config
info: Ocelot.RateLimit.Middleware.ClientRateLimitMiddleware[0]
      requestId: 80000160-0006-e700-b63f-84710c7967bb, previousRequestId: no previous request id, message: EndpointRateLimiting is not enabled for /{**catchAll}
info: Ocelot.Authentication.Middleware.AuthenticationMiddleware[0]
      requestId: 80000160-0006-e700-b63f-84710c7967bb, previousRequestId: no previous request id, message: No authentication needed for /_stcore/health
info: Ocelot.Authorization.Middleware.AuthorizationMiddleware[0]
      requestId: 80000160-0006-e700-b63f-84710c7967bb, previousRequestId: no previous request id, message: /{**catchAll} route does not require user to be authorized
info: Ocelot.RateLimit.Middleware.ClientRateLimitMiddleware[0]
      requestId: 8000050f-0006-cd00-b63f-84710c7967bb, previousRequestId: no previous request id, message: EndpointRateLimiting is not enabled for /{**catchAll}
info: Ocelot.Authentication.Middleware.AuthenticationMiddleware[0]
      requestId: 8000050f-0006-cd00-b63f-84710c7967bb, previousRequestId: no previous request id, message: No authentication needed for /_stcore/host-config
info: Ocelot.Authorization.Middleware.AuthorizationMiddleware[0]
      requestId: 8000050f-0006-cd00-b63f-84710c7967bb, previousRequestId: no previous request id, message: /{**catchAll} route does not require user to be authorized
warn: Ocelot.Requester.Middleware.HttpRequesterMiddleware[0]
      requestId: 80000160-0006-e700-b63f-84710c7967bb, previousRequestId: no previous request id, message: 404 (Not Found) status code, request uri: http://192.168.73.133:8000/_stcore/health
warn: Ocelot.Requester.Middleware.HttpRequesterMiddleware[0]
      requestId: 8000050f-0006-cd00-b63f-84710c7967bb, previousRequestId: no previous request id, message: 404 (Not Found) status code, request uri: http://192.168.73.133:8000/_stcore/host-config
info: Ocelot.RateLimit.Middleware.ClientRateLimitMiddleware[0]
      requestId: 80000424-0026-ff00-b63f-84710c7967bb, previousRequestId: no previous request id, message: EndpointRateLimiting is not enabled for /{**catchAll}
info: Ocelot.Authentication.Middleware.AuthenticationMiddleware[0]
      requestId: 80000424-0026-ff00-b63f-84710c7967bb, previousRequestId: no previous request id, message: No authentication needed for /_stcore/health
info: Ocelot.Authorization.Middleware.AuthorizationMiddleware[0]
      requestId: 80000424-0026-ff00-b63f-84710c7967bb, previousRequestId: no previous request id, message: /{**catchAll} route does not require user to be authorized
info: Ocelot.RateLimit.Middleware.ClientRateLimitMiddleware[0]
      requestId: 8000040b-0026-fb00-b63f-84710c7967bb, previousRequestId: no previous request id, message: EndpointRateLimiting is not enabled for /{**catchAll}
info: Ocelot.Authentication.Middleware.AuthenticationMiddleware[0]
      requestId: 8000040b-0026-fb00-b63f-84710c7967bb, previousRequestId: no previous request id, message: No authentication needed for /_stcore/host-config
info: Ocelot.Authorization.Middleware.AuthorizationMiddleware[0]
      requestId: 8000040b-0026-fb00-b63f-84710c7967bb, previousRequestId: no previous request id, message: /{**catchAll} route does not require user to be authorized
warn: Ocelot.Requester.Middleware.HttpRequesterMiddleware[0]
      requestId: 80000424-0026-ff00-b63f-84710c7967bb, previousRequestId: no previous request id, message: 404 (Not Found) status code, request uri: http://192.168.73.133:8000/_stcore/health
warn: Ocelot.Requester.Middleware.HttpRequesterMiddleware[0]
      requestId: 8000040b-0026-fb00-b63f-84710c7967bb, previousRequestId: no previous request id, message: 404 (Not Found) status code, request uri: http://192.168.73.133:8000/_stcore/host-config
info: Ocelot.RateLimit.Middleware.ClientRateLimitMiddleware[0]
      requestId: 80000014-0016-e700-b63f-84710c7967bb, previousRequestId: no previous request id, message: EndpointRateLimiting is not enabled for /{**catchAll}
info: Ocelot.Authentication.Middleware.AuthenticationMiddleware[0]
      requestId: 80000014-0016-e700-b63f-84710c7967bb, previousRequestId: no previous request id, message: No authentication needed for /_stcore/health
info: Ocelot.Authorization.Middleware.AuthorizationMiddleware[0]
      requestId: 80000014-0016-e700-b63f-84710c7967bb, previousRequestId: no previous request id, message: /{**catchAll} route does not require user to be authorized
info: Ocelot.RateLimit.Middleware.ClientRateLimitMiddleware[0]
      requestId: 80000046-0014-ee00-b63f-84710c7967bb, previousRequestId: no previous request id, message: EndpointRateLimiting is not enabled for /{**catchAll}
info: Ocelot.Authentication.Middleware.AuthenticationMiddleware[0]
      requestId: 80000046-0014-ee00-b63f-84710c7967bb, previousRequestId: no previous request id, message: No authentication needed for /_stcore/host-config
info: Ocelot.Authorization.Middleware.AuthorizationMiddleware[0]
      requestId: 80000046-0014-ee00-b63f-84710c7967bb, previousRequestId: no previous request id, message: /{**catchAll} route does not require user to be authorized
warn: Ocelot.Requester.Middleware.HttpRequesterMiddleware[0]
      requestId: 80000014-0016-e700-b63f-84710c7967bb, previousRequestId: no previous request id, message: 404 (Not Found) status code, request uri: http://192.168.73.133:8000/_stcore/health
warn: Ocelot.Requester.Middleware.HttpRequesterMiddleware[0]
      requestId: 80000046-0014-ee00-b63f-84710c7967bb, previousRequestId: no previous request id, message: 404 (Not Found) status code, request uri: http://192.168.73.133:8000/_stcore/host-config
info: Ocelot.RateLimit.Middleware.ClientRateLimitMiddleware[0]
      requestId: 80000511-0006-cd00-b63f-84710c7967bb, previousRequestId: no previous request id, message: EndpointRateLimiting is not enabled for /{**catchAll}
info: Ocelot.RateLimit.Middleware.ClientRateLimitMiddleware[0]
      requestId: 80000048-0014-ee00-b63f-84710c7967bb, previousRequestId: no previous request id, message: EndpointRateLimiting is not enabled for /{**catchAll}
info: Ocelot.Authentication.Middleware.AuthenticationMiddleware[0]
      requestId: 80000511-0006-cd00-b63f-84710c7967bb, previousRequestId: no previous request id, message: No authentication needed for /_stcore/host-config
info: Ocelot.Authentication.Middleware.AuthenticationMiddleware[0]
      requestId: 80000048-0014-ee00-b63f-84710c7967bb, previousRequestId: no previous request id, message: No authentication needed for /_stcore/health
info: Ocelot.Authorization.Middleware.AuthorizationMiddleware[0]
      requestId: 80000511-0006-cd00-b63f-84710c7967bb, previousRequestId: no previous request id, message: /{**catchAll} route does not require user to be authorized
info: Ocelot.Authorization.Middleware.AuthorizationMiddleware[0]
      requestId: 80000048-0014-ee00-b63f-84710c7967bb, previousRequestId: no previous request id, message: /{**catchAll} route does not require user to be authorized
warn: Ocelot.Requester.Middleware.HttpRequesterMiddleware[0]
      requestId: 80000511-0006-cd00-b63f-84710c7967bb, previousRequestId: no previous request id, message: 404 (Not Found) status code, request uri: http://192.168.73.133:8000/_stcore/host-config
warn: Ocelot.Requester.Middleware.HttpRequesterMiddleware[0]
      requestId: 80000048-0014-ee00-b63f-84710c7967bb, previousRequestId: no previous request id, message: 404 (Not Found) status code, request uri: http://192.168.73.133:8000/_stcore/health
info: Ocelot.RateLimit.Middleware.ClientRateLimitMiddleware[0]
      requestId: 8000047d-001c-f600-b63f-84710c7967bb, previousRequestId: no previous request id, message: EndpointRateLimiting is not enabled for /{**catchAll}
info: Ocelot.Authentication.Middleware.AuthenticationMiddleware[0]
      requestId: 8000047d-001c-f600-b63f-84710c7967bb, previousRequestId: no previous request id, message: No authentication needed for /_stcore/health
info: Ocelot.Authorization.Middleware.AuthorizationMiddleware[0]
      requestId: 8000047d-001c-f600-b63f-84710c7967bb, previousRequestId: no previous request id, message: /{**catchAll} route does not require user to be authorized
info: Ocelot.RateLimit.Middleware.ClientRateLimitMiddleware[0]
      requestId: 800002af-001c-fd00-b63f-84710c7967bb, previousRequestId: no previous request id, message: EndpointRateLimiting is not enabled for /{**catchAll}
info: Ocelot.Authentication.Middleware.AuthenticationMiddleware[0]
      requestId: 800002af-001c-fd00-b63f-84710c7967bb, previousRequestId: no previous request id, message: No authentication needed for /_stcore/host-config
info: Ocelot.Authorization.Middleware.AuthorizationMiddleware[0]
      requestId: 800002af-001c-fd00-b63f-84710c7967bb, previousRequestId: no previous request id, message: /{**catchAll} route does not require user to be authorized
warn: Ocelot.Requester.Middleware.HttpRequesterMiddleware[0]
      requestId: 8000047d-001c-f600-b63f-84710c7967bb, previousRequestId: no previous request id, message: 404 (Not Found) status code, request uri: http://192.168.73.133:8000/_stcore/health
warn: Ocelot.Requester.Middleware.HttpRequesterMiddleware[0]
      requestId: 800002af-001c-fd00-b63f-84710c7967bb, previousRequestId: no previous request id, message: 404 (Not Found) status code, request uri: http://192.168.73.133:8000/_stcore/host-config
info: Microsoft.Hosting.Lifetime[0]
      Application is shutting down...
