info: Microsoft.Hosting.Lifetime[0]
      Application started. Press Ctrl+C to shut down.
info: Microsoft.Hosting.Lifetime[0]
      Hosting environment: Production
info: Microsoft.Hosting.Lifetime[0]
      Content root path: D:\LMS\Getway\
info: Ocelot.RateLimit.Middleware.ClientRateLimitMiddleware[0]
      requestId: 80000d1d-0006-f800-b63f-84710c7967bb, previousRequestId: no previous request id, message: EndpointRateLimiting is not enabled for /{everything}
info: Ocelot.Authentication.Middleware.AuthenticationMiddleware[0]
      requestId: 80000d1d-0006-f800-b63f-84710c7967bb, previousRequestId: no previous request id, message: No authentication needed for /speech/voice
info: Ocelot.Authorization.Middleware.AuthorizationMiddleware[0]
      requestId: 80000d1d-0006-f800-b63f-84710c7967bb, previousRequestId: no previous request id, message: /{everything} route does not require user to be authorized
warn: Ocelot.Requester.Middleware.HttpRequesterMiddleware[0]
      requestId: 80000d1d-0006-f800-b63f-84710c7967bb, previousRequestId: no previous request id, message: 404 (Not Found) status code, request uri: http://192.168.73.133:8000/speech/voice
info: Ocelot.RateLimit.Middleware.ClientRateLimitMiddleware[0]
      requestId: 80001db9-0004-d500-b63f-84710c7967bb, previousRequestId: no previous request id, message: EndpointRateLimiting is not enabled for /{everything}
info: Ocelot.Authentication.Middleware.AuthenticationMiddleware[0]
      requestId: 80001db9-0004-d500-b63f-84710c7967bb, previousRequestId: no previous request id, message: No authentication needed for /favicon.ico
info: Ocelot.Authorization.Middleware.AuthorizationMiddleware[0]
      requestId: 80001db9-0004-d500-b63f-84710c7967bb, previousRequestId: no previous request id, message: /{everything} route does not require user to be authorized
warn: Ocelot.Requester.Middleware.HttpRequesterMiddleware[0]
      requestId: 80001db9-0004-d500-b63f-84710c7967bb, previousRequestId: no previous request id, message: 404 (Not Found) status code, request uri: http://192.168.73.133:8000/favicon.ico
info: Microsoft.Hosting.Lifetime[0]
      Application is shutting down...
