info: Microsoft.Hosting.Lifetime[0]
      Application started. Press Ctrl+C to shut down.
info: Microsoft.Hosting.Lifetime[0]
      Hosting environment: Production
info: Microsoft.Hosting.Lifetime[0]
      Content root path: D:\LMS\Getway\
info: Ocelot.RateLimit.Middleware.ClientRateLimitMiddleware[0]
      requestId: 80000aea-0002-c700-b63f-84710c7967bb, previousRequestId: no previous request id, message: EndpointRateLimiting is not enabled for /{**catchAll}
info: Ocelot.RateLimit.Middleware.ClientRateLimitMiddleware[0]
      requestId: 8000004e-0014-ee00-b63f-84710c7967bb, previousRequestId: no previous request id, message: EndpointRateLimiting is not enabled for /{**catchAll}
info: Ocelot.RateLimit.Middleware.ClientRateLimitMiddleware[0]
      requestId: 80000116-0014-ec00-b63f-84710c7967bb, previousRequestId: no previous request id, message: EndpointRateLimiting is not enabled for /{**catchAll}
info: Ocelot.Authentication.Middleware.AuthenticationMiddleware[0]
      requestId: 8000004e-0014-ee00-b63f-84710c7967bb, previousRequestId: no previous request id, message: No authentication needed for /_stcore/health
info: Ocelot.Authentication.Middleware.AuthenticationMiddleware[0]
      requestId: 80000116-0014-ec00-b63f-84710c7967bb, previousRequestId: no previous request id, message: No authentication needed for /_stcore/host-config
info: Ocelot.Authentication.Middleware.AuthenticationMiddleware[0]
      requestId: 80000aea-0002-c700-b63f-84710c7967bb, previousRequestId: no previous request id, message: No authentication needed for /demo/
info: Ocelot.Authorization.Middleware.AuthorizationMiddleware[0]
      requestId: 80000116-0014-ec00-b63f-84710c7967bb, previousRequestId: no previous request id, message: /{**catchAll} route does not require user to be authorized
info: Ocelot.Authorization.Middleware.AuthorizationMiddleware[0]
      requestId: 8000004e-0014-ee00-b63f-84710c7967bb, previousRequestId: no previous request id, message: /{**catchAll} route does not require user to be authorized
info: Ocelot.Authorization.Middleware.AuthorizationMiddleware[0]
      requestId: 80000aea-0002-c700-b63f-84710c7967bb, previousRequestId: no previous request id, message: /{**catchAll} route does not require user to be authorized
warn: Ocelot.Requester.Middleware.HttpRequesterMiddleware[0]
      requestId: 80000aea-0002-c700-b63f-84710c7967bb, previousRequestId: no previous request id, message: 404 (Not Found) status code, request uri: http://192.168.73.133:8000/demo/
warn: Ocelot.Requester.Middleware.HttpRequesterMiddleware[0]
      requestId: 8000004e-0014-ee00-b63f-84710c7967bb, previousRequestId: no previous request id, message: 404 (Not Found) status code, request uri: http://192.168.73.133:8000/_stcore/health
warn: Ocelot.Requester.Middleware.HttpRequesterMiddleware[0]
      requestId: 80000116-0014-ec00-b63f-84710c7967bb, previousRequestId: no previous request id, message: 404 (Not Found) status code, request uri: http://192.168.73.133:8000/_stcore/host-config
info: Ocelot.RateLimit.Middleware.ClientRateLimitMiddleware[0]
      requestId: 80000222-0028-ed00-b63f-84710c7967bb, previousRequestId: no previous request id, message: EndpointRateLimiting is not enabled for /{**catchAll}
info: Ocelot.RateLimit.Middleware.ClientRateLimitMiddleware[0]
      requestId: 800004f0-0028-fb00-b63f-84710c7967bb, previousRequestId: no previous request id, message: EndpointRateLimiting is not enabled for /{**catchAll}
info: Ocelot.Authentication.Middleware.AuthenticationMiddleware[0]
      requestId: 80000222-0028-ed00-b63f-84710c7967bb, previousRequestId: no previous request id, message: No authentication needed for /_stcore/health
info: Ocelot.Authentication.Middleware.AuthenticationMiddleware[0]
      requestId: 800004f0-0028-fb00-b63f-84710c7967bb, previousRequestId: no previous request id, message: No authentication needed for /_stcore/host-config
info: Ocelot.Authorization.Middleware.AuthorizationMiddleware[0]
      requestId: 80000222-0028-ed00-b63f-84710c7967bb, previousRequestId: no previous request id, message: /{**catchAll} route does not require user to be authorized
info: Ocelot.Authorization.Middleware.AuthorizationMiddleware[0]
      requestId: 800004f0-0028-fb00-b63f-84710c7967bb, previousRequestId: no previous request id, message: /{**catchAll} route does not require user to be authorized
warn: Ocelot.Requester.Middleware.HttpRequesterMiddleware[0]
      requestId: 80000222-0028-ed00-b63f-84710c7967bb, previousRequestId: no previous request id, message: 404 (Not Found) status code, request uri: http://192.168.73.133:8000/_stcore/health
warn: Ocelot.Requester.Middleware.HttpRequesterMiddleware[0]
      requestId: 800004f0-0028-fb00-b63f-84710c7967bb, previousRequestId: no previous request id, message: 404 (Not Found) status code, request uri: http://192.168.73.133:8000/_stcore/host-config
info: Ocelot.RateLimit.Middleware.ClientRateLimitMiddleware[0]
      requestId: 8000051f-0006-cd00-b63f-84710c7967bb, previousRequestId: no previous request id, message: EndpointRateLimiting is not enabled for /{**catchAll}
info: Ocelot.Authentication.Middleware.AuthenticationMiddleware[0]
      requestId: 8000051f-0006-cd00-b63f-84710c7967bb, previousRequestId: no previous request id, message: No authentication needed for /
info: Ocelot.Authorization.Middleware.AuthorizationMiddleware[0]
      requestId: 8000051f-0006-cd00-b63f-84710c7967bb, previousRequestId: no previous request id, message: /{**catchAll} route does not require user to be authorized
info: Ocelot.Requester.Middleware.HttpRequesterMiddleware[0]
      requestId: 8000051f-0006-cd00-b63f-84710c7967bb, previousRequestId: no previous request id, message: 200 (OK) status code, request uri: http://192.168.73.133:8000/
info: Ocelot.RateLimit.Middleware.ClientRateLimitMiddleware[0]
      requestId: 80000aec-0002-c700-b63f-84710c7967bb, previousRequestId: no previous request id, message: EndpointRateLimiting is not enabled for /{**catchAll}
info: Ocelot.Authentication.Middleware.AuthenticationMiddleware[0]
      requestId: 80000aec-0002-c700-b63f-84710c7967bb, previousRequestId: no previous request id, message: No authentication needed for /_stcore/health
info: Ocelot.Authorization.Middleware.AuthorizationMiddleware[0]
      requestId: 80000aec-0002-c700-b63f-84710c7967bb, previousRequestId: no previous request id, message: /{**catchAll} route does not require user to be authorized
info: Ocelot.RateLimit.Middleware.ClientRateLimitMiddleware[0]
      requestId: 800000a3-0003-ff00-b63f-84710c7967bb, previousRequestId: no previous request id, message: EndpointRateLimiting is not enabled for /{**catchAll}
info: Ocelot.Authentication.Middleware.AuthenticationMiddleware[0]
      requestId: 800000a3-0003-ff00-b63f-84710c7967bb, previousRequestId: no previous request id, message: No authentication needed for /_stcore/host-config
info: Ocelot.Authorization.Middleware.AuthorizationMiddleware[0]
      requestId: 800000a3-0003-ff00-b63f-84710c7967bb, previousRequestId: no previous request id, message: /{**catchAll} route does not require user to be authorized
warn: Ocelot.Requester.Middleware.HttpRequesterMiddleware[0]
      requestId: 80000aec-0002-c700-b63f-84710c7967bb, previousRequestId: no previous request id, message: 404 (Not Found) status code, request uri: http://192.168.73.133:8000/_stcore/health
warn: Ocelot.Requester.Middleware.HttpRequesterMiddleware[0]
      requestId: 800000a3-0003-ff00-b63f-84710c7967bb, previousRequestId: no previous request id, message: 404 (Not Found) status code, request uri: http://192.168.73.133:8000/_stcore/host-config
info: Ocelot.RateLimit.Middleware.ClientRateLimitMiddleware[0]
      requestId: 80000574-001a-fd00-b63f-84710c7967bb, previousRequestId: no previous request id, message: EndpointRateLimiting is not enabled for /{**catchAll}
info: Ocelot.Authentication.Middleware.AuthenticationMiddleware[0]
      requestId: 80000574-001a-fd00-b63f-84710c7967bb, previousRequestId: no previous request id, message: No authentication needed for /demo/
info: Ocelot.Authorization.Middleware.AuthorizationMiddleware[0]
      requestId: 80000574-001a-fd00-b63f-84710c7967bb, previousRequestId: no previous request id, message: /{**catchAll} route does not require user to be authorized
warn: Ocelot.Requester.Middleware.HttpRequesterMiddleware[0]
      requestId: 80000574-001a-fd00-b63f-84710c7967bb, previousRequestId: no previous request id, message: 404 (Not Found) status code, request uri: http://192.168.73.133:8000/demo/
info: Ocelot.RateLimit.Middleware.ClientRateLimitMiddleware[0]
      requestId: 80000aee-0002-c700-b63f-84710c7967bb, previousRequestId: no previous request id, message: EndpointRateLimiting is not enabled for /{**catchAll}
info: Ocelot.Authentication.Middleware.AuthenticationMiddleware[0]
      requestId: 80000aee-0002-c700-b63f-84710c7967bb, previousRequestId: no previous request id, message: No authentication needed for /_stcore/health
info: Ocelot.Authorization.Middleware.AuthorizationMiddleware[0]
      requestId: 80000aee-0002-c700-b63f-84710c7967bb, previousRequestId: no previous request id, message: /{**catchAll} route does not require user to be authorized
info: Ocelot.RateLimit.Middleware.ClientRateLimitMiddleware[0]
      requestId: 80000548-0002-d500-b63f-84710c7967bb, previousRequestId: no previous request id, message: EndpointRateLimiting is not enabled for /{**catchAll}
info: Ocelot.Authentication.Middleware.AuthenticationMiddleware[0]
      requestId: 80000548-0002-d500-b63f-84710c7967bb, previousRequestId: no previous request id, message: No authentication needed for /_stcore/host-config
info: Ocelot.Authorization.Middleware.AuthorizationMiddleware[0]
      requestId: 80000548-0002-d500-b63f-84710c7967bb, previousRequestId: no previous request id, message: /{**catchAll} route does not require user to be authorized
warn: Ocelot.Requester.Middleware.HttpRequesterMiddleware[0]
      requestId: 80000aee-0002-c700-b63f-84710c7967bb, previousRequestId: no previous request id, message: 404 (Not Found) status code, request uri: http://192.168.73.133:8000/_stcore/health
warn: Ocelot.Requester.Middleware.HttpRequesterMiddleware[0]
      requestId: 80000548-0002-d500-b63f-84710c7967bb, previousRequestId: no previous request id, message: 404 (Not Found) status code, request uri: http://192.168.73.133:8000/_stcore/host-config
info: Ocelot.RateLimit.Middleware.ClientRateLimitMiddleware[0]
      requestId: 8000061e-002a-fb00-b63f-84710c7967bb, previousRequestId: no previous request id, message: EndpointRateLimiting is not enabled for /{**catchAll}
info: Ocelot.Authentication.Middleware.AuthenticationMiddleware[0]
      requestId: 8000061e-002a-fb00-b63f-84710c7967bb, previousRequestId: no previous request id, message: No authentication needed for /_stcore/health
info: Ocelot.Authorization.Middleware.AuthorizationMiddleware[0]
      requestId: 8000061e-002a-fb00-b63f-84710c7967bb, previousRequestId: no previous request id, message: /{**catchAll} route does not require user to be authorized
info: Ocelot.RateLimit.Middleware.ClientRateLimitMiddleware[0]
      requestId: 800003e8-0018-fe00-b63f-84710c7967bb, previousRequestId: no previous request id, message: EndpointRateLimiting is not enabled for /{**catchAll}
info: Ocelot.Authentication.Middleware.AuthenticationMiddleware[0]
      requestId: 800003e8-0018-fe00-b63f-84710c7967bb, previousRequestId: no previous request id, message: No authentication needed for /_stcore/host-config
info: Ocelot.Authorization.Middleware.AuthorizationMiddleware[0]
      requestId: 800003e8-0018-fe00-b63f-84710c7967bb, previousRequestId: no previous request id, message: /{**catchAll} route does not require user to be authorized
warn: Ocelot.Requester.Middleware.HttpRequesterMiddleware[0]
      requestId: 8000061e-002a-fb00-b63f-84710c7967bb, previousRequestId: no previous request id, message: 404 (Not Found) status code, request uri: http://192.168.73.133:8000/_stcore/health
warn: Ocelot.Requester.Middleware.HttpRequesterMiddleware[0]
      requestId: 800003e8-0018-fe00-b63f-84710c7967bb, previousRequestId: no previous request id, message: 404 (Not Found) status code, request uri: http://192.168.73.133:8000/_stcore/host-config
info: Ocelot.RateLimit.Middleware.ClientRateLimitMiddleware[0]
      requestId: 800000fc-0007-ff00-b63f-84710c7967bb, previousRequestId: no previous request id, message: EndpointRateLimiting is not enabled for /{**catchAll}
info: Ocelot.Authentication.Middleware.AuthenticationMiddleware[0]
      requestId: 800000fc-0007-ff00-b63f-84710c7967bb, previousRequestId: no previous request id, message: No authentication needed for /demo/
info: Ocelot.Authorization.Middleware.AuthorizationMiddleware[0]
      requestId: 800000fc-0007-ff00-b63f-84710c7967bb, previousRequestId: no previous request id, message: /{**catchAll} route does not require user to be authorized
warn: Ocelot.Requester.Middleware.HttpRequesterMiddleware[0]
      requestId: 800000fc-0007-ff00-b63f-84710c7967bb, previousRequestId: no previous request id, message: 404 (Not Found) status code, request uri: http://192.168.73.133:8000/demo/
info: Ocelot.RateLimit.Middleware.ClientRateLimitMiddleware[0]
      requestId: 80000576-001a-fd00-b63f-84710c7967bb, previousRequestId: no previous request id, message: EndpointRateLimiting is not enabled for /{**catchAll}
info: Ocelot.Authentication.Middleware.AuthenticationMiddleware[0]
      requestId: 80000576-001a-fd00-b63f-84710c7967bb, previousRequestId: no previous request id, message: No authentication needed for /_stcore/health
info: Ocelot.Authorization.Middleware.AuthorizationMiddleware[0]
      requestId: 80000576-001a-fd00-b63f-84710c7967bb, previousRequestId: no previous request id, message: /{**catchAll} route does not require user to be authorized
info: Ocelot.RateLimit.Middleware.ClientRateLimitMiddleware[0]
      requestId: 800005a5-001a-f700-b63f-84710c7967bb, previousRequestId: no previous request id, message: EndpointRateLimiting is not enabled for /{**catchAll}
info: Ocelot.Authentication.Middleware.AuthenticationMiddleware[0]
      requestId: 800005a5-001a-f700-b63f-84710c7967bb, previousRequestId: no previous request id, message: No authentication needed for /_stcore/host-config
info: Ocelot.Authorization.Middleware.AuthorizationMiddleware[0]
      requestId: 800005a5-001a-f700-b63f-84710c7967bb, previousRequestId: no previous request id, message: /{**catchAll} route does not require user to be authorized
warn: Ocelot.Requester.Middleware.HttpRequesterMiddleware[0]
      requestId: 80000576-001a-fd00-b63f-84710c7967bb, previousRequestId: no previous request id, message: 404 (Not Found) status code, request uri: http://192.168.73.133:8000/_stcore/health
warn: Ocelot.Requester.Middleware.HttpRequesterMiddleware[0]
      requestId: 800005a5-001a-f700-b63f-84710c7967bb, previousRequestId: no previous request id, message: 404 (Not Found) status code, request uri: http://192.168.73.133:8000/_stcore/host-config
info: Ocelot.RateLimit.Middleware.ClientRateLimitMiddleware[0]
      requestId: 8000022c-000e-cc00-b63f-84710c7967bb, previousRequestId: no previous request id, message: EndpointRateLimiting is not enabled for /{**catchAll}
info: Ocelot.Authentication.Middleware.AuthenticationMiddleware[0]
      requestId: 8000022c-000e-cc00-b63f-84710c7967bb, previousRequestId: no previous request id, message: No authentication needed for /demo/
info: Ocelot.Authorization.Middleware.AuthorizationMiddleware[0]
      requestId: 8000022c-000e-cc00-b63f-84710c7967bb, previousRequestId: no previous request id, message: /{**catchAll} route does not require user to be authorized
warn: Ocelot.Requester.Middleware.HttpRequesterMiddleware[0]
      requestId: 8000022c-000e-cc00-b63f-84710c7967bb, previousRequestId: no previous request id, message: 404 (Not Found) status code, request uri: http://192.168.73.133:8000/demo/
info: Ocelot.RateLimit.Middleware.ClientRateLimitMiddleware[0]
      requestId: 80000413-0026-fb00-b63f-84710c7967bb, previousRequestId: no previous request id, message: EndpointRateLimiting is not enabled for /{**catchAll}
info: Ocelot.Authentication.Middleware.AuthenticationMiddleware[0]
      requestId: 80000413-0026-fb00-b63f-84710c7967bb, previousRequestId: no previous request id, message: No authentication needed for /_stcore/health
info: Ocelot.Authorization.Middleware.AuthorizationMiddleware[0]
      requestId: 80000413-0026-fb00-b63f-84710c7967bb, previousRequestId: no previous request id, message: /{**catchAll} route does not require user to be authorized
info: Ocelot.RateLimit.Middleware.ClientRateLimitMiddleware[0]
      requestId: 80000485-001c-f600-b63f-84710c7967bb, previousRequestId: no previous request id, message: EndpointRateLimiting is not enabled for /{**catchAll}
info: Ocelot.Authentication.Middleware.AuthenticationMiddleware[0]
      requestId: 80000485-001c-f600-b63f-84710c7967bb, previousRequestId: no previous request id, message: No authentication needed for /_stcore/host-config
info: Ocelot.Authorization.Middleware.AuthorizationMiddleware[0]
      requestId: 80000485-001c-f600-b63f-84710c7967bb, previousRequestId: no previous request id, message: /{**catchAll} route does not require user to be authorized
warn: Ocelot.Requester.Middleware.HttpRequesterMiddleware[0]
      requestId: 80000413-0026-fb00-b63f-84710c7967bb, previousRequestId: no previous request id, message: 404 (Not Found) status code, request uri: http://192.168.73.133:8000/_stcore/health
warn: Ocelot.Requester.Middleware.HttpRequesterMiddleware[0]
      requestId: 80000485-001c-f600-b63f-84710c7967bb, previousRequestId: no previous request id, message: 404 (Not Found) status code, request uri: http://192.168.73.133:8000/_stcore/host-config
info: Ocelot.RateLimit.Middleware.ClientRateLimitMiddleware[0]
      requestId: 800002cc-000c-f200-b63f-84710c7967bb, previousRequestId: no previous request id, message: EndpointRateLimiting is not enabled for /{**catchAll}
info: Ocelot.Authentication.Middleware.AuthenticationMiddleware[0]
      requestId: 800002cc-000c-f200-b63f-84710c7967bb, previousRequestId: no previous request id, message: No authentication needed for /
info: Ocelot.Authorization.Middleware.AuthorizationMiddleware[0]
      requestId: 800002cc-000c-f200-b63f-84710c7967bb, previousRequestId: no previous request id, message: /{**catchAll} route does not require user to be authorized
info: Ocelot.Requester.Middleware.HttpRequesterMiddleware[0]
      requestId: 800002cc-000c-f200-b63f-84710c7967bb, previousRequestId: no previous request id, message: 200 (OK) status code, request uri: http://192.168.73.133:8000/
info: Ocelot.RateLimit.Middleware.ClientRateLimitMiddleware[0]
      requestId: 800005a7-001a-f700-b63f-84710c7967bb, previousRequestId: no previous request id, message: EndpointRateLimiting is not enabled for /{**catchAll}
info: Ocelot.Authentication.Middleware.AuthenticationMiddleware[0]
      requestId: 800005a7-001a-f700-b63f-84710c7967bb, previousRequestId: no previous request id, message: No authentication needed for /_stcore/health
info: Ocelot.Authorization.Middleware.AuthorizationMiddleware[0]
      requestId: 800005a7-001a-f700-b63f-84710c7967bb, previousRequestId: no previous request id, message: /{**catchAll} route does not require user to be authorized
info: Ocelot.RateLimit.Middleware.ClientRateLimitMiddleware[0]
      requestId: 80000578-001a-fd00-b63f-84710c7967bb, previousRequestId: no previous request id, message: EndpointRateLimiting is not enabled for /{**catchAll}
info: Ocelot.Authentication.Middleware.AuthenticationMiddleware[0]
      requestId: 80000578-001a-fd00-b63f-84710c7967bb, previousRequestId: no previous request id, message: No authentication needed for /_stcore/host-config
info: Ocelot.Authorization.Middleware.AuthorizationMiddleware[0]
      requestId: 80000578-001a-fd00-b63f-84710c7967bb, previousRequestId: no previous request id, message: /{**catchAll} route does not require user to be authorized
warn: Ocelot.Requester.Middleware.HttpRequesterMiddleware[0]
      requestId: 800005a7-001a-f700-b63f-84710c7967bb, previousRequestId: no previous request id, message: 404 (Not Found) status code, request uri: http://192.168.73.133:8000/_stcore/health
warn: Ocelot.Requester.Middleware.HttpRequesterMiddleware[0]
      requestId: 80000578-001a-fd00-b63f-84710c7967bb, previousRequestId: no previous request id, message: 404 (Not Found) status code, request uri: http://192.168.73.133:8000/_stcore/host-config
info: Ocelot.RateLimit.Middleware.ClientRateLimitMiddleware[0]
      requestId: 800003ea-0018-fe00-b63f-84710c7967bb, previousRequestId: no previous request id, message: EndpointRateLimiting is not enabled for /{**catchAll}
info: Ocelot.Authentication.Middleware.AuthenticationMiddleware[0]
      requestId: 800003ea-0018-fe00-b63f-84710c7967bb, previousRequestId: no previous request id, message: No authentication needed for /_stcore/health
info: Ocelot.Authorization.Middleware.AuthorizationMiddleware[0]
      requestId: 800003ea-0018-fe00-b63f-84710c7967bb, previousRequestId: no previous request id, message: /{**catchAll} route does not require user to be authorized
info: Ocelot.RateLimit.Middleware.ClientRateLimitMiddleware[0]
      requestId: 8000057a-001a-fd00-b63f-84710c7967bb, previousRequestId: no previous request id, message: EndpointRateLimiting is not enabled for /{**catchAll}
info: Ocelot.Authentication.Middleware.AuthenticationMiddleware[0]
      requestId: 8000057a-001a-fd00-b63f-84710c7967bb, previousRequestId: no previous request id, message: No authentication needed for /_stcore/host-config
info: Ocelot.Authorization.Middleware.AuthorizationMiddleware[0]
      requestId: 8000057a-001a-fd00-b63f-84710c7967bb, previousRequestId: no previous request id, message: /{**catchAll} route does not require user to be authorized
warn: Ocelot.Requester.Middleware.HttpRequesterMiddleware[0]
      requestId: 800003ea-0018-fe00-b63f-84710c7967bb, previousRequestId: no previous request id, message: 404 (Not Found) status code, request uri: http://192.168.73.133:8000/_stcore/health
warn: Ocelot.Requester.Middleware.HttpRequesterMiddleware[0]
      requestId: 8000057a-001a-fd00-b63f-84710c7967bb, previousRequestId: no previous request id, message: 404 (Not Found) status code, request uri: http://192.168.73.133:8000/_stcore/host-config
info: Ocelot.RateLimit.Middleware.ClientRateLimitMiddleware[0]
      requestId: 80000620-002a-fb00-b63f-84710c7967bb, previousRequestId: no previous request id, message: EndpointRateLimiting is not enabled for /{**catchAll}
info: Ocelot.Authentication.Middleware.AuthenticationMiddleware[0]
      requestId: 80000620-002a-fb00-b63f-84710c7967bb, previousRequestId: no previous request id, message: No authentication needed for /_stcore/health
info: Ocelot.Authorization.Middleware.AuthorizationMiddleware[0]
      requestId: 80000620-002a-fb00-b63f-84710c7967bb, previousRequestId: no previous request id, message: /{**catchAll} route does not require user to be authorized
info: Ocelot.RateLimit.Middleware.ClientRateLimitMiddleware[0]
      requestId: 80000375-002a-f800-b63f-84710c7967bb, previousRequestId: no previous request id, message: EndpointRateLimiting is not enabled for /{**catchAll}
info: Ocelot.Authentication.Middleware.AuthenticationMiddleware[0]
      requestId: 80000375-002a-f800-b63f-84710c7967bb, previousRequestId: no previous request id, message: No authentication needed for /_stcore/host-config
info: Ocelot.Authorization.Middleware.AuthorizationMiddleware[0]
      requestId: 80000375-002a-f800-b63f-84710c7967bb, previousRequestId: no previous request id, message: /{**catchAll} route does not require user to be authorized
warn: Ocelot.Requester.Middleware.HttpRequesterMiddleware[0]
      requestId: 80000620-002a-fb00-b63f-84710c7967bb, previousRequestId: no previous request id, message: 404 (Not Found) status code, request uri: http://192.168.73.133:8000/_stcore/health
warn: Ocelot.Requester.Middleware.HttpRequesterMiddleware[0]
      requestId: 80000375-002a-f800-b63f-84710c7967bb, previousRequestId: no previous request id, message: 404 (Not Found) status code, request uri: http://192.168.73.133:8000/_stcore/host-config
info: Ocelot.RateLimit.Middleware.ClientRateLimitMiddleware[0]
      requestId: 80000377-002a-f800-b63f-84710c7967bb, previousRequestId: no previous request id, message: EndpointRateLimiting is not enabled for /{**catchAll}
info: Ocelot.Authentication.Middleware.AuthenticationMiddleware[0]
      requestId: 80000377-002a-f800-b63f-84710c7967bb, previousRequestId: no previous request id, message: No authentication needed for /_stcore/health
info: Ocelot.Authorization.Middleware.AuthorizationMiddleware[0]
      requestId: 80000377-002a-f800-b63f-84710c7967bb, previousRequestId: no previous request id, message: /{**catchAll} route does not require user to be authorized
info: Ocelot.RateLimit.Middleware.ClientRateLimitMiddleware[0]
      requestId: 800000a0-002f-fc00-b63f-84710c7967bb, previousRequestId: no previous request id, message: EndpointRateLimiting is not enabled for /{**catchAll}
info: Ocelot.Authentication.Middleware.AuthenticationMiddleware[0]
      requestId: 800000a0-002f-fc00-b63f-84710c7967bb, previousRequestId: no previous request id, message: No authentication needed for /_stcore/host-config
info: Ocelot.Authorization.Middleware.AuthorizationMiddleware[0]
      requestId: 800000a0-002f-fc00-b63f-84710c7967bb, previousRequestId: no previous request id, message: /{**catchAll} route does not require user to be authorized
warn: Ocelot.Requester.Middleware.HttpRequesterMiddleware[0]
      requestId: 80000377-002a-f800-b63f-84710c7967bb, previousRequestId: no previous request id, message: 404 (Not Found) status code, request uri: http://192.168.73.133:8000/_stcore/health
warn: Ocelot.Requester.Middleware.HttpRequesterMiddleware[0]
      requestId: 800000a0-002f-fc00-b63f-84710c7967bb, previousRequestId: no previous request id, message: 404 (Not Found) status code, request uri: http://192.168.73.133:8000/_stcore/host-config
info: Ocelot.RateLimit.Middleware.ClientRateLimitMiddleware[0]
      requestId: 80000320-0020-f300-b63f-84710c7967bb, previousRequestId: no previous request id, message: EndpointRateLimiting is not enabled for /{**catchAll}
info: Ocelot.Authentication.Middleware.AuthenticationMiddleware[0]
      requestId: 80000320-0020-f300-b63f-84710c7967bb, previousRequestId: no previous request id, message: No authentication needed for /_stcore/health
info: Ocelot.Authorization.Middleware.AuthorizationMiddleware[0]
      requestId: 80000320-0020-f300-b63f-84710c7967bb, previousRequestId: no previous request id, message: /{**catchAll} route does not require user to be authorized
info: Ocelot.RateLimit.Middleware.ClientRateLimitMiddleware[0]
      requestId: 800003ee-0020-fa00-b63f-84710c7967bb, previousRequestId: no previous request id, message: EndpointRateLimiting is not enabled for /{**catchAll}
info: Ocelot.Authentication.Middleware.AuthenticationMiddleware[0]
      requestId: 800003ee-0020-fa00-b63f-84710c7967bb, previousRequestId: no previous request id, message: No authentication needed for /_stcore/host-config
info: Ocelot.Authorization.Middleware.AuthorizationMiddleware[0]
      requestId: 800003ee-0020-fa00-b63f-84710c7967bb, previousRequestId: no previous request id, message: /{**catchAll} route does not require user to be authorized
warn: Ocelot.Requester.Middleware.HttpRequesterMiddleware[0]
      requestId: 80000320-0020-f300-b63f-84710c7967bb, previousRequestId: no previous request id, message: 404 (Not Found) status code, request uri: http://192.168.73.133:8000/_stcore/health
warn: Ocelot.Requester.Middleware.HttpRequesterMiddleware[0]
      requestId: 800003ee-0020-fa00-b63f-84710c7967bb, previousRequestId: no previous request id, message: 404 (Not Found) status code, request uri: http://192.168.73.133:8000/_stcore/host-config
info: Ocelot.RateLimit.Middleware.ClientRateLimitMiddleware[0]
      requestId: 800000b2-0011-fc00-b63f-84710c7967bb, previousRequestId: no previous request id, message: EndpointRateLimiting is not enabled for /{**catchAll}
info: Ocelot.Authentication.Middleware.AuthenticationMiddleware[0]
      requestId: 800000b2-0011-fc00-b63f-84710c7967bb, previousRequestId: no previous request id, message: No authentication needed for /
info: Ocelot.Authorization.Middleware.AuthorizationMiddleware[0]
      requestId: 800000b2-0011-fc00-b63f-84710c7967bb, previousRequestId: no previous request id, message: /{**catchAll} route does not require user to be authorized
info: Ocelot.Requester.Middleware.HttpRequesterMiddleware[0]
      requestId: 800000b2-0011-fc00-b63f-84710c7967bb, previousRequestId: no previous request id, message: 200 (OK) status code, request uri: http://192.168.73.133:8000/
info: Ocelot.RateLimit.Middleware.ClientRateLimitMiddleware[0]
      requestId: 80000070-0004-d200-b63f-84710c7967bb, previousRequestId: no previous request id, message: EndpointRateLimiting is not enabled for /{**catchAll}
info: Ocelot.Authentication.Middleware.AuthenticationMiddleware[0]
      requestId: 80000070-0004-d200-b63f-84710c7967bb, previousRequestId: no previous request id, message: No authentication needed for /_stcore/health
info: Ocelot.Authorization.Middleware.AuthorizationMiddleware[0]
      requestId: 80000070-0004-d200-b63f-84710c7967bb, previousRequestId: no previous request id, message: /{**catchAll} route does not require user to be authorized
info: Ocelot.RateLimit.Middleware.ClientRateLimitMiddleware[0]
      requestId: 8000070c-0004-f000-b63f-84710c7967bb, previousRequestId: no previous request id, message: EndpointRateLimiting is not enabled for /{**catchAll}
info: Ocelot.Authentication.Middleware.AuthenticationMiddleware[0]
      requestId: 8000070c-0004-f000-b63f-84710c7967bb, previousRequestId: no previous request id, message: No authentication needed for /_stcore/host-config
info: Ocelot.Authorization.Middleware.AuthorizationMiddleware[0]
      requestId: 8000070c-0004-f000-b63f-84710c7967bb, previousRequestId: no previous request id, message: /{**catchAll} route does not require user to be authorized
warn: Ocelot.Requester.Middleware.HttpRequesterMiddleware[0]
      requestId: 80000070-0004-d200-b63f-84710c7967bb, previousRequestId: no previous request id, message: 404 (Not Found) status code, request uri: http://192.168.73.133:8000/_stcore/health
warn: Ocelot.Requester.Middleware.HttpRequesterMiddleware[0]
      requestId: 8000070c-0004-f000-b63f-84710c7967bb, previousRequestId: no previous request id, message: 404 (Not Found) status code, request uri: http://192.168.73.133:8000/_stcore/host-config
info: Ocelot.RateLimit.Middleware.ClientRateLimitMiddleware[0]
      requestId: 80000415-0026-fb00-b63f-84710c7967bb, previousRequestId: no previous request id, message: EndpointRateLimiting is not enabled for /{**catchAll}
info: Ocelot.RateLimit.Middleware.ClientRateLimitMiddleware[0]
      requestId: 8000042c-0026-ff00-b63f-84710c7967bb, previousRequestId: no previous request id, message: EndpointRateLimiting is not enabled for /{**catchAll}
info: Ocelot.Authentication.Middleware.AuthenticationMiddleware[0]
      requestId: 80000415-0026-fb00-b63f-84710c7967bb, previousRequestId: no previous request id, message: No authentication needed for /_stcore/health
info: Ocelot.Authentication.Middleware.AuthenticationMiddleware[0]
      requestId: 8000042c-0026-ff00-b63f-84710c7967bb, previousRequestId: no previous request id, message: No authentication needed for /_stcore/host-config
info: Ocelot.Authorization.Middleware.AuthorizationMiddleware[0]
      requestId: 80000415-0026-fb00-b63f-84710c7967bb, previousRequestId: no previous request id, message: /{**catchAll} route does not require user to be authorized
info: Ocelot.Authorization.Middleware.AuthorizationMiddleware[0]
      requestId: 8000042c-0026-ff00-b63f-84710c7967bb, previousRequestId: no previous request id, message: /{**catchAll} route does not require user to be authorized
warn: Ocelot.Requester.Middleware.HttpRequesterMiddleware[0]
      requestId: 8000042c-0026-ff00-b63f-84710c7967bb, previousRequestId: no previous request id, message: 404 (Not Found) status code, request uri: http://192.168.73.133:8000/_stcore/host-config
warn: Ocelot.Requester.Middleware.HttpRequesterMiddleware[0]
      requestId: 80000415-0026-fb00-b63f-84710c7967bb, previousRequestId: no previous request id, message: 404 (Not Found) status code, request uri: http://192.168.73.133:8000/_stcore/health
info: Ocelot.RateLimit.Middleware.ClientRateLimitMiddleware[0]
      requestId: 800001bb-000a-c900-b63f-84710c7967bb, previousRequestId: no previous request id, message: EndpointRateLimiting is not enabled for /{**catchAll}
info: Ocelot.Authentication.Middleware.AuthenticationMiddleware[0]
      requestId: 800001bb-000a-c900-b63f-84710c7967bb, previousRequestId: no previous request id, message: No authentication needed for /_stcore/health
info: Ocelot.Authorization.Middleware.AuthorizationMiddleware[0]
      requestId: 800001bb-000a-c900-b63f-84710c7967bb, previousRequestId: no previous request id, message: /{**catchAll} route does not require user to be authorized
info: Ocelot.RateLimit.Middleware.ClientRateLimitMiddleware[0]
      requestId: 8000070e-0004-f000-b63f-84710c7967bb, previousRequestId: no previous request id, message: EndpointRateLimiting is not enabled for /{**catchAll}
info: Ocelot.Authentication.Middleware.AuthenticationMiddleware[0]
      requestId: 8000070e-0004-f000-b63f-84710c7967bb, previousRequestId: no previous request id, message: No authentication needed for /_stcore/host-config
info: Ocelot.Authorization.Middleware.AuthorizationMiddleware[0]
      requestId: 8000070e-0004-f000-b63f-84710c7967bb, previousRequestId: no previous request id, message: /{**catchAll} route does not require user to be authorized
warn: Ocelot.Requester.Middleware.HttpRequesterMiddleware[0]
      requestId: 800001bb-000a-c900-b63f-84710c7967bb, previousRequestId: no previous request id, message: 404 (Not Found) status code, request uri: http://192.168.73.133:8000/_stcore/health
warn: Ocelot.Requester.Middleware.HttpRequesterMiddleware[0]
      requestId: 8000070e-0004-f000-b63f-84710c7967bb, previousRequestId: no previous request id, message: 404 (Not Found) status code, request uri: http://192.168.73.133:8000/_stcore/host-config
info: Ocelot.RateLimit.Middleware.ClientRateLimitMiddleware[0]
      requestId: 80000487-001c-f600-b63f-84710c7967bb, previousRequestId: no previous request id, message: EndpointRateLimiting is not enabled for /{**catchAll}
info: Ocelot.Authentication.Middleware.AuthenticationMiddleware[0]
      requestId: 80000487-001c-f600-b63f-84710c7967bb, previousRequestId: no previous request id, message: No authentication needed for /_stcore/health
info: Ocelot.Authorization.Middleware.AuthorizationMiddleware[0]
      requestId: 80000487-001c-f600-b63f-84710c7967bb, previousRequestId: no previous request id, message: /{**catchAll} route does not require user to be authorized
info: Ocelot.RateLimit.Middleware.ClientRateLimitMiddleware[0]
      requestId: 800002b7-001c-fd00-b63f-84710c7967bb, previousRequestId: no previous request id, message: EndpointRateLimiting is not enabled for /{**catchAll}
info: Ocelot.Authentication.Middleware.AuthenticationMiddleware[0]
      requestId: 800002b7-001c-fd00-b63f-84710c7967bb, previousRequestId: no previous request id, message: No authentication needed for /_stcore/host-config
info: Ocelot.Authorization.Middleware.AuthorizationMiddleware[0]
      requestId: 800002b7-001c-fd00-b63f-84710c7967bb, previousRequestId: no previous request id, message: /{**catchAll} route does not require user to be authorized
warn: Ocelot.Requester.Middleware.HttpRequesterMiddleware[0]
      requestId: 80000487-001c-f600-b63f-84710c7967bb, previousRequestId: no previous request id, message: 404 (Not Found) status code, request uri: http://192.168.73.133:8000/_stcore/health
warn: Ocelot.Requester.Middleware.HttpRequesterMiddleware[0]
      requestId: 800002b7-001c-fd00-b63f-84710c7967bb, previousRequestId: no previous request id, message: 404 (Not Found) status code, request uri: http://192.168.73.133:8000/_stcore/host-config
info: Ocelot.RateLimit.Middleware.ClientRateLimitMiddleware[0]
      requestId: 80000224-0028-ed00-b63f-84710c7967bb, previousRequestId: no previous request id, message: EndpointRateLimiting is not enabled for /{**catchAll}
info: Ocelot.Authentication.Middleware.AuthenticationMiddleware[0]
      requestId: 80000224-0028-ed00-b63f-84710c7967bb, previousRequestId: no previous request id, message: No authentication needed for /_stcore/health
info: Ocelot.Authorization.Middleware.AuthorizationMiddleware[0]
      requestId: 80000224-0028-ed00-b63f-84710c7967bb, previousRequestId: no previous request id, message: /{**catchAll} route does not require user to be authorized
info: Ocelot.RateLimit.Middleware.ClientRateLimitMiddleware[0]
      requestId: 800004f2-0028-fb00-b63f-84710c7967bb, previousRequestId: no previous request id, message: EndpointRateLimiting is not enabled for /{**catchAll}
info: Ocelot.Authentication.Middleware.AuthenticationMiddleware[0]
      requestId: 800004f2-0028-fb00-b63f-84710c7967bb, previousRequestId: no previous request id, message: No authentication needed for /_stcore/host-config
info: Ocelot.Authorization.Middleware.AuthorizationMiddleware[0]
      requestId: 800004f2-0028-fb00-b63f-84710c7967bb, previousRequestId: no previous request id, message: /{**catchAll} route does not require user to be authorized
warn: Ocelot.Requester.Middleware.HttpRequesterMiddleware[0]
      requestId: 80000224-0028-ed00-b63f-84710c7967bb, previousRequestId: no previous request id, message: 404 (Not Found) status code, request uri: http://192.168.73.133:8000/_stcore/health
warn: Ocelot.Requester.Middleware.HttpRequesterMiddleware[0]
      requestId: 800004f2-0028-fb00-b63f-84710c7967bb, previousRequestId: no previous request id, message: 404 (Not Found) status code, request uri: http://192.168.73.133:8000/_stcore/host-config
info: Ocelot.RateLimit.Middleware.ClientRateLimitMiddleware[0]
      requestId: 80000379-002a-f800-b63f-84710c7967bb, previousRequestId: no previous request id, message: EndpointRateLimiting is not enabled for /{**catchAll}
info: Ocelot.Authentication.Middleware.AuthenticationMiddleware[0]
      requestId: 80000379-002a-f800-b63f-84710c7967bb, previousRequestId: no previous request id, message: No authentication needed for /_stcore/health
info: Ocelot.Authorization.Middleware.AuthorizationMiddleware[0]
      requestId: 80000379-002a-f800-b63f-84710c7967bb, previousRequestId: no previous request id, message: /{**catchAll} route does not require user to be authorized
info: Ocelot.RateLimit.Middleware.ClientRateLimitMiddleware[0]
      requestId: 80000622-002a-fb00-b63f-84710c7967bb, previousRequestId: no previous request id, message: EndpointRateLimiting is not enabled for /{**catchAll}
info: Ocelot.Authentication.Middleware.AuthenticationMiddleware[0]
      requestId: 80000622-002a-fb00-b63f-84710c7967bb, previousRequestId: no previous request id, message: No authentication needed for /_stcore/host-config
info: Ocelot.Authorization.Middleware.AuthorizationMiddleware[0]
      requestId: 80000622-002a-fb00-b63f-84710c7967bb, previousRequestId: no previous request id, message: /{**catchAll} route does not require user to be authorized
warn: Ocelot.Requester.Middleware.HttpRequesterMiddleware[0]
      requestId: 80000379-002a-f800-b63f-84710c7967bb, previousRequestId: no previous request id, message: 404 (Not Found) status code, request uri: http://192.168.73.133:8000/_stcore/health
warn: Ocelot.Requester.Middleware.HttpRequesterMiddleware[0]
      requestId: 80000622-002a-fb00-b63f-84710c7967bb, previousRequestId: no previous request id, message: 404 (Not Found) status code, request uri: http://192.168.73.133:8000/_stcore/host-config
info: Ocelot.RateLimit.Middleware.ClientRateLimitMiddleware[0]
      requestId: 8000031a-0022-f200-b63f-84710c7967bb, previousRequestId: no previous request id, message: EndpointRateLimiting is not enabled for /{**catchAll}
info: Ocelot.Authentication.Middleware.AuthenticationMiddleware[0]
      requestId: 8000031a-0022-f200-b63f-84710c7967bb, previousRequestId: no previous request id, message: No authentication needed for /_stcore/health
info: Ocelot.Authorization.Middleware.AuthorizationMiddleware[0]
      requestId: 8000031a-0022-f200-b63f-84710c7967bb, previousRequestId: no previous request id, message: /{**catchAll} route does not require user to be authorized
info: Ocelot.RateLimit.Middleware.ClientRateLimitMiddleware[0]
      requestId: 8000033d-0022-f400-b63f-84710c7967bb, previousRequestId: no previous request id, message: EndpointRateLimiting is not enabled for /{**catchAll}
info: Ocelot.Authentication.Middleware.AuthenticationMiddleware[0]
      requestId: 8000033d-0022-f400-b63f-84710c7967bb, previousRequestId: no previous request id, message: No authentication needed for /_stcore/host-config
info: Ocelot.Authorization.Middleware.AuthorizationMiddleware[0]
      requestId: 8000033d-0022-f400-b63f-84710c7967bb, previousRequestId: no previous request id, message: /{**catchAll} route does not require user to be authorized
warn: Ocelot.Requester.Middleware.HttpRequesterMiddleware[0]
      requestId: 8000031a-0022-f200-b63f-84710c7967bb, previousRequestId: no previous request id, message: 404 (Not Found) status code, request uri: http://192.168.73.133:8000/_stcore/health
warn: Ocelot.Requester.Middleware.HttpRequesterMiddleware[0]
      requestId: 8000033d-0022-f400-b63f-84710c7967bb, previousRequestId: no previous request id, message: 404 (Not Found) status code, request uri: http://192.168.73.133:8000/_stcore/host-config
info: Ocelot.RateLimit.Middleware.ClientRateLimitMiddleware[0]
      requestId: 80000096-002d-fd00-b63f-84710c7967bb, previousRequestId: no previous request id, message: EndpointRateLimiting is not enabled for /{**catchAll}
info: Ocelot.Authentication.Middleware.AuthenticationMiddleware[0]
      requestId: 80000096-002d-fd00-b63f-84710c7967bb, previousRequestId: no previous request id, message: No authentication needed for /_stcore/health
info: Ocelot.Authorization.Middleware.AuthorizationMiddleware[0]
      requestId: 80000096-002d-fd00-b63f-84710c7967bb, previousRequestId: no previous request id, message: /{**catchAll} route does not require user to be authorized
info: Ocelot.RateLimit.Middleware.ClientRateLimitMiddleware[0]
      requestId: 80000018-002d-f900-b63f-84710c7967bb, previousRequestId: no previous request id, message: EndpointRateLimiting is not enabled for /{**catchAll}
info: Ocelot.Authentication.Middleware.AuthenticationMiddleware[0]
      requestId: 80000018-002d-f900-b63f-84710c7967bb, previousRequestId: no previous request id, message: No authentication needed for /_stcore/host-config
info: Ocelot.Authorization.Middleware.AuthorizationMiddleware[0]
      requestId: 80000018-002d-f900-b63f-84710c7967bb, previousRequestId: no previous request id, message: /{**catchAll} route does not require user to be authorized
warn: Ocelot.Requester.Middleware.HttpRequesterMiddleware[0]
      requestId: 80000096-002d-fd00-b63f-84710c7967bb, previousRequestId: no previous request id, message: 404 (Not Found) status code, request uri: http://192.168.73.133:8000/_stcore/health
warn: Ocelot.Requester.Middleware.HttpRequesterMiddleware[0]
      requestId: 80000018-002d-f900-b63f-84710c7967bb, previousRequestId: no previous request id, message: 404 (Not Found) status code, request uri: http://192.168.73.133:8000/_stcore/host-config
info: Ocelot.RateLimit.Middleware.ClientRateLimitMiddleware[0]
      requestId: 80000417-0026-fb00-b63f-84710c7967bb, previousRequestId: no previous request id, message: EndpointRateLimiting is not enabled for /{**catchAll}
info: Ocelot.Authentication.Middleware.AuthenticationMiddleware[0]
      requestId: 80000417-0026-fb00-b63f-84710c7967bb, previousRequestId: no previous request id, message: No authentication needed for /_stcore/health
info: Ocelot.Authorization.Middleware.AuthorizationMiddleware[0]
      requestId: 80000417-0026-fb00-b63f-84710c7967bb, previousRequestId: no previous request id, message: /{**catchAll} route does not require user to be authorized
info: Ocelot.RateLimit.Middleware.ClientRateLimitMiddleware[0]
      requestId: 8000042e-0026-ff00-b63f-84710c7967bb, previousRequestId: no previous request id, message: EndpointRateLimiting is not enabled for /{**catchAll}
info: Ocelot.Authentication.Middleware.AuthenticationMiddleware[0]
      requestId: 8000042e-0026-ff00-b63f-84710c7967bb, previousRequestId: no previous request id, message: No authentication needed for /_stcore/host-config
info: Ocelot.Authorization.Middleware.AuthorizationMiddleware[0]
      requestId: 8000042e-0026-ff00-b63f-84710c7967bb, previousRequestId: no previous request id, message: /{**catchAll} route does not require user to be authorized
warn: Ocelot.Requester.Middleware.HttpRequesterMiddleware[0]
      requestId: 80000417-0026-fb00-b63f-84710c7967bb, previousRequestId: no previous request id, message: 404 (Not Found) status code, request uri: http://192.168.73.133:8000/_stcore/health
warn: Ocelot.Requester.Middleware.HttpRequesterMiddleware[0]
      requestId: 8000042e-0026-ff00-b63f-84710c7967bb, previousRequestId: no previous request id, message: 404 (Not Found) status code, request uri: http://192.168.73.133:8000/_stcore/host-config
info: Ocelot.RateLimit.Middleware.ClientRateLimitMiddleware[0]
      requestId: 800004f4-0028-fb00-b63f-84710c7967bb, previousRequestId: no previous request id, message: EndpointRateLimiting is not enabled for /{**catchAll}
info: Ocelot.Authentication.Middleware.AuthenticationMiddleware[0]
      requestId: 800004f4-0028-fb00-b63f-84710c7967bb, previousRequestId: no previous request id, message: No authentication needed for /_stcore/health
info: Ocelot.Authorization.Middleware.AuthorizationMiddleware[0]
      requestId: 800004f4-0028-fb00-b63f-84710c7967bb, previousRequestId: no previous request id, message: /{**catchAll} route does not require user to be authorized
info: Ocelot.RateLimit.Middleware.ClientRateLimitMiddleware[0]
      requestId: 80000226-0028-ed00-b63f-84710c7967bb, previousRequestId: no previous request id, message: EndpointRateLimiting is not enabled for /{**catchAll}
info: Ocelot.Authentication.Middleware.AuthenticationMiddleware[0]
      requestId: 80000226-0028-ed00-b63f-84710c7967bb, previousRequestId: no previous request id, message: No authentication needed for /_stcore/host-config
info: Ocelot.Authorization.Middleware.AuthorizationMiddleware[0]
      requestId: 80000226-0028-ed00-b63f-84710c7967bb, previousRequestId: no previous request id, message: /{**catchAll} route does not require user to be authorized
warn: Ocelot.Requester.Middleware.HttpRequesterMiddleware[0]
      requestId: 800004f4-0028-fb00-b63f-84710c7967bb, previousRequestId: no previous request id, message: 404 (Not Found) status code, request uri: http://192.168.73.133:8000/_stcore/health
warn: Ocelot.Requester.Middleware.HttpRequesterMiddleware[0]
      requestId: 80000226-0028-ed00-b63f-84710c7967bb, previousRequestId: no previous request id, message: 404 (Not Found) status code, request uri: http://192.168.73.133:8000/_stcore/host-config
info: Ocelot.RateLimit.Middleware.ClientRateLimitMiddleware[0]
      requestId: 8000033f-0022-f400-b63f-84710c7967bb, previousRequestId: no previous request id, message: EndpointRateLimiting is not enabled for /{**catchAll}
info: Ocelot.Authentication.Middleware.AuthenticationMiddleware[0]
      requestId: 8000033f-0022-f400-b63f-84710c7967bb, previousRequestId: no previous request id, message: No authentication needed for /_stcore/health
info: Ocelot.Authorization.Middleware.AuthorizationMiddleware[0]
      requestId: 8000033f-0022-f400-b63f-84710c7967bb, previousRequestId: no previous request id, message: /{**catchAll} route does not require user to be authorized
info: Ocelot.RateLimit.Middleware.ClientRateLimitMiddleware[0]
      requestId: 80000236-0024-fd00-b63f-84710c7967bb, previousRequestId: no previous request id, message: EndpointRateLimiting is not enabled for /{**catchAll}
info: Ocelot.Authentication.Middleware.AuthenticationMiddleware[0]
      requestId: 80000236-0024-fd00-b63f-84710c7967bb, previousRequestId: no previous request id, message: No authentication needed for /_stcore/host-config
info: Ocelot.Authorization.Middleware.AuthorizationMiddleware[0]
      requestId: 80000236-0024-fd00-b63f-84710c7967bb, previousRequestId: no previous request id, message: /{**catchAll} route does not require user to be authorized
warn: Ocelot.Requester.Middleware.HttpRequesterMiddleware[0]
      requestId: 8000033f-0022-f400-b63f-84710c7967bb, previousRequestId: no previous request id, message: 404 (Not Found) status code, request uri: http://192.168.73.133:8000/_stcore/health
warn: Ocelot.Requester.Middleware.HttpRequesterMiddleware[0]
      requestId: 80000236-0024-fd00-b63f-84710c7967bb, previousRequestId: no previous request id, message: 404 (Not Found) status code, request uri: http://192.168.73.133:8000/_stcore/host-config
info: Ocelot.RateLimit.Middleware.ClientRateLimitMiddleware[0]
      requestId: 8000057c-001a-fd00-b63f-84710c7967bb, previousRequestId: no previous request id, message: EndpointRateLimiting is not enabled for /{**catchAll}
info: Ocelot.Authentication.Middleware.AuthenticationMiddleware[0]
      requestId: 8000057c-001a-fd00-b63f-84710c7967bb, previousRequestId: no previous request id, message: No authentication needed for /_stcore/health
info: Ocelot.Authorization.Middleware.AuthorizationMiddleware[0]
      requestId: 8000057c-001a-fd00-b63f-84710c7967bb, previousRequestId: no previous request id, message: /{**catchAll} route does not require user to be authorized
info: Ocelot.RateLimit.Middleware.ClientRateLimitMiddleware[0]
      requestId: 8000021a-001e-ef00-b63f-84710c7967bb, previousRequestId: no previous request id, message: EndpointRateLimiting is not enabled for /{**catchAll}
info: Ocelot.Authentication.Middleware.AuthenticationMiddleware[0]
      requestId: 8000021a-001e-ef00-b63f-84710c7967bb, previousRequestId: no previous request id, message: No authentication needed for /_stcore/host-config
info: Ocelot.Authorization.Middleware.AuthorizationMiddleware[0]
      requestId: 8000021a-001e-ef00-b63f-84710c7967bb, previousRequestId: no previous request id, message: /{**catchAll} route does not require user to be authorized
warn: Ocelot.Requester.Middleware.HttpRequesterMiddleware[0]
      requestId: 8000057c-001a-fd00-b63f-84710c7967bb, previousRequestId: no previous request id, message: 404 (Not Found) status code, request uri: http://192.168.73.133:8000/_stcore/health
warn: Ocelot.Requester.Middleware.HttpRequesterMiddleware[0]
      requestId: 8000021a-001e-ef00-b63f-84710c7967bb, previousRequestId: no previous request id, message: 404 (Not Found) status code, request uri: http://192.168.73.133:8000/_stcore/host-config
info: Ocelot.RateLimit.Middleware.ClientRateLimitMiddleware[0]
      requestId: 80000430-0026-ff00-b63f-84710c7967bb, previousRequestId: no previous request id, message: EndpointRateLimiting is not enabled for /{**catchAll}
info: Ocelot.Authentication.Middleware.AuthenticationMiddleware[0]
      requestId: 80000430-0026-ff00-b63f-84710c7967bb, previousRequestId: no previous request id, message: No authentication needed for /_stcore/health
info: Ocelot.Authorization.Middleware.AuthorizationMiddleware[0]
      requestId: 80000430-0026-ff00-b63f-84710c7967bb, previousRequestId: no previous request id, message: /{**catchAll} route does not require user to be authorized
info: Ocelot.RateLimit.Middleware.ClientRateLimitMiddleware[0]
      requestId: 80000419-0026-fb00-b63f-84710c7967bb, previousRequestId: no previous request id, message: EndpointRateLimiting is not enabled for /{**catchAll}
info: Ocelot.Authentication.Middleware.AuthenticationMiddleware[0]
      requestId: 80000419-0026-fb00-b63f-84710c7967bb, previousRequestId: no previous request id, message: No authentication needed for /_stcore/host-config
info: Ocelot.Authorization.Middleware.AuthorizationMiddleware[0]
      requestId: 80000419-0026-fb00-b63f-84710c7967bb, previousRequestId: no previous request id, message: /{**catchAll} route does not require user to be authorized
warn: Ocelot.Requester.Middleware.HttpRequesterMiddleware[0]
      requestId: 80000430-0026-ff00-b63f-84710c7967bb, previousRequestId: no previous request id, message: 404 (Not Found) status code, request uri: http://192.168.73.133:8000/_stcore/health
warn: Ocelot.Requester.Middleware.HttpRequesterMiddleware[0]
      requestId: 80000419-0026-fb00-b63f-84710c7967bb, previousRequestId: no previous request id, message: 404 (Not Found) status code, request uri: http://192.168.73.133:8000/_stcore/host-config
info: Ocelot.RateLimit.Middleware.ClientRateLimitMiddleware[0]
      requestId: 80000238-0024-fd00-b63f-84710c7967bb, previousRequestId: no previous request id, message: EndpointRateLimiting is not enabled for /{**catchAll}
info: Ocelot.Authentication.Middleware.AuthenticationMiddleware[0]
      requestId: 80000238-0024-fd00-b63f-84710c7967bb, previousRequestId: no previous request id, message: No authentication needed for /_stcore/health
info: Ocelot.Authorization.Middleware.AuthorizationMiddleware[0]
      requestId: 80000238-0024-fd00-b63f-84710c7967bb, previousRequestId: no previous request id, message: /{**catchAll} route does not require user to be authorized
info: Ocelot.RateLimit.Middleware.ClientRateLimitMiddleware[0]
      requestId: 800001e6-0024-f500-b63f-84710c7967bb, previousRequestId: no previous request id, message: EndpointRateLimiting is not enabled for /{**catchAll}
info: Ocelot.Authentication.Middleware.AuthenticationMiddleware[0]
      requestId: 800001e6-0024-f500-b63f-84710c7967bb, previousRequestId: no previous request id, message: No authentication needed for /_stcore/host-config
info: Ocelot.Authorization.Middleware.AuthorizationMiddleware[0]
      requestId: 800001e6-0024-f500-b63f-84710c7967bb, previousRequestId: no previous request id, message: /{**catchAll} route does not require user to be authorized
warn: Ocelot.Requester.Middleware.HttpRequesterMiddleware[0]
      requestId: 80000238-0024-fd00-b63f-84710c7967bb, previousRequestId: no previous request id, message: 404 (Not Found) status code, request uri: http://192.168.73.133:8000/_stcore/health
warn: Ocelot.Requester.Middleware.HttpRequesterMiddleware[0]
      requestId: 800001e6-0024-f500-b63f-84710c7967bb, previousRequestId: no previous request id, message: 404 (Not Found) status code, request uri: http://192.168.73.133:8000/_stcore/host-config
info: Ocelot.RateLimit.Middleware.ClientRateLimitMiddleware[0]
      requestId: 800003f2-0020-fa00-b63f-84710c7967bb, previousRequestId: no previous request id, message: EndpointRateLimiting is not enabled for /{**catchAll}
info: Ocelot.Authentication.Middleware.AuthenticationMiddleware[0]
      requestId: 800003f2-0020-fa00-b63f-84710c7967bb, previousRequestId: no previous request id, message: No authentication needed for /_stcore/health
info: Ocelot.Authorization.Middleware.AuthorizationMiddleware[0]
      requestId: 800003f2-0020-fa00-b63f-84710c7967bb, previousRequestId: no previous request id, message: /{**catchAll} route does not require user to be authorized
info: Ocelot.RateLimit.Middleware.ClientRateLimitMiddleware[0]
      requestId: 80000322-0020-f300-b63f-84710c7967bb, previousRequestId: no previous request id, message: EndpointRateLimiting is not enabled for /{**catchAll}
info: Ocelot.Authentication.Middleware.AuthenticationMiddleware[0]
      requestId: 80000322-0020-f300-b63f-84710c7967bb, previousRequestId: no previous request id, message: No authentication needed for /_stcore/host-config
info: Ocelot.Authorization.Middleware.AuthorizationMiddleware[0]
      requestId: 80000322-0020-f300-b63f-84710c7967bb, previousRequestId: no previous request id, message: /{**catchAll} route does not require user to be authorized
warn: Ocelot.Requester.Middleware.HttpRequesterMiddleware[0]
      requestId: 800003f2-0020-fa00-b63f-84710c7967bb, previousRequestId: no previous request id, message: 404 (Not Found) status code, request uri: http://192.168.73.133:8000/_stcore/health
warn: Ocelot.Requester.Middleware.HttpRequesterMiddleware[0]
      requestId: 80000322-0020-f300-b63f-84710c7967bb, previousRequestId: no previous request id, message: 404 (Not Found) status code, request uri: http://192.168.73.133:8000/_stcore/host-config
info: Ocelot.RateLimit.Middleware.ClientRateLimitMiddleware[0]
      requestId: 80000051-002b-fd00-b63f-84710c7967bb, previousRequestId: no previous request id, message: EndpointRateLimiting is not enabled for /{**catchAll}
info: Ocelot.Authentication.Middleware.AuthenticationMiddleware[0]
      requestId: 80000051-002b-fd00-b63f-84710c7967bb, previousRequestId: no previous request id, message: No authentication needed for /_stcore/health
info: Ocelot.Authorization.Middleware.AuthorizationMiddleware[0]
      requestId: 80000051-002b-fd00-b63f-84710c7967bb, previousRequestId: no previous request id, message: /{**catchAll} route does not require user to be authorized
info: Ocelot.RateLimit.Middleware.ClientRateLimitMiddleware[0]
      requestId: 80000402-002c-f300-b63f-84710c7967bb, previousRequestId: no previous request id, message: EndpointRateLimiting is not enabled for /{**catchAll}
info: Ocelot.Authentication.Middleware.AuthenticationMiddleware[0]
      requestId: 80000402-002c-f300-b63f-84710c7967bb, previousRequestId: no previous request id, message: No authentication needed for /_stcore/host-config
info: Ocelot.Authorization.Middleware.AuthorizationMiddleware[0]
      requestId: 80000402-002c-f300-b63f-84710c7967bb, previousRequestId: no previous request id, message: /{**catchAll} route does not require user to be authorized
warn: Ocelot.Requester.Middleware.HttpRequesterMiddleware[0]
      requestId: 80000051-002b-fd00-b63f-84710c7967bb, previousRequestId: no previous request id, message: 404 (Not Found) status code, request uri: http://192.168.73.133:8000/_stcore/health
warn: Ocelot.Requester.Middleware.HttpRequesterMiddleware[0]
      requestId: 80000402-002c-f300-b63f-84710c7967bb, previousRequestId: no previous request id, message: 404 (Not Found) status code, request uri: http://192.168.73.133:8000/_stcore/host-config
info: Ocelot.RateLimit.Middleware.ClientRateLimitMiddleware[0]
      requestId: 800001e8-0024-f500-b63f-84710c7967bb, previousRequestId: no previous request id, message: EndpointRateLimiting is not enabled for /{**catchAll}
info: Ocelot.Authentication.Middleware.AuthenticationMiddleware[0]
      requestId: 800001e8-0024-f500-b63f-84710c7967bb, previousRequestId: no previous request id, message: No authentication needed for /_stcore/health
info: Ocelot.Authorization.Middleware.AuthorizationMiddleware[0]
      requestId: 800001e8-0024-f500-b63f-84710c7967bb, previousRequestId: no previous request id, message: /{**catchAll} route does not require user to be authorized
info: Ocelot.RateLimit.Middleware.ClientRateLimitMiddleware[0]
      requestId: 8000023a-0024-fd00-b63f-84710c7967bb, previousRequestId: no previous request id, message: EndpointRateLimiting is not enabled for /{**catchAll}
info: Ocelot.Authentication.Middleware.AuthenticationMiddleware[0]
      requestId: 8000023a-0024-fd00-b63f-84710c7967bb, previousRequestId: no previous request id, message: No authentication needed for /_stcore/host-config
info: Ocelot.Authorization.Middleware.AuthorizationMiddleware[0]
      requestId: 8000023a-0024-fd00-b63f-84710c7967bb, previousRequestId: no previous request id, message: /{**catchAll} route does not require user to be authorized
warn: Ocelot.Requester.Middleware.HttpRequesterMiddleware[0]
      requestId: 800001e8-0024-f500-b63f-84710c7967bb, previousRequestId: no previous request id, message: 404 (Not Found) status code, request uri: http://192.168.73.133:8000/_stcore/health
warn: Ocelot.Requester.Middleware.HttpRequesterMiddleware[0]
      requestId: 8000023a-0024-fd00-b63f-84710c7967bb, previousRequestId: no previous request id, message: 404 (Not Found) status code, request uri: http://192.168.73.133:8000/_stcore/host-config
info: Ocelot.RateLimit.Middleware.ClientRateLimitMiddleware[0]
      requestId: 80000626-002a-fb00-b63f-84710c7967bb, previousRequestId: no previous request id, message: EndpointRateLimiting is not enabled for /{**catchAll}
info: Ocelot.Authentication.Middleware.AuthenticationMiddleware[0]
      requestId: 80000626-002a-fb00-b63f-84710c7967bb, previousRequestId: no previous request id, message: No authentication needed for /_stcore/health
info: Ocelot.Authorization.Middleware.AuthorizationMiddleware[0]
      requestId: 80000626-002a-fb00-b63f-84710c7967bb, previousRequestId: no previous request id, message: /{**catchAll} route does not require user to be authorized
info: Ocelot.RateLimit.Middleware.ClientRateLimitMiddleware[0]
      requestId: 8000037b-002a-f800-b63f-84710c7967bb, previousRequestId: no previous request id, message: EndpointRateLimiting is not enabled for /{**catchAll}
info: Ocelot.Authentication.Middleware.AuthenticationMiddleware[0]
      requestId: 8000037b-002a-f800-b63f-84710c7967bb, previousRequestId: no previous request id, message: No authentication needed for /_stcore/host-config
info: Ocelot.Authorization.Middleware.AuthorizationMiddleware[0]
      requestId: 8000037b-002a-f800-b63f-84710c7967bb, previousRequestId: no previous request id, message: /{**catchAll} route does not require user to be authorized
warn: Ocelot.Requester.Middleware.HttpRequesterMiddleware[0]
      requestId: 80000626-002a-fb00-b63f-84710c7967bb, previousRequestId: no previous request id, message: 404 (Not Found) status code, request uri: http://192.168.73.133:8000/_stcore/health
warn: Ocelot.Requester.Middleware.HttpRequesterMiddleware[0]
      requestId: 8000037b-002a-f800-b63f-84710c7967bb, previousRequestId: no previous request id, message: 404 (Not Found) status code, request uri: http://192.168.73.133:8000/_stcore/host-config
info: Ocelot.RateLimit.Middleware.ClientRateLimitMiddleware[0]
      requestId: 80000228-0028-ed00-b63f-84710c7967bb, previousRequestId: no previous request id, message: EndpointRateLimiting is not enabled for /{**catchAll}
info: Ocelot.Authentication.Middleware.AuthenticationMiddleware[0]
      requestId: 80000228-0028-ed00-b63f-84710c7967bb, previousRequestId: no previous request id, message: No authentication needed for /_stcore/health
info: Ocelot.Authorization.Middleware.AuthorizationMiddleware[0]
      requestId: 80000228-0028-ed00-b63f-84710c7967bb, previousRequestId: no previous request id, message: /{**catchAll} route does not require user to be authorized
info: Ocelot.RateLimit.Middleware.ClientRateLimitMiddleware[0]
      requestId: 800004f6-0028-fb00-b63f-84710c7967bb, previousRequestId: no previous request id, message: EndpointRateLimiting is not enabled for /{**catchAll}
info: Ocelot.Authentication.Middleware.AuthenticationMiddleware[0]
      requestId: 800004f6-0028-fb00-b63f-84710c7967bb, previousRequestId: no previous request id, message: No authentication needed for /_stcore/host-config
info: Ocelot.Authorization.Middleware.AuthorizationMiddleware[0]
      requestId: 800004f6-0028-fb00-b63f-84710c7967bb, previousRequestId: no previous request id, message: /{**catchAll} route does not require user to be authorized
warn: Ocelot.Requester.Middleware.HttpRequesterMiddleware[0]
      requestId: 80000228-0028-ed00-b63f-84710c7967bb, previousRequestId: no previous request id, message: 404 (Not Found) status code, request uri: http://192.168.73.133:8000/_stcore/health
warn: Ocelot.Requester.Middleware.HttpRequesterMiddleware[0]
      requestId: 800004f6-0028-fb00-b63f-84710c7967bb, previousRequestId: no previous request id, message: 404 (Not Found) status code, request uri: http://192.168.73.133:8000/_stcore/host-config
info: Ocelot.RateLimit.Middleware.ClientRateLimitMiddleware[0]
      requestId: 80000118-0014-ec00-b63f-84710c7967bb, previousRequestId: no previous request id, message: EndpointRateLimiting is not enabled for /{**catchAll}
info: Ocelot.Authentication.Middleware.AuthenticationMiddleware[0]
      requestId: 80000118-0014-ec00-b63f-84710c7967bb, previousRequestId: no previous request id, message: No authentication needed for /_stcore/health
info: Ocelot.Authorization.Middleware.AuthorizationMiddleware[0]
      requestId: 80000118-0014-ec00-b63f-84710c7967bb, previousRequestId: no previous request id, message: /{**catchAll} route does not require user to be authorized
info: Ocelot.RateLimit.Middleware.ClientRateLimitMiddleware[0]
      requestId: 80000050-0014-ee00-b63f-84710c7967bb, previousRequestId: no previous request id, message: EndpointRateLimiting is not enabled for /{**catchAll}
info: Ocelot.Authentication.Middleware.AuthenticationMiddleware[0]
      requestId: 80000050-0014-ee00-b63f-84710c7967bb, previousRequestId: no previous request id, message: No authentication needed for /_stcore/host-config
info: Ocelot.Authorization.Middleware.AuthorizationMiddleware[0]
      requestId: 80000050-0014-ee00-b63f-84710c7967bb, previousRequestId: no previous request id, message: /{**catchAll} route does not require user to be authorized
warn: Ocelot.Requester.Middleware.HttpRequesterMiddleware[0]
      requestId: 80000118-0014-ec00-b63f-84710c7967bb, previousRequestId: no previous request id, message: 404 (Not Found) status code, request uri: http://192.168.73.133:8000/_stcore/health
warn: Ocelot.Requester.Middleware.HttpRequesterMiddleware[0]
      requestId: 80000050-0014-ee00-b63f-84710c7967bb, previousRequestId: no previous request id, message: 404 (Not Found) status code, request uri: http://192.168.73.133:8000/_stcore/host-config
info: Ocelot.RateLimit.Middleware.ClientRateLimitMiddleware[0]
      requestId: 8000022a-0028-ed00-b63f-84710c7967bb, previousRequestId: no previous request id, message: EndpointRateLimiting is not enabled for /{**catchAll}
info: Ocelot.Authentication.Middleware.AuthenticationMiddleware[0]
      requestId: 8000022a-0028-ed00-b63f-84710c7967bb, previousRequestId: no previous request id, message: No authentication needed for /_stcore/health
info: Ocelot.Authorization.Middleware.AuthorizationMiddleware[0]
      requestId: 8000022a-0028-ed00-b63f-84710c7967bb, previousRequestId: no previous request id, message: /{**catchAll} route does not require user to be authorized
info: Ocelot.RateLimit.Middleware.ClientRateLimitMiddleware[0]
      requestId: 8000023a-0028-ea00-b63f-84710c7967bb, previousRequestId: no previous request id, message: EndpointRateLimiting is not enabled for /{**catchAll}
info: Ocelot.Authentication.Middleware.AuthenticationMiddleware[0]
      requestId: 8000023a-0028-ea00-b63f-84710c7967bb, previousRequestId: no previous request id, message: No authentication needed for /_stcore/host-config
info: Ocelot.Authorization.Middleware.AuthorizationMiddleware[0]
      requestId: 8000023a-0028-ea00-b63f-84710c7967bb, previousRequestId: no previous request id, message: /{**catchAll} route does not require user to be authorized
warn: Ocelot.Requester.Middleware.HttpRequesterMiddleware[0]
      requestId: 8000022a-0028-ed00-b63f-84710c7967bb, previousRequestId: no previous request id, message: 404 (Not Found) status code, request uri: http://192.168.73.133:8000/_stcore/health
warn: Ocelot.Requester.Middleware.HttpRequesterMiddleware[0]
      requestId: 8000023a-0028-ea00-b63f-84710c7967bb, previousRequestId: no previous request id, message: 404 (Not Found) status code, request uri: http://192.168.73.133:8000/_stcore/host-config
info: Ocelot.RateLimit.Middleware.ClientRateLimitMiddleware[0]
      requestId: 80000712-0004-f000-b63f-84710c7967bb, previousRequestId: no previous request id, message: EndpointRateLimiting is not enabled for /{**catchAll}
info: Ocelot.Authentication.Middleware.AuthenticationMiddleware[0]
      requestId: 80000712-0004-f000-b63f-84710c7967bb, previousRequestId: no previous request id, message: No authentication needed for /_stcore/health
info: Ocelot.Authorization.Middleware.AuthorizationMiddleware[0]
      requestId: 80000712-0004-f000-b63f-84710c7967bb, previousRequestId: no previous request id, message: /{**catchAll} route does not require user to be authorized
info: Ocelot.RateLimit.Middleware.ClientRateLimitMiddleware[0]
      requestId: 80000072-0004-d200-b63f-84710c7967bb, previousRequestId: no previous request id, message: EndpointRateLimiting is not enabled for /{**catchAll}
info: Ocelot.Authentication.Middleware.AuthenticationMiddleware[0]
      requestId: 80000072-0004-d200-b63f-84710c7967bb, previousRequestId: no previous request id, message: No authentication needed for /_stcore/host-config
info: Ocelot.Authorization.Middleware.AuthorizationMiddleware[0]
      requestId: 80000072-0004-d200-b63f-84710c7967bb, previousRequestId: no previous request id, message: /{**catchAll} route does not require user to be authorized
warn: Ocelot.Requester.Middleware.HttpRequesterMiddleware[0]
      requestId: 80000712-0004-f000-b63f-84710c7967bb, previousRequestId: no previous request id, message: 404 (Not Found) status code, request uri: http://192.168.73.133:8000/_stcore/health
warn: Ocelot.Requester.Middleware.HttpRequesterMiddleware[0]
      requestId: 80000072-0004-d200-b63f-84710c7967bb, previousRequestId: no previous request id, message: 404 (Not Found) status code, request uri: http://192.168.73.133:8000/_stcore/host-config
info: Ocelot.RateLimit.Middleware.ClientRateLimitMiddleware[0]
      requestId: 80000706-002e-ff00-b63f-84710c7967bb, previousRequestId: no previous request id, message: EndpointRateLimiting is not enabled for /{**catchAll}
info: Ocelot.Authentication.Middleware.AuthenticationMiddleware[0]
      requestId: 80000706-002e-ff00-b63f-84710c7967bb, previousRequestId: no previous request id, message: No authentication needed for /_stcore/health
info: Ocelot.Authorization.Middleware.AuthorizationMiddleware[0]
      requestId: 80000706-002e-ff00-b63f-84710c7967bb, previousRequestId: no previous request id, message: /{**catchAll} route does not require user to be authorized
info: Ocelot.RateLimit.Middleware.ClientRateLimitMiddleware[0]
      requestId: 800002f0-002e-f500-b63f-84710c7967bb, previousRequestId: no previous request id, message: EndpointRateLimiting is not enabled for /{**catchAll}
info: Ocelot.Authentication.Middleware.AuthenticationMiddleware[0]
      requestId: 800002f0-002e-f500-b63f-84710c7967bb, previousRequestId: no previous request id, message: No authentication needed for /_stcore/host-config
info: Ocelot.Authorization.Middleware.AuthorizationMiddleware[0]
      requestId: 800002f0-002e-f500-b63f-84710c7967bb, previousRequestId: no previous request id, message: /{**catchAll} route does not require user to be authorized
warn: Ocelot.Requester.Middleware.HttpRequesterMiddleware[0]
      requestId: 80000706-002e-ff00-b63f-84710c7967bb, previousRequestId: no previous request id, message: 404 (Not Found) status code, request uri: http://192.168.73.133:8000/_stcore/health
warn: Ocelot.Requester.Middleware.HttpRequesterMiddleware[0]
      requestId: 800002f0-002e-f500-b63f-84710c7967bb, previousRequestId: no previous request id, message: 404 (Not Found) status code, request uri: http://192.168.73.133:8000/_stcore/host-config
info: Ocelot.RateLimit.Middleware.ClientRateLimitMiddleware[0]
      requestId: 8000023c-0028-ea00-b63f-84710c7967bb, previousRequestId: no previous request id, message: EndpointRateLimiting is not enabled for /{**catchAll}
info: Ocelot.Authentication.Middleware.AuthenticationMiddleware[0]
      requestId: 8000023c-0028-ea00-b63f-84710c7967bb, previousRequestId: no previous request id, message: No authentication needed for /_stcore/health
info: Ocelot.Authorization.Middleware.AuthorizationMiddleware[0]
      requestId: 8000023c-0028-ea00-b63f-84710c7967bb, previousRequestId: no previous request id, message: /{**catchAll} route does not require user to be authorized
info: Ocelot.RateLimit.Middleware.ClientRateLimitMiddleware[0]
      requestId: 8000022c-0028-ed00-b63f-84710c7967bb, previousRequestId: no previous request id, message: EndpointRateLimiting is not enabled for /{**catchAll}
info: Ocelot.Authentication.Middleware.AuthenticationMiddleware[0]
      requestId: 8000022c-0028-ed00-b63f-84710c7967bb, previousRequestId: no previous request id, message: No authentication needed for /_stcore/host-config
info: Ocelot.Authorization.Middleware.AuthorizationMiddleware[0]
      requestId: 8000022c-0028-ed00-b63f-84710c7967bb, previousRequestId: no previous request id, message: /{**catchAll} route does not require user to be authorized
warn: Ocelot.Requester.Middleware.HttpRequesterMiddleware[0]
      requestId: 8000023c-0028-ea00-b63f-84710c7967bb, previousRequestId: no previous request id, message: 404 (Not Found) status code, request uri: http://192.168.73.133:8000/_stcore/health
warn: Ocelot.Requester.Middleware.HttpRequesterMiddleware[0]
      requestId: 8000022c-0028-ed00-b63f-84710c7967bb, previousRequestId: no previous request id, message: 404 (Not Found) status code, request uri: http://192.168.73.133:8000/_stcore/host-config
info: Ocelot.RateLimit.Middleware.ClientRateLimitMiddleware[0]
      requestId: 8000021c-001e-ef00-b63f-84710c7967bb, previousRequestId: no previous request id, message: EndpointRateLimiting is not enabled for /{**catchAll}
info: Ocelot.Authentication.Middleware.AuthenticationMiddleware[0]
      requestId: 8000021c-001e-ef00-b63f-84710c7967bb, previousRequestId: no previous request id, message: No authentication needed for /_stcore/health
info: Ocelot.Authorization.Middleware.AuthorizationMiddleware[0]
      requestId: 8000021c-001e-ef00-b63f-84710c7967bb, previousRequestId: no previous request id, message: /{**catchAll} route does not require user to be authorized
info: Ocelot.RateLimit.Middleware.ClientRateLimitMiddleware[0]
      requestId: 80000036-001e-e400-b63f-84710c7967bb, previousRequestId: no previous request id, message: EndpointRateLimiting is not enabled for /{**catchAll}
info: Ocelot.Authentication.Middleware.AuthenticationMiddleware[0]
      requestId: 80000036-001e-e400-b63f-84710c7967bb, previousRequestId: no previous request id, message: No authentication needed for /_stcore/host-config
info: Ocelot.Authorization.Middleware.AuthorizationMiddleware[0]
      requestId: 80000036-001e-e400-b63f-84710c7967bb, previousRequestId: no previous request id, message: /{**catchAll} route does not require user to be authorized
warn: Ocelot.Requester.Middleware.HttpRequesterMiddleware[0]
      requestId: 8000021c-001e-ef00-b63f-84710c7967bb, previousRequestId: no previous request id, message: 404 (Not Found) status code, request uri: http://192.168.73.133:8000/_stcore/health
warn: Ocelot.Requester.Middleware.HttpRequesterMiddleware[0]
      requestId: 80000036-001e-e400-b63f-84710c7967bb, previousRequestId: no previous request id, message: 404 (Not Found) status code, request uri: http://192.168.73.133:8000/_stcore/host-config
info: Ocelot.RateLimit.Middleware.ClientRateLimitMiddleware[0]
      requestId: 8000023c-0024-fd00-b63f-84710c7967bb, previousRequestId: no previous request id, message: EndpointRateLimiting is not enabled for /{**catchAll}
info: Ocelot.Authentication.Middleware.AuthenticationMiddleware[0]
      requestId: 8000023c-0024-fd00-b63f-84710c7967bb, previousRequestId: no previous request id, message: No authentication needed for /_stcore/health
info: Ocelot.Authorization.Middleware.AuthorizationMiddleware[0]
      requestId: 8000023c-0024-fd00-b63f-84710c7967bb, previousRequestId: no previous request id, message: /{**catchAll} route does not require user to be authorized
info: Ocelot.RateLimit.Middleware.ClientRateLimitMiddleware[0]
      requestId: 800001ea-0024-f500-b63f-84710c7967bb, previousRequestId: no previous request id, message: EndpointRateLimiting is not enabled for /{**catchAll}
info: Ocelot.Authentication.Middleware.AuthenticationMiddleware[0]
      requestId: 800001ea-0024-f500-b63f-84710c7967bb, previousRequestId: no previous request id, message: No authentication needed for /_stcore/host-config
info: Ocelot.Authorization.Middleware.AuthorizationMiddleware[0]
      requestId: 800001ea-0024-f500-b63f-84710c7967bb, previousRequestId: no previous request id, message: /{**catchAll} route does not require user to be authorized
warn: Ocelot.Requester.Middleware.HttpRequesterMiddleware[0]
      requestId: 8000023c-0024-fd00-b63f-84710c7967bb, previousRequestId: no previous request id, message: 404 (Not Found) status code, request uri: http://192.168.73.133:8000/_stcore/health
warn: Ocelot.Requester.Middleware.HttpRequesterMiddleware[0]
      requestId: 800001ea-0024-f500-b63f-84710c7967bb, previousRequestId: no previous request id, message: 404 (Not Found) status code, request uri: http://192.168.73.133:8000/_stcore/host-config
info: Ocelot.RateLimit.Middleware.ClientRateLimitMiddleware[0]
      requestId: 80000750-000a-d200-b63f-84710c7967bb, previousRequestId: no previous request id, message: EndpointRateLimiting is not enabled for /{**catchAll}
info: Ocelot.RateLimit.Middleware.ClientRateLimitMiddleware[0]
      requestId: 800001bd-000a-c900-b63f-84710c7967bb, previousRequestId: no previous request id, message: EndpointRateLimiting is not enabled for /{**catchAll}
info: Ocelot.Authentication.Middleware.AuthenticationMiddleware[0]
      requestId: 80000750-000a-d200-b63f-84710c7967bb, previousRequestId: no previous request id, message: No authentication needed for /_stcore/host-config
info: Ocelot.Authentication.Middleware.AuthenticationMiddleware[0]
      requestId: 800001bd-000a-c900-b63f-84710c7967bb, previousRequestId: no previous request id, message: No authentication needed for /_stcore/health
info: Ocelot.Authorization.Middleware.AuthorizationMiddleware[0]
      requestId: 80000750-000a-d200-b63f-84710c7967bb, previousRequestId: no previous request id, message: /{**catchAll} route does not require user to be authorized
info: Ocelot.Authorization.Middleware.AuthorizationMiddleware[0]
      requestId: 800001bd-000a-c900-b63f-84710c7967bb, previousRequestId: no previous request id, message: /{**catchAll} route does not require user to be authorized
warn: Ocelot.Requester.Middleware.HttpRequesterMiddleware[0]
      requestId: 80000750-000a-d200-b63f-84710c7967bb, previousRequestId: no previous request id, message: 404 (Not Found) status code, request uri: http://192.168.73.133:8000/_stcore/host-config
warn: Ocelot.Requester.Middleware.HttpRequesterMiddleware[0]
      requestId: 800001bd-000a-c900-b63f-84710c7967bb, previousRequestId: no previous request id, message: 404 (Not Found) status code, request uri: http://192.168.73.133:8000/_stcore/health
info: Ocelot.RateLimit.Middleware.ClientRateLimitMiddleware[0]
      requestId: 8000009e-0010-f100-b63f-84710c7967bb, previousRequestId: no previous request id, message: EndpointRateLimiting is not enabled for /{**catchAll}
info: Ocelot.Authentication.Middleware.AuthenticationMiddleware[0]
      requestId: 8000009e-0010-f100-b63f-84710c7967bb, previousRequestId: no previous request id, message: No authentication needed for /_stcore/health
info: Ocelot.Authorization.Middleware.AuthorizationMiddleware[0]
      requestId: 8000009e-0010-f100-b63f-84710c7967bb, previousRequestId: no previous request id, message: /{**catchAll} route does not require user to be authorized
info: Ocelot.RateLimit.Middleware.ClientRateLimitMiddleware[0]
      requestId: 800003be-0010-dc00-b63f-84710c7967bb, previousRequestId: no previous request id, message: EndpointRateLimiting is not enabled for /{**catchAll}
info: Ocelot.Authentication.Middleware.AuthenticationMiddleware[0]
      requestId: 800003be-0010-dc00-b63f-84710c7967bb, previousRequestId: no previous request id, message: No authentication needed for /_stcore/host-config
info: Ocelot.Authorization.Middleware.AuthorizationMiddleware[0]
      requestId: 800003be-0010-dc00-b63f-84710c7967bb, previousRequestId: no previous request id, message: /{**catchAll} route does not require user to be authorized
warn: Ocelot.Requester.Middleware.HttpRequesterMiddleware[0]
      requestId: 8000009e-0010-f100-b63f-84710c7967bb, previousRequestId: no previous request id, message: 404 (Not Found) status code, request uri: http://192.168.73.133:8000/_stcore/health
warn: Ocelot.Requester.Middleware.HttpRequesterMiddleware[0]
      requestId: 800003be-0010-dc00-b63f-84710c7967bb, previousRequestId: no previous request id, message: 404 (Not Found) status code, request uri: http://192.168.73.133:8000/_stcore/host-config
info: Ocelot.RateLimit.Middleware.ClientRateLimitMiddleware[0]
      requestId: 800003c0-0010-dc00-b63f-84710c7967bb, previousRequestId: no previous request id, message: EndpointRateLimiting is not enabled for /{**catchAll}
info: Ocelot.Authentication.Middleware.AuthenticationMiddleware[0]
      requestId: 800003c0-0010-dc00-b63f-84710c7967bb, previousRequestId: no previous request id, message: No authentication needed for /_stcore/health
info: Ocelot.Authorization.Middleware.AuthorizationMiddleware[0]
      requestId: 800003c0-0010-dc00-b63f-84710c7967bb, previousRequestId: no previous request id, message: /{**catchAll} route does not require user to be authorized
info: Ocelot.RateLimit.Middleware.ClientRateLimitMiddleware[0]
      requestId: 800000a0-0010-f100-b63f-84710c7967bb, previousRequestId: no previous request id, message: EndpointRateLimiting is not enabled for /{**catchAll}
info: Ocelot.Authentication.Middleware.AuthenticationMiddleware[0]
      requestId: 800000a0-0010-f100-b63f-84710c7967bb, previousRequestId: no previous request id, message: No authentication needed for /_stcore/host-config
info: Ocelot.Authorization.Middleware.AuthorizationMiddleware[0]
      requestId: 800000a0-0010-f100-b63f-84710c7967bb, previousRequestId: no previous request id, message: /{**catchAll} route does not require user to be authorized
warn: Ocelot.Requester.Middleware.HttpRequesterMiddleware[0]
      requestId: 800003c0-0010-dc00-b63f-84710c7967bb, previousRequestId: no previous request id, message: 404 (Not Found) status code, request uri: http://192.168.73.133:8000/_stcore/health
warn: Ocelot.Requester.Middleware.HttpRequesterMiddleware[0]
      requestId: 800000a0-0010-f100-b63f-84710c7967bb, previousRequestId: no previous request id, message: 404 (Not Found) status code, request uri: http://192.168.73.133:8000/_stcore/host-config
info: Ocelot.RateLimit.Middleware.ClientRateLimitMiddleware[0]
      requestId: 80000074-0004-d200-b63f-84710c7967bb, previousRequestId: no previous request id, message: EndpointRateLimiting is not enabled for /{**catchAll}
info: Ocelot.Authentication.Middleware.AuthenticationMiddleware[0]
      requestId: 80000074-0004-d200-b63f-84710c7967bb, previousRequestId: no previous request id, message: No authentication needed for /_stcore/health
info: Ocelot.Authorization.Middleware.AuthorizationMiddleware[0]
      requestId: 80000074-0004-d200-b63f-84710c7967bb, previousRequestId: no previous request id, message: /{**catchAll} route does not require user to be authorized
info: Ocelot.RateLimit.Middleware.ClientRateLimitMiddleware[0]
      requestId: 80000714-0004-f000-b63f-84710c7967bb, previousRequestId: no previous request id, message: EndpointRateLimiting is not enabled for /{**catchAll}
info: Ocelot.Authentication.Middleware.AuthenticationMiddleware[0]
      requestId: 80000714-0004-f000-b63f-84710c7967bb, previousRequestId: no previous request id, message: No authentication needed for /_stcore/host-config
info: Ocelot.Authorization.Middleware.AuthorizationMiddleware[0]
      requestId: 80000714-0004-f000-b63f-84710c7967bb, previousRequestId: no previous request id, message: /{**catchAll} route does not require user to be authorized
warn: Ocelot.Requester.Middleware.HttpRequesterMiddleware[0]
      requestId: 80000074-0004-d200-b63f-84710c7967bb, previousRequestId: no previous request id, message: 404 (Not Found) status code, request uri: http://192.168.73.133:8000/_stcore/health
warn: Ocelot.Requester.Middleware.HttpRequesterMiddleware[0]
      requestId: 80000714-0004-f000-b63f-84710c7967bb, previousRequestId: no previous request id, message: 404 (Not Found) status code, request uri: http://192.168.73.133:8000/_stcore/host-config
warn: Ocelot.DownstreamRouteFinder.Middleware.DownstreamRouteFinderMiddleware[0]
      requestId: 80000052-0014-ee00-b63f-84710c7967bb, previousRequestId: no previous request id, message: DownstreamRouteFinderMiddleware setting pipeline errors. IDownstreamRouteFinder returned Error Code: UnableToFindDownstreamRouteError Message: Failed to match Route configuration for upstream path: /_stcore/health, verb: GET.
warn: Ocelot.DownstreamRouteFinder.Middleware.DownstreamRouteFinderMiddleware[0]
      requestId: 8000011a-0014-ec00-b63f-84710c7967bb, previousRequestId: no previous request id, message: DownstreamRouteFinderMiddleware setting pipeline errors. IDownstreamRouteFinder returned Error Code: UnableToFindDownstreamRouteError Message: Failed to match Route configuration for upstream path: /_stcore/host-config, verb: GET.
warn: Ocelot.Responder.Middleware.ResponderMiddleware[0]
      requestId: 8000011a-0014-ec00-b63f-84710c7967bb, previousRequestId: no previous request id, message: Error Code: UnableToFindDownstreamRouteError Message: Failed to match Route configuration for upstream path: /_stcore/host-config, verb: GET. errors found in ResponderMiddleware. Setting error response for request path:/_stcore/host-config, request method: GET
warn: Ocelot.Responder.Middleware.ResponderMiddleware[0]
      requestId: 80000052-0014-ee00-b63f-84710c7967bb, previousRequestId: no previous request id, message: Error Code: UnableToFindDownstreamRouteError Message: Failed to match Route configuration for upstream path: /_stcore/health, verb: GET. errors found in ResponderMiddleware. Setting error response for request path:/_stcore/health, request method: GET
info: Microsoft.Hosting.Lifetime[0]
      Application is shutting down...
