info: Microsoft.Hosting.Lifetime[0]
      Application started. Press Ctrl+C to shut down.
info: Microsoft.Hosting.Lifetime[0]
      Hosting environment: Production
info: Microsoft.Hosting.Lifetime[0]
      Content root path: D:\LMS\Getway\
warn: Ocelot.DownstreamRouteFinder.Middleware.DownstreamRouteFinderMiddleware[0]
      requestId: 80000130-0014-ec00-b63f-84710c7967bb, previousRequestId: no previous request id, message: DownstreamRouteFinderMiddleware setting pipeline errors. IDownstreamRouteFinder returned Error Code: UnableToFindDownstreamRouteError Message: Failed to match Route configuration for upstream path: /demo/, verb: GET.
warn: Ocelot.DownstreamRouteFinder.Middleware.DownstreamRouteFinderMiddleware[0]
      requestId: 8000056e-0002-d500-b63f-84710c7967bb, previousRequestId: no previous request id, message: DownstreamRouteFinderMiddleware setting pipeline errors. IDownstreamRouteFinder returned Error Code: UnableToFindDownstreamRouteError Message: Failed to match Route configuration for upstream path: /_stcore/host-config, verb: GET.
warn: Ocelot.DownstreamRouteFinder.Middleware.DownstreamRouteFinderMiddleware[0]
      requestId: 8000017a-0006-e700-b63f-84710c7967bb, previousRequestId: no previous request id, message: DownstreamRouteFinderMiddleware setting pipeline errors. IDownstreamRouteFinder returned Error Code: UnableToFindDownstreamRouteError Message: Failed to match Route configuration for upstream path: /_stcore/health, verb: GET.
warn: Ocelot.Responder.Middleware.ResponderMiddleware[0]
      requestId: 8000056e-0002-d500-b63f-84710c7967bb, previousRequestId: no previous request id, message: Error Code: UnableToFindDownstreamRouteError Message: Failed to match Route configuration for upstream path: /_stcore/host-config, verb: GET. errors found in ResponderMiddleware. Setting error response for request path:/_stcore/host-config, request method: GET
warn: Ocelot.Responder.Middleware.ResponderMiddleware[0]
      requestId: 8000017a-0006-e700-b63f-84710c7967bb, previousRequestId: no previous request id, message: Error Code: UnableToFindDownstreamRouteError Message: Failed to match Route configuration for upstream path: /_stcore/health, verb: GET. errors found in ResponderMiddleware. Setting error response for request path:/_stcore/health, request method: GET
warn: Ocelot.Responder.Middleware.ResponderMiddleware[0]
      requestId: 80000130-0014-ec00-b63f-84710c7967bb, previousRequestId: no previous request id, message: Error Code: UnableToFindDownstreamRouteError Message: Failed to match Route configuration for upstream path: /demo/, verb: GET. errors found in ResponderMiddleware. Setting error response for request path:/demo/, request method: GET
warn: Ocelot.DownstreamRouteFinder.Middleware.DownstreamRouteFinderMiddleware[0]
      requestId: 80000340-0020-f300-b63f-84710c7967bb, previousRequestId: no previous request id, message: DownstreamRouteFinderMiddleware setting pipeline errors. IDownstreamRouteFinder returned Error Code: UnableToFindDownstreamRouteError Message: Failed to match Route configuration for upstream path: /_stcore/health, verb: GET.
warn: Ocelot.DownstreamRouteFinder.Middleware.DownstreamRouteFinderMiddleware[0]
      requestId: 80000414-0020-fa00-b63f-84710c7967bb, previousRequestId: no previous request id, message: DownstreamRouteFinderMiddleware setting pipeline errors. IDownstreamRouteFinder returned Error Code: UnableToFindDownstreamRouteError Message: Failed to match Route configuration for upstream path: /_stcore/host-config, verb: GET.
warn: Ocelot.Responder.Middleware.ResponderMiddleware[0]
      requestId: 80000340-0020-f300-b63f-84710c7967bb, previousRequestId: no previous request id, message: Error Code: UnableToFindDownstreamRouteError Message: Failed to match Route configuration for upstream path: /_stcore/health, verb: GET. errors found in ResponderMiddleware. Setting error response for request path:/_stcore/health, request method: GET
warn: Ocelot.Responder.Middleware.ResponderMiddleware[0]
      requestId: 80000414-0020-fa00-b63f-84710c7967bb, previousRequestId: no previous request id, message: Error Code: UnableToFindDownstreamRouteError Message: Failed to match Route configuration for upstream path: /_stcore/host-config, verb: GET. errors found in ResponderMiddleware. Setting error response for request path:/_stcore/host-config, request method: GET
warn: Ocelot.DownstreamRouteFinder.Middleware.DownstreamRouteFinderMiddleware[0]
      requestId: 800002d3-001c-fd00-b63f-84710c7967bb, previousRequestId: no previous request id, message: DownstreamRouteFinderMiddleware setting pipeline errors. IDownstreamRouteFinder returned Error Code: UnableToFindDownstreamRouteError Message: Failed to match Route configuration for upstream path: /_stcore/health, verb: GET.
warn: Ocelot.DownstreamRouteFinder.Middleware.DownstreamRouteFinderMiddleware[0]
      requestId: 800004c0-001c-f600-b63f-84710c7967bb, previousRequestId: no previous request id, message: DownstreamRouteFinderMiddleware setting pipeline errors. IDownstreamRouteFinder returned Error Code: UnableToFindDownstreamRouteError Message: Failed to match Route configuration for upstream path: /_stcore/host-config, verb: GET.
warn: Ocelot.Responder.Middleware.ResponderMiddleware[0]
      requestId: 800002d3-001c-fd00-b63f-84710c7967bb, previousRequestId: no previous request id, message: Error Code: UnableToFindDownstreamRouteError Message: Failed to match Route configuration for upstream path: /_stcore/health, verb: GET. errors found in ResponderMiddleware. Setting error response for request path:/_stcore/health, request method: GET
warn: Ocelot.Responder.Middleware.ResponderMiddleware[0]
      requestId: 800004c0-001c-f600-b63f-84710c7967bb, previousRequestId: no previous request id, message: Error Code: UnableToFindDownstreamRouteError Message: Failed to match Route configuration for upstream path: /_stcore/host-config, verb: GET. errors found in ResponderMiddleware. Setting error response for request path:/_stcore/host-config, request method: GET
warn: Ocelot.DownstreamRouteFinder.Middleware.DownstreamRouteFinderMiddleware[0]
      requestId: 8000046a-0026-ff00-b63f-84710c7967bb, previousRequestId: no previous request id, message: DownstreamRouteFinderMiddleware setting pipeline errors. IDownstreamRouteFinder returned Error Code: UnableToFindDownstreamRouteError Message: Failed to match Route configuration for upstream path: /_stcore/health, verb: GET.
warn: Ocelot.DownstreamRouteFinder.Middleware.DownstreamRouteFinderMiddleware[0]
      requestId: 80000447-0026-fb00-b63f-84710c7967bb, previousRequestId: no previous request id, message: DownstreamRouteFinderMiddleware setting pipeline errors. IDownstreamRouteFinder returned Error Code: UnableToFindDownstreamRouteError Message: Failed to match Route configuration for upstream path: /_stcore/host-config, verb: GET.
warn: Ocelot.Responder.Middleware.ResponderMiddleware[0]
      requestId: 8000046a-0026-ff00-b63f-84710c7967bb, previousRequestId: no previous request id, message: Error Code: UnableToFindDownstreamRouteError Message: Failed to match Route configuration for upstream path: /_stcore/health, verb: GET. errors found in ResponderMiddleware. Setting error response for request path:/_stcore/health, request method: GET
warn: Ocelot.Responder.Middleware.ResponderMiddleware[0]
      requestId: 80000447-0026-fb00-b63f-84710c7967bb, previousRequestId: no previous request id, message: Error Code: UnableToFindDownstreamRouteError Message: Failed to match Route configuration for upstream path: /_stcore/host-config, verb: GET. errors found in ResponderMiddleware. Setting error response for request path:/_stcore/host-config, request method: GET
warn: Ocelot.DownstreamRouteFinder.Middleware.DownstreamRouteFinderMiddleware[0]
      requestId: 80000132-0014-ec00-b63f-84710c7967bb, previousRequestId: no previous request id, message: DownstreamRouteFinderMiddleware setting pipeline errors. IDownstreamRouteFinder returned Error Code: UnableToFindDownstreamRouteError Message: Failed to match Route configuration for upstream path: /_stcore/health, verb: GET.
warn: Ocelot.Responder.Middleware.ResponderMiddleware[0]
      requestId: 80000132-0014-ec00-b63f-84710c7967bb, previousRequestId: no previous request id, message: Error Code: UnableToFindDownstreamRouteError Message: Failed to match Route configuration for upstream path: /_stcore/health, verb: GET. errors found in ResponderMiddleware. Setting error response for request path:/_stcore/health, request method: GET
warn: Ocelot.DownstreamRouteFinder.Middleware.DownstreamRouteFinderMiddleware[0]
      requestId: 80000088-0014-ee00-b63f-84710c7967bb, previousRequestId: no previous request id, message: DownstreamRouteFinderMiddleware setting pipeline errors. IDownstreamRouteFinder returned Error Code: UnableToFindDownstreamRouteError Message: Failed to match Route configuration for upstream path: /_stcore/host-config, verb: GET.
warn: Ocelot.Responder.Middleware.ResponderMiddleware[0]
      requestId: 80000088-0014-ee00-b63f-84710c7967bb, previousRequestId: no previous request id, message: Error Code: UnableToFindDownstreamRouteError Message: Failed to match Route configuration for upstream path: /_stcore/host-config, verb: GET. errors found in ResponderMiddleware. Setting error response for request path:/_stcore/host-config, request method: GET
warn: Ocelot.DownstreamRouteFinder.Middleware.DownstreamRouteFinderMiddleware[0]
      requestId: 80000416-0020-fa00-b63f-84710c7967bb, previousRequestId: no previous request id, message: DownstreamRouteFinderMiddleware setting pipeline errors. IDownstreamRouteFinder returned Error Code: UnableToFindDownstreamRouteError Message: Failed to match Route configuration for upstream path: /_stcore/health, verb: GET.
warn: Ocelot.DownstreamRouteFinder.Middleware.DownstreamRouteFinderMiddleware[0]
      requestId: 80000342-0020-f300-b63f-84710c7967bb, previousRequestId: no previous request id, message: DownstreamRouteFinderMiddleware setting pipeline errors. IDownstreamRouteFinder returned Error Code: UnableToFindDownstreamRouteError Message: Failed to match Route configuration for upstream path: /_stcore/host-config, verb: GET.
warn: Ocelot.Responder.Middleware.ResponderMiddleware[0]
      requestId: 80000416-0020-fa00-b63f-84710c7967bb, previousRequestId: no previous request id, message: Error Code: UnableToFindDownstreamRouteError Message: Failed to match Route configuration for upstream path: /_stcore/health, verb: GET. errors found in ResponderMiddleware. Setting error response for request path:/_stcore/health, request method: GET
warn: Ocelot.Responder.Middleware.ResponderMiddleware[0]
      requestId: 80000342-0020-f300-b63f-84710c7967bb, previousRequestId: no previous request id, message: Error Code: UnableToFindDownstreamRouteError Message: Failed to match Route configuration for upstream path: /_stcore/host-config, verb: GET. errors found in ResponderMiddleware. Setting error response for request path:/_stcore/host-config, request method: GET
warn: Ocelot.DownstreamRouteFinder.Middleware.DownstreamRouteFinderMiddleware[0]
      requestId: 8000017c-0006-e700-b63f-84710c7967bb, previousRequestId: no previous request id, message: DownstreamRouteFinderMiddleware setting pipeline errors. IDownstreamRouteFinder returned Error Code: UnableToFindDownstreamRouteError Message: Failed to match Route configuration for upstream path: /_stcore/health, verb: GET.
warn: Ocelot.DownstreamRouteFinder.Middleware.DownstreamRouteFinderMiddleware[0]
      requestId: 8000008c-0014-ee00-b63f-84710c7967bb, previousRequestId: no previous request id, message: DownstreamRouteFinderMiddleware setting pipeline errors. IDownstreamRouteFinder returned Error Code: UnableToFindDownstreamRouteError Message: Failed to match Route configuration for upstream path: /_stcore/host-config, verb: GET.
warn: Ocelot.Responder.Middleware.ResponderMiddleware[0]
      requestId: 8000017c-0006-e700-b63f-84710c7967bb, previousRequestId: no previous request id, message: Error Code: UnableToFindDownstreamRouteError Message: Failed to match Route configuration for upstream path: /_stcore/health, verb: GET. errors found in ResponderMiddleware. Setting error response for request path:/_stcore/health, request method: GET
warn: Ocelot.Responder.Middleware.ResponderMiddleware[0]
      requestId: 8000008c-0014-ee00-b63f-84710c7967bb, previousRequestId: no previous request id, message: Error Code: UnableToFindDownstreamRouteError Message: Failed to match Route configuration for upstream path: /_stcore/host-config, verb: GET. errors found in ResponderMiddleware. Setting error response for request path:/_stcore/host-config, request method: GET
warn: Ocelot.DownstreamRouteFinder.Middleware.DownstreamRouteFinderMiddleware[0]
      requestId: 800001ed-000a-c900-b63f-84710c7967bb, previousRequestId: no previous request id, message: DownstreamRouteFinderMiddleware setting pipeline errors. IDownstreamRouteFinder returned Error Code: UnableToFindDownstreamRouteError Message: Failed to match Route configuration for upstream path: /_stcore/health, verb: GET.
warn: Ocelot.DownstreamRouteFinder.Middleware.DownstreamRouteFinderMiddleware[0]
      requestId: 80000760-000a-d200-b63f-84710c7967bb, previousRequestId: no previous request id, message: DownstreamRouteFinderMiddleware setting pipeline errors. IDownstreamRouteFinder returned Error Code: UnableToFindDownstreamRouteError Message: Failed to match Route configuration for upstream path: /_stcore/host-config, verb: GET.
warn: Ocelot.Responder.Middleware.ResponderMiddleware[0]
      requestId: 800001ed-000a-c900-b63f-84710c7967bb, previousRequestId: no previous request id, message: Error Code: UnableToFindDownstreamRouteError Message: Failed to match Route configuration for upstream path: /_stcore/health, verb: GET. errors found in ResponderMiddleware. Setting error response for request path:/_stcore/health, request method: GET
warn: Ocelot.Responder.Middleware.ResponderMiddleware[0]
      requestId: 80000760-000a-d200-b63f-84710c7967bb, previousRequestId: no previous request id, message: Error Code: UnableToFindDownstreamRouteError Message: Failed to match Route configuration for upstream path: /_stcore/host-config, verb: GET. errors found in ResponderMiddleware. Setting error response for request path:/_stcore/host-config, request method: GET
warn: Ocelot.DownstreamRouteFinder.Middleware.DownstreamRouteFinderMiddleware[0]
      requestId: 8000017e-0006-e700-b63f-84710c7967bb, previousRequestId: no previous request id, message: DownstreamRouteFinderMiddleware setting pipeline errors. IDownstreamRouteFinder returned Error Code: UnableToFindDownstreamRouteError Message: Failed to match Route configuration for upstream path: /demo/, verb: GET.
warn: Ocelot.Responder.Middleware.ResponderMiddleware[0]
      requestId: 8000017e-0006-e700-b63f-84710c7967bb, previousRequestId: no previous request id, message: Error Code: UnableToFindDownstreamRouteError Message: Failed to match Route configuration for upstream path: /demo/, verb: GET. errors found in ResponderMiddleware. Setting error response for request path:/demo/, request method: GET
warn: Ocelot.DownstreamRouteFinder.Middleware.DownstreamRouteFinderMiddleware[0]
      requestId: 800003a1-002a-fd00-b63f-84710c7967bb, previousRequestId: no previous request id, message: DownstreamRouteFinderMiddleware setting pipeline errors. IDownstreamRouteFinder returned Error Code: UnableToFindDownstreamRouteError Message: Failed to match Route configuration for upstream path: /_stcore/health, verb: GET.
warn: Ocelot.DownstreamRouteFinder.Middleware.DownstreamRouteFinderMiddleware[0]
      requestId: 800003ac-002a-f800-b63f-84710c7967bb, previousRequestId: no previous request id, message: DownstreamRouteFinderMiddleware setting pipeline errors. IDownstreamRouteFinder returned Error Code: UnableToFindDownstreamRouteError Message: Failed to match Route configuration for upstream path: /_stcore/host-config, verb: GET.
warn: Ocelot.Responder.Middleware.ResponderMiddleware[0]
      requestId: 800003a1-002a-fd00-b63f-84710c7967bb, previousRequestId: no previous request id, message: Error Code: UnableToFindDownstreamRouteError Message: Failed to match Route configuration for upstream path: /_stcore/health, verb: GET. errors found in ResponderMiddleware. Setting error response for request path:/_stcore/health, request method: GET
warn: Ocelot.Responder.Middleware.ResponderMiddleware[0]
      requestId: 800003ac-002a-f800-b63f-84710c7967bb, previousRequestId: no previous request id, message: Error Code: UnableToFindDownstreamRouteError Message: Failed to match Route configuration for upstream path: /_stcore/host-config, verb: GET. errors found in ResponderMiddleware. Setting error response for request path:/_stcore/host-config, request method: GET
warn: Ocelot.DownstreamRouteFinder.Middleware.DownstreamRouteFinderMiddleware[0]
      requestId: 800003e8-0010-dc00-b63f-84710c7967bb, previousRequestId: no previous request id, message: DownstreamRouteFinderMiddleware setting pipeline errors. IDownstreamRouteFinder returned Error Code: UnableToFindDownstreamRouteError Message: Failed to match Route configuration for upstream path: /demo/, verb: GET.
warn: Ocelot.Responder.Middleware.ResponderMiddleware[0]
      requestId: 800003e8-0010-dc00-b63f-84710c7967bb, previousRequestId: no previous request id, message: Error Code: UnableToFindDownstreamRouteError Message: Failed to match Route configuration for upstream path: /demo/, verb: GET. errors found in ResponderMiddleware. Setting error response for request path:/demo/, request method: GET
warn: Ocelot.DownstreamRouteFinder.Middleware.DownstreamRouteFinderMiddleware[0]
      requestId: 80000078-0012-cf00-b63f-84710c7967bb, previousRequestId: no previous request id, message: DownstreamRouteFinderMiddleware setting pipeline errors. IDownstreamRouteFinder returned Error Code: UnableToFindDownstreamRouteError Message: Failed to match Route configuration for upstream path: /demo/, verb: GET.
warn: Ocelot.Responder.Middleware.ResponderMiddleware[0]
      requestId: 80000078-0012-cf00-b63f-84710c7967bb, previousRequestId: no previous request id, message: Error Code: UnableToFindDownstreamRouteError Message: Failed to match Route configuration for upstream path: /demo/, verb: GET. errors found in ResponderMiddleware. Setting error response for request path:/demo/, request method: GET
warn: Ocelot.DownstreamRouteFinder.Middleware.DownstreamRouteFinderMiddleware[0]
      requestId: 8000007a-0012-cf00-b63f-84710c7967bb, previousRequestId: no previous request id, message: DownstreamRouteFinderMiddleware setting pipeline errors. IDownstreamRouteFinder returned Error Code: UnableToFindDownstreamRouteError Message: Failed to match Route configuration for upstream path: /demo/, verb: GET.
warn: Ocelot.Responder.Middleware.ResponderMiddleware[0]
      requestId: 8000007a-0012-cf00-b63f-84710c7967bb, previousRequestId: no previous request id, message: Error Code: UnableToFindDownstreamRouteError Message: Failed to match Route configuration for upstream path: /demo/, verb: GET. errors found in ResponderMiddleware. Setting error response for request path:/demo/, request method: GET
warn: Ocelot.DownstreamRouteFinder.Middleware.DownstreamRouteFinderMiddleware[0]
      requestId: 800003ae-002a-f800-b63f-84710c7967bb, previousRequestId: no previous request id, message: DownstreamRouteFinderMiddleware setting pipeline errors. IDownstreamRouteFinder returned Error Code: UnableToFindDownstreamRouteError Message: Failed to match Route configuration for upstream path: /_stcore/health, verb: GET.
warn: Ocelot.Responder.Middleware.ResponderMiddleware[0]
      requestId: 800003ae-002a-f800-b63f-84710c7967bb, previousRequestId: no previous request id, message: Error Code: UnableToFindDownstreamRouteError Message: Failed to match Route configuration for upstream path: /_stcore/health, verb: GET. errors found in ResponderMiddleware. Setting error response for request path:/_stcore/health, request method: GET
warn: Ocelot.DownstreamRouteFinder.Middleware.DownstreamRouteFinderMiddleware[0]
      requestId: 8000052f-0028-fb00-b63f-84710c7967bb, previousRequestId: no previous request id, message: DownstreamRouteFinderMiddleware setting pipeline errors. IDownstreamRouteFinder returned Error Code: UnableToFindDownstreamRouteError Message: Failed to match Route configuration for upstream path: /_stcore/host-config, verb: GET.
warn: Ocelot.Responder.Middleware.ResponderMiddleware[0]
      requestId: 8000052f-0028-fb00-b63f-84710c7967bb, previousRequestId: no previous request id, message: Error Code: UnableToFindDownstreamRouteError Message: Failed to match Route configuration for upstream path: /_stcore/host-config, verb: GET. errors found in ResponderMiddleware. Setting error response for request path:/_stcore/host-config, request method: GET
warn: Ocelot.DownstreamRouteFinder.Middleware.DownstreamRouteFinderMiddleware[0]
      requestId: 80000291-000c-e000-b63f-84710c7967bb, previousRequestId: no previous request id, message: DownstreamRouteFinderMiddleware setting pipeline errors. IDownstreamRouteFinder returned Error Code: UnableToFindDownstreamRouteError Message: Failed to match Route configuration for upstream path: /demo/, verb: GET.
warn: Ocelot.Responder.Middleware.ResponderMiddleware[0]
      requestId: 80000291-000c-e000-b63f-84710c7967bb, previousRequestId: no previous request id, message: Error Code: UnableToFindDownstreamRouteError Message: Failed to match Route configuration for upstream path: /demo/, verb: GET. errors found in ResponderMiddleware. Setting error response for request path:/demo/, request method: GET
warn: Ocelot.DownstreamRouteFinder.Middleware.DownstreamRouteFinderMiddleware[0]
      requestId: 80000014-0016-e600-b63f-84710c7967bb, previousRequestId: no previous request id, message: DownstreamRouteFinderMiddleware setting pipeline errors. IDownstreamRouteFinder returned Error Code: UnableToFindDownstreamRouteError Message: Failed to match Route configuration for upstream path: /demo/, verb: GET.
warn: Ocelot.Responder.Middleware.ResponderMiddleware[0]
      requestId: 80000014-0016-e600-b63f-84710c7967bb, previousRequestId: no previous request id, message: Error Code: UnableToFindDownstreamRouteError Message: Failed to match Route configuration for upstream path: /demo/, verb: GET. errors found in ResponderMiddleware. Setting error response for request path:/demo/, request method: GET
warn: Ocelot.DownstreamRouteFinder.Middleware.DownstreamRouteFinderMiddleware[0]
      requestId: 8000029c-0008-ae00-b63f-84710c7967bb, previousRequestId: no previous request id, message: DownstreamRouteFinderMiddleware setting pipeline errors. IDownstreamRouteFinder returned Error Code: UnableToFindDownstreamRouteError Message: Failed to match Route configuration for upstream path: /demo/, verb: GET.
warn: Ocelot.Responder.Middleware.ResponderMiddleware[0]
      requestId: 8000029c-0008-ae00-b63f-84710c7967bb, previousRequestId: no previous request id, message: Error Code: UnableToFindDownstreamRouteError Message: Failed to match Route configuration for upstream path: /demo/, verb: GET. errors found in ResponderMiddleware. Setting error response for request path:/demo/, request method: GET
warn: Ocelot.DownstreamRouteFinder.Middleware.DownstreamRouteFinderMiddleware[0]
      requestId: 8000029e-0008-ae00-b63f-84710c7967bb, previousRequestId: no previous request id, message: DownstreamRouteFinderMiddleware setting pipeline errors. IDownstreamRouteFinder returned Error Code: UnableToFindDownstreamRouteError Message: Failed to match Route configuration for upstream path: /demo/, verb: GET.
warn: Ocelot.Responder.Middleware.ResponderMiddleware[0]
      requestId: 8000029e-0008-ae00-b63f-84710c7967bb, previousRequestId: no previous request id, message: Error Code: UnableToFindDownstreamRouteError Message: Failed to match Route configuration for upstream path: /demo/, verb: GET. errors found in ResponderMiddleware. Setting error response for request path:/demo/, request method: GET
warn: Ocelot.DownstreamRouteFinder.Middleware.DownstreamRouteFinderMiddleware[0]
      requestId: 80000060-001e-e400-b63f-84710c7967bb, previousRequestId: no previous request id, message: DownstreamRouteFinderMiddleware setting pipeline errors. IDownstreamRouteFinder returned Error Code: UnableToFindDownstreamRouteError Message: Failed to match Route configuration for upstream path: /_stcore/health, verb: GET.
warn: Ocelot.DownstreamRouteFinder.Middleware.DownstreamRouteFinderMiddleware[0]
      requestId: 80000240-001e-ef00-b63f-84710c7967bb, previousRequestId: no previous request id, message: DownstreamRouteFinderMiddleware setting pipeline errors. IDownstreamRouteFinder returned Error Code: UnableToFindDownstreamRouteError Message: Failed to match Route configuration for upstream path: /_stcore/host-config, verb: GET.
warn: Ocelot.Responder.Middleware.ResponderMiddleware[0]
      requestId: 80000060-001e-e400-b63f-84710c7967bb, previousRequestId: no previous request id, message: Error Code: UnableToFindDownstreamRouteError Message: Failed to match Route configuration for upstream path: /_stcore/health, verb: GET. errors found in ResponderMiddleware. Setting error response for request path:/_stcore/health, request method: GET
warn: Ocelot.Responder.Middleware.ResponderMiddleware[0]
      requestId: 80000240-001e-ef00-b63f-84710c7967bb, previousRequestId: no previous request id, message: Error Code: UnableToFindDownstreamRouteError Message: Failed to match Route configuration for upstream path: /_stcore/host-config, verb: GET. errors found in ResponderMiddleware. Setting error response for request path:/_stcore/host-config, request method: GET
warn: Ocelot.DownstreamRouteFinder.Middleware.DownstreamRouteFinderMiddleware[0]
      requestId: 80000242-001e-ef00-b63f-84710c7967bb, previousRequestId: no previous request id, message: DownstreamRouteFinderMiddleware setting pipeline errors. IDownstreamRouteFinder returned Error Code: UnableToFindDownstreamRouteError Message: Failed to match Route configuration for upstream path: /_stcore/health, verb: GET.
warn: Ocelot.Responder.Middleware.ResponderMiddleware[0]
      requestId: 80000242-001e-ef00-b63f-84710c7967bb, previousRequestId: no previous request id, message: Error Code: UnableToFindDownstreamRouteError Message: Failed to match Route configuration for upstream path: /_stcore/health, verb: GET. errors found in ResponderMiddleware. Setting error response for request path:/_stcore/health, request method: GET
warn: Ocelot.DownstreamRouteFinder.Middleware.DownstreamRouteFinderMiddleware[0]
      requestId: 80000062-001e-e400-b63f-84710c7967bb, previousRequestId: no previous request id, message: DownstreamRouteFinderMiddleware setting pipeline errors. IDownstreamRouteFinder returned Error Code: UnableToFindDownstreamRouteError Message: Failed to match Route configuration for upstream path: /_stcore/host-config, verb: GET.
warn: Ocelot.Responder.Middleware.ResponderMiddleware[0]
      requestId: 80000062-001e-e400-b63f-84710c7967bb, previousRequestId: no previous request id, message: Error Code: UnableToFindDownstreamRouteError Message: Failed to match Route configuration for upstream path: /_stcore/host-config, verb: GET. errors found in ResponderMiddleware. Setting error response for request path:/_stcore/host-config, request method: GET
warn: Ocelot.DownstreamRouteFinder.Middleware.DownstreamRouteFinderMiddleware[0]
      requestId: 80000764-000a-d200-b63f-84710c7967bb, previousRequestId: no previous request id, message: DownstreamRouteFinderMiddleware setting pipeline errors. IDownstreamRouteFinder returned Error Code: UnableToFindDownstreamRouteError Message: Failed to match Route configuration for upstream path: /demo/, verb: GET.
warn: Ocelot.Responder.Middleware.ResponderMiddleware[0]
      requestId: 80000764-000a-d200-b63f-84710c7967bb, previousRequestId: no previous request id, message: Error Code: UnableToFindDownstreamRouteError Message: Failed to match Route configuration for upstream path: /demo/, verb: GET. errors found in ResponderMiddleware. Setting error response for request path:/demo/, request method: GET
warn: Ocelot.DownstreamRouteFinder.Middleware.DownstreamRouteFinderMiddleware[0]
      requestId: 80000531-0028-fb00-b63f-84710c7967bb, previousRequestId: no previous request id, message: DownstreamRouteFinderMiddleware setting pipeline errors. IDownstreamRouteFinder returned Error Code: UnableToFindDownstreamRouteError Message: Failed to match Route configuration for upstream path: /_stcore/health, verb: GET.
warn: Ocelot.Responder.Middleware.ResponderMiddleware[0]
      requestId: 80000531-0028-fb00-b63f-84710c7967bb, previousRequestId: no previous request id, message: Error Code: UnableToFindDownstreamRouteError Message: Failed to match Route configuration for upstream path: /_stcore/health, verb: GET. errors found in ResponderMiddleware. Setting error response for request path:/_stcore/health, request method: GET
warn: Ocelot.DownstreamRouteFinder.Middleware.DownstreamRouteFinderMiddleware[0]
      requestId: 80000278-0028-ea00-b63f-84710c7967bb, previousRequestId: no previous request id, message: DownstreamRouteFinderMiddleware setting pipeline errors. IDownstreamRouteFinder returned Error Code: UnableToFindDownstreamRouteError Message: Failed to match Route configuration for upstream path: /_stcore/host-config, verb: GET.
warn: Ocelot.Responder.Middleware.ResponderMiddleware[0]
      requestId: 80000278-0028-ea00-b63f-84710c7967bb, previousRequestId: no previous request id, message: Error Code: UnableToFindDownstreamRouteError Message: Failed to match Route configuration for upstream path: /_stcore/host-config, verb: GET. errors found in ResponderMiddleware. Setting error response for request path:/_stcore/host-config, request method: GET
warn: Ocelot.DownstreamRouteFinder.Middleware.DownstreamRouteFinderMiddleware[0]
      requestId: 8000027a-0028-ea00-b63f-84710c7967bb, previousRequestId: no previous request id, message: DownstreamRouteFinderMiddleware setting pipeline errors. IDownstreamRouteFinder returned Error Code: UnableToFindDownstreamRouteError Message: Failed to match Route configuration for upstream path: /_stcore/health, verb: GET.
warn: Ocelot.Responder.Middleware.ResponderMiddleware[0]
      requestId: 8000027a-0028-ea00-b63f-84710c7967bb, previousRequestId: no previous request id, message: Error Code: UnableToFindDownstreamRouteError Message: Failed to match Route configuration for upstream path: /_stcore/health, verb: GET. errors found in ResponderMiddleware. Setting error response for request path:/_stcore/health, request method: GET
warn: Ocelot.DownstreamRouteFinder.Middleware.DownstreamRouteFinderMiddleware[0]
      requestId: 80000533-0028-fb00-b63f-84710c7967bb, previousRequestId: no previous request id, message: DownstreamRouteFinderMiddleware setting pipeline errors. IDownstreamRouteFinder returned Error Code: UnableToFindDownstreamRouteError Message: Failed to match Route configuration for upstream path: /_stcore/host-config, verb: GET.
warn: Ocelot.Responder.Middleware.ResponderMiddleware[0]
      requestId: 80000533-0028-fb00-b63f-84710c7967bb, previousRequestId: no previous request id, message: Error Code: UnableToFindDownstreamRouteError Message: Failed to match Route configuration for upstream path: /_stcore/host-config, verb: GET. errors found in ResponderMiddleware. Setting error response for request path:/_stcore/host-config, request method: GET
warn: Ocelot.DownstreamRouteFinder.Middleware.DownstreamRouteFinderMiddleware[0]
      requestId: 800003b2-002a-f800-b63f-84710c7967bb, previousRequestId: no previous request id, message: DownstreamRouteFinderMiddleware setting pipeline errors. IDownstreamRouteFinder returned Error Code: UnableToFindDownstreamRouteError Message: Failed to match Route configuration for upstream path: /_stcore/health, verb: GET.
warn: Ocelot.Responder.Middleware.ResponderMiddleware[0]
      requestId: 800003b2-002a-f800-b63f-84710c7967bb, previousRequestId: no previous request id, message: Error Code: UnableToFindDownstreamRouteError Message: Failed to match Route configuration for upstream path: /_stcore/health, verb: GET. errors found in ResponderMiddleware. Setting error response for request path:/_stcore/health, request method: GET
warn: Ocelot.DownstreamRouteFinder.Middleware.DownstreamRouteFinderMiddleware[0]
      requestId: 80000654-002a-fb00-b63f-84710c7967bb, previousRequestId: no previous request id, message: DownstreamRouteFinderMiddleware setting pipeline errors. IDownstreamRouteFinder returned Error Code: UnableToFindDownstreamRouteError Message: Failed to match Route configuration for upstream path: /_stcore/host-config, verb: GET.
warn: Ocelot.Responder.Middleware.ResponderMiddleware[0]
      requestId: 80000654-002a-fb00-b63f-84710c7967bb, previousRequestId: no previous request id, message: Error Code: UnableToFindDownstreamRouteError Message: Failed to match Route configuration for upstream path: /_stcore/host-config, verb: GET. errors found in ResponderMiddleware. Setting error response for request path:/_stcore/host-config, request method: GET
warn: Ocelot.DownstreamRouteFinder.Middleware.DownstreamRouteFinderMiddleware[0]
      requestId: 80000438-002c-f300-b63f-84710c7967bb, previousRequestId: no previous request id, message: DownstreamRouteFinderMiddleware setting pipeline errors. IDownstreamRouteFinder returned Error Code: UnableToFindDownstreamRouteError Message: Failed to match Route configuration for upstream path: /_stcore/health, verb: GET.
warn: Ocelot.Responder.Middleware.ResponderMiddleware[0]
      requestId: 80000438-002c-f300-b63f-84710c7967bb, previousRequestId: no previous request id, message: Error Code: UnableToFindDownstreamRouteError Message: Failed to match Route configuration for upstream path: /_stcore/health, verb: GET. errors found in ResponderMiddleware. Setting error response for request path:/_stcore/health, request method: GET
warn: Ocelot.DownstreamRouteFinder.Middleware.DownstreamRouteFinderMiddleware[0]
      requestId: 80000316-002e-f500-b63f-84710c7967bb, previousRequestId: no previous request id, message: DownstreamRouteFinderMiddleware setting pipeline errors. IDownstreamRouteFinder returned Error Code: UnableToFindDownstreamRouteError Message: Failed to match Route configuration for upstream path: /_stcore/host-config, verb: GET.
warn: Ocelot.Responder.Middleware.ResponderMiddleware[0]
      requestId: 80000316-002e-f500-b63f-84710c7967bb, previousRequestId: no previous request id, message: Error Code: UnableToFindDownstreamRouteError Message: Failed to match Route configuration for upstream path: /_stcore/host-config, verb: GET. errors found in ResponderMiddleware. Setting error response for request path:/_stcore/host-config, request method: GET
warn: Ocelot.DownstreamRouteFinder.Middleware.DownstreamRouteFinderMiddleware[0]
      requestId: 80000346-0022-f200-b63f-84710c7967bb, previousRequestId: no previous request id, message: DownstreamRouteFinderMiddleware setting pipeline errors. IDownstreamRouteFinder returned Error Code: UnableToFindDownstreamRouteError Message: Failed to match Route configuration for upstream path: /_stcore/health, verb: GET.
warn: Ocelot.Responder.Middleware.ResponderMiddleware[0]
      requestId: 80000346-0022-f200-b63f-84710c7967bb, previousRequestId: no previous request id, message: Error Code: UnableToFindDownstreamRouteError Message: Failed to match Route configuration for upstream path: /_stcore/health, verb: GET. errors found in ResponderMiddleware. Setting error response for request path:/_stcore/health, request method: GET
warn: Ocelot.DownstreamRouteFinder.Middleware.DownstreamRouteFinderMiddleware[0]
      requestId: 8000036f-0022-f400-b63f-84710c7967bb, previousRequestId: no previous request id, message: DownstreamRouteFinderMiddleware setting pipeline errors. IDownstreamRouteFinder returned Error Code: UnableToFindDownstreamRouteError Message: Failed to match Route configuration for upstream path: /_stcore/host-config, verb: GET.
warn: Ocelot.Responder.Middleware.ResponderMiddleware[0]
      requestId: 8000036f-0022-f400-b63f-84710c7967bb, previousRequestId: no previous request id, message: Error Code: UnableToFindDownstreamRouteError Message: Failed to match Route configuration for upstream path: /_stcore/host-config, verb: GET. errors found in ResponderMiddleware. Setting error response for request path:/_stcore/host-config, request method: GET
warn: Ocelot.DownstreamRouteFinder.Middleware.DownstreamRouteFinderMiddleware[0]
      requestId: 800004c4-001c-f600-b63f-84710c7967bb, previousRequestId: no previous request id, message: DownstreamRouteFinderMiddleware setting pipeline errors. IDownstreamRouteFinder returned Error Code: UnableToFindDownstreamRouteError Message: Failed to match Route configuration for upstream path: /_stcore/health, verb: GET.
warn: Ocelot.DownstreamRouteFinder.Middleware.DownstreamRouteFinderMiddleware[0]
      requestId: 800002d5-001c-fd00-b63f-84710c7967bb, previousRequestId: no previous request id, message: DownstreamRouteFinderMiddleware setting pipeline errors. IDownstreamRouteFinder returned Error Code: UnableToFindDownstreamRouteError Message: Failed to match Route configuration for upstream path: /_stcore/host-config, verb: GET.
warn: Ocelot.Responder.Middleware.ResponderMiddleware[0]
      requestId: 800004c4-001c-f600-b63f-84710c7967bb, previousRequestId: no previous request id, message: Error Code: UnableToFindDownstreamRouteError Message: Failed to match Route configuration for upstream path: /_stcore/health, verb: GET. errors found in ResponderMiddleware. Setting error response for request path:/_stcore/health, request method: GET
warn: Ocelot.Responder.Middleware.ResponderMiddleware[0]
      requestId: 800002d5-001c-fd00-b63f-84710c7967bb, previousRequestId: no previous request id, message: Error Code: UnableToFindDownstreamRouteError Message: Failed to match Route configuration for upstream path: /_stcore/host-config, verb: GET. errors found in ResponderMiddleware. Setting error response for request path:/_stcore/host-config, request method: GET
warn: Ocelot.DownstreamRouteFinder.Middleware.DownstreamRouteFinderMiddleware[0]
      requestId: 80000449-0026-fb00-b63f-84710c7967bb, previousRequestId: no previous request id, message: DownstreamRouteFinderMiddleware setting pipeline errors. IDownstreamRouteFinder returned Error Code: UnableToFindDownstreamRouteError Message: Failed to match Route configuration for upstream path: /_stcore/health, verb: GET.
warn: Ocelot.DownstreamRouteFinder.Middleware.DownstreamRouteFinderMiddleware[0]
      requestId: 8000046c-0026-ff00-b63f-84710c7967bb, previousRequestId: no previous request id, message: DownstreamRouteFinderMiddleware setting pipeline errors. IDownstreamRouteFinder returned Error Code: UnableToFindDownstreamRouteError Message: Failed to match Route configuration for upstream path: /_stcore/host-config, verb: GET.
warn: Ocelot.Responder.Middleware.ResponderMiddleware[0]
      requestId: 80000449-0026-fb00-b63f-84710c7967bb, previousRequestId: no previous request id, message: Error Code: UnableToFindDownstreamRouteError Message: Failed to match Route configuration for upstream path: /_stcore/health, verb: GET. errors found in ResponderMiddleware. Setting error response for request path:/_stcore/health, request method: GET
warn: Ocelot.Responder.Middleware.ResponderMiddleware[0]
      requestId: 8000046c-0026-ff00-b63f-84710c7967bb, previousRequestId: no previous request id, message: Error Code: UnableToFindDownstreamRouteError Message: Failed to match Route configuration for upstream path: /_stcore/host-config, verb: GET. errors found in ResponderMiddleware. Setting error response for request path:/_stcore/host-config, request method: GET
warn: Ocelot.DownstreamRouteFinder.Middleware.DownstreamRouteFinderMiddleware[0]
      requestId: 800002d7-001c-fd00-b63f-84710c7967bb, previousRequestId: no previous request id, message: DownstreamRouteFinderMiddleware setting pipeline errors. IDownstreamRouteFinder returned Error Code: UnableToFindDownstreamRouteError Message: Failed to match Route configuration for upstream path: /_stcore/health, verb: GET.
warn: Ocelot.Responder.Middleware.ResponderMiddleware[0]
      requestId: 800002d7-001c-fd00-b63f-84710c7967bb, previousRequestId: no previous request id, message: Error Code: UnableToFindDownstreamRouteError Message: Failed to match Route configuration for upstream path: /_stcore/health, verb: GET. errors found in ResponderMiddleware. Setting error response for request path:/_stcore/health, request method: GET
warn: Ocelot.DownstreamRouteFinder.Middleware.DownstreamRouteFinderMiddleware[0]
      requestId: 800004c6-001c-f600-b63f-84710c7967bb, previousRequestId: no previous request id, message: DownstreamRouteFinderMiddleware setting pipeline errors. IDownstreamRouteFinder returned Error Code: UnableToFindDownstreamRouteError Message: Failed to match Route configuration for upstream path: /_stcore/host-config, verb: GET.
warn: Ocelot.Responder.Middleware.ResponderMiddleware[0]
      requestId: 800004c6-001c-f600-b63f-84710c7967bb, previousRequestId: no previous request id, message: Error Code: UnableToFindDownstreamRouteError Message: Failed to match Route configuration for upstream path: /_stcore/host-config, verb: GET. errors found in ResponderMiddleware. Setting error response for request path:/_stcore/host-config, request method: GET
warn: Ocelot.DownstreamRouteFinder.Middleware.DownstreamRouteFinderMiddleware[0]
      requestId: 80000535-0028-fb00-b63f-84710c7967bb, previousRequestId: no previous request id, message: DownstreamRouteFinderMiddleware setting pipeline errors. IDownstreamRouteFinder returned Error Code: UnableToFindDownstreamRouteError Message: Failed to match Route configuration for upstream path: /_stcore/health, verb: GET.
warn: Ocelot.DownstreamRouteFinder.Middleware.DownstreamRouteFinderMiddleware[0]
      requestId: 8000027c-0028-ea00-b63f-84710c7967bb, previousRequestId: no previous request id, message: DownstreamRouteFinderMiddleware setting pipeline errors. IDownstreamRouteFinder returned Error Code: UnableToFindDownstreamRouteError Message: Failed to match Route configuration for upstream path: /_stcore/host-config, verb: GET.
warn: Ocelot.Responder.Middleware.ResponderMiddleware[0]
      requestId: 80000535-0028-fb00-b63f-84710c7967bb, previousRequestId: no previous request id, message: Error Code: UnableToFindDownstreamRouteError Message: Failed to match Route configuration for upstream path: /_stcore/health, verb: GET. errors found in ResponderMiddleware. Setting error response for request path:/_stcore/health, request method: GET
warn: Ocelot.Responder.Middleware.ResponderMiddleware[0]
      requestId: 8000027c-0028-ea00-b63f-84710c7967bb, previousRequestId: no previous request id, message: Error Code: UnableToFindDownstreamRouteError Message: Failed to match Route configuration for upstream path: /_stcore/host-config, verb: GET. errors found in ResponderMiddleware. Setting error response for request path:/_stcore/host-config, request method: GET
warn: Ocelot.DownstreamRouteFinder.Middleware.DownstreamRouteFinderMiddleware[0]
      requestId: 80000260-0024-fd00-b63f-84710c7967bb, previousRequestId: no previous request id, message: DownstreamRouteFinderMiddleware setting pipeline errors. IDownstreamRouteFinder returned Error Code: UnableToFindDownstreamRouteError Message: Failed to match Route configuration for upstream path: /_stcore/health, verb: GET.
warn: Ocelot.DownstreamRouteFinder.Middleware.DownstreamRouteFinderMiddleware[0]
      requestId: 80000344-0020-f300-b63f-84710c7967bb, previousRequestId: no previous request id, message: DownstreamRouteFinderMiddleware setting pipeline errors. IDownstreamRouteFinder returned Error Code: UnableToFindDownstreamRouteError Message: Failed to match Route configuration for upstream path: /_stcore/host-config, verb: GET.
warn: Ocelot.Responder.Middleware.ResponderMiddleware[0]
      requestId: 80000344-0020-f300-b63f-84710c7967bb, previousRequestId: no previous request id, message: Error Code: UnableToFindDownstreamRouteError Message: Failed to match Route configuration for upstream path: /_stcore/host-config, verb: GET. errors found in ResponderMiddleware. Setting error response for request path:/_stcore/host-config, request method: GET
warn: Ocelot.Responder.Middleware.ResponderMiddleware[0]
      requestId: 80000260-0024-fd00-b63f-84710c7967bb, previousRequestId: no previous request id, message: Error Code: UnableToFindDownstreamRouteError Message: Failed to match Route configuration for upstream path: /_stcore/health, verb: GET. errors found in ResponderMiddleware. Setting error response for request path:/_stcore/health, request method: GET
warn: Ocelot.DownstreamRouteFinder.Middleware.DownstreamRouteFinderMiddleware[0]
      requestId: 8000046e-0026-ff00-b63f-84710c7967bb, previousRequestId: no previous request id, message: DownstreamRouteFinderMiddleware setting pipeline errors. IDownstreamRouteFinder returned Error Code: UnableToFindDownstreamRouteError Message: Failed to match Route configuration for upstream path: /_stcore/health, verb: GET.
warn: Ocelot.Responder.Middleware.ResponderMiddleware[0]
      requestId: 8000046e-0026-ff00-b63f-84710c7967bb, previousRequestId: no previous request id, message: Error Code: UnableToFindDownstreamRouteError Message: Failed to match Route configuration for upstream path: /_stcore/health, verb: GET. errors found in ResponderMiddleware. Setting error response for request path:/_stcore/health, request method: GET
warn: Ocelot.DownstreamRouteFinder.Middleware.DownstreamRouteFinderMiddleware[0]
      requestId: 8000044b-0026-fb00-b63f-84710c7967bb, previousRequestId: no previous request id, message: DownstreamRouteFinderMiddleware setting pipeline errors. IDownstreamRouteFinder returned Error Code: UnableToFindDownstreamRouteError Message: Failed to match Route configuration for upstream path: /_stcore/host-config, verb: GET.
warn: Ocelot.Responder.Middleware.ResponderMiddleware[0]
      requestId: 8000044b-0026-fb00-b63f-84710c7967bb, previousRequestId: no previous request id, message: Error Code: UnableToFindDownstreamRouteError Message: Failed to match Route configuration for upstream path: /_stcore/host-config, verb: GET. errors found in ResponderMiddleware. Setting error response for request path:/_stcore/host-config, request method: GET
info: Microsoft.Hosting.Lifetime[0]
      Application is shutting down...
