info: Microsoft.Hosting.Lifetime[0]
      Application started. Press Ctrl+C to shut down.
info: Microsoft.Hosting.Lifetime[0]
      Hosting environment: Production
info: Microsoft.Hosting.Lifetime[0]
      Content root path: D:\LMS\Getway\
info: Ocelot.RateLimit.Middleware.ClientRateLimitMiddleware[0]
      requestId: 80000296-0026-ed00-b63f-84710c7967bb, previousRequestId: no previous request id, message: EndpointRateLimiting is not enabled for /{everything}
info: Ocelot.Authentication.Middleware.AuthenticationMiddleware[0]
      requestId: 80000296-0026-ed00-b63f-84710c7967bb, previousRequestId: no previous request id, message: No authentication needed for /chat/process
info: Ocelot.Authorization.Middleware.AuthorizationMiddleware[0]
      requestId: 80000296-0026-ed00-b63f-84710c7967bb, previousRequestId: no previous request id, message: /{everything} route does not require user to be authorized
info: Ocelot.Requester.Middleware.HttpRequesterMiddleware[0]
      requestId: 80000296-0026-ed00-b63f-84710c7967bb, previousRequestId: no previous request id, message: 200 (OK) status code, request uri: http://192.168.73.133:8000/chat/process
info: Ocelot.RateLimit.Middleware.ClientRateLimitMiddleware[0]
      requestId: 80000690-002c-f100-b63f-84710c7967bb, previousRequestId: no previous request id, message: EndpointRateLimiting is not enabled for /{everything}
info: Ocelot.Authentication.Middleware.AuthenticationMiddleware[0]
      requestId: 80000690-002c-f100-b63f-84710c7967bb, previousRequestId: no previous request id, message: No authentication needed for /chat/process
info: Ocelot.Authorization.Middleware.AuthorizationMiddleware[0]
      requestId: 80000690-002c-f100-b63f-84710c7967bb, previousRequestId: no previous request id, message: /{everything} route does not require user to be authorized
info: Ocelot.Requester.Middleware.HttpRequesterMiddleware[0]
      requestId: 80000690-002c-f100-b63f-84710c7967bb, previousRequestId: no previous request id, message: 200 (OK) status code, request uri: http://192.168.73.133:8000/chat/process
info: Ocelot.RateLimit.Middleware.ClientRateLimitMiddleware[0]
      requestId: 800007e5-0008-a000-b63f-84710c7967bb, previousRequestId: no previous request id, message: EndpointRateLimiting is not enabled for /{everything}
info: Ocelot.Authentication.Middleware.AuthenticationMiddleware[0]
      requestId: 800007e5-0008-a000-b63f-84710c7967bb, previousRequestId: no previous request id, message: No authentication needed for /chat/voice
info: Ocelot.Authorization.Middleware.AuthorizationMiddleware[0]
      requestId: 800007e5-0008-a000-b63f-84710c7967bb, previousRequestId: no previous request id, message: /{everything} route does not require user to be authorized
info: Ocelot.Requester.Middleware.HttpRequesterMiddleware[0]
      requestId: 800007e5-0008-a000-b63f-84710c7967bb, previousRequestId: no previous request id, message: 200 (OK) status code, request uri: http://192.168.73.133:8000/chat/voice
info: Ocelot.RateLimit.Middleware.ClientRateLimitMiddleware[0]
      requestId: 800007e7-0008-a000-b63f-84710c7967bb, previousRequestId: no previous request id, message: EndpointRateLimiting is not enabled for /{everything}
info: Ocelot.Authentication.Middleware.AuthenticationMiddleware[0]
      requestId: 800007e7-0008-a000-b63f-84710c7967bb, previousRequestId: no previous request id, message: No authentication needed for /chat/voice
info: Ocelot.Authorization.Middleware.AuthorizationMiddleware[0]
      requestId: 800007e7-0008-a000-b63f-84710c7967bb, previousRequestId: no previous request id, message: /{everything} route does not require user to be authorized
info: Ocelot.Requester.Middleware.HttpRequesterMiddleware[0]
      requestId: 800007e7-0008-a000-b63f-84710c7967bb, previousRequestId: no previous request id, message: 200 (OK) status code, request uri: http://192.168.73.133:8000/chat/voice
info: Ocelot.RateLimit.Middleware.ClientRateLimitMiddleware[0]
      requestId: 80000643-0024-f600-b63f-84710c7967bb, previousRequestId: no previous request id, message: EndpointRateLimiting is not enabled for /{everything}
info: Ocelot.Authentication.Middleware.AuthenticationMiddleware[0]
      requestId: 80000643-0024-f600-b63f-84710c7967bb, previousRequestId: no previous request id, message: No authentication needed for /chat/voice
info: Ocelot.Authorization.Middleware.AuthorizationMiddleware[0]
      requestId: 80000643-0024-f600-b63f-84710c7967bb, previousRequestId: no previous request id, message: /{everything} route does not require user to be authorized
info: Ocelot.Requester.Middleware.HttpRequesterMiddleware[0]
      requestId: 80000643-0024-f600-b63f-84710c7967bb, previousRequestId: no previous request id, message: 200 (OK) status code, request uri: http://192.168.73.133:8000/chat/voice
info: Ocelot.RateLimit.Middleware.ClientRateLimitMiddleware[0]
      requestId: 800000d4-0013-e000-b63f-84710c7967bb, previousRequestId: no previous request id, message: EndpointRateLimiting is not enabled for /{everything}
info: Ocelot.Authentication.Middleware.AuthenticationMiddleware[0]
      requestId: 800000d4-0013-e000-b63f-84710c7967bb, previousRequestId: no previous request id, message: No authentication needed for /chat/process
info: Ocelot.Authorization.Middleware.AuthorizationMiddleware[0]
      requestId: 800000d4-0013-e000-b63f-84710c7967bb, previousRequestId: no previous request id, message: /{everything} route does not require user to be authorized
info: Ocelot.Requester.Middleware.HttpRequesterMiddleware[0]
      requestId: 800000d4-0013-e000-b63f-84710c7967bb, previousRequestId: no previous request id, message: 200 (OK) status code, request uri: http://192.168.73.133:8000/chat/process
info: Ocelot.RateLimit.Middleware.ClientRateLimitMiddleware[0]
      requestId: 800000d6-0013-e000-b63f-84710c7967bb, previousRequestId: no previous request id, message: EndpointRateLimiting is not enabled for /{everything}
info: Ocelot.Authentication.Middleware.AuthenticationMiddleware[0]
      requestId: 800000d6-0013-e000-b63f-84710c7967bb, previousRequestId: no previous request id, message: No authentication needed for /chat/process
info: Ocelot.Authorization.Middleware.AuthorizationMiddleware[0]
      requestId: 800000d6-0013-e000-b63f-84710c7967bb, previousRequestId: no previous request id, message: /{everything} route does not require user to be authorized
info: Ocelot.Requester.Middleware.HttpRequesterMiddleware[0]
      requestId: 800000d6-0013-e000-b63f-84710c7967bb, previousRequestId: no previous request id, message: 200 (OK) status code, request uri: http://192.168.73.133:8000/chat/process
info: Ocelot.RateLimit.Middleware.ClientRateLimitMiddleware[0]
      requestId: 800002fc-000c-ee00-b63f-84710c7967bb, previousRequestId: no previous request id, message: EndpointRateLimiting is not enabled for /{everything}
info: Ocelot.Authentication.Middleware.AuthenticationMiddleware[0]
      requestId: 800002fc-000c-ee00-b63f-84710c7967bb, previousRequestId: no previous request id, message: No authentication needed for /chat/voice
info: Ocelot.Authorization.Middleware.AuthorizationMiddleware[0]
      requestId: 800002fc-000c-ee00-b63f-84710c7967bb, previousRequestId: no previous request id, message: /{everything} route does not require user to be authorized
info: Ocelot.Requester.Middleware.HttpRequesterMiddleware[0]
      requestId: 800002fc-000c-ee00-b63f-84710c7967bb, previousRequestId: no previous request id, message: 200 (OK) status code, request uri: http://192.168.73.133:8000/chat/voice
info: Ocelot.RateLimit.Middleware.ClientRateLimitMiddleware[0]
      requestId: 8000054c-0008-a700-b63f-84710c7967bb, previousRequestId: no previous request id, message: EndpointRateLimiting is not enabled for /{everything}
info: Ocelot.Authentication.Middleware.AuthenticationMiddleware[0]
      requestId: 8000054c-0008-a700-b63f-84710c7967bb, previousRequestId: no previous request id, message: No authentication needed for /chat/voice
info: Ocelot.Authorization.Middleware.AuthorizationMiddleware[0]
      requestId: 8000054c-0008-a700-b63f-84710c7967bb, previousRequestId: no previous request id, message: /{everything} route does not require user to be authorized
info: Ocelot.Requester.Middleware.HttpRequesterMiddleware[0]
      requestId: 8000054c-0008-a700-b63f-84710c7967bb, previousRequestId: no previous request id, message: 200 (OK) status code, request uri: http://192.168.73.133:8000/chat/voice
info: Ocelot.RateLimit.Middleware.ClientRateLimitMiddleware[0]
      requestId: 80000851-0004-e400-b63f-84710c7967bb, previousRequestId: no previous request id, message: EndpointRateLimiting is not enabled for /{everything}
info: Ocelot.Authentication.Middleware.AuthenticationMiddleware[0]
      requestId: 80000851-0004-e400-b63f-84710c7967bb, previousRequestId: no previous request id, message: No authentication needed for /chat/voice
info: Ocelot.Authorization.Middleware.AuthorizationMiddleware[0]
      requestId: 80000851-0004-e400-b63f-84710c7967bb, previousRequestId: no previous request id, message: /{everything} route does not require user to be authorized
info: Ocelot.Requester.Middleware.HttpRequesterMiddleware[0]
      requestId: 80000851-0004-e400-b63f-84710c7967bb, previousRequestId: no previous request id, message: 200 (OK) status code, request uri: http://192.168.73.133:8000/chat/voice
info: Ocelot.RateLimit.Middleware.ClientRateLimitMiddleware[0]
      requestId: 800007e6-0014-ef00-b63f-84710c7967bb, previousRequestId: no previous request id, message: EndpointRateLimiting is not enabled for /{everything}
info: Ocelot.Authentication.Middleware.AuthenticationMiddleware[0]
      requestId: 800007e6-0014-ef00-b63f-84710c7967bb, previousRequestId: no previous request id, message: No authentication needed for /chat/voice
info: Ocelot.Authorization.Middleware.AuthorizationMiddleware[0]
      requestId: 800007e6-0014-ef00-b63f-84710c7967bb, previousRequestId: no previous request id, message: /{everything} route does not require user to be authorized
info: Ocelot.Requester.Middleware.HttpRequesterMiddleware[0]
      requestId: 800007e6-0014-ef00-b63f-84710c7967bb, previousRequestId: no previous request id, message: 200 (OK) status code, request uri: http://192.168.73.133:8000/chat/voice
info: Ocelot.RateLimit.Middleware.ClientRateLimitMiddleware[0]
      requestId: 800004b7-0028-f400-b63f-84710c7967bb, previousRequestId: no previous request id, message: EndpointRateLimiting is not enabled for /{everything}
info: Ocelot.Authentication.Middleware.AuthenticationMiddleware[0]
      requestId: 800004b7-0028-f400-b63f-84710c7967bb, previousRequestId: no previous request id, message: No authentication needed for /chat/voice
info: Ocelot.Authorization.Middleware.AuthorizationMiddleware[0]
      requestId: 800004b7-0028-f400-b63f-84710c7967bb, previousRequestId: no previous request id, message: /{everything} route does not require user to be authorized
info: Ocelot.Requester.Middleware.HttpRequesterMiddleware[0]
      requestId: 800004b7-0028-f400-b63f-84710c7967bb, previousRequestId: no previous request id, message: 200 (OK) status code, request uri: http://192.168.73.133:8000/chat/voice
info: Ocelot.RateLimit.Middleware.ClientRateLimitMiddleware[0]
      requestId: 80000bdf-0006-d400-b63f-84710c7967bb, previousRequestId: no previous request id, message: EndpointRateLimiting is not enabled for /{everything}
info: Ocelot.Authentication.Middleware.AuthenticationMiddleware[0]
      requestId: 80000bdf-0006-d400-b63f-84710c7967bb, previousRequestId: no previous request id, message: No authentication needed for /chat/process
info: Ocelot.Authorization.Middleware.AuthorizationMiddleware[0]
      requestId: 80000bdf-0006-d400-b63f-84710c7967bb, previousRequestId: no previous request id, message: /{everything} route does not require user to be authorized
info: Ocelot.Requester.Middleware.HttpRequesterMiddleware[0]
      requestId: 80000bdf-0006-d400-b63f-84710c7967bb, previousRequestId: no previous request id, message: 200 (OK) status code, request uri: http://192.168.73.133:8000/chat/process
info: Ocelot.RateLimit.Middleware.ClientRateLimitMiddleware[0]
      requestId: 8000041f-0004-dc00-b63f-84710c7967bb, previousRequestId: no previous request id, message: EndpointRateLimiting is not enabled for /{everything}
info: Ocelot.Authentication.Middleware.AuthenticationMiddleware[0]
      requestId: 8000041f-0004-dc00-b63f-84710c7967bb, previousRequestId: no previous request id, message: No authentication needed for /chat/voice
info: Ocelot.Authorization.Middleware.AuthorizationMiddleware[0]
      requestId: 8000041f-0004-dc00-b63f-84710c7967bb, previousRequestId: no previous request id, message: /{everything} route does not require user to be authorized
info: Ocelot.RateLimit.Middleware.ClientRateLimitMiddleware[0]
      requestId: 8000051b-0004-e900-b63f-84710c7967bb, previousRequestId: no previous request id, message: EndpointRateLimiting is not enabled for /{everything}
info: Ocelot.Authentication.Middleware.AuthenticationMiddleware[0]
      requestId: 8000051b-0004-e900-b63f-84710c7967bb, previousRequestId: no previous request id, message: No authentication needed for /chat/voice
info: Ocelot.Authorization.Middleware.AuthorizationMiddleware[0]
      requestId: 8000051b-0004-e900-b63f-84710c7967bb, previousRequestId: no previous request id, message: /{everything} route does not require user to be authorized
info: Ocelot.RateLimit.Middleware.ClientRateLimitMiddleware[0]
      requestId: 8000085d-0004-e400-b63f-84710c7967bb, previousRequestId: no previous request id, message: EndpointRateLimiting is not enabled for /{everything}
info: Ocelot.Authentication.Middleware.AuthenticationMiddleware[0]
      requestId: 8000085d-0004-e400-b63f-84710c7967bb, previousRequestId: no previous request id, message: No authentication needed for /chat/voice
info: Ocelot.Authorization.Middleware.AuthorizationMiddleware[0]
      requestId: 8000085d-0004-e400-b63f-84710c7967bb, previousRequestId: no previous request id, message: /{everything} route does not require user to be authorized
info: Ocelot.Requester.Middleware.HttpRequesterMiddleware[0]
      requestId: 8000051b-0004-e900-b63f-84710c7967bb, previousRequestId: no previous request id, message: 200 (OK) status code, request uri: http://192.168.73.133:8000/chat/voice
info: Ocelot.Requester.Middleware.HttpRequesterMiddleware[0]
      requestId: 8000085d-0004-e400-b63f-84710c7967bb, previousRequestId: no previous request id, message: 200 (OK) status code, request uri: http://192.168.73.133:8000/chat/voice
info: Ocelot.Requester.Middleware.HttpRequesterMiddleware[0]
      requestId: 8000041f-0004-dc00-b63f-84710c7967bb, previousRequestId: no previous request id, message: 200 (OK) status code, request uri: http://192.168.73.133:8000/chat/voice
info: Microsoft.Hosting.Lifetime[0]
      Application is shutting down...
