info: Microsoft.Hosting.Lifetime[0]
      Application started. Press Ctrl+C to shut down.
info: Microsoft.Hosting.Lifetime[0]
      Hosting environment: Production
info: Microsoft.Hosting.Lifetime[0]
      Content root path: D:\LMS\Getway\
info: Ocelot.RateLimit.Middleware.ClientRateLimitMiddleware[0]
      requestId: 800001a1-0020-f100-b63f-84710c7967bb, previousRequestId: no previous request id, message: EndpointRateLimiting is not enabled for /{everything}
info: Ocelot.Authentication.Middleware.AuthenticationMiddleware[0]
      requestId: 800001a1-0020-f100-b63f-84710c7967bb, previousRequestId: no previous request id, message: No authentication needed for /chat/process
info: Ocelot.Authorization.Middleware.AuthorizationMiddleware[0]
      requestId: 800001a1-0020-f100-b63f-84710c7967bb, previousRequestId: no previous request id, message: /{everything} route does not require user to be authorized
info: Ocelot.Requester.Middleware.HttpRequesterMiddleware[0]
      requestId: 800001a1-0020-f100-b63f-84710c7967bb, previousRequestId: no previous request id, message: 400 (Bad Request) status code, request uri: http://192.168.73.133:8000/chat/process
info: Ocelot.RateLimit.Middleware.ClientRateLimitMiddleware[0]
      requestId: 800000ec-000a-b600-b63f-84710c7967bb, previousRequestId: no previous request id, message: EndpointRateLimiting is not enabled for /{everything}
info: Ocelot.Authentication.Middleware.AuthenticationMiddleware[0]
      requestId: 800000ec-000a-b600-b63f-84710c7967bb, previousRequestId: no previous request id, message: No authentication needed for /chat/process
info: Ocelot.Authorization.Middleware.AuthorizationMiddleware[0]
      requestId: 800000ec-000a-b600-b63f-84710c7967bb, previousRequestId: no previous request id, message: /{everything} route does not require user to be authorized
info: Ocelot.Requester.Middleware.HttpRequesterMiddleware[0]
      requestId: 800000ec-000a-b600-b63f-84710c7967bb, previousRequestId: no previous request id, message: 400 (Bad Request) status code, request uri: http://192.168.73.133:8000/chat/process
info: Ocelot.RateLimit.Middleware.ClientRateLimitMiddleware[0]
      requestId: 80000446-0008-be00-b63f-84710c7967bb, previousRequestId: no previous request id, message: EndpointRateLimiting is not enabled for /{everything}
info: Ocelot.Authentication.Middleware.AuthenticationMiddleware[0]
      requestId: 80000446-0008-be00-b63f-84710c7967bb, previousRequestId: no previous request id, message: No authentication needed for /chat/process
info: Ocelot.Authorization.Middleware.AuthorizationMiddleware[0]
      requestId: 80000446-0008-be00-b63f-84710c7967bb, previousRequestId: no previous request id, message: /{everything} route does not require user to be authorized
info: Ocelot.Requester.Middleware.HttpRequesterMiddleware[0]
      requestId: 80000446-0008-be00-b63f-84710c7967bb, previousRequestId: no previous request id, message: 400 (Bad Request) status code, request uri: http://192.168.73.133:8000/chat/process
info: Microsoft.Hosting.Lifetime[0]
      Application is shutting down...
