info: Microsoft.Hosting.Lifetime[0]
      Application started. Press Ctrl+C to shut down.
info: Microsoft.Hosting.Lifetime[0]
      Hosting environment: Production
info: Microsoft.Hosting.Lifetime[0]
      Content root path: D:\LMS\Getway\
warn: Ocelot.DownstreamRouteFinder.Middleware.DownstreamRouteFinderMiddleware[0]
      requestId: 8000012b-002e-fa00-b63f-84710c7967bb, previousRequestId: no previous request id, message: DownstreamRouteFinderMiddleware setting pipeline errors. IDownstreamRouteFinder returned Error Code: UnableToFindDownstreamRouteError Message: Failed to match Route configuration for upstream path: /_stcore/health, verb: GET.
warn: Ocelot.DownstreamRouteFinder.Middleware.DownstreamRouteFinderMiddleware[0]
      requestId: 8000078f-002e-ff00-b63f-84710c7967bb, previousRequestId: no previous request id, message: DownstreamRouteFinderMiddleware setting pipeline errors. IDownstreamRouteFinder returned Error Code: UnableToFindDownstreamRouteError Message: Failed to match Route configuration for upstream path: /_stcore/host-config, verb: GET.
warn: Ocelot.Responder.Middleware.ResponderMiddleware[0]
      requestId: 8000012b-002e-fa00-b63f-84710c7967bb, previousRequestId: no previous request id, message: Error Code: UnableToFindDownstreamRouteError Message: Failed to match Route configuration for upstream path: /_stcore/health, verb: GET. errors found in ResponderMiddleware. Setting error response for request path:/_stcore/health, request method: GET
warn: Ocelot.Responder.Middleware.ResponderMiddleware[0]
      requestId: 8000078f-002e-ff00-b63f-84710c7967bb, previousRequestId: no previous request id, message: Error Code: UnableToFindDownstreamRouteError Message: Failed to match Route configuration for upstream path: /_stcore/host-config, verb: GET. errors found in ResponderMiddleware. Setting error response for request path:/_stcore/host-config, request method: GET
warn: Ocelot.DownstreamRouteFinder.Middleware.DownstreamRouteFinderMiddleware[0]
      requestId: 800001dc-0028-f300-b63f-84710c7967bb, previousRequestId: no previous request id, message: DownstreamRouteFinderMiddleware setting pipeline errors. IDownstreamRouteFinder returned Error Code: UnableToFindDownstreamRouteError Message: Failed to match Route configuration for upstream path: /_stcore/host-config, verb: GET.
warn: Ocelot.DownstreamRouteFinder.Middleware.DownstreamRouteFinderMiddleware[0]
      requestId: 80000110-001c-eb00-b63f-84710c7967bb, previousRequestId: no previous request id, message: DownstreamRouteFinderMiddleware setting pipeline errors. IDownstreamRouteFinder returned Error Code: UnableToFindDownstreamRouteError Message: Failed to match Route configuration for upstream path: /_stcore/health, verb: GET.
warn: Ocelot.Responder.Middleware.ResponderMiddleware[0]
      requestId: 80000110-001c-eb00-b63f-84710c7967bb, previousRequestId: no previous request id, message: Error Code: UnableToFindDownstreamRouteError Message: Failed to match Route configuration for upstream path: /_stcore/health, verb: GET. errors found in ResponderMiddleware. Setting error response for request path:/_stcore/health, request method: GET
warn: Ocelot.Responder.Middleware.ResponderMiddleware[0]
      requestId: 800001dc-0028-f300-b63f-84710c7967bb, previousRequestId: no previous request id, message: Error Code: UnableToFindDownstreamRouteError Message: Failed to match Route configuration for upstream path: /_stcore/host-config, verb: GET. errors found in ResponderMiddleware. Setting error response for request path:/_stcore/host-config, request method: GET
warn: Ocelot.DownstreamRouteFinder.Middleware.DownstreamRouteFinderMiddleware[0]
      requestId: 80000238-000c-df00-b63f-84710c7967bb, previousRequestId: no previous request id, message: DownstreamRouteFinderMiddleware setting pipeline errors. IDownstreamRouteFinder returned Error Code: UnableToFindDownstreamRouteError Message: Failed to match Route configuration for upstream path: /_stcore/health, verb: GET.
warn: Ocelot.DownstreamRouteFinder.Middleware.DownstreamRouteFinderMiddleware[0]
      requestId: 800002f6-000c-e000-b63f-84710c7967bb, previousRequestId: no previous request id, message: DownstreamRouteFinderMiddleware setting pipeline errors. IDownstreamRouteFinder returned Error Code: UnableToFindDownstreamRouteError Message: Failed to match Route configuration for upstream path: /_stcore/host-config, verb: GET.
warn: Ocelot.Responder.Middleware.ResponderMiddleware[0]
      requestId: 80000238-000c-df00-b63f-84710c7967bb, previousRequestId: no previous request id, message: Error Code: UnableToFindDownstreamRouteError Message: Failed to match Route configuration for upstream path: /_stcore/health, verb: GET. errors found in ResponderMiddleware. Setting error response for request path:/_stcore/health, request method: GET
warn: Ocelot.Responder.Middleware.ResponderMiddleware[0]
      requestId: 800002f6-000c-e000-b63f-84710c7967bb, previousRequestId: no previous request id, message: Error Code: UnableToFindDownstreamRouteError Message: Failed to match Route configuration for upstream path: /_stcore/host-config, verb: GET. errors found in ResponderMiddleware. Setting error response for request path:/_stcore/host-config, request method: GET
warn: Ocelot.DownstreamRouteFinder.Middleware.DownstreamRouteFinderMiddleware[0]
      requestId: 80000430-0010-dc00-b63f-84710c7967bb, previousRequestId: no previous request id, message: DownstreamRouteFinderMiddleware setting pipeline errors. IDownstreamRouteFinder returned Error Code: UnableToFindDownstreamRouteError Message: Failed to match Route configuration for upstream path: /_stcore/health, verb: GET.
warn: Ocelot.Responder.Middleware.ResponderMiddleware[0]
      requestId: 80000430-0010-dc00-b63f-84710c7967bb, previousRequestId: no previous request id, message: Error Code: UnableToFindDownstreamRouteError Message: Failed to match Route configuration for upstream path: /_stcore/health, verb: GET. errors found in ResponderMiddleware. Setting error response for request path:/_stcore/health, request method: GET
warn: Ocelot.DownstreamRouteFinder.Middleware.DownstreamRouteFinderMiddleware[0]
      requestId: 800002e8-0008-ae00-b63f-84710c7967bb, previousRequestId: no previous request id, message: DownstreamRouteFinderMiddleware setting pipeline errors. IDownstreamRouteFinder returned Error Code: UnableToFindDownstreamRouteError Message: Failed to match Route configuration for upstream path: /_stcore/host-config, verb: GET.
warn: Ocelot.Responder.Middleware.ResponderMiddleware[0]
      requestId: 800002e8-0008-ae00-b63f-84710c7967bb, previousRequestId: no previous request id, message: Error Code: UnableToFindDownstreamRouteError Message: Failed to match Route configuration for upstream path: /_stcore/host-config, verb: GET. errors found in ResponderMiddleware. Setting error response for request path:/_stcore/host-config, request method: GET
info: Ocelot.RateLimit.Middleware.ClientRateLimitMiddleware[0]
      requestId: 80000494-002c-f300-b63f-84710c7967bb, previousRequestId: no previous request id, message: EndpointRateLimiting is not enabled for /
info: Ocelot.Authentication.Middleware.AuthenticationMiddleware[0]
      requestId: 80000494-002c-f300-b63f-84710c7967bb, previousRequestId: no previous request id, message: No authentication needed for /demo
info: Ocelot.Authorization.Middleware.AuthorizationMiddleware[0]
      requestId: 80000494-002c-f300-b63f-84710c7967bb, previousRequestId: no previous request id, message: / route does not require user to be authorized
info: Ocelot.Requester.Middleware.HttpRequesterMiddleware[0]
      requestId: 80000494-002c-f300-b63f-84710c7967bb, previousRequestId: no previous request id, message: 304 (Not Modified) status code, request uri: http://192.168.73.133:8501/
warn: Ocelot.DownstreamRouteFinder.Middleware.DownstreamRouteFinderMiddleware[0]
      requestId: 80000112-001c-eb00-b63f-84710c7967bb, previousRequestId: no previous request id, message: DownstreamRouteFinderMiddleware setting pipeline errors. IDownstreamRouteFinder returned Error Code: UnableToFindDownstreamRouteError Message: Failed to match Route configuration for upstream path: /_stcore/health, verb: GET.
warn: Ocelot.DownstreamRouteFinder.Middleware.DownstreamRouteFinderMiddleware[0]
      requestId: 8000051c-001c-f600-b63f-84710c7967bb, previousRequestId: no previous request id, message: DownstreamRouteFinderMiddleware setting pipeline errors. IDownstreamRouteFinder returned Error Code: UnableToFindDownstreamRouteError Message: Failed to match Route configuration for upstream path: /_stcore/host-config, verb: GET.
warn: Ocelot.Responder.Middleware.ResponderMiddleware[0]
      requestId: 80000112-001c-eb00-b63f-84710c7967bb, previousRequestId: no previous request id, message: Error Code: UnableToFindDownstreamRouteError Message: Failed to match Route configuration for upstream path: /_stcore/health, verb: GET. errors found in ResponderMiddleware. Setting error response for request path:/_stcore/health, request method: GET
warn: Ocelot.Responder.Middleware.ResponderMiddleware[0]
      requestId: 8000051c-001c-f600-b63f-84710c7967bb, previousRequestId: no previous request id, message: Error Code: UnableToFindDownstreamRouteError Message: Failed to match Route configuration for upstream path: /_stcore/host-config, verb: GET. errors found in ResponderMiddleware. Setting error response for request path:/_stcore/host-config, request method: GET
info: Ocelot.RateLimit.Middleware.ClientRateLimitMiddleware[0]
      requestId: 800003f0-002a-f800-b63f-84710c7967bb, previousRequestId: no previous request id, message: EndpointRateLimiting is not enabled for /_stcore/{everything}
info: Ocelot.RateLimit.Middleware.ClientRateLimitMiddleware[0]
      requestId: 80000426-002a-fd00-b63f-84710c7967bb, previousRequestId: no previous request id, message: EndpointRateLimiting is not enabled for /_stcore/{everything}
info: Ocelot.Authentication.Middleware.AuthenticationMiddleware[0]
      requestId: 80000426-002a-fd00-b63f-84710c7967bb, previousRequestId: no previous request id, message: No authentication needed for /demo/_stcore/health
info: Ocelot.Authentication.Middleware.AuthenticationMiddleware[0]
      requestId: 800003f0-002a-f800-b63f-84710c7967bb, previousRequestId: no previous request id, message: No authentication needed for /demo/_stcore/host-config
info: Ocelot.Authorization.Middleware.AuthorizationMiddleware[0]
      requestId: 80000426-002a-fd00-b63f-84710c7967bb, previousRequestId: no previous request id, message: /_stcore/{everything} route does not require user to be authorized
info: Ocelot.Authorization.Middleware.AuthorizationMiddleware[0]
      requestId: 800003f0-002a-f800-b63f-84710c7967bb, previousRequestId: no previous request id, message: /_stcore/{everything} route does not require user to be authorized
info: Ocelot.Requester.Middleware.HttpRequesterMiddleware[0]
      requestId: 800003f0-002a-f800-b63f-84710c7967bb, previousRequestId: no previous request id, message: 304 (Not Modified) status code, request uri: ws://192.168.73.133:8501/_stcore/host-config
info: Ocelot.Requester.Middleware.HttpRequesterMiddleware[0]
      requestId: 80000426-002a-fd00-b63f-84710c7967bb, previousRequestId: no previous request id, message: 304 (Not Modified) status code, request uri: ws://192.168.73.133:8501/_stcore/health
warn: Ocelot.DownstreamRouteFinder.Middleware.DownstreamRouteFinderMiddleware[0]
      requestId: 800005ef-001a-fd00-b63f-84710c7967bb, previousRequestId: no previous request id, message: DownstreamRouteFinderMiddleware setting pipeline errors. IDownstreamRouteFinder returned Error Code: UnableToFindDownstreamRouteError Message: Failed to match Route configuration for upstream path: /_stcore/health, verb: GET.
warn: Ocelot.DownstreamRouteFinder.Middleware.DownstreamRouteFinderMiddleware[0]
      requestId: 80000621-001a-f700-b63f-84710c7967bb, previousRequestId: no previous request id, message: DownstreamRouteFinderMiddleware setting pipeline errors. IDownstreamRouteFinder returned Error Code: UnableToFindDownstreamRouteError Message: Failed to match Route configuration for upstream path: /_stcore/host-config, verb: GET.
warn: Ocelot.Responder.Middleware.ResponderMiddleware[0]
      requestId: 800005ef-001a-fd00-b63f-84710c7967bb, previousRequestId: no previous request id, message: Error Code: UnableToFindDownstreamRouteError Message: Failed to match Route configuration for upstream path: /_stcore/health, verb: GET. errors found in ResponderMiddleware. Setting error response for request path:/_stcore/health, request method: GET
warn: Ocelot.Responder.Middleware.ResponderMiddleware[0]
      requestId: 80000621-001a-f700-b63f-84710c7967bb, previousRequestId: no previous request id, message: Error Code: UnableToFindDownstreamRouteError Message: Failed to match Route configuration for upstream path: /_stcore/host-config, verb: GET. errors found in ResponderMiddleware. Setting error response for request path:/_stcore/host-config, request method: GET
warn: Ocelot.DownstreamRouteFinder.Middleware.DownstreamRouteFinderMiddleware[0]
      requestId: 80000314-0004-d100-b63f-84710c7967bb, previousRequestId: no previous request id, message: DownstreamRouteFinderMiddleware setting pipeline errors. IDownstreamRouteFinder returned Error Code: UnableToFindDownstreamRouteError Message: Failed to match Route configuration for upstream path: /demo/, verb: GET.
warn: Ocelot.Responder.Middleware.ResponderMiddleware[0]
      requestId: 80000314-0004-d100-b63f-84710c7967bb, previousRequestId: no previous request id, message: Error Code: UnableToFindDownstreamRouteError Message: Failed to match Route configuration for upstream path: /demo/, verb: GET. errors found in ResponderMiddleware. Setting error response for request path:/demo/, request method: GET
warn: Ocelot.DownstreamRouteFinder.Middleware.DownstreamRouteFinderMiddleware[0]
      requestId: 80000057-0016-e700-b63f-84710c7967bb, previousRequestId: no previous request id, message: DownstreamRouteFinderMiddleware setting pipeline errors. IDownstreamRouteFinder returned Error Code: UnableToFindDownstreamRouteError Message: Failed to match Route configuration for upstream path: /demo/, verb: GET.
warn: Ocelot.Responder.Middleware.ResponderMiddleware[0]
      requestId: 80000057-0016-e700-b63f-84710c7967bb, previousRequestId: no previous request id, message: Error Code: UnableToFindDownstreamRouteError Message: Failed to match Route configuration for upstream path: /demo/, verb: GET. errors found in ResponderMiddleware. Setting error response for request path:/demo/, request method: GET
warn: Ocelot.DownstreamRouteFinder.Middleware.DownstreamRouteFinderMiddleware[0]
      requestId: 800005b3-0002-d500-b63f-84710c7967bb, previousRequestId: no previous request id, message: DownstreamRouteFinderMiddleware setting pipeline errors. IDownstreamRouteFinder returned Error Code: UnableToFindDownstreamRouteError Message: Failed to match Route configuration for upstream path: /demo/, verb: GET.
warn: Ocelot.Responder.Middleware.ResponderMiddleware[0]
      requestId: 800005b3-0002-d500-b63f-84710c7967bb, previousRequestId: no previous request id, message: Error Code: UnableToFindDownstreamRouteError Message: Failed to match Route configuration for upstream path: /demo/, verb: GET. errors found in ResponderMiddleware. Setting error response for request path:/demo/, request method: GET
warn: Ocelot.DownstreamRouteFinder.Middleware.DownstreamRouteFinderMiddleware[0]
      requestId: 800001de-0028-f300-b63f-84710c7967bb, previousRequestId: no previous request id, message: DownstreamRouteFinderMiddleware setting pipeline errors. IDownstreamRouteFinder returned Error Code: UnableToFindDownstreamRouteError Message: Failed to match Route configuration for upstream path: /_stcore/health, verb: GET.
warn: Ocelot.Responder.Middleware.ResponderMiddleware[0]
      requestId: 800001de-0028-f300-b63f-84710c7967bb, previousRequestId: no previous request id, message: Error Code: UnableToFindDownstreamRouteError Message: Failed to match Route configuration for upstream path: /_stcore/health, verb: GET. errors found in ResponderMiddleware. Setting error response for request path:/_stcore/health, request method: GET
warn: Ocelot.DownstreamRouteFinder.Middleware.DownstreamRouteFinderMiddleware[0]
      requestId: 8000059f-0028-fb00-b63f-84710c7967bb, previousRequestId: no previous request id, message: DownstreamRouteFinderMiddleware setting pipeline errors. IDownstreamRouteFinder returned Error Code: UnableToFindDownstreamRouteError Message: Failed to match Route configuration for upstream path: /_stcore/host-config, verb: GET.
warn: Ocelot.Responder.Middleware.ResponderMiddleware[0]
      requestId: 8000059f-0028-fb00-b63f-84710c7967bb, previousRequestId: no previous request id, message: Error Code: UnableToFindDownstreamRouteError Message: Failed to match Route configuration for upstream path: /_stcore/host-config, verb: GET. errors found in ResponderMiddleware. Setting error response for request path:/_stcore/host-config, request method: GET
warn: Ocelot.DownstreamRouteFinder.Middleware.DownstreamRouteFinderMiddleware[0]
      requestId: 800007b4-000a-d200-b63f-84710c7967bb, previousRequestId: no previous request id, message: DownstreamRouteFinderMiddleware setting pipeline errors. IDownstreamRouteFinder returned Error Code: UnableToFindDownstreamRouteError Message: Failed to match Route configuration for upstream path: /_stcore/health, verb: GET.
warn: Ocelot.DownstreamRouteFinder.Middleware.DownstreamRouteFinderMiddleware[0]
      requestId: 80000220-000a-c900-b63f-84710c7967bb, previousRequestId: no previous request id, message: DownstreamRouteFinderMiddleware setting pipeline errors. IDownstreamRouteFinder returned Error Code: UnableToFindDownstreamRouteError Message: Failed to match Route configuration for upstream path: /_stcore/host-config, verb: GET.
warn: Ocelot.Responder.Middleware.ResponderMiddleware[0]
      requestId: 800007b4-000a-d200-b63f-84710c7967bb, previousRequestId: no previous request id, message: Error Code: UnableToFindDownstreamRouteError Message: Failed to match Route configuration for upstream path: /_stcore/health, verb: GET. errors found in ResponderMiddleware. Setting error response for request path:/_stcore/health, request method: GET
warn: Ocelot.Responder.Middleware.ResponderMiddleware[0]
      requestId: 80000220-000a-c900-b63f-84710c7967bb, previousRequestId: no previous request id, message: Error Code: UnableToFindDownstreamRouteError Message: Failed to match Route configuration for upstream path: /_stcore/host-config, verb: GET. errors found in ResponderMiddleware. Setting error response for request path:/_stcore/host-config, request method: GET
warn: Ocelot.DownstreamRouteFinder.Middleware.DownstreamRouteFinderMiddleware[0]
      requestId: 800002e2-000e-e100-b63f-84710c7967bb, previousRequestId: no previous request id, message: DownstreamRouteFinderMiddleware setting pipeline errors. IDownstreamRouteFinder returned Error Code: UnableToFindDownstreamRouteError Message: Failed to match Route configuration for upstream path: /demo/, verb: GET.
warn: Ocelot.Responder.Middleware.ResponderMiddleware[0]
      requestId: 800002e2-000e-e100-b63f-84710c7967bb, previousRequestId: no previous request id, message: Error Code: UnableToFindDownstreamRouteError Message: Failed to match Route configuration for upstream path: /demo/, verb: GET. errors found in ResponderMiddleware. Setting error response for request path:/demo/, request method: GET
warn: Ocelot.DownstreamRouteFinder.Middleware.DownstreamRouteFinderMiddleware[0]
      requestId: 80000222-000a-c900-b63f-84710c7967bb, previousRequestId: no previous request id, message: DownstreamRouteFinderMiddleware setting pipeline errors. IDownstreamRouteFinder returned Error Code: UnableToFindDownstreamRouteError Message: Failed to match Route configuration for upstream path: /demo/, verb: GET.
warn: Ocelot.Responder.Middleware.ResponderMiddleware[0]
      requestId: 80000222-000a-c900-b63f-84710c7967bb, previousRequestId: no previous request id, message: Error Code: UnableToFindDownstreamRouteError Message: Failed to match Route configuration for upstream path: /demo/, verb: GET. errors found in ResponderMiddleware. Setting error response for request path:/demo/, request method: GET
warn: Ocelot.DownstreamRouteFinder.Middleware.DownstreamRouteFinderMiddleware[0]
      requestId: 80000283-0024-f500-b63f-84710c7967bb, previousRequestId: no previous request id, message: DownstreamRouteFinderMiddleware setting pipeline errors. IDownstreamRouteFinder returned Error Code: UnableToFindDownstreamRouteError Message: Failed to match Route configuration for upstream path: /_stcore/health, verb: GET.
warn: Ocelot.Responder.Middleware.ResponderMiddleware[0]
      requestId: 80000283-0024-f500-b63f-84710c7967bb, previousRequestId: no previous request id, message: Error Code: UnableToFindDownstreamRouteError Message: Failed to match Route configuration for upstream path: /_stcore/health, verb: GET. errors found in ResponderMiddleware. Setting error response for request path:/_stcore/health, request method: GET
warn: Ocelot.DownstreamRouteFinder.Middleware.DownstreamRouteFinderMiddleware[0]
      requestId: 8000015a-0024-fb00-b63f-84710c7967bb, previousRequestId: no previous request id, message: DownstreamRouteFinderMiddleware setting pipeline errors. IDownstreamRouteFinder returned Error Code: UnableToFindDownstreamRouteError Message: Failed to match Route configuration for upstream path: /_stcore/host-config, verb: GET.
warn: Ocelot.Responder.Middleware.ResponderMiddleware[0]
      requestId: 8000015a-0024-fb00-b63f-84710c7967bb, previousRequestId: no previous request id, message: Error Code: UnableToFindDownstreamRouteError Message: Failed to match Route configuration for upstream path: /_stcore/host-config, verb: GET. errors found in ResponderMiddleware. Setting error response for request path:/_stcore/host-config, request method: GET
warn: Ocelot.DownstreamRouteFinder.Middleware.DownstreamRouteFinderMiddleware[0]
      requestId: 800005a1-0028-fb00-b63f-84710c7967bb, previousRequestId: no previous request id, message: DownstreamRouteFinderMiddleware setting pipeline errors. IDownstreamRouteFinder returned Error Code: UnableToFindDownstreamRouteError Message: Failed to match Route configuration for upstream path: /_stcore/health, verb: GET.
warn: Ocelot.DownstreamRouteFinder.Middleware.DownstreamRouteFinderMiddleware[0]
      requestId: 800001e0-0028-f300-b63f-84710c7967bb, previousRequestId: no previous request id, message: DownstreamRouteFinderMiddleware setting pipeline errors. IDownstreamRouteFinder returned Error Code: UnableToFindDownstreamRouteError Message: Failed to match Route configuration for upstream path: /_stcore/host-config, verb: GET.
warn: Ocelot.Responder.Middleware.ResponderMiddleware[0]
      requestId: 800005a1-0028-fb00-b63f-84710c7967bb, previousRequestId: no previous request id, message: Error Code: UnableToFindDownstreamRouteError Message: Failed to match Route configuration for upstream path: /_stcore/health, verb: GET. errors found in ResponderMiddleware. Setting error response for request path:/_stcore/health, request method: GET
warn: Ocelot.Responder.Middleware.ResponderMiddleware[0]
      requestId: 800001e0-0028-f300-b63f-84710c7967bb, previousRequestId: no previous request id, message: Error Code: UnableToFindDownstreamRouteError Message: Failed to match Route configuration for upstream path: /_stcore/host-config, verb: GET. errors found in ResponderMiddleware. Setting error response for request path:/_stcore/host-config, request method: GET
warn: Ocelot.DownstreamRouteFinder.Middleware.DownstreamRouteFinderMiddleware[0]
      requestId: 800005b7-0002-d500-b63f-84710c7967bb, previousRequestId: no previous request id, message: DownstreamRouteFinderMiddleware setting pipeline errors. IDownstreamRouteFinder returned Error Code: UnableToFindDownstreamRouteError Message: Failed to match Route configuration for upstream path: /demo/, verb: GET.
warn: Ocelot.Responder.Middleware.ResponderMiddleware[0]
      requestId: 800005b7-0002-d500-b63f-84710c7967bb, previousRequestId: no previous request id, message: Error Code: UnableToFindDownstreamRouteError Message: Failed to match Route configuration for upstream path: /demo/, verb: GET. errors found in ResponderMiddleware. Setting error response for request path:/demo/, request method: GET
warn: Ocelot.DownstreamRouteFinder.Middleware.DownstreamRouteFinderMiddleware[0]
      requestId: 80000356-000e-c700-b63f-84710c7967bb, previousRequestId: no previous request id, message: DownstreamRouteFinderMiddleware setting pipeline errors. IDownstreamRouteFinder returned Error Code: UnableToFindDownstreamRouteError Message: Failed to match Route configuration for upstream path: /_stcore/health, verb: GET.
warn: Ocelot.Responder.Middleware.ResponderMiddleware[0]
      requestId: 80000356-000e-c700-b63f-84710c7967bb, previousRequestId: no previous request id, message: Error Code: UnableToFindDownstreamRouteError Message: Failed to match Route configuration for upstream path: /_stcore/health, verb: GET. errors found in ResponderMiddleware. Setting error response for request path:/_stcore/health, request method: GET
warn: Ocelot.DownstreamRouteFinder.Middleware.DownstreamRouteFinderMiddleware[0]
      requestId: 80000456-000e-e200-b63f-84710c7967bb, previousRequestId: no previous request id, message: DownstreamRouteFinderMiddleware setting pipeline errors. IDownstreamRouteFinder returned Error Code: UnableToFindDownstreamRouteError Message: Failed to match Route configuration for upstream path: /_stcore/host-config, verb: GET.
warn: Ocelot.Responder.Middleware.ResponderMiddleware[0]
      requestId: 80000456-000e-e200-b63f-84710c7967bb, previousRequestId: no previous request id, message: Error Code: UnableToFindDownstreamRouteError Message: Failed to match Route configuration for upstream path: /_stcore/host-config, verb: GET. errors found in ResponderMiddleware. Setting error response for request path:/_stcore/host-config, request method: GET
warn: Ocelot.DownstreamRouteFinder.Middleware.DownstreamRouteFinderMiddleware[0]
      requestId: 800004f8-0026-ff00-b63f-84710c7967bb, previousRequestId: no previous request id, message: DownstreamRouteFinderMiddleware setting pipeline errors. IDownstreamRouteFinder returned Error Code: UnableToFindDownstreamRouteError Message: Failed to match Route configuration for upstream path: /_stcore/health, verb: GET.
warn: Ocelot.DownstreamRouteFinder.Middleware.DownstreamRouteFinderMiddleware[0]
      requestId: 80000419-0026-fc00-b63f-84710c7967bb, previousRequestId: no previous request id, message: DownstreamRouteFinderMiddleware setting pipeline errors. IDownstreamRouteFinder returned Error Code: UnableToFindDownstreamRouteError Message: Failed to match Route configuration for upstream path: /_stcore/host-config, verb: GET.
warn: Ocelot.Responder.Middleware.ResponderMiddleware[0]
      requestId: 800004f8-0026-ff00-b63f-84710c7967bb, previousRequestId: no previous request id, message: Error Code: UnableToFindDownstreamRouteError Message: Failed to match Route configuration for upstream path: /_stcore/health, verb: GET. errors found in ResponderMiddleware. Setting error response for request path:/_stcore/health, request method: GET
warn: Ocelot.Responder.Middleware.ResponderMiddleware[0]
      requestId: 80000419-0026-fc00-b63f-84710c7967bb, previousRequestId: no previous request id, message: Error Code: UnableToFindDownstreamRouteError Message: Failed to match Route configuration for upstream path: /_stcore/host-config, verb: GET. errors found in ResponderMiddleware. Setting error response for request path:/_stcore/host-config, request method: GET
warn: Ocelot.DownstreamRouteFinder.Middleware.DownstreamRouteFinderMiddleware[0]
      requestId: 800001e2-0028-f300-b63f-84710c7967bb, previousRequestId: no previous request id, message: DownstreamRouteFinderMiddleware setting pipeline errors. IDownstreamRouteFinder returned Error Code: UnableToFindDownstreamRouteError Message: Failed to match Route configuration for upstream path: /_stcore/health, verb: GET.
warn: Ocelot.Responder.Middleware.ResponderMiddleware[0]
      requestId: 800001e2-0028-f300-b63f-84710c7967bb, previousRequestId: no previous request id, message: Error Code: UnableToFindDownstreamRouteError Message: Failed to match Route configuration for upstream path: /_stcore/health, verb: GET. errors found in ResponderMiddleware. Setting error response for request path:/_stcore/health, request method: GET
warn: Ocelot.DownstreamRouteFinder.Middleware.DownstreamRouteFinderMiddleware[0]
      requestId: 800005a3-0028-fb00-b63f-84710c7967bb, previousRequestId: no previous request id, message: DownstreamRouteFinderMiddleware setting pipeline errors. IDownstreamRouteFinder returned Error Code: UnableToFindDownstreamRouteError Message: Failed to match Route configuration for upstream path: /_stcore/host-config, verb: GET.
warn: Ocelot.Responder.Middleware.ResponderMiddleware[0]
      requestId: 800005a3-0028-fb00-b63f-84710c7967bb, previousRequestId: no previous request id, message: Error Code: UnableToFindDownstreamRouteError Message: Failed to match Route configuration for upstream path: /_stcore/host-config, verb: GET. errors found in ResponderMiddleware. Setting error response for request path:/_stcore/host-config, request method: GET
warn: Ocelot.DownstreamRouteFinder.Middleware.DownstreamRouteFinderMiddleware[0]
      requestId: 800005a5-0028-fb00-b63f-84710c7967bb, previousRequestId: no previous request id, message: DownstreamRouteFinderMiddleware setting pipeline errors. IDownstreamRouteFinder returned Error Code: UnableToFindDownstreamRouteError Message: Failed to match Route configuration for upstream path: /_stcore/health, verb: GET.
warn: Ocelot.Responder.Middleware.ResponderMiddleware[0]
      requestId: 800005a5-0028-fb00-b63f-84710c7967bb, previousRequestId: no previous request id, message: Error Code: UnableToFindDownstreamRouteError Message: Failed to match Route configuration for upstream path: /_stcore/health, verb: GET. errors found in ResponderMiddleware. Setting error response for request path:/_stcore/health, request method: GET
warn: Ocelot.DownstreamRouteFinder.Middleware.DownstreamRouteFinderMiddleware[0]
      requestId: 800001e4-0028-f300-b63f-84710c7967bb, previousRequestId: no previous request id, message: DownstreamRouteFinderMiddleware setting pipeline errors. IDownstreamRouteFinder returned Error Code: UnableToFindDownstreamRouteError Message: Failed to match Route configuration for upstream path: /_stcore/host-config, verb: GET.
warn: Ocelot.Responder.Middleware.ResponderMiddleware[0]
      requestId: 800001e4-0028-f300-b63f-84710c7967bb, previousRequestId: no previous request id, message: Error Code: UnableToFindDownstreamRouteError Message: Failed to match Route configuration for upstream path: /_stcore/host-config, verb: GET. errors found in ResponderMiddleware. Setting error response for request path:/_stcore/host-config, request method: GET
warn: Ocelot.DownstreamRouteFinder.Middleware.DownstreamRouteFinderMiddleware[0]
      requestId: 800001ea-0006-e700-b63f-84710c7967bb, previousRequestId: no previous request id, message: DownstreamRouteFinderMiddleware setting pipeline errors. IDownstreamRouteFinder returned Error Code: UnableToFindDownstreamRouteError Message: Failed to match Route configuration for upstream path: /_stcore/health, verb: GET.
warn: Ocelot.DownstreamRouteFinder.Middleware.DownstreamRouteFinderMiddleware[0]
      requestId: 8000079e-0006-e800-b63f-84710c7967bb, previousRequestId: no previous request id, message: DownstreamRouteFinderMiddleware setting pipeline errors. IDownstreamRouteFinder returned Error Code: UnableToFindDownstreamRouteError Message: Failed to match Route configuration for upstream path: /_stcore/host-config, verb: GET.
warn: Ocelot.Responder.Middleware.ResponderMiddleware[0]
      requestId: 800001ea-0006-e700-b63f-84710c7967bb, previousRequestId: no previous request id, message: Error Code: UnableToFindDownstreamRouteError Message: Failed to match Route configuration for upstream path: /_stcore/health, verb: GET. errors found in ResponderMiddleware. Setting error response for request path:/_stcore/health, request method: GET
warn: Ocelot.Responder.Middleware.ResponderMiddleware[0]
      requestId: 8000079e-0006-e800-b63f-84710c7967bb, previousRequestId: no previous request id, message: Error Code: UnableToFindDownstreamRouteError Message: Failed to match Route configuration for upstream path: /_stcore/host-config, verb: GET. errors found in ResponderMiddleware. Setting error response for request path:/_stcore/host-config, request method: GET
warn: Ocelot.DownstreamRouteFinder.Middleware.DownstreamRouteFinderMiddleware[0]
      requestId: 8000015c-0024-fb00-b63f-84710c7967bb, previousRequestId: no previous request id, message: DownstreamRouteFinderMiddleware setting pipeline errors. IDownstreamRouteFinder returned Error Code: UnableToFindDownstreamRouteError Message: Failed to match Route configuration for upstream path: /_stcore/health, verb: GET.
warn: Ocelot.Responder.Middleware.ResponderMiddleware[0]
      requestId: 8000015c-0024-fb00-b63f-84710c7967bb, previousRequestId: no previous request id, message: Error Code: UnableToFindDownstreamRouteError Message: Failed to match Route configuration for upstream path: /_stcore/health, verb: GET. errors found in ResponderMiddleware. Setting error response for request path:/_stcore/health, request method: GET
warn: Ocelot.DownstreamRouteFinder.Middleware.DownstreamRouteFinderMiddleware[0]
      requestId: 80000285-0024-f500-b63f-84710c7967bb, previousRequestId: no previous request id, message: DownstreamRouteFinderMiddleware setting pipeline errors. IDownstreamRouteFinder returned Error Code: UnableToFindDownstreamRouteError Message: Failed to match Route configuration for upstream path: /_stcore/host-config, verb: GET.
warn: Ocelot.Responder.Middleware.ResponderMiddleware[0]
      requestId: 80000285-0024-f500-b63f-84710c7967bb, previousRequestId: no previous request id, message: Error Code: UnableToFindDownstreamRouteError Message: Failed to match Route configuration for upstream path: /_stcore/host-config, verb: GET. errors found in ResponderMiddleware. Setting error response for request path:/_stcore/host-config, request method: GET
warn: Ocelot.DownstreamRouteFinder.Middleware.DownstreamRouteFinderMiddleware[0]
      requestId: 80000287-0024-f500-b63f-84710c7967bb, previousRequestId: no previous request id, message: DownstreamRouteFinderMiddleware setting pipeline errors. IDownstreamRouteFinder returned Error Code: UnableToFindDownstreamRouteError Message: Failed to match Route configuration for upstream path: /_stcore/health, verb: GET.
warn: Ocelot.Responder.Middleware.ResponderMiddleware[0]
      requestId: 80000287-0024-f500-b63f-84710c7967bb, previousRequestId: no previous request id, message: Error Code: UnableToFindDownstreamRouteError Message: Failed to match Route configuration for upstream path: /_stcore/health, verb: GET. errors found in ResponderMiddleware. Setting error response for request path:/_stcore/health, request method: GET
warn: Ocelot.DownstreamRouteFinder.Middleware.DownstreamRouteFinderMiddleware[0]
      requestId: 8000015e-0024-fb00-b63f-84710c7967bb, previousRequestId: no previous request id, message: DownstreamRouteFinderMiddleware setting pipeline errors. IDownstreamRouteFinder returned Error Code: UnableToFindDownstreamRouteError Message: Failed to match Route configuration for upstream path: /_stcore/host-config, verb: GET.
warn: Ocelot.Responder.Middleware.ResponderMiddleware[0]
      requestId: 8000015e-0024-fb00-b63f-84710c7967bb, previousRequestId: no previous request id, message: Error Code: UnableToFindDownstreamRouteError Message: Failed to match Route configuration for upstream path: /_stcore/host-config, verb: GET. errors found in ResponderMiddleware. Setting error response for request path:/_stcore/host-config, request method: GET
warn: Ocelot.DownstreamRouteFinder.Middleware.DownstreamRouteFinderMiddleware[0]
      requestId: 8000041b-0026-fc00-b63f-84710c7967bb, previousRequestId: no previous request id, message: DownstreamRouteFinderMiddleware setting pipeline errors. IDownstreamRouteFinder returned Error Code: UnableToFindDownstreamRouteError Message: Failed to match Route configuration for upstream path: /_stcore/health, verb: GET.
warn: Ocelot.Responder.Middleware.ResponderMiddleware[0]
      requestId: 8000041b-0026-fc00-b63f-84710c7967bb, previousRequestId: no previous request id, message: Error Code: UnableToFindDownstreamRouteError Message: Failed to match Route configuration for upstream path: /_stcore/health, verb: GET. errors found in ResponderMiddleware. Setting error response for request path:/_stcore/health, request method: GET
warn: Ocelot.DownstreamRouteFinder.Middleware.DownstreamRouteFinderMiddleware[0]
      requestId: 800001e6-0028-f300-b63f-84710c7967bb, previousRequestId: no previous request id, message: DownstreamRouteFinderMiddleware setting pipeline errors. IDownstreamRouteFinder returned Error Code: UnableToFindDownstreamRouteError Message: Failed to match Route configuration for upstream path: /_stcore/host-config, verb: GET.
warn: Ocelot.Responder.Middleware.ResponderMiddleware[0]
      requestId: 800001e6-0028-f300-b63f-84710c7967bb, previousRequestId: no previous request id, message: Error Code: UnableToFindDownstreamRouteError Message: Failed to match Route configuration for upstream path: /_stcore/host-config, verb: GET. errors found in ResponderMiddleware. Setting error response for request path:/_stcore/host-config, request method: GET
warn: Ocelot.DownstreamRouteFinder.Middleware.DownstreamRouteFinderMiddleware[0]
      requestId: 80000432-0010-dc00-b63f-84710c7967bb, previousRequestId: no previous request id, message: DownstreamRouteFinderMiddleware setting pipeline errors. IDownstreamRouteFinder returned Error Code: UnableToFindDownstreamRouteError Message: Failed to match Route configuration for upstream path: /_stcore/health, verb: GET.
warn: Ocelot.Responder.Middleware.ResponderMiddleware[0]
      requestId: 80000432-0010-dc00-b63f-84710c7967bb, previousRequestId: no previous request id, message: Error Code: UnableToFindDownstreamRouteError Message: Failed to match Route configuration for upstream path: /_stcore/health, verb: GET. errors found in ResponderMiddleware. Setting error response for request path:/_stcore/health, request method: GET
warn: Ocelot.DownstreamRouteFinder.Middleware.DownstreamRouteFinderMiddleware[0]
      requestId: 800000ec-0012-ca00-b63f-84710c7967bb, previousRequestId: no previous request id, message: DownstreamRouteFinderMiddleware setting pipeline errors. IDownstreamRouteFinder returned Error Code: UnableToFindDownstreamRouteError Message: Failed to match Route configuration for upstream path: /_stcore/host-config, verb: GET.
warn: Ocelot.Responder.Middleware.ResponderMiddleware[0]
      requestId: 800000ec-0012-ca00-b63f-84710c7967bb, previousRequestId: no previous request id, message: Error Code: UnableToFindDownstreamRouteError Message: Failed to match Route configuration for upstream path: /_stcore/host-config, verb: GET. errors found in ResponderMiddleware. Setting error response for request path:/_stcore/host-config, request method: GET
warn: Ocelot.DownstreamRouteFinder.Middleware.DownstreamRouteFinderMiddleware[0]
      requestId: 800000d0-001e-e400-b63f-84710c7967bb, previousRequestId: no previous request id, message: DownstreamRouteFinderMiddleware setting pipeline errors. IDownstreamRouteFinder returned Error Code: UnableToFindDownstreamRouteError Message: Failed to match Route configuration for upstream path: /_stcore/health, verb: GET.
warn: Ocelot.Responder.Middleware.ResponderMiddleware[0]
      requestId: 800000d0-001e-e400-b63f-84710c7967bb, previousRequestId: no previous request id, message: Error Code: UnableToFindDownstreamRouteError Message: Failed to match Route configuration for upstream path: /_stcore/health, verb: GET. errors found in ResponderMiddleware. Setting error response for request path:/_stcore/health, request method: GET
warn: Ocelot.DownstreamRouteFinder.Middleware.DownstreamRouteFinderMiddleware[0]
      requestId: 80000391-0020-f300-b63f-84710c7967bb, previousRequestId: no previous request id, message: DownstreamRouteFinderMiddleware setting pipeline errors. IDownstreamRouteFinder returned Error Code: UnableToFindDownstreamRouteError Message: Failed to match Route configuration for upstream path: /_stcore/host-config, verb: GET.
warn: Ocelot.Responder.Middleware.ResponderMiddleware[0]
      requestId: 80000391-0020-f300-b63f-84710c7967bb, previousRequestId: no previous request id, message: Error Code: UnableToFindDownstreamRouteError Message: Failed to match Route configuration for upstream path: /_stcore/host-config, verb: GET. errors found in ResponderMiddleware. Setting error response for request path:/_stcore/host-config, request method: GET
warn: Ocelot.DownstreamRouteFinder.Middleware.DownstreamRouteFinderMiddleware[0]
      requestId: 80000129-0010-f100-b63f-84710c7967bb, previousRequestId: no previous request id, message: DownstreamRouteFinderMiddleware setting pipeline errors. IDownstreamRouteFinder returned Error Code: UnableToFindDownstreamRouteError Message: Failed to match Route configuration for upstream path: /, verb: GET.
warn: Ocelot.Responder.Middleware.ResponderMiddleware[0]
      requestId: 80000129-0010-f100-b63f-84710c7967bb, previousRequestId: no previous request id, message: Error Code: UnableToFindDownstreamRouteError Message: Failed to match Route configuration for upstream path: /, verb: GET. errors found in ResponderMiddleware. Setting error response for request path:/, request method: GET
warn: Ocelot.DownstreamRouteFinder.Middleware.DownstreamRouteFinderMiddleware[0]
      requestId: 800002ef-0008-ae00-b63f-84710c7967bb, previousRequestId: no previous request id, message: DownstreamRouteFinderMiddleware setting pipeline errors. IDownstreamRouteFinder returned Error Code: UnableToFindDownstreamRouteError Message: Failed to match Route configuration for upstream path: /_stcore/health, verb: GET.
warn: Ocelot.Responder.Middleware.ResponderMiddleware[0]
      requestId: 800002ef-0008-ae00-b63f-84710c7967bb, previousRequestId: no previous request id, message: Error Code: UnableToFindDownstreamRouteError Message: Failed to match Route configuration for upstream path: /_stcore/health, verb: GET. errors found in ResponderMiddleware. Setting error response for request path:/_stcore/health, request method: GET
warn: Ocelot.DownstreamRouteFinder.Middleware.DownstreamRouteFinderMiddleware[0]
      requestId: 80000437-0010-dc00-b63f-84710c7967bb, previousRequestId: no previous request id, message: DownstreamRouteFinderMiddleware setting pipeline errors. IDownstreamRouteFinder returned Error Code: UnableToFindDownstreamRouteError Message: Failed to match Route configuration for upstream path: /_stcore/host-config, verb: GET.
warn: Ocelot.Responder.Middleware.ResponderMiddleware[0]
      requestId: 80000437-0010-dc00-b63f-84710c7967bb, previousRequestId: no previous request id, message: Error Code: UnableToFindDownstreamRouteError Message: Failed to match Route configuration for upstream path: /_stcore/host-config, verb: GET. errors found in ResponderMiddleware. Setting error response for request path:/_stcore/host-config, request method: GET
warn: Ocelot.DownstreamRouteFinder.Middleware.DownstreamRouteFinderMiddleware[0]
      requestId: 800002ed-0000-da00-b63f-84710c7967bb, previousRequestId: no previous request id, message: DownstreamRouteFinderMiddleware setting pipeline errors. IDownstreamRouteFinder returned Error Code: UnableToFindDownstreamRouteError Message: Failed to match Route configuration for upstream path: /demo/, verb: GET.
warn: Ocelot.Responder.Middleware.ResponderMiddleware[0]
      requestId: 800002ed-0000-da00-b63f-84710c7967bb, previousRequestId: no previous request id, message: Error Code: UnableToFindDownstreamRouteError Message: Failed to match Route configuration for upstream path: /demo/, verb: GET. errors found in ResponderMiddleware. Setting error response for request path:/demo/, request method: GET
warn: Ocelot.DownstreamRouteFinder.Middleware.DownstreamRouteFinderMiddleware[0]
      requestId: 8000051e-001c-f600-b63f-84710c7967bb, previousRequestId: no previous request id, message: DownstreamRouteFinderMiddleware setting pipeline errors. IDownstreamRouteFinder returned Error Code: UnableToFindDownstreamRouteError Message: Failed to match Route configuration for upstream path: /_stcore/health, verb: GET.
warn: Ocelot.DownstreamRouteFinder.Middleware.DownstreamRouteFinderMiddleware[0]
      requestId: 80000435-002c-f000-b63f-84710c7967bb, previousRequestId: no previous request id, message: DownstreamRouteFinderMiddleware setting pipeline errors. IDownstreamRouteFinder returned Error Code: UnableToFindDownstreamRouteError Message: Failed to match Route configuration for upstream path: /_stcore/host-config, verb: GET.
warn: Ocelot.Responder.Middleware.ResponderMiddleware[0]
      requestId: 8000051e-001c-f600-b63f-84710c7967bb, previousRequestId: no previous request id, message: Error Code: UnableToFindDownstreamRouteError Message: Failed to match Route configuration for upstream path: /_stcore/health, verb: GET. errors found in ResponderMiddleware. Setting error response for request path:/_stcore/health, request method: GET
warn: Ocelot.Responder.Middleware.ResponderMiddleware[0]
      requestId: 80000435-002c-f000-b63f-84710c7967bb, previousRequestId: no previous request id, message: Error Code: UnableToFindDownstreamRouteError Message: Failed to match Route configuration for upstream path: /_stcore/host-config, verb: GET. errors found in ResponderMiddleware. Setting error response for request path:/_stcore/host-config, request method: GET
warn: Ocelot.DownstreamRouteFinder.Middleware.DownstreamRouteFinderMiddleware[0]
      requestId: 80000393-0020-f300-b63f-84710c7967bb, previousRequestId: no previous request id, message: DownstreamRouteFinderMiddleware setting pipeline errors. IDownstreamRouteFinder returned Error Code: UnableToFindDownstreamRouteError Message: Failed to match Route configuration for upstream path: /_stcore/health, verb: GET.
warn: Ocelot.Responder.Middleware.ResponderMiddleware[0]
      requestId: 80000393-0020-f300-b63f-84710c7967bb, previousRequestId: no previous request id, message: Error Code: UnableToFindDownstreamRouteError Message: Failed to match Route configuration for upstream path: /_stcore/health, verb: GET. errors found in ResponderMiddleware. Setting error response for request path:/_stcore/health, request method: GET
warn: Ocelot.DownstreamRouteFinder.Middleware.DownstreamRouteFinderMiddleware[0]
      requestId: 80000456-0020-fa00-b63f-84710c7967bb, previousRequestId: no previous request id, message: DownstreamRouteFinderMiddleware setting pipeline errors. IDownstreamRouteFinder returned Error Code: UnableToFindDownstreamRouteError Message: Failed to match Route configuration for upstream path: /_stcore/host-config, verb: GET.
warn: Ocelot.Responder.Middleware.ResponderMiddleware[0]
      requestId: 80000456-0020-fa00-b63f-84710c7967bb, previousRequestId: no previous request id, message: Error Code: UnableToFindDownstreamRouteError Message: Failed to match Route configuration for upstream path: /_stcore/host-config, verb: GET. errors found in ResponderMiddleware. Setting error response for request path:/_stcore/host-config, request method: GET
warn: Ocelot.DownstreamRouteFinder.Middleware.DownstreamRouteFinderMiddleware[0]
      requestId: 80000395-0020-f300-b63f-84710c7967bb, previousRequestId: no previous request id, message: DownstreamRouteFinderMiddleware setting pipeline errors. IDownstreamRouteFinder returned Error Code: UnableToFindDownstreamRouteError Message: Failed to match Route configuration for upstream path: /_stcore/host-config, verb: GET.
warn: Ocelot.Responder.Middleware.ResponderMiddleware[0]
      requestId: 80000395-0020-f300-b63f-84710c7967bb, previousRequestId: no previous request id, message: Error Code: UnableToFindDownstreamRouteError Message: Failed to match Route configuration for upstream path: /_stcore/host-config, verb: GET. errors found in ResponderMiddleware. Setting error response for request path:/_stcore/host-config, request method: GET
warn: Ocelot.DownstreamRouteFinder.Middleware.DownstreamRouteFinderMiddleware[0]
      requestId: 80000458-0020-fa00-b63f-84710c7967bb, previousRequestId: no previous request id, message: DownstreamRouteFinderMiddleware setting pipeline errors. IDownstreamRouteFinder returned Error Code: UnableToFindDownstreamRouteError Message: Failed to match Route configuration for upstream path: /_stcore/health, verb: GET.
warn: Ocelot.Responder.Middleware.ResponderMiddleware[0]
      requestId: 80000458-0020-fa00-b63f-84710c7967bb, previousRequestId: no previous request id, message: Error Code: UnableToFindDownstreamRouteError Message: Failed to match Route configuration for upstream path: /_stcore/health, verb: GET. errors found in ResponderMiddleware. Setting error response for request path:/_stcore/health, request method: GET
warn: Ocelot.DownstreamRouteFinder.Middleware.DownstreamRouteFinderMiddleware[0]
      requestId: 80000160-0024-fb00-b63f-84710c7967bb, previousRequestId: no previous request id, message: DownstreamRouteFinderMiddleware setting pipeline errors. IDownstreamRouteFinder returned Error Code: UnableToFindDownstreamRouteError Message: Failed to match Route configuration for upstream path: /_stcore/health, verb: GET.
warn: Ocelot.Responder.Middleware.ResponderMiddleware[0]
      requestId: 80000160-0024-fb00-b63f-84710c7967bb, previousRequestId: no previous request id, message: Error Code: UnableToFindDownstreamRouteError Message: Failed to match Route configuration for upstream path: /_stcore/health, verb: GET. errors found in ResponderMiddleware. Setting error response for request path:/_stcore/health, request method: GET
warn: Ocelot.DownstreamRouteFinder.Middleware.DownstreamRouteFinderMiddleware[0]
      requestId: 80000289-0024-f500-b63f-84710c7967bb, previousRequestId: no previous request id, message: DownstreamRouteFinderMiddleware setting pipeline errors. IDownstreamRouteFinder returned Error Code: UnableToFindDownstreamRouteError Message: Failed to match Route configuration for upstream path: /_stcore/host-config, verb: GET.
warn: Ocelot.Responder.Middleware.ResponderMiddleware[0]
      requestId: 80000289-0024-f500-b63f-84710c7967bb, previousRequestId: no previous request id, message: Error Code: UnableToFindDownstreamRouteError Message: Failed to match Route configuration for upstream path: /_stcore/host-config, verb: GET. errors found in ResponderMiddleware. Setting error response for request path:/_stcore/host-config, request method: GET
warn: Ocelot.DownstreamRouteFinder.Middleware.DownstreamRouteFinderMiddleware[0]
      requestId: 80000176-0014-d800-b63f-84710c7967bb, previousRequestId: no previous request id, message: DownstreamRouteFinderMiddleware setting pipeline errors. IDownstreamRouteFinder returned Error Code: UnableToFindDownstreamRouteError Message: Failed to match Route configuration for upstream path: /_stcore/health, verb: GET.
warn: Ocelot.Responder.Middleware.ResponderMiddleware[0]
      requestId: 80000176-0014-d800-b63f-84710c7967bb, previousRequestId: no previous request id, message: Error Code: UnableToFindDownstreamRouteError Message: Failed to match Route configuration for upstream path: /_stcore/health, verb: GET. errors found in ResponderMiddleware. Setting error response for request path:/_stcore/health, request method: GET
warn: Ocelot.DownstreamRouteFinder.Middleware.DownstreamRouteFinderMiddleware[0]
      requestId: 80000149-0014-ec00-b63f-84710c7967bb, previousRequestId: no previous request id, message: DownstreamRouteFinderMiddleware setting pipeline errors. IDownstreamRouteFinder returned Error Code: UnableToFindDownstreamRouteError Message: Failed to match Route configuration for upstream path: /_stcore/host-config, verb: GET.
warn: Ocelot.Responder.Middleware.ResponderMiddleware[0]
      requestId: 80000149-0014-ec00-b63f-84710c7967bb, previousRequestId: no previous request id, message: Error Code: UnableToFindDownstreamRouteError Message: Failed to match Route configuration for upstream path: /_stcore/host-config, verb: GET. errors found in ResponderMiddleware. Setting error response for request path:/_stcore/host-config, request method: GET
warn: Ocelot.DownstreamRouteFinder.Middleware.DownstreamRouteFinderMiddleware[0]
      requestId: 80000224-000a-c900-b63f-84710c7967bb, previousRequestId: no previous request id, message: DownstreamRouteFinderMiddleware setting pipeline errors. IDownstreamRouteFinder returned Error Code: UnableToFindDownstreamRouteError Message: Failed to match Route configuration for upstream path: /_stcore/health, verb: GET.
warn: Ocelot.DownstreamRouteFinder.Middleware.DownstreamRouteFinderMiddleware[0]
      requestId: 800002ef-0000-da00-b63f-84710c7967bb, previousRequestId: no previous request id, message: DownstreamRouteFinderMiddleware setting pipeline errors. IDownstreamRouteFinder returned Error Code: UnableToFindDownstreamRouteError Message: Failed to match Route configuration for upstream path: /_stcore/host-config, verb: GET.
warn: Ocelot.Responder.Middleware.ResponderMiddleware[0]
      requestId: 80000224-000a-c900-b63f-84710c7967bb, previousRequestId: no previous request id, message: Error Code: UnableToFindDownstreamRouteError Message: Failed to match Route configuration for upstream path: /_stcore/health, verb: GET. errors found in ResponderMiddleware. Setting error response for request path:/_stcore/health, request method: GET
warn: Ocelot.Responder.Middleware.ResponderMiddleware[0]
      requestId: 800002ef-0000-da00-b63f-84710c7967bb, previousRequestId: no previous request id, message: Error Code: UnableToFindDownstreamRouteError Message: Failed to match Route configuration for upstream path: /_stcore/host-config, verb: GET. errors found in ResponderMiddleware. Setting error response for request path:/_stcore/host-config, request method: GET
warn: Ocelot.DownstreamRouteFinder.Middleware.DownstreamRouteFinderMiddleware[0]
      requestId: 8000028b-0024-f500-b63f-84710c7967bb, previousRequestId: no previous request id, message: DownstreamRouteFinderMiddleware setting pipeline errors. IDownstreamRouteFinder returned Error Code: UnableToFindDownstreamRouteError Message: Failed to match Route configuration for upstream path: /_stcore/health, verb: GET.
warn: Ocelot.Responder.Middleware.ResponderMiddleware[0]
      requestId: 8000028b-0024-f500-b63f-84710c7967bb, previousRequestId: no previous request id, message: Error Code: UnableToFindDownstreamRouteError Message: Failed to match Route configuration for upstream path: /_stcore/health, verb: GET. errors found in ResponderMiddleware. Setting error response for request path:/_stcore/health, request method: GET
warn: Ocelot.DownstreamRouteFinder.Middleware.DownstreamRouteFinderMiddleware[0]
      requestId: 80000437-002c-f000-b63f-84710c7967bb, previousRequestId: no previous request id, message: DownstreamRouteFinderMiddleware setting pipeline errors. IDownstreamRouteFinder returned Error Code: UnableToFindDownstreamRouteError Message: Failed to match Route configuration for upstream path: /_stcore/host-config, verb: GET.
warn: Ocelot.Responder.Middleware.ResponderMiddleware[0]
      requestId: 80000437-002c-f000-b63f-84710c7967bb, previousRequestId: no previous request id, message: Error Code: UnableToFindDownstreamRouteError Message: Failed to match Route configuration for upstream path: /_stcore/host-config, verb: GET. errors found in ResponderMiddleware. Setting error response for request path:/_stcore/host-config, request method: GET
info: Ocelot.RateLimit.Middleware.ClientRateLimitMiddleware[0]
      requestId: 8000041d-0026-fc00-b63f-84710c7967bb, previousRequestId: no previous request id, message: EndpointRateLimiting is not enabled for /_stcore/{everything}
info: Ocelot.Authentication.Middleware.AuthenticationMiddleware[0]
      requestId: 8000041d-0026-fc00-b63f-84710c7967bb, previousRequestId: no previous request id, message: No authentication needed for /demo/_stcore/health
info: Ocelot.Authorization.Middleware.AuthorizationMiddleware[0]
      requestId: 8000041d-0026-fc00-b63f-84710c7967bb, previousRequestId: no previous request id, message: /_stcore/{everything} route does not require user to be authorized
info: Ocelot.RateLimit.Middleware.ClientRateLimitMiddleware[0]
      requestId: 800004fa-0026-ff00-b63f-84710c7967bb, previousRequestId: no previous request id, message: EndpointRateLimiting is not enabled for /_stcore/{everything}
info: Ocelot.Authentication.Middleware.AuthenticationMiddleware[0]
      requestId: 800004fa-0026-ff00-b63f-84710c7967bb, previousRequestId: no previous request id, message: No authentication needed for /demo/_stcore/host-config
info: Ocelot.Authorization.Middleware.AuthorizationMiddleware[0]
      requestId: 800004fa-0026-ff00-b63f-84710c7967bb, previousRequestId: no previous request id, message: /_stcore/{everything} route does not require user to be authorized
info: Ocelot.Requester.Middleware.HttpRequesterMiddleware[0]
      requestId: 800004fa-0026-ff00-b63f-84710c7967bb, previousRequestId: no previous request id, message: 304 (Not Modified) status code, request uri: ws://192.168.73.133:8501/_stcore/host-config
info: Ocelot.Requester.Middleware.HttpRequesterMiddleware[0]
      requestId: 8000041d-0026-fc00-b63f-84710c7967bb, previousRequestId: no previous request id, message: 304 (Not Modified) status code, request uri: ws://192.168.73.133:8501/_stcore/health
warn: Ocelot.DownstreamRouteFinder.Middleware.DownstreamRouteFinderMiddleware[0]
      requestId: 8000041f-0026-fc00-b63f-84710c7967bb, previousRequestId: no previous request id, message: DownstreamRouteFinderMiddleware setting pipeline errors. IDownstreamRouteFinder returned Error Code: UnableToFindDownstreamRouteError Message: Failed to match Route configuration for upstream path: /_stcore/health, verb: GET.
warn: Ocelot.DownstreamRouteFinder.Middleware.DownstreamRouteFinderMiddleware[0]
      requestId: 800004fc-0026-ff00-b63f-84710c7967bb, previousRequestId: no previous request id, message: DownstreamRouteFinderMiddleware setting pipeline errors. IDownstreamRouteFinder returned Error Code: UnableToFindDownstreamRouteError Message: Failed to match Route configuration for upstream path: /_stcore/host-config, verb: GET.
warn: Ocelot.Responder.Middleware.ResponderMiddleware[0]
      requestId: 8000041f-0026-fc00-b63f-84710c7967bb, previousRequestId: no previous request id, message: Error Code: UnableToFindDownstreamRouteError Message: Failed to match Route configuration for upstream path: /_stcore/health, verb: GET. errors found in ResponderMiddleware. Setting error response for request path:/_stcore/health, request method: GET
warn: Ocelot.Responder.Middleware.ResponderMiddleware[0]
      requestId: 800004fc-0026-ff00-b63f-84710c7967bb, previousRequestId: no previous request id, message: Error Code: UnableToFindDownstreamRouteError Message: Failed to match Route configuration for upstream path: /_stcore/host-config, verb: GET. errors found in ResponderMiddleware. Setting error response for request path:/_stcore/host-config, request method: GET
warn: Ocelot.DownstreamRouteFinder.Middleware.DownstreamRouteFinderMiddleware[0]
      requestId: 8000045c-0020-fa00-b63f-84710c7967bb, previousRequestId: no previous request id, message: DownstreamRouteFinderMiddleware setting pipeline errors. IDownstreamRouteFinder returned Error Code: UnableToFindDownstreamRouteError Message: Failed to match Route configuration for upstream path: /_stcore/health, verb: GET.
warn: Ocelot.Responder.Middleware.ResponderMiddleware[0]
      requestId: 8000045c-0020-fa00-b63f-84710c7967bb, previousRequestId: no previous request id, message: Error Code: UnableToFindDownstreamRouteError Message: Failed to match Route configuration for upstream path: /_stcore/health, verb: GET. errors found in ResponderMiddleware. Setting error response for request path:/_stcore/health, request method: GET
warn: Ocelot.DownstreamRouteFinder.Middleware.DownstreamRouteFinderMiddleware[0]
      requestId: 80000397-0020-f300-b63f-84710c7967bb, previousRequestId: no previous request id, message: DownstreamRouteFinderMiddleware setting pipeline errors. IDownstreamRouteFinder returned Error Code: UnableToFindDownstreamRouteError Message: Failed to match Route configuration for upstream path: /_stcore/host-config, verb: GET.
warn: Ocelot.Responder.Middleware.ResponderMiddleware[0]
      requestId: 80000397-0020-f300-b63f-84710c7967bb, previousRequestId: no previous request id, message: Error Code: UnableToFindDownstreamRouteError Message: Failed to match Route configuration for upstream path: /_stcore/host-config, verb: GET. errors found in ResponderMiddleware. Setting error response for request path:/_stcore/host-config, request method: GET
warn: Ocelot.DownstreamRouteFinder.Middleware.DownstreamRouteFinderMiddleware[0]
      requestId: 8000030e-000c-e000-b63f-84710c7967bb, previousRequestId: no previous request id, message: DownstreamRouteFinderMiddleware setting pipeline errors. IDownstreamRouteFinder returned Error Code: UnableToFindDownstreamRouteError Message: Failed to match Route configuration for upstream path: /_stcore/health, verb: GET.
warn: Ocelot.Responder.Middleware.ResponderMiddleware[0]
      requestId: 8000030e-000c-e000-b63f-84710c7967bb, previousRequestId: no previous request id, message: Error Code: UnableToFindDownstreamRouteError Message: Failed to match Route configuration for upstream path: /_stcore/health, verb: GET. errors found in ResponderMiddleware. Setting error response for request path:/_stcore/health, request method: GET
warn: Ocelot.DownstreamRouteFinder.Middleware.DownstreamRouteFinderMiddleware[0]
      requestId: 8000023a-000c-df00-b63f-84710c7967bb, previousRequestId: no previous request id, message: DownstreamRouteFinderMiddleware setting pipeline errors. IDownstreamRouteFinder returned Error Code: UnableToFindDownstreamRouteError Message: Failed to match Route configuration for upstream path: /_stcore/host-config, verb: GET.
warn: Ocelot.Responder.Middleware.ResponderMiddleware[0]
      requestId: 8000023a-000c-df00-b63f-84710c7967bb, previousRequestId: no previous request id, message: Error Code: UnableToFindDownstreamRouteError Message: Failed to match Route configuration for upstream path: /_stcore/host-config, verb: GET. errors found in ResponderMiddleware. Setting error response for request path:/_stcore/host-config, request method: GET
warn: Ocelot.DownstreamRouteFinder.Middleware.DownstreamRouteFinderMiddleware[0]
      requestId: 800000d2-001e-e400-b63f-84710c7967bb, previousRequestId: no previous request id, message: DownstreamRouteFinderMiddleware setting pipeline errors. IDownstreamRouteFinder returned Error Code: UnableToFindDownstreamRouteError Message: Failed to match Route configuration for upstream path: /_stcore/health, verb: GET.
warn: Ocelot.Responder.Middleware.ResponderMiddleware[0]
      requestId: 800000d2-001e-e400-b63f-84710c7967bb, previousRequestId: no previous request id, message: Error Code: UnableToFindDownstreamRouteError Message: Failed to match Route configuration for upstream path: /_stcore/health, verb: GET. errors found in ResponderMiddleware. Setting error response for request path:/_stcore/health, request method: GET
warn: Ocelot.DownstreamRouteFinder.Middleware.DownstreamRouteFinderMiddleware[0]
      requestId: 80000399-0020-f300-b63f-84710c7967bb, previousRequestId: no previous request id, message: DownstreamRouteFinderMiddleware setting pipeline errors. IDownstreamRouteFinder returned Error Code: UnableToFindDownstreamRouteError Message: Failed to match Route configuration for upstream path: /_stcore/host-config, verb: GET.
warn: Ocelot.Responder.Middleware.ResponderMiddleware[0]
      requestId: 80000399-0020-f300-b63f-84710c7967bb, previousRequestId: no previous request id, message: Error Code: UnableToFindDownstreamRouteError Message: Failed to match Route configuration for upstream path: /_stcore/host-config, verb: GET. errors found in ResponderMiddleware. Setting error response for request path:/_stcore/host-config, request method: GET
warn: Ocelot.DownstreamRouteFinder.Middleware.DownstreamRouteFinderMiddleware[0]
      requestId: 8000042a-002a-fd00-b63f-84710c7967bb, previousRequestId: no previous request id, message: DownstreamRouteFinderMiddleware setting pipeline errors. IDownstreamRouteFinder returned Error Code: UnableToFindDownstreamRouteError Message: Failed to match Route configuration for upstream path: /_stcore/health, verb: GET.
warn: Ocelot.Responder.Middleware.ResponderMiddleware[0]
      requestId: 8000042a-002a-fd00-b63f-84710c7967bb, previousRequestId: no previous request id, message: Error Code: UnableToFindDownstreamRouteError Message: Failed to match Route configuration for upstream path: /_stcore/health, verb: GET. errors found in ResponderMiddleware. Setting error response for request path:/_stcore/health, request method: GET
warn: Ocelot.DownstreamRouteFinder.Middleware.DownstreamRouteFinderMiddleware[0]
      requestId: 8000039b-0020-f300-b63f-84710c7967bb, previousRequestId: no previous request id, message: DownstreamRouteFinderMiddleware setting pipeline errors. IDownstreamRouteFinder returned Error Code: UnableToFindDownstreamRouteError Message: Failed to match Route configuration for upstream path: /_stcore/host-config, verb: GET.
warn: Ocelot.Responder.Middleware.ResponderMiddleware[0]
      requestId: 8000039b-0020-f300-b63f-84710c7967bb, previousRequestId: no previous request id, message: Error Code: UnableToFindDownstreamRouteError Message: Failed to match Route configuration for upstream path: /_stcore/host-config, verb: GET. errors found in ResponderMiddleware. Setting error response for request path:/_stcore/host-config, request method: GET
warn: Ocelot.DownstreamRouteFinder.Middleware.DownstreamRouteFinderMiddleware[0]
      requestId: 800000f4-0012-ca00-b63f-84710c7967bb, previousRequestId: no previous request id, message: DownstreamRouteFinderMiddleware setting pipeline errors. IDownstreamRouteFinder returned Error Code: UnableToFindDownstreamRouteError Message: Failed to match Route configuration for upstream path: /, verb: GET.
warn: Ocelot.Responder.Middleware.ResponderMiddleware[0]
      requestId: 800000f4-0012-ca00-b63f-84710c7967bb, previousRequestId: no previous request id, message: Error Code: UnableToFindDownstreamRouteError Message: Failed to match Route configuration for upstream path: /, verb: GET. errors found in ResponderMiddleware. Setting error response for request path:/, request method: GET
warn: Ocelot.DownstreamRouteFinder.Middleware.DownstreamRouteFinderMiddleware[0]
      requestId: 800000f6-0012-ca00-b63f-84710c7967bb, previousRequestId: no previous request id, message: DownstreamRouteFinderMiddleware setting pipeline errors. IDownstreamRouteFinder returned Error Code: UnableToFindDownstreamRouteError Message: Failed to match Route configuration for upstream path: /_stcore/health, verb: GET.
warn: Ocelot.Responder.Middleware.ResponderMiddleware[0]
      requestId: 800000f6-0012-ca00-b63f-84710c7967bb, previousRequestId: no previous request id, message: Error Code: UnableToFindDownstreamRouteError Message: Failed to match Route configuration for upstream path: /_stcore/health, verb: GET. errors found in ResponderMiddleware. Setting error response for request path:/_stcore/health, request method: GET
warn: Ocelot.DownstreamRouteFinder.Middleware.DownstreamRouteFinderMiddleware[0]
      requestId: 800000bc-0012-cf00-b63f-84710c7967bb, previousRequestId: no previous request id, message: DownstreamRouteFinderMiddleware setting pipeline errors. IDownstreamRouteFinder returned Error Code: UnableToFindDownstreamRouteError Message: Failed to match Route configuration for upstream path: /_stcore/host-config, verb: GET.
warn: Ocelot.Responder.Middleware.ResponderMiddleware[0]
      requestId: 800000bc-0012-cf00-b63f-84710c7967bb, previousRequestId: no previous request id, message: Error Code: UnableToFindDownstreamRouteError Message: Failed to match Route configuration for upstream path: /_stcore/host-config, verb: GET. errors found in ResponderMiddleware. Setting error response for request path:/_stcore/host-config, request method: GET
warn: Ocelot.DownstreamRouteFinder.Middleware.DownstreamRouteFinderMiddleware[0]
      requestId: 80000608-0004-f700-b63f-84710c7967bb, previousRequestId: no previous request id, message: DownstreamRouteFinderMiddleware setting pipeline errors. IDownstreamRouteFinder returned Error Code: UnableToFindDownstreamRouteError Message: Failed to match Route configuration for upstream path: /_stcore/health, verb: GET.
warn: Ocelot.Responder.Middleware.ResponderMiddleware[0]
      requestId: 80000608-0004-f700-b63f-84710c7967bb, previousRequestId: no previous request id, message: Error Code: UnableToFindDownstreamRouteError Message: Failed to match Route configuration for upstream path: /_stcore/health, verb: GET. errors found in ResponderMiddleware. Setting error response for request path:/_stcore/health, request method: GET
warn: Ocelot.DownstreamRouteFinder.Middleware.DownstreamRouteFinderMiddleware[0]
      requestId: 8000032c-0004-d100-b63f-84710c7967bb, previousRequestId: no previous request id, message: DownstreamRouteFinderMiddleware setting pipeline errors. IDownstreamRouteFinder returned Error Code: UnableToFindDownstreamRouteError Message: Failed to match Route configuration for upstream path: /_stcore/host-config, verb: GET.
warn: Ocelot.Responder.Middleware.ResponderMiddleware[0]
      requestId: 8000032c-0004-d100-b63f-84710c7967bb, previousRequestId: no previous request id, message: Error Code: UnableToFindDownstreamRouteError Message: Failed to match Route configuration for upstream path: /_stcore/host-config, verb: GET. errors found in ResponderMiddleware. Setting error response for request path:/_stcore/host-config, request method: GET
warn: Ocelot.DownstreamRouteFinder.Middleware.DownstreamRouteFinderMiddleware[0]
      requestId: 800000d4-001e-e400-b63f-84710c7967bb, previousRequestId: no previous request id, message: DownstreamRouteFinderMiddleware setting pipeline errors. IDownstreamRouteFinder returned Error Code: UnableToFindDownstreamRouteError Message: Failed to match Route configuration for upstream path: /_stcore/health, verb: GET.
warn: Ocelot.Responder.Middleware.ResponderMiddleware[0]
      requestId: 800000d4-001e-e400-b63f-84710c7967bb, previousRequestId: no previous request id, message: Error Code: UnableToFindDownstreamRouteError Message: Failed to match Route configuration for upstream path: /_stcore/health, verb: GET. errors found in ResponderMiddleware. Setting error response for request path:/_stcore/health, request method: GET
warn: Ocelot.DownstreamRouteFinder.Middleware.DownstreamRouteFinderMiddleware[0]
      requestId: 8000027b-001e-ef00-b63f-84710c7967bb, previousRequestId: no previous request id, message: DownstreamRouteFinderMiddleware setting pipeline errors. IDownstreamRouteFinder returned Error Code: UnableToFindDownstreamRouteError Message: Failed to match Route configuration for upstream path: /_stcore/host-config, verb: GET.
warn: Ocelot.Responder.Middleware.ResponderMiddleware[0]
      requestId: 8000027b-001e-ef00-b63f-84710c7967bb, previousRequestId: no previous request id, message: Error Code: UnableToFindDownstreamRouteError Message: Failed to match Route configuration for upstream path: /_stcore/host-config, verb: GET. errors found in ResponderMiddleware. Setting error response for request path:/_stcore/host-config, request method: GET
warn: Ocelot.DownstreamRouteFinder.Middleware.DownstreamRouteFinderMiddleware[0]
      requestId: 80000523-001c-f600-b63f-84710c7967bb, previousRequestId: no previous request id, message: DownstreamRouteFinderMiddleware setting pipeline errors. IDownstreamRouteFinder returned Error Code: UnableToFindDownstreamRouteError Message: Failed to match Route configuration for upstream path: /_stcore/health, verb: GET.
warn: Ocelot.Responder.Middleware.ResponderMiddleware[0]
      requestId: 80000523-001c-f600-b63f-84710c7967bb, previousRequestId: no previous request id, message: Error Code: UnableToFindDownstreamRouteError Message: Failed to match Route configuration for upstream path: /_stcore/health, verb: GET. errors found in ResponderMiddleware. Setting error response for request path:/_stcore/health, request method: GET
warn: Ocelot.DownstreamRouteFinder.Middleware.DownstreamRouteFinderMiddleware[0]
      requestId: 8000012d-002e-fa00-b63f-84710c7967bb, previousRequestId: no previous request id, message: DownstreamRouteFinderMiddleware setting pipeline errors. IDownstreamRouteFinder returned Error Code: UnableToFindDownstreamRouteError Message: Failed to match Route configuration for upstream path: /_stcore/host-config, verb: GET.
warn: Ocelot.Responder.Middleware.ResponderMiddleware[0]
      requestId: 8000012d-002e-fa00-b63f-84710c7967bb, previousRequestId: no previous request id, message: Error Code: UnableToFindDownstreamRouteError Message: Failed to match Route configuration for upstream path: /_stcore/host-config, verb: GET. errors found in ResponderMiddleware. Setting error response for request path:/_stcore/host-config, request method: GET
info: Ocelot.RateLimit.Middleware.ClientRateLimitMiddleware[0]
      requestId: 80000626-001a-f700-b63f-84710c7967bb, previousRequestId: no previous request id, message: EndpointRateLimiting is not enabled for /{everything}
info: Ocelot.RateLimit.Middleware.ClientRateLimitMiddleware[0]
      requestId: 800005f1-001a-fd00-b63f-84710c7967bb, previousRequestId: no previous request id, message: EndpointRateLimiting is not enabled for /{everything}
info: Ocelot.Authentication.Middleware.AuthenticationMiddleware[0]
      requestId: 800005f1-001a-fd00-b63f-84710c7967bb, previousRequestId: no previous request id, message: No authentication needed for /_stcore/host-config
info: Ocelot.Authentication.Middleware.AuthenticationMiddleware[0]
      requestId: 80000626-001a-f700-b63f-84710c7967bb, previousRequestId: no previous request id, message: No authentication needed for /_stcore/health
info: Ocelot.Authorization.Middleware.AuthorizationMiddleware[0]
      requestId: 80000626-001a-f700-b63f-84710c7967bb, previousRequestId: no previous request id, message: /{everything} route does not require user to be authorized
info: Ocelot.Authorization.Middleware.AuthorizationMiddleware[0]
      requestId: 800005f1-001a-fd00-b63f-84710c7967bb, previousRequestId: no previous request id, message: /{everything} route does not require user to be authorized
warn: Ocelot.Requester.Middleware.HttpRequesterMiddleware[0]
      requestId: 800005f1-001a-fd00-b63f-84710c7967bb, previousRequestId: no previous request id, message: 404 (Not Found) status code, request uri: http://192.168.73.133:8000/_stcore/host-config
warn: Ocelot.Requester.Middleware.HttpRequesterMiddleware[0]
      requestId: 80000626-001a-f700-b63f-84710c7967bb, previousRequestId: no previous request id, message: 404 (Not Found) status code, request uri: http://192.168.73.133:8000/_stcore/health
info: Ocelot.RateLimit.Middleware.ClientRateLimitMiddleware[0]
      requestId: 8000045d-000e-e200-b63f-84710c7967bb, previousRequestId: no previous request id, message: EndpointRateLimiting is not enabled for /{everything}
info: Ocelot.Authentication.Middleware.AuthenticationMiddleware[0]
      requestId: 8000045d-000e-e200-b63f-84710c7967bb, previousRequestId: no previous request id, message: No authentication needed for /_stcore/health
info: Ocelot.Authorization.Middleware.AuthorizationMiddleware[0]
      requestId: 8000045d-000e-e200-b63f-84710c7967bb, previousRequestId: no previous request id, message: /{everything} route does not require user to be authorized
info: Ocelot.RateLimit.Middleware.ClientRateLimitMiddleware[0]
      requestId: 80000358-000e-c700-b63f-84710c7967bb, previousRequestId: no previous request id, message: EndpointRateLimiting is not enabled for /{everything}
info: Ocelot.Authentication.Middleware.AuthenticationMiddleware[0]
      requestId: 80000358-000e-c700-b63f-84710c7967bb, previousRequestId: no previous request id, message: No authentication needed for /_stcore/host-config
info: Ocelot.Authorization.Middleware.AuthorizationMiddleware[0]
      requestId: 80000358-000e-c700-b63f-84710c7967bb, previousRequestId: no previous request id, message: /{everything} route does not require user to be authorized
warn: Ocelot.Requester.Middleware.HttpRequesterMiddleware[0]
      requestId: 8000045d-000e-e200-b63f-84710c7967bb, previousRequestId: no previous request id, message: 404 (Not Found) status code, request uri: http://192.168.73.133:8000/_stcore/health
warn: Ocelot.Requester.Middleware.HttpRequesterMiddleware[0]
      requestId: 80000358-000e-c700-b63f-84710c7967bb, previousRequestId: no previous request id, message: 404 (Not Found) status code, request uri: http://192.168.73.133:8000/_stcore/host-config
info: Ocelot.RateLimit.Middleware.ClientRateLimitMiddleware[0]
      requestId: 800000be-0012-cf00-b63f-84710c7967bb, previousRequestId: no previous request id, message: EndpointRateLimiting is not enabled for /{everything}
info: Ocelot.Authentication.Middleware.AuthenticationMiddleware[0]
      requestId: 800000be-0012-cf00-b63f-84710c7967bb, previousRequestId: no previous request id, message: No authentication needed for /_stcore/health
info: Ocelot.Authorization.Middleware.AuthorizationMiddleware[0]
      requestId: 800000be-0012-cf00-b63f-84710c7967bb, previousRequestId: no previous request id, message: /{everything} route does not require user to be authorized
info: Ocelot.RateLimit.Middleware.ClientRateLimitMiddleware[0]
      requestId: 800000d6-0014-ee00-b63f-84710c7967bb, previousRequestId: no previous request id, message: EndpointRateLimiting is not enabled for /{everything}
info: Ocelot.Authentication.Middleware.AuthenticationMiddleware[0]
      requestId: 800000d6-0014-ee00-b63f-84710c7967bb, previousRequestId: no previous request id, message: No authentication needed for /_stcore/host-config
info: Ocelot.Authorization.Middleware.AuthorizationMiddleware[0]
      requestId: 800000d6-0014-ee00-b63f-84710c7967bb, previousRequestId: no previous request id, message: /{everything} route does not require user to be authorized
warn: Ocelot.Requester.Middleware.HttpRequesterMiddleware[0]
      requestId: 800000be-0012-cf00-b63f-84710c7967bb, previousRequestId: no previous request id, message: 404 (Not Found) status code, request uri: http://192.168.73.133:8000/_stcore/health
warn: Ocelot.Requester.Middleware.HttpRequesterMiddleware[0]
      requestId: 800000d6-0014-ee00-b63f-84710c7967bb, previousRequestId: no previous request id, message: 404 (Not Found) status code, request uri: http://192.168.73.133:8000/_stcore/host-config
info: Microsoft.Hosting.Lifetime[0]
      Application is shutting down...
