info: Microsoft.Hosting.Lifetime[0]
      Application started. Press Ctrl+C to shut down.
info: Microsoft.Hosting.Lifetime[0]
      Hosting environment: Production
info: Microsoft.Hosting.Lifetime[0]
      Content root path: D:\LMS\Getway\
info: Ocelot.RateLimit.Middleware.ClientRateLimitMiddleware[0]
      requestId: 80000397-0026-ee00-b63f-84710c7967bb, previousRequestId: no previous request id, message: EndpointRateLimiting is not enabled for /{everything}
info: Ocelot.Authentication.Middleware.AuthenticationMiddleware[0]
      requestId: 80000397-0026-ee00-b63f-84710c7967bb, previousRequestId: no previous request id, message: No authentication needed for /generate/goal
info: Ocelot.Authorization.Middleware.AuthorizationMiddleware[0]
      requestId: 80000397-0026-ee00-b63f-84710c7967bb, previousRequestId: no previous request id, message: /{everything} route does not require user to be authorized
info: Ocelot.Requester.Middleware.HttpRequesterMiddleware[0]
      requestId: 80000397-0026-ee00-b63f-84710c7967bb, previousRequestId: no previous request id, message: 200 (OK) status code, request uri: http://192.168.73.133:8000/generate/goal
info: Ocelot.RateLimit.Middleware.ClientRateLimitMiddleware[0]
      requestId: 80000054-002a-f200-b63f-84710c7967bb, previousRequestId: no previous request id, message: EndpointRateLimiting is not enabled for /{everything}
info: Ocelot.Authentication.Middleware.AuthenticationMiddleware[0]
      requestId: 80000054-002a-f200-b63f-84710c7967bb, previousRequestId: no previous request id, message: No authentication needed for /generate/goal
info: Ocelot.Authorization.Middleware.AuthorizationMiddleware[0]
      requestId: 80000054-002a-f200-b63f-84710c7967bb, previousRequestId: no previous request id, message: /{everything} route does not require user to be authorized
info: Ocelot.Requester.Middleware.HttpRequesterMiddleware[0]
      requestId: 80000054-002a-f200-b63f-84710c7967bb, previousRequestId: no previous request id, message: 200 (OK) status code, request uri: http://192.168.73.133:8000/generate/goal
info: Ocelot.RateLimit.Middleware.ClientRateLimitMiddleware[0]
      requestId: 8000032d-0020-ff00-b63f-84710c7967bb, previousRequestId: no previous request id, message: EndpointRateLimiting is not enabled for /{everything}
info: Ocelot.Authentication.Middleware.AuthenticationMiddleware[0]
      requestId: 8000032d-0020-ff00-b63f-84710c7967bb, previousRequestId: no previous request id, message: No authentication needed for /chat/voice
info: Ocelot.Authorization.Middleware.AuthorizationMiddleware[0]
      requestId: 8000032d-0020-ff00-b63f-84710c7967bb, previousRequestId: no previous request id, message: /{everything} route does not require user to be authorized
info: Ocelot.Requester.Middleware.HttpRequesterMiddleware[0]
      requestId: 8000032d-0020-ff00-b63f-84710c7967bb, previousRequestId: no previous request id, message: 400 (Bad Request) status code, request uri: http://192.168.73.133:8000/chat/voice
info: Ocelot.RateLimit.Middleware.ClientRateLimitMiddleware[0]
      requestId: 80000376-0006-e600-b63f-84710c7967bb, previousRequestId: no previous request id, message: EndpointRateLimiting is not enabled for /{everything}
info: Ocelot.Authentication.Middleware.AuthenticationMiddleware[0]
      requestId: 80000376-0006-e600-b63f-84710c7967bb, previousRequestId: no previous request id, message: No authentication needed for /chat/process
info: Ocelot.Authorization.Middleware.AuthorizationMiddleware[0]
      requestId: 80000376-0006-e600-b63f-84710c7967bb, previousRequestId: no previous request id, message: /{everything} route does not require user to be authorized
info: Ocelot.Requester.Middleware.HttpRequesterMiddleware[0]
      requestId: 80000376-0006-e600-b63f-84710c7967bb, previousRequestId: no previous request id, message: 400 (Bad Request) status code, request uri: http://192.168.73.133:8000/chat/process
info: Ocelot.RateLimit.Middleware.ClientRateLimitMiddleware[0]
      requestId: 800002bd-0012-e600-b63f-84710c7967bb, previousRequestId: no previous request id, message: EndpointRateLimiting is not enabled for /{everything}
info: Ocelot.Authentication.Middleware.AuthenticationMiddleware[0]
      requestId: 800002bd-0012-e600-b63f-84710c7967bb, previousRequestId: no previous request id, message: No authentication needed for /chat/voice
info: Ocelot.Authorization.Middleware.AuthorizationMiddleware[0]
      requestId: 800002bd-0012-e600-b63f-84710c7967bb, previousRequestId: no previous request id, message: /{everything} route does not require user to be authorized
info: Ocelot.Requester.Middleware.HttpRequesterMiddleware[0]
      requestId: 800002bd-0012-e600-b63f-84710c7967bb, previousRequestId: no previous request id, message: 400 (Bad Request) status code, request uri: http://192.168.73.133:8000/chat/voice
info: Ocelot.RateLimit.Middleware.ClientRateLimitMiddleware[0]
      requestId: 80000139-0023-ff00-b63f-84710c7967bb, previousRequestId: no previous request id, message: EndpointRateLimiting is not enabled for /{everything}
info: Ocelot.Authentication.Middleware.AuthenticationMiddleware[0]
      requestId: 80000139-0023-ff00-b63f-84710c7967bb, previousRequestId: no previous request id, message: No authentication needed for /
info: Ocelot.Authorization.Middleware.AuthorizationMiddleware[0]
      requestId: 80000139-0023-ff00-b63f-84710c7967bb, previousRequestId: no previous request id, message: /{everything} route does not require user to be authorized
info: Ocelot.Requester.Middleware.HttpRequesterMiddleware[0]
      requestId: 80000139-0023-ff00-b63f-84710c7967bb, previousRequestId: no previous request id, message: 200 (OK) status code, request uri: http://192.168.73.133:8000/
info: Ocelot.RateLimit.Middleware.ClientRateLimitMiddleware[0]
      requestId: 800003ac-0020-ea00-b63f-84710c7967bb, previousRequestId: no previous request id, message: EndpointRateLimiting is not enabled for /{everything}
info: Ocelot.Authentication.Middleware.AuthenticationMiddleware[0]
      requestId: 800003ac-0020-ea00-b63f-84710c7967bb, previousRequestId: no previous request id, message: No authentication needed for /chat/voice
info: Ocelot.Authorization.Middleware.AuthorizationMiddleware[0]
      requestId: 800003ac-0020-ea00-b63f-84710c7967bb, previousRequestId: no previous request id, message: /{everything} route does not require user to be authorized
warn: Ocelot.Responder.Middleware.ResponderMiddleware[0]
      requestId: 800003ac-0020-ea00-b63f-84710c7967bb, previousRequestId: no previous request id, message: Error Code: ConnectionToDownstreamServiceError Message: Error connecting to downstream service, exception: System.Net.Http.HttpRequestException: No connection could be made because the target machine actively refused it. (192.168.73.133:8000)
       ---> System.Net.Sockets.SocketException (10061): No connection could be made because the target machine actively refused it.
         at System.Net.Sockets.Socket.AwaitableSocketAsyncEventArgs.ThrowException(SocketError error, CancellationToken cancellationToken)
         at System.Net.Sockets.Socket.AwaitableSocketAsyncEventArgs.System.Threading.Tasks.Sources.IValueTaskSource.GetResult(Int16 token)
         at System.Net.Sockets.Socket.<ConnectAsync>g__WaitForConnectWithCancellation|277_0(AwaitableSocketAsyncEventArgs saea, ValueTask connectTask, CancellationToken cancellationToken)
         at System.Net.Http.HttpConnectionPool.ConnectToTcpHostAsync(String host, Int32 port, HttpRequestMessage initialRequest, Boolean async, CancellationToken cancellationToken)
         --- End of inner exception stack trace ---
         at System.Net.Http.HttpConnectionPool.ConnectToTcpHostAsync(String host, Int32 port, HttpRequestMessage initialRequest, Boolean async, CancellationToken cancellationToken)
         at System.Net.Http.HttpConnectionPool.ConnectAsync(HttpRequestMessage request, Boolean async, CancellationToken cancellationToken)
         at System.Net.Http.HttpConnectionPool.CreateHttp11ConnectionAsync(HttpRequestMessage request, Boolean async, CancellationToken cancellationToken)
         at System.Net.Http.HttpConnectionPool.AddHttp11ConnectionAsync(HttpRequestMessage request)
         at System.Threading.Tasks.TaskCompletionSourceWithCancellation`1.WaitWithCancellationAsync(CancellationToken cancellationToken)
         at System.Net.Http.HttpConnectionPool.GetHttp11ConnectionAsync(HttpRequestMessage request, Boolean async, CancellationToken cancellationToken)
         at System.Net.Http.HttpConnectionPool.SendWithVersionDetectionAndRetryAsync(HttpRequestMessage request, Boolean async, Boolean doRequestAuth, CancellationToken cancellationToken)
         at System.Net.Http.DiagnosticsHandler.SendAsyncCore(HttpRequestMessage request, Boolean async, CancellationToken cancellationToken)
         at System.Net.Http.HttpClient.<SendAsync>g__Core|83_0(HttpRequestMessage request, HttpCompletionOption completionOption, CancellationTokenSource cts, Boolean disposeCts, CancellationTokenSource pendingRequestsCts, CancellationToken originalCancellationToken)
         at Ocelot.Requester.HttpClientHttpRequester.GetResponse(HttpContext httpContext) errors found in ResponderMiddleware. Setting error response for request path:/chat/voice, request method: OPTIONS
info: Ocelot.RateLimit.Middleware.ClientRateLimitMiddleware[0]
      requestId: 80000303-0012-e600-b63f-84710c7967bb, previousRequestId: no previous request id, message: EndpointRateLimiting is not enabled for /{everything}
info: Ocelot.Authentication.Middleware.AuthenticationMiddleware[0]
      requestId: 80000303-0012-e600-b63f-84710c7967bb, previousRequestId: no previous request id, message: No authentication needed for /chat/process
info: Ocelot.Authorization.Middleware.AuthorizationMiddleware[0]
      requestId: 80000303-0012-e600-b63f-84710c7967bb, previousRequestId: no previous request id, message: /{everything} route does not require user to be authorized
info: Ocelot.Requester.Middleware.HttpRequesterMiddleware[0]
      requestId: 80000303-0012-e600-b63f-84710c7967bb, previousRequestId: no previous request id, message: 400 (Bad Request) status code, request uri: http://192.168.73.133:8000/chat/process
info: Ocelot.RateLimit.Middleware.ClientRateLimitMiddleware[0]
      requestId: 8000017a-0000-c900-b63f-84710c7967bb, previousRequestId: no previous request id, message: EndpointRateLimiting is not enabled for /{everything}
info: Ocelot.Authentication.Middleware.AuthenticationMiddleware[0]
      requestId: 8000017a-0000-c900-b63f-84710c7967bb, previousRequestId: no previous request id, message: No authentication needed for /chat/process
info: Ocelot.Authorization.Middleware.AuthorizationMiddleware[0]
      requestId: 8000017a-0000-c900-b63f-84710c7967bb, previousRequestId: no previous request id, message: /{everything} route does not require user to be authorized
warn: Ocelot.Requester.Middleware.HttpRequesterMiddleware[0]
      requestId: 8000017a-0000-c900-b63f-84710c7967bb, previousRequestId: no previous request id, message: 405 (Method Not Allowed) status code, request uri: http://192.168.73.133:8000/chat/process
info: Ocelot.RateLimit.Middleware.ClientRateLimitMiddleware[0]
      requestId: 80000211-0010-fd00-b63f-84710c7967bb, previousRequestId: no previous request id, message: EndpointRateLimiting is not enabled for /{everything}
info: Ocelot.Authentication.Middleware.AuthenticationMiddleware[0]
      requestId: 80000211-0010-fd00-b63f-84710c7967bb, previousRequestId: no previous request id, message: No authentication needed for /chat/voice
info: Ocelot.Authorization.Middleware.AuthorizationMiddleware[0]
      requestId: 80000211-0010-fd00-b63f-84710c7967bb, previousRequestId: no previous request id, message: /{everything} route does not require user to be authorized
info: Ocelot.Requester.Middleware.HttpRequesterMiddleware[0]
      requestId: 80000211-0010-fd00-b63f-84710c7967bb, previousRequestId: no previous request id, message: 400 (Bad Request) status code, request uri: http://192.168.73.133:8000/chat/voice
info: Ocelot.RateLimit.Middleware.ClientRateLimitMiddleware[0]
      requestId: 80000129-0005-fc00-b63f-84710c7967bb, previousRequestId: no previous request id, message: EndpointRateLimiting is not enabled for /{everything}
info: Ocelot.Authentication.Middleware.AuthenticationMiddleware[0]
      requestId: 80000129-0005-fc00-b63f-84710c7967bb, previousRequestId: no previous request id, message: No authentication needed for /chat/process
info: Ocelot.Authorization.Middleware.AuthorizationMiddleware[0]
      requestId: 80000129-0005-fc00-b63f-84710c7967bb, previousRequestId: no previous request id, message: /{everything} route does not require user to be authorized
warn: Ocelot.Requester.Middleware.HttpRequesterMiddleware[0]
      requestId: 80000129-0005-fc00-b63f-84710c7967bb, previousRequestId: no previous request id, message: 422 (Unprocessable Content) status code, request uri: http://192.168.73.133:8000/chat/process
info: Ocelot.RateLimit.Middleware.ClientRateLimitMiddleware[0]
      requestId: 800001da-0012-b700-b63f-84710c7967bb, previousRequestId: no previous request id, message: EndpointRateLimiting is not enabled for /{everything}
info: Ocelot.Authentication.Middleware.AuthenticationMiddleware[0]
      requestId: 800001da-0012-b700-b63f-84710c7967bb, previousRequestId: no previous request id, message: No authentication needed for /chat/process
info: Ocelot.Authorization.Middleware.AuthorizationMiddleware[0]
      requestId: 800001da-0012-b700-b63f-84710c7967bb, previousRequestId: no previous request id, message: /{everything} route does not require user to be authorized
info: Ocelot.Requester.Middleware.HttpRequesterMiddleware[0]
      requestId: 800001da-0012-b700-b63f-84710c7967bb, previousRequestId: no previous request id, message: 200 (OK) status code, request uri: http://192.168.73.133:8000/chat/process
info: Ocelot.RateLimit.Middleware.ClientRateLimitMiddleware[0]
      requestId: 80000c98-0004-f600-b63f-84710c7967bb, previousRequestId: no previous request id, message: EndpointRateLimiting is not enabled for /{everything}
info: Ocelot.Authentication.Middleware.AuthenticationMiddleware[0]
      requestId: 80000c98-0004-f600-b63f-84710c7967bb, previousRequestId: no previous request id, message: No authentication needed for /chat/voice
info: Ocelot.Authorization.Middleware.AuthorizationMiddleware[0]
      requestId: 80000c98-0004-f600-b63f-84710c7967bb, previousRequestId: no previous request id, message: /{everything} route does not require user to be authorized
info: Ocelot.Requester.Middleware.HttpRequesterMiddleware[0]
      requestId: 80000c98-0004-f600-b63f-84710c7967bb, previousRequestId: no previous request id, message: 400 (Bad Request) status code, request uri: http://192.168.73.133:8000/chat/voice
info: Ocelot.RateLimit.Middleware.ClientRateLimitMiddleware[0]
      requestId: 8000010c-0012-c400-b63f-84710c7967bb, previousRequestId: no previous request id, message: EndpointRateLimiting is not enabled for /{everything}
info: Ocelot.Authentication.Middleware.AuthenticationMiddleware[0]
      requestId: 8000010c-0012-c400-b63f-84710c7967bb, previousRequestId: no previous request id, message: No authentication needed for /chat/voice
info: Ocelot.Authorization.Middleware.AuthorizationMiddleware[0]
      requestId: 8000010c-0012-c400-b63f-84710c7967bb, previousRequestId: no previous request id, message: /{everything} route does not require user to be authorized
info: Ocelot.Requester.Middleware.HttpRequesterMiddleware[0]
      requestId: 8000010c-0012-c400-b63f-84710c7967bb, previousRequestId: no previous request id, message: 400 (Bad Request) status code, request uri: http://192.168.73.133:8000/chat/voice
info: Ocelot.RateLimit.Middleware.ClientRateLimitMiddleware[0]
      requestId: 8000010e-0012-c400-b63f-84710c7967bb, previousRequestId: no previous request id, message: EndpointRateLimiting is not enabled for /{everything}
info: Ocelot.Authentication.Middleware.AuthenticationMiddleware[0]
      requestId: 8000010e-0012-c400-b63f-84710c7967bb, previousRequestId: no previous request id, message: No authentication needed for /chat/voice
info: Ocelot.Authorization.Middleware.AuthorizationMiddleware[0]
      requestId: 8000010e-0012-c400-b63f-84710c7967bb, previousRequestId: no previous request id, message: /{everything} route does not require user to be authorized
info: Ocelot.Requester.Middleware.HttpRequesterMiddleware[0]
      requestId: 8000010e-0012-c400-b63f-84710c7967bb, previousRequestId: no previous request id, message: 400 (Bad Request) status code, request uri: http://192.168.73.133:8000/chat/voice
info: Ocelot.RateLimit.Middleware.ClientRateLimitMiddleware[0]
      requestId: 80000525-0002-dc00-b63f-84710c7967bb, previousRequestId: no previous request id, message: EndpointRateLimiting is not enabled for /{everything}
info: Ocelot.Authentication.Middleware.AuthenticationMiddleware[0]
      requestId: 80000525-0002-dc00-b63f-84710c7967bb, previousRequestId: no previous request id, message: No authentication needed for /generate/goal
info: Ocelot.Authorization.Middleware.AuthorizationMiddleware[0]
      requestId: 80000525-0002-dc00-b63f-84710c7967bb, previousRequestId: no previous request id, message: /{everything} route does not require user to be authorized
info: Ocelot.Requester.Middleware.HttpRequesterMiddleware[0]
      requestId: 80000525-0002-dc00-b63f-84710c7967bb, previousRequestId: no previous request id, message: 400 (Bad Request) status code, request uri: http://192.168.73.133:8000/generate/goal
info: Ocelot.RateLimit.Middleware.ClientRateLimitMiddleware[0]
      requestId: 800009cf-001e-f000-b63f-84710c7967bb, previousRequestId: no previous request id, message: EndpointRateLimiting is not enabled for /{everything}
info: Ocelot.Authentication.Middleware.AuthenticationMiddleware[0]
      requestId: 800009cf-001e-f000-b63f-84710c7967bb, previousRequestId: no previous request id, message: No authentication needed for /generate/goal
info: Ocelot.Authorization.Middleware.AuthorizationMiddleware[0]
      requestId: 800009cf-001e-f000-b63f-84710c7967bb, previousRequestId: no previous request id, message: /{everything} route does not require user to be authorized
info: Ocelot.Requester.Middleware.HttpRequesterMiddleware[0]
      requestId: 800009cf-001e-f000-b63f-84710c7967bb, previousRequestId: no previous request id, message: 200 (OK) status code, request uri: http://192.168.73.133:8000/generate/goal
info: Ocelot.RateLimit.Middleware.ClientRateLimitMiddleware[0]
      requestId: 800000fa-0026-e600-b63f-84710c7967bb, previousRequestId: no previous request id, message: EndpointRateLimiting is not enabled for /{everything}
info: Ocelot.Authentication.Middleware.AuthenticationMiddleware[0]
      requestId: 800000fa-0026-e600-b63f-84710c7967bb, previousRequestId: no previous request id, message: No authentication needed for /generate/goal
info: Ocelot.Authorization.Middleware.AuthorizationMiddleware[0]
      requestId: 800000fa-0026-e600-b63f-84710c7967bb, previousRequestId: no previous request id, message: /{everything} route does not require user to be authorized
info: Ocelot.Requester.Middleware.HttpRequesterMiddleware[0]
      requestId: 800000fa-0026-e600-b63f-84710c7967bb, previousRequestId: no previous request id, message: 200 (OK) status code, request uri: http://192.168.73.133:8000/generate/goal
info: Ocelot.RateLimit.Middleware.ClientRateLimitMiddleware[0]
      requestId: 80000249-0016-fa00-b63f-84710c7967bb, previousRequestId: no previous request id, message: EndpointRateLimiting is not enabled for /{everything}
info: Ocelot.Authentication.Middleware.AuthenticationMiddleware[0]
      requestId: 80000249-0016-fa00-b63f-84710c7967bb, previousRequestId: no previous request id, message: No authentication needed for /chat/voice
info: Ocelot.Authorization.Middleware.AuthorizationMiddleware[0]
      requestId: 80000249-0016-fa00-b63f-84710c7967bb, previousRequestId: no previous request id, message: /{everything} route does not require user to be authorized
info: Ocelot.Requester.Middleware.HttpRequesterMiddleware[0]
      requestId: 80000249-0016-fa00-b63f-84710c7967bb, previousRequestId: no previous request id, message: 400 (Bad Request) status code, request uri: http://192.168.73.133:8000/chat/voice
info: Ocelot.RateLimit.Middleware.ClientRateLimitMiddleware[0]
      requestId: 800000f4-000b-fb00-b63f-84710c7967bb, previousRequestId: no previous request id, message: EndpointRateLimiting is not enabled for /{everything}
info: Ocelot.Authentication.Middleware.AuthenticationMiddleware[0]
      requestId: 800000f4-000b-fb00-b63f-84710c7967bb, previousRequestId: no previous request id, message: No authentication needed for /chat/voice
info: Ocelot.Authorization.Middleware.AuthorizationMiddleware[0]
      requestId: 800000f4-000b-fb00-b63f-84710c7967bb, previousRequestId: no previous request id, message: /{everything} route does not require user to be authorized
info: Ocelot.Requester.Middleware.HttpRequesterMiddleware[0]
      requestId: 800000f4-000b-fb00-b63f-84710c7967bb, previousRequestId: no previous request id, message: 400 (Bad Request) status code, request uri: http://192.168.73.133:8000/chat/voice
info: Ocelot.RateLimit.Middleware.ClientRateLimitMiddleware[0]
      requestId: 80000028-0007-f700-b63f-84710c7967bb, previousRequestId: no previous request id, message: EndpointRateLimiting is not enabled for /{everything}
info: Ocelot.Authentication.Middleware.AuthenticationMiddleware[0]
      requestId: 80000028-0007-f700-b63f-84710c7967bb, previousRequestId: no previous request id, message: No authentication needed for /generate/goal
info: Ocelot.Authorization.Middleware.AuthorizationMiddleware[0]
      requestId: 80000028-0007-f700-b63f-84710c7967bb, previousRequestId: no previous request id, message: /{everything} route does not require user to be authorized
info: Ocelot.Requester.Middleware.HttpRequesterMiddleware[0]
      requestId: 80000028-0007-f700-b63f-84710c7967bb, previousRequestId: no previous request id, message: 400 (Bad Request) status code, request uri: http://192.168.73.133:8000/generate/goal
info: Ocelot.RateLimit.Middleware.ClientRateLimitMiddleware[0]
      requestId: 8000084e-0024-fe00-b63f-84710c7967bb, previousRequestId: no previous request id, message: EndpointRateLimiting is not enabled for /{everything}
info: Ocelot.Authentication.Middleware.AuthenticationMiddleware[0]
      requestId: 8000084e-0024-fe00-b63f-84710c7967bb, previousRequestId: no previous request id, message: No authentication needed for /generate/goal
info: Ocelot.Authorization.Middleware.AuthorizationMiddleware[0]
      requestId: 8000084e-0024-fe00-b63f-84710c7967bb, previousRequestId: no previous request id, message: /{everything} route does not require user to be authorized
info: Ocelot.Requester.Middleware.HttpRequesterMiddleware[0]
      requestId: 8000084e-0024-fe00-b63f-84710c7967bb, previousRequestId: no previous request id, message: 200 (OK) status code, request uri: http://192.168.73.133:8000/generate/goal
info: Ocelot.RateLimit.Middleware.ClientRateLimitMiddleware[0]
      requestId: 800004e1-000c-fe00-b63f-84710c7967bb, previousRequestId: no previous request id, message: EndpointRateLimiting is not enabled for /{everything}
info: Ocelot.Authentication.Middleware.AuthenticationMiddleware[0]
      requestId: 800004e1-000c-fe00-b63f-84710c7967bb, previousRequestId: no previous request id, message: No authentication needed for /generate/goal
info: Ocelot.Authorization.Middleware.AuthorizationMiddleware[0]
      requestId: 800004e1-000c-fe00-b63f-84710c7967bb, previousRequestId: no previous request id, message: /{everything} route does not require user to be authorized
info: Ocelot.Requester.Middleware.HttpRequesterMiddleware[0]
      requestId: 800004e1-000c-fe00-b63f-84710c7967bb, previousRequestId: no previous request id, message: 200 (OK) status code, request uri: http://192.168.73.133:8000/generate/goal
info: Ocelot.RateLimit.Middleware.ClientRateLimitMiddleware[0]
      requestId: 80000cc2-0004-f600-b63f-84710c7967bb, previousRequestId: no previous request id, message: EndpointRateLimiting is not enabled for /{everything}
info: Ocelot.Authentication.Middleware.AuthenticationMiddleware[0]
      requestId: 80000cc2-0004-f600-b63f-84710c7967bb, previousRequestId: no previous request id, message: No authentication needed for /generate/goal
info: Ocelot.Authorization.Middleware.AuthorizationMiddleware[0]
      requestId: 80000cc2-0004-f600-b63f-84710c7967bb, previousRequestId: no previous request id, message: /{everything} route does not require user to be authorized
info: Ocelot.Requester.Middleware.HttpRequesterMiddleware[0]
      requestId: 80000cc2-0004-f600-b63f-84710c7967bb, previousRequestId: no previous request id, message: 400 (Bad Request) status code, request uri: http://192.168.73.133:8000/generate/goal
info: Ocelot.RateLimit.Middleware.ClientRateLimitMiddleware[0]
      requestId: 80000bfb-001c-eb00-b63f-84710c7967bb, previousRequestId: no previous request id, message: EndpointRateLimiting is not enabled for /{everything}
info: Ocelot.Authentication.Middleware.AuthenticationMiddleware[0]
      requestId: 80000bfb-001c-eb00-b63f-84710c7967bb, previousRequestId: no previous request id, message: No authentication needed for /generate/goal
info: Ocelot.Authorization.Middleware.AuthorizationMiddleware[0]
      requestId: 80000bfb-001c-eb00-b63f-84710c7967bb, previousRequestId: no previous request id, message: /{everything} route does not require user to be authorized
info: Ocelot.Requester.Middleware.HttpRequesterMiddleware[0]
      requestId: 80000bfb-001c-eb00-b63f-84710c7967bb, previousRequestId: no previous request id, message: 200 (OK) status code, request uri: http://192.168.73.133:8000/generate/goal
info: Ocelot.RateLimit.Middleware.ClientRateLimitMiddleware[0]
      requestId: 80000562-0006-e400-b63f-84710c7967bb, previousRequestId: no previous request id, message: EndpointRateLimiting is not enabled for /{everything}
info: Ocelot.Authentication.Middleware.AuthenticationMiddleware[0]
      requestId: 80000562-0006-e400-b63f-84710c7967bb, previousRequestId: no previous request id, message: No authentication needed for /generate/goal
info: Ocelot.Authorization.Middleware.AuthorizationMiddleware[0]
      requestId: 80000562-0006-e400-b63f-84710c7967bb, previousRequestId: no previous request id, message: /{everything} route does not require user to be authorized
info: Ocelot.Requester.Middleware.HttpRequesterMiddleware[0]
      requestId: 80000562-0006-e400-b63f-84710c7967bb, previousRequestId: no previous request id, message: 400 (Bad Request) status code, request uri: http://192.168.73.133:8000/generate/goal
info: Ocelot.RateLimit.Middleware.ClientRateLimitMiddleware[0]
      requestId: 8000010e-0026-e600-b63f-84710c7967bb, previousRequestId: no previous request id, message: EndpointRateLimiting is not enabled for /{everything}
info: Ocelot.Authentication.Middleware.AuthenticationMiddleware[0]
      requestId: 8000010e-0026-e600-b63f-84710c7967bb, previousRequestId: no previous request id, message: No authentication needed for /generate/goal
info: Ocelot.Authorization.Middleware.AuthorizationMiddleware[0]
      requestId: 8000010e-0026-e600-b63f-84710c7967bb, previousRequestId: no previous request id, message: /{everything} route does not require user to be authorized
info: Ocelot.Requester.Middleware.HttpRequesterMiddleware[0]
      requestId: 8000010e-0026-e600-b63f-84710c7967bb, previousRequestId: no previous request id, message: 200 (OK) status code, request uri: http://192.168.73.133:8000/generate/goal
info: Ocelot.RateLimit.Middleware.ClientRateLimitMiddleware[0]
      requestId: 8000027e-0000-cf00-b63f-84710c7967bb, previousRequestId: no previous request id, message: EndpointRateLimiting is not enabled for /{everything}
info: Ocelot.Authentication.Middleware.AuthenticationMiddleware[0]
      requestId: 8000027e-0000-cf00-b63f-84710c7967bb, previousRequestId: no previous request id, message: No authentication needed for /generate/goal
info: Ocelot.Authorization.Middleware.AuthorizationMiddleware[0]
      requestId: 8000027e-0000-cf00-b63f-84710c7967bb, previousRequestId: no previous request id, message: /{everything} route does not require user to be authorized
info: Ocelot.Requester.Middleware.HttpRequesterMiddleware[0]
      requestId: 8000027e-0000-cf00-b63f-84710c7967bb, previousRequestId: no previous request id, message: 200 (OK) status code, request uri: http://192.168.73.133:8000/generate/goal
info: Ocelot.RateLimit.Middleware.ClientRateLimitMiddleware[0]
      requestId: 80000d5a-0004-d500-b63f-84710c7967bb, previousRequestId: no previous request id, message: EndpointRateLimiting is not enabled for /{everything}
info: Ocelot.Authentication.Middleware.AuthenticationMiddleware[0]
      requestId: 80000d5a-0004-d500-b63f-84710c7967bb, previousRequestId: no previous request id, message: No authentication needed for /
info: Ocelot.Authorization.Middleware.AuthorizationMiddleware[0]
      requestId: 80000d5a-0004-d500-b63f-84710c7967bb, previousRequestId: no previous request id, message: /{everything} route does not require user to be authorized
info: Ocelot.Requester.Middleware.HttpRequesterMiddleware[0]
      requestId: 80000d5a-0004-d500-b63f-84710c7967bb, previousRequestId: no previous request id, message: 200 (OK) status code, request uri: http://192.168.73.133:8000/
info: Ocelot.RateLimit.Middleware.ClientRateLimitMiddleware[0]
      requestId: 8000039c-0006-c500-b63f-84710c7967bb, previousRequestId: no previous request id, message: EndpointRateLimiting is not enabled for /{everything}
info: Ocelot.Authentication.Middleware.AuthenticationMiddleware[0]
      requestId: 8000039c-0006-c500-b63f-84710c7967bb, previousRequestId: no previous request id, message: No authentication needed for /
info: Ocelot.Authorization.Middleware.AuthorizationMiddleware[0]
      requestId: 8000039c-0006-c500-b63f-84710c7967bb, previousRequestId: no previous request id, message: /{everything} route does not require user to be authorized
info: Ocelot.Requester.Middleware.HttpRequesterMiddleware[0]
      requestId: 8000039c-0006-c500-b63f-84710c7967bb, previousRequestId: no previous request id, message: 200 (OK) status code, request uri: http://192.168.73.133:8000/
info: Ocelot.RateLimit.Middleware.ClientRateLimitMiddleware[0]
      requestId: 80000584-0006-e400-b63f-84710c7967bb, previousRequestId: no previous request id, message: EndpointRateLimiting is not enabled for /{everything}
info: Ocelot.Authentication.Middleware.AuthenticationMiddleware[0]
      requestId: 80000584-0006-e400-b63f-84710c7967bb, previousRequestId: no previous request id, message: No authentication needed for /generate/goal
info: Ocelot.Authorization.Middleware.AuthorizationMiddleware[0]
      requestId: 80000584-0006-e400-b63f-84710c7967bb, previousRequestId: no previous request id, message: /{everything} route does not require user to be authorized
info: Ocelot.Requester.Middleware.HttpRequesterMiddleware[0]
      requestId: 80000584-0006-e400-b63f-84710c7967bb, previousRequestId: no previous request id, message: 200 (OK) status code, request uri: http://192.168.73.133:8000/generate/goal
info: Ocelot.RateLimit.Middleware.ClientRateLimitMiddleware[0]
      requestId: 80000a30-0022-fa00-b63f-84710c7967bb, previousRequestId: no previous request id, message: EndpointRateLimiting is not enabled for /{everything}
info: Ocelot.Authentication.Middleware.AuthenticationMiddleware[0]
      requestId: 80000a30-0022-fa00-b63f-84710c7967bb, previousRequestId: no previous request id, message: No authentication needed for /generate/goal
info: Ocelot.Authorization.Middleware.AuthorizationMiddleware[0]
      requestId: 80000a30-0022-fa00-b63f-84710c7967bb, previousRequestId: no previous request id, message: /{everything} route does not require user to be authorized
info: Ocelot.Requester.Middleware.HttpRequesterMiddleware[0]
      requestId: 80000a30-0022-fa00-b63f-84710c7967bb, previousRequestId: no previous request id, message: 200 (OK) status code, request uri: http://192.168.73.133:8000/generate/goal
info: Ocelot.RateLimit.Middleware.ClientRateLimitMiddleware[0]
      requestId: 800003a9-0002-e700-b63f-84710c7967bb, previousRequestId: no previous request id, message: EndpointRateLimiting is not enabled for /{everything}
info: Ocelot.Authentication.Middleware.AuthenticationMiddleware[0]
      requestId: 800003a9-0002-e700-b63f-84710c7967bb, previousRequestId: no previous request id, message: No authentication needed for /chat/voice
info: Ocelot.Authorization.Middleware.AuthorizationMiddleware[0]
      requestId: 800003a9-0002-e700-b63f-84710c7967bb, previousRequestId: no previous request id, message: /{everything} route does not require user to be authorized
info: Ocelot.Requester.Middleware.HttpRequesterMiddleware[0]
      requestId: 800003a9-0002-e700-b63f-84710c7967bb, previousRequestId: no previous request id, message: 200 (OK) status code, request uri: http://192.168.73.133:8000/chat/voice
info: Ocelot.RateLimit.Middleware.ClientRateLimitMiddleware[0]
      requestId: 800005a2-0006-e400-b63f-84710c7967bb, previousRequestId: no previous request id, message: EndpointRateLimiting is not enabled for /{everything}
info: Ocelot.Authentication.Middleware.AuthenticationMiddleware[0]
      requestId: 800005a2-0006-e400-b63f-84710c7967bb, previousRequestId: no previous request id, message: No authentication needed for /chat/voice
info: Ocelot.Authorization.Middleware.AuthorizationMiddleware[0]
      requestId: 800005a2-0006-e400-b63f-84710c7967bb, previousRequestId: no previous request id, message: /{everything} route does not require user to be authorized
info: Ocelot.Requester.Middleware.HttpRequesterMiddleware[0]
      requestId: 800005a2-0006-e400-b63f-84710c7967bb, previousRequestId: no previous request id, message: 200 (OK) status code, request uri: http://192.168.73.133:8000/chat/voice
info: Microsoft.Hosting.Lifetime[0]
      Application is shutting down...
