info: Microsoft.Hosting.Lifetime[0]
      Application started. Press Ctrl+C to shut down.
info: Microsoft.Hosting.Lifetime[0]
      Hosting environment: Production
info: Microsoft.Hosting.Lifetime[0]
      Content root path: D:\LMS\Getway\
info: Ocelot.RateLimit.Middleware.ClientRateLimitMiddleware[0]
      requestId: 80000468-002c-f000-b63f-84710c7967bb, previousRequestId: no previous request id, message: EndpointRateLimiting is not enabled for /{everything}
info: Ocelot.Authentication.Middleware.AuthenticationMiddleware[0]
      requestId: 80000468-002c-f000-b63f-84710c7967bb, previousRequestId: no previous request id, message: No authentication needed for /_stcore/host-config
info: Ocelot.Authorization.Middleware.AuthorizationMiddleware[0]
      requestId: 80000468-002c-f000-b63f-84710c7967bb, previousRequestId: no previous request id, message: /{everything} route does not require user to be authorized
warn: Ocelot.Requester.Middleware.HttpRequesterMiddleware[0]
      requestId: 80000468-002c-f000-b63f-84710c7967bb, previousRequestId: no previous request id, message: 404 (Not Found) status code, request uri: http://192.168.73.133:8000/_stcore/host-config
info: Ocelot.RateLimit.Middleware.ClientRateLimitMiddleware[0]
      requestId: 8000046a-002c-f000-b63f-84710c7967bb, previousRequestId: no previous request id, message: EndpointRateLimiting is not enabled for /{everything}
info: Ocelot.RateLimit.Middleware.ClientRateLimitMiddleware[0]
      requestId: 800005a5-002c-fb00-b63f-84710c7967bb, previousRequestId: no previous request id, message: EndpointRateLimiting is not enabled for /{everything}
info: Ocelot.Authentication.Middleware.AuthenticationMiddleware[0]
      requestId: 8000046a-002c-f000-b63f-84710c7967bb, previousRequestId: no previous request id, message: No authentication needed for /_stcore/health
info: Ocelot.Authentication.Middleware.AuthenticationMiddleware[0]
      requestId: 800005a5-002c-fb00-b63f-84710c7967bb, previousRequestId: no previous request id, message: No authentication needed for /_stcore/host-config
info: Ocelot.Authorization.Middleware.AuthorizationMiddleware[0]
      requestId: 8000046a-002c-f000-b63f-84710c7967bb, previousRequestId: no previous request id, message: /{everything} route does not require user to be authorized
info: Ocelot.Authorization.Middleware.AuthorizationMiddleware[0]
      requestId: 800005a5-002c-fb00-b63f-84710c7967bb, previousRequestId: no previous request id, message: /{everything} route does not require user to be authorized
warn: Ocelot.Requester.Middleware.HttpRequesterMiddleware[0]
      requestId: 8000046a-002c-f000-b63f-84710c7967bb, previousRequestId: no previous request id, message: 404 (Not Found) status code, request uri: http://192.168.73.133:8000/_stcore/health
warn: Ocelot.Requester.Middleware.HttpRequesterMiddleware[0]
      requestId: 800005a5-002c-fb00-b63f-84710c7967bb, previousRequestId: no previous request id, message: 404 (Not Found) status code, request uri: http://192.168.73.133:8000/_stcore/host-config
info: Ocelot.RateLimit.Middleware.ClientRateLimitMiddleware[0]
      requestId: 800002d4-0008-a800-b63f-84710c7967bb, previousRequestId: no previous request id, message: EndpointRateLimiting is not enabled for /{everything}
info: Ocelot.RateLimit.Middleware.ClientRateLimitMiddleware[0]
      requestId: 80000384-0008-ae00-b63f-84710c7967bb, previousRequestId: no previous request id, message: EndpointRateLimiting is not enabled for /{everything}
info: Ocelot.Authentication.Middleware.AuthenticationMiddleware[0]
      requestId: 80000384-0008-ae00-b63f-84710c7967bb, previousRequestId: no previous request id, message: No authentication needed for /_stcore/host-config
info: Ocelot.Authentication.Middleware.AuthenticationMiddleware[0]
      requestId: 800002d4-0008-a800-b63f-84710c7967bb, previousRequestId: no previous request id, message: No authentication needed for /_stcore/health
info: Ocelot.Authorization.Middleware.AuthorizationMiddleware[0]
      requestId: 800002d4-0008-a800-b63f-84710c7967bb, previousRequestId: no previous request id, message: /{everything} route does not require user to be authorized
info: Ocelot.Authorization.Middleware.AuthorizationMiddleware[0]
      requestId: 80000384-0008-ae00-b63f-84710c7967bb, previousRequestId: no previous request id, message: /{everything} route does not require user to be authorized
warn: Ocelot.Requester.Middleware.HttpRequesterMiddleware[0]
      requestId: 80000384-0008-ae00-b63f-84710c7967bb, previousRequestId: no previous request id, message: 404 (Not Found) status code, request uri: http://192.168.73.133:8000/_stcore/host-config
warn: Ocelot.Requester.Middleware.HttpRequesterMiddleware[0]
      requestId: 800002d4-0008-a800-b63f-84710c7967bb, previousRequestId: no previous request id, message: 404 (Not Found) status code, request uri: http://192.168.73.133:8000/_stcore/health
info: Ocelot.RateLimit.Middleware.ClientRateLimitMiddleware[0]
      requestId: 80000396-002e-f500-b63f-84710c7967bb, previousRequestId: no previous request id, message: EndpointRateLimiting is not enabled for /{everything}
info: Ocelot.Authentication.Middleware.AuthenticationMiddleware[0]
      requestId: 80000396-002e-f500-b63f-84710c7967bb, previousRequestId: no previous request id, message: No authentication needed for /_stcore/health
info: Ocelot.Authorization.Middleware.AuthorizationMiddleware[0]
      requestId: 80000396-002e-f500-b63f-84710c7967bb, previousRequestId: no previous request id, message: /{everything} route does not require user to be authorized
info: Ocelot.RateLimit.Middleware.ClientRateLimitMiddleware[0]
      requestId: 8000047e-002a-fd00-b63f-84710c7967bb, previousRequestId: no previous request id, message: EndpointRateLimiting is not enabled for /{everything}
info: Ocelot.Authentication.Middleware.AuthenticationMiddleware[0]
      requestId: 8000047e-002a-fd00-b63f-84710c7967bb, previousRequestId: no previous request id, message: No authentication needed for /_stcore/host-config
info: Ocelot.Authorization.Middleware.AuthorizationMiddleware[0]
      requestId: 8000047e-002a-fd00-b63f-84710c7967bb, previousRequestId: no previous request id, message: /{everything} route does not require user to be authorized
warn: Ocelot.Requester.Middleware.HttpRequesterMiddleware[0]
      requestId: 80000396-002e-f500-b63f-84710c7967bb, previousRequestId: no previous request id, message: 404 (Not Found) status code, request uri: http://192.168.73.133:8000/_stcore/health
warn: Ocelot.Requester.Middleware.HttpRequesterMiddleware[0]
      requestId: 8000047e-002a-fd00-b63f-84710c7967bb, previousRequestId: no previous request id, message: 404 (Not Found) status code, request uri: http://192.168.73.133:8000/_stcore/host-config
info: Ocelot.RateLimit.Middleware.ClientRateLimitMiddleware[0]
      requestId: 80000314-0000-da00-b63f-84710c7967bb, previousRequestId: no previous request id, message: EndpointRateLimiting is not enabled for /_stcore/{everything}
info: Ocelot.Authentication.Middleware.AuthenticationMiddleware[0]
      requestId: 80000314-0000-da00-b63f-84710c7967bb, previousRequestId: no previous request id, message: No authentication needed for /demo/_stcore/health
info: Ocelot.Authorization.Middleware.AuthorizationMiddleware[0]
      requestId: 80000314-0000-da00-b63f-84710c7967bb, previousRequestId: no previous request id, message: /_stcore/{everything} route does not require user to be authorized
info: Ocelot.Requester.Middleware.HttpRequesterMiddleware[0]
      requestId: 80000314-0000-da00-b63f-84710c7967bb, previousRequestId: no previous request id, message: 200 (OK) status code, request uri: ws://192.168.73.133:8501/_stcore/health
info: Ocelot.RateLimit.Middleware.ClientRateLimitMiddleware[0]
      requestId: 80000071-0013-fb00-b63f-84710c7967bb, previousRequestId: no previous request id, message: EndpointRateLimiting is not enabled for /_stcore/{everything}
info: Ocelot.Authentication.Middleware.AuthenticationMiddleware[0]
      requestId: 80000071-0013-fb00-b63f-84710c7967bb, previousRequestId: no previous request id, message: No authentication needed for /demo/_stcore/health
info: Ocelot.Authorization.Middleware.AuthorizationMiddleware[0]
      requestId: 80000071-0013-fb00-b63f-84710c7967bb, previousRequestId: no previous request id, message: /_stcore/{everything} route does not require user to be authorized
info: Ocelot.Requester.Middleware.HttpRequesterMiddleware[0]
      requestId: 80000071-0013-fb00-b63f-84710c7967bb, previousRequestId: no previous request id, message: 304 (Not Modified) status code, request uri: ws://192.168.73.133:8501/_stcore/health
info: Ocelot.RateLimit.Middleware.ClientRateLimitMiddleware[0]
      requestId: 80000055-001f-fe00-b63f-84710c7967bb, previousRequestId: no previous request id, message: EndpointRateLimiting is not enabled for /{everything}
info: Ocelot.Authentication.Middleware.AuthenticationMiddleware[0]
      requestId: 80000055-001f-fe00-b63f-84710c7967bb, previousRequestId: no previous request id, message: No authentication needed for /_stcore/health
info: Ocelot.Authorization.Middleware.AuthorizationMiddleware[0]
      requestId: 80000055-001f-fe00-b63f-84710c7967bb, previousRequestId: no previous request id, message: /{everything} route does not require user to be authorized
info: Ocelot.RateLimit.Middleware.ClientRateLimitMiddleware[0]
      requestId: 8000019d-0024-fb00-b63f-84710c7967bb, previousRequestId: no previous request id, message: EndpointRateLimiting is not enabled for /{everything}
info: Ocelot.Authentication.Middleware.AuthenticationMiddleware[0]
      requestId: 8000019d-0024-fb00-b63f-84710c7967bb, previousRequestId: no previous request id, message: No authentication needed for /_stcore/host-config
info: Ocelot.Authorization.Middleware.AuthorizationMiddleware[0]
      requestId: 8000019d-0024-fb00-b63f-84710c7967bb, previousRequestId: no previous request id, message: /{everything} route does not require user to be authorized
warn: Ocelot.Requester.Middleware.HttpRequesterMiddleware[0]
      requestId: 80000055-001f-fe00-b63f-84710c7967bb, previousRequestId: no previous request id, message: 404 (Not Found) status code, request uri: http://192.168.73.133:8000/_stcore/health
warn: Ocelot.Requester.Middleware.HttpRequesterMiddleware[0]
      requestId: 8000019d-0024-fb00-b63f-84710c7967bb, previousRequestId: no previous request id, message: 404 (Not Found) status code, request uri: http://192.168.73.133:8000/_stcore/host-config
info: Ocelot.RateLimit.Middleware.ClientRateLimitMiddleware[0]
      requestId: 8000045a-0006-ed00-b63f-84710c7967bb, previousRequestId: no previous request id, message: EndpointRateLimiting is not enabled for /{everything}
info: Ocelot.Authentication.Middleware.AuthenticationMiddleware[0]
      requestId: 8000045a-0006-ed00-b63f-84710c7967bb, previousRequestId: no previous request id, message: No authentication needed for /demo/
info: Ocelot.Authorization.Middleware.AuthorizationMiddleware[0]
      requestId: 8000045a-0006-ed00-b63f-84710c7967bb, previousRequestId: no previous request id, message: /{everything} route does not require user to be authorized
warn: Ocelot.Requester.Middleware.HttpRequesterMiddleware[0]
      requestId: 8000045a-0006-ed00-b63f-84710c7967bb, previousRequestId: no previous request id, message: 404 (Not Found) status code, request uri: http://192.168.73.133:8000/demo/
info: Ocelot.RateLimit.Middleware.ClientRateLimitMiddleware[0]
      requestId: 80000038-001e-ed00-b63f-84710c7967bb, previousRequestId: no previous request id, message: EndpointRateLimiting is not enabled for /{everything}
info: Ocelot.Authentication.Middleware.AuthenticationMiddleware[0]
      requestId: 80000038-001e-ed00-b63f-84710c7967bb, previousRequestId: no previous request id, message: No authentication needed for /_stcore/health
info: Ocelot.Authorization.Middleware.AuthorizationMiddleware[0]
      requestId: 80000038-001e-ed00-b63f-84710c7967bb, previousRequestId: no previous request id, message: /{everything} route does not require user to be authorized
info: Ocelot.RateLimit.Middleware.ClientRateLimitMiddleware[0]
      requestId: 80000101-001e-e400-b63f-84710c7967bb, previousRequestId: no previous request id, message: EndpointRateLimiting is not enabled for /{everything}
info: Ocelot.Authentication.Middleware.AuthenticationMiddleware[0]
      requestId: 80000101-001e-e400-b63f-84710c7967bb, previousRequestId: no previous request id, message: No authentication needed for /_stcore/host-config
info: Ocelot.Authorization.Middleware.AuthorizationMiddleware[0]
      requestId: 80000101-001e-e400-b63f-84710c7967bb, previousRequestId: no previous request id, message: /{everything} route does not require user to be authorized
warn: Ocelot.Requester.Middleware.HttpRequesterMiddleware[0]
      requestId: 80000038-001e-ed00-b63f-84710c7967bb, previousRequestId: no previous request id, message: 404 (Not Found) status code, request uri: http://192.168.73.133:8000/_stcore/health
warn: Ocelot.Requester.Middleware.HttpRequesterMiddleware[0]
      requestId: 80000101-001e-e400-b63f-84710c7967bb, previousRequestId: no previous request id, message: 404 (Not Found) status code, request uri: http://192.168.73.133:8000/_stcore/host-config
info: Ocelot.RateLimit.Middleware.ClientRateLimitMiddleware[0]
      requestId: 80000358-000e-e100-b63f-84710c7967bb, previousRequestId: no previous request id, message: EndpointRateLimiting is not enabled for /{everything}
info: Ocelot.Authentication.Middleware.AuthenticationMiddleware[0]
      requestId: 80000358-000e-e100-b63f-84710c7967bb, previousRequestId: no previous request id, message: No authentication needed for /demo/
info: Ocelot.Authorization.Middleware.AuthorizationMiddleware[0]
      requestId: 80000358-000e-e100-b63f-84710c7967bb, previousRequestId: no previous request id, message: /{everything} route does not require user to be authorized
warn: Ocelot.Requester.Middleware.HttpRequesterMiddleware[0]
      requestId: 80000358-000e-e100-b63f-84710c7967bb, previousRequestId: no previous request id, message: 404 (Not Found) status code, request uri: http://192.168.73.133:8000/demo/
info: Ocelot.RateLimit.Middleware.ClientRateLimitMiddleware[0]
      requestId: 80000103-001e-e400-b63f-84710c7967bb, previousRequestId: no previous request id, message: EndpointRateLimiting is not enabled for /{everything}
info: Ocelot.Authentication.Middleware.AuthenticationMiddleware[0]
      requestId: 80000103-001e-e400-b63f-84710c7967bb, previousRequestId: no previous request id, message: No authentication needed for /_stcore/health
info: Ocelot.Authorization.Middleware.AuthorizationMiddleware[0]
      requestId: 80000103-001e-e400-b63f-84710c7967bb, previousRequestId: no previous request id, message: /{everything} route does not require user to be authorized
info: Ocelot.RateLimit.Middleware.ClientRateLimitMiddleware[0]
      requestId: 8000003a-001e-ed00-b63f-84710c7967bb, previousRequestId: no previous request id, message: EndpointRateLimiting is not enabled for /{everything}
info: Ocelot.Authentication.Middleware.AuthenticationMiddleware[0]
      requestId: 8000003a-001e-ed00-b63f-84710c7967bb, previousRequestId: no previous request id, message: No authentication needed for /_stcore/host-config
info: Ocelot.Authorization.Middleware.AuthorizationMiddleware[0]
      requestId: 8000003a-001e-ed00-b63f-84710c7967bb, previousRequestId: no previous request id, message: /{everything} route does not require user to be authorized
warn: Ocelot.Requester.Middleware.HttpRequesterMiddleware[0]
      requestId: 80000103-001e-e400-b63f-84710c7967bb, previousRequestId: no previous request id, message: 404 (Not Found) status code, request uri: http://192.168.73.133:8000/_stcore/health
warn: Ocelot.Requester.Middleware.HttpRequesterMiddleware[0]
      requestId: 8000003a-001e-ed00-b63f-84710c7967bb, previousRequestId: no previous request id, message: 404 (Not Found) status code, request uri: http://192.168.73.133:8000/_stcore/host-config
info: Ocelot.RateLimit.Middleware.ClientRateLimitMiddleware[0]
      requestId: 800003e3-0004-d100-b63f-84710c7967bb, previousRequestId: no previous request id, message: EndpointRateLimiting is not enabled for /{everything}
info: Ocelot.Authentication.Middleware.AuthenticationMiddleware[0]
      requestId: 800003e3-0004-d100-b63f-84710c7967bb, previousRequestId: no previous request id, message: No authentication needed for /_stcore/health
info: Ocelot.Authorization.Middleware.AuthorizationMiddleware[0]
      requestId: 800003e3-0004-d100-b63f-84710c7967bb, previousRequestId: no previous request id, message: /{everything} route does not require user to be authorized
info: Ocelot.RateLimit.Middleware.ClientRateLimitMiddleware[0]
      requestId: 800002d6-0008-a800-b63f-84710c7967bb, previousRequestId: no previous request id, message: EndpointRateLimiting is not enabled for /{everything}
info: Ocelot.Authentication.Middleware.AuthenticationMiddleware[0]
      requestId: 800002d6-0008-a800-b63f-84710c7967bb, previousRequestId: no previous request id, message: No authentication needed for /_stcore/host-config
info: Ocelot.Authorization.Middleware.AuthorizationMiddleware[0]
      requestId: 800002d6-0008-a800-b63f-84710c7967bb, previousRequestId: no previous request id, message: /{everything} route does not require user to be authorized
warn: Ocelot.Requester.Middleware.HttpRequesterMiddleware[0]
      requestId: 800003e3-0004-d100-b63f-84710c7967bb, previousRequestId: no previous request id, message: 404 (Not Found) status code, request uri: http://192.168.73.133:8000/_stcore/health
warn: Ocelot.Requester.Middleware.HttpRequesterMiddleware[0]
      requestId: 800002d6-0008-a800-b63f-84710c7967bb, previousRequestId: no previous request id, message: 404 (Not Found) status code, request uri: http://192.168.73.133:8000/_stcore/host-config
info: Ocelot.RateLimit.Middleware.ClientRateLimitMiddleware[0]
      requestId: 80000228-0028-f300-b63f-84710c7967bb, previousRequestId: no previous request id, message: EndpointRateLimiting is not enabled for /{everything}
info: Ocelot.Authentication.Middleware.AuthenticationMiddleware[0]
      requestId: 80000228-0028-f300-b63f-84710c7967bb, previousRequestId: no previous request id, message: No authentication needed for /demo/
info: Ocelot.Authorization.Middleware.AuthorizationMiddleware[0]
      requestId: 80000228-0028-f300-b63f-84710c7967bb, previousRequestId: no previous request id, message: /{everything} route does not require user to be authorized
warn: Ocelot.Requester.Middleware.HttpRequesterMiddleware[0]
      requestId: 80000228-0028-f300-b63f-84710c7967bb, previousRequestId: no previous request id, message: 404 (Not Found) status code, request uri: http://192.168.73.133:8000/demo/
info: Ocelot.RateLimit.Middleware.ClientRateLimitMiddleware[0]
      requestId: 800003e5-0004-d100-b63f-84710c7967bb, previousRequestId: no previous request id, message: EndpointRateLimiting is not enabled for /{everything}
info: Ocelot.Authentication.Middleware.AuthenticationMiddleware[0]
      requestId: 800003e5-0004-d100-b63f-84710c7967bb, previousRequestId: no previous request id, message: No authentication needed for /_stcore/health
info: Ocelot.Authorization.Middleware.AuthorizationMiddleware[0]
      requestId: 800003e5-0004-d100-b63f-84710c7967bb, previousRequestId: no previous request id, message: /{everything} route does not require user to be authorized
info: Ocelot.RateLimit.Middleware.ClientRateLimitMiddleware[0]
      requestId: 8000062d-0004-f700-b63f-84710c7967bb, previousRequestId: no previous request id, message: EndpointRateLimiting is not enabled for /{everything}
info: Ocelot.Authentication.Middleware.AuthenticationMiddleware[0]
      requestId: 8000062d-0004-f700-b63f-84710c7967bb, previousRequestId: no previous request id, message: No authentication needed for /_stcore/host-config
info: Ocelot.Authorization.Middleware.AuthorizationMiddleware[0]
      requestId: 8000062d-0004-f700-b63f-84710c7967bb, previousRequestId: no previous request id, message: /{everything} route does not require user to be authorized
warn: Ocelot.Requester.Middleware.HttpRequesterMiddleware[0]
      requestId: 800003e5-0004-d100-b63f-84710c7967bb, previousRequestId: no previous request id, message: 404 (Not Found) status code, request uri: http://192.168.73.133:8000/_stcore/health
warn: Ocelot.Requester.Middleware.HttpRequesterMiddleware[0]
      requestId: 8000062d-0004-f700-b63f-84710c7967bb, previousRequestId: no previous request id, message: 404 (Not Found) status code, request uri: http://192.168.73.133:8000/_stcore/host-config
info: Ocelot.RateLimit.Middleware.ClientRateLimitMiddleware[0]
      requestId: 8000062f-0004-f700-b63f-84710c7967bb, previousRequestId: no previous request id, message: EndpointRateLimiting is not enabled for /{everything}
info: Ocelot.Authentication.Middleware.AuthenticationMiddleware[0]
      requestId: 8000062f-0004-f700-b63f-84710c7967bb, previousRequestId: no previous request id, message: No authentication needed for /demo/
info: Ocelot.Authorization.Middleware.AuthorizationMiddleware[0]
      requestId: 8000062f-0004-f700-b63f-84710c7967bb, previousRequestId: no previous request id, message: /{everything} route does not require user to be authorized
warn: Ocelot.Requester.Middleware.HttpRequesterMiddleware[0]
      requestId: 8000062f-0004-f700-b63f-84710c7967bb, previousRequestId: no previous request id, message: 404 (Not Found) status code, request uri: http://192.168.73.133:8000/demo/
info: Ocelot.RateLimit.Middleware.ClientRateLimitMiddleware[0]
      requestId: 80000480-002a-fd00-b63f-84710c7967bb, previousRequestId: no previous request id, message: EndpointRateLimiting is not enabled for /{everything}
info: Ocelot.Authentication.Middleware.AuthenticationMiddleware[0]
      requestId: 80000480-002a-fd00-b63f-84710c7967bb, previousRequestId: no previous request id, message: No authentication needed for /_stcore/health
info: Ocelot.Authorization.Middleware.AuthorizationMiddleware[0]
      requestId: 80000480-002a-fd00-b63f-84710c7967bb, previousRequestId: no previous request id, message: /{everything} route does not require user to be authorized
info: Ocelot.RateLimit.Middleware.ClientRateLimitMiddleware[0]
      requestId: 80000439-002a-f800-b63f-84710c7967bb, previousRequestId: no previous request id, message: EndpointRateLimiting is not enabled for /{everything}
info: Ocelot.Authentication.Middleware.AuthenticationMiddleware[0]
      requestId: 80000439-002a-f800-b63f-84710c7967bb, previousRequestId: no previous request id, message: No authentication needed for /_stcore/host-config
info: Ocelot.Authorization.Middleware.AuthorizationMiddleware[0]
      requestId: 80000439-002a-f800-b63f-84710c7967bb, previousRequestId: no previous request id, message: /{everything} route does not require user to be authorized
warn: Ocelot.Requester.Middleware.HttpRequesterMiddleware[0]
      requestId: 80000480-002a-fd00-b63f-84710c7967bb, previousRequestId: no previous request id, message: 404 (Not Found) status code, request uri: http://192.168.73.133:8000/_stcore/health
warn: Ocelot.Requester.Middleware.HttpRequesterMiddleware[0]
      requestId: 80000439-002a-f800-b63f-84710c7967bb, previousRequestId: no previous request id, message: 404 (Not Found) status code, request uri: http://192.168.73.133:8000/_stcore/host-config
info: Ocelot.RateLimit.Middleware.ClientRateLimitMiddleware[0]
      requestId: 8000030b-001c-fd00-b63f-84710c7967bb, previousRequestId: no previous request id, message: EndpointRateLimiting is not enabled for /{everything}
info: Ocelot.Authentication.Middleware.AuthenticationMiddleware[0]
      requestId: 8000030b-001c-fd00-b63f-84710c7967bb, previousRequestId: no previous request id, message: No authentication needed for /_stcore/health
info: Ocelot.Authorization.Middleware.AuthorizationMiddleware[0]
      requestId: 8000030b-001c-fd00-b63f-84710c7967bb, previousRequestId: no previous request id, message: /{everything} route does not require user to be authorized
info: Ocelot.RateLimit.Middleware.ClientRateLimitMiddleware[0]
      requestId: 80000562-001c-f600-b63f-84710c7967bb, previousRequestId: no previous request id, message: EndpointRateLimiting is not enabled for /{everything}
info: Ocelot.Authentication.Middleware.AuthenticationMiddleware[0]
      requestId: 80000562-001c-f600-b63f-84710c7967bb, previousRequestId: no previous request id, message: No authentication needed for /_stcore/host-config
info: Ocelot.Authorization.Middleware.AuthorizationMiddleware[0]
      requestId: 80000562-001c-f600-b63f-84710c7967bb, previousRequestId: no previous request id, message: /{everything} route does not require user to be authorized
warn: Ocelot.Requester.Middleware.HttpRequesterMiddleware[0]
      requestId: 8000030b-001c-fd00-b63f-84710c7967bb, previousRequestId: no previous request id, message: 404 (Not Found) status code, request uri: http://192.168.73.133:8000/_stcore/health
warn: Ocelot.Requester.Middleware.HttpRequesterMiddleware[0]
      requestId: 80000562-001c-f600-b63f-84710c7967bb, previousRequestId: no previous request id, message: 404 (Not Found) status code, request uri: http://192.168.73.133:8000/_stcore/host-config
info: Ocelot.RateLimit.Middleware.ClientRateLimitMiddleware[0]
      requestId: 8000043b-002a-f800-b63f-84710c7967bb, previousRequestId: no previous request id, message: EndpointRateLimiting is not enabled for /{everything}
info: Ocelot.Authentication.Middleware.AuthenticationMiddleware[0]
      requestId: 8000043b-002a-f800-b63f-84710c7967bb, previousRequestId: no previous request id, message: No authentication needed for /_stcore/health
info: Ocelot.Authorization.Middleware.AuthorizationMiddleware[0]
      requestId: 8000043b-002a-f800-b63f-84710c7967bb, previousRequestId: no previous request id, message: /{everything} route does not require user to be authorized
info: Ocelot.RateLimit.Middleware.ClientRateLimitMiddleware[0]
      requestId: 80000482-002a-fd00-b63f-84710c7967bb, previousRequestId: no previous request id, message: EndpointRateLimiting is not enabled for /{everything}
info: Ocelot.Authentication.Middleware.AuthenticationMiddleware[0]
      requestId: 80000482-002a-fd00-b63f-84710c7967bb, previousRequestId: no previous request id, message: No authentication needed for /_stcore/host-config
info: Ocelot.Authorization.Middleware.AuthorizationMiddleware[0]
      requestId: 80000482-002a-fd00-b63f-84710c7967bb, previousRequestId: no previous request id, message: /{everything} route does not require user to be authorized
warn: Ocelot.Requester.Middleware.HttpRequesterMiddleware[0]
      requestId: 8000043b-002a-f800-b63f-84710c7967bb, previousRequestId: no previous request id, message: 404 (Not Found) status code, request uri: http://192.168.73.133:8000/_stcore/health
warn: Ocelot.Requester.Middleware.HttpRequesterMiddleware[0]
      requestId: 80000482-002a-fd00-b63f-84710c7967bb, previousRequestId: no previous request id, message: 404 (Not Found) status code, request uri: http://192.168.73.133:8000/_stcore/host-config
info: Ocelot.RateLimit.Middleware.ClientRateLimitMiddleware[0]
      requestId: 80000060-0016-e600-b63f-84710c7967bb, previousRequestId: no previous request id, message: EndpointRateLimiting is not enabled for /{everything}
info: Ocelot.Authentication.Middleware.AuthenticationMiddleware[0]
      requestId: 80000060-0016-e600-b63f-84710c7967bb, previousRequestId: no previous request id, message: No authentication needed for /_stcore/health
info: Ocelot.Authorization.Middleware.AuthorizationMiddleware[0]
      requestId: 80000060-0016-e600-b63f-84710c7967bb, previousRequestId: no previous request id, message: /{everything} route does not require user to be authorized
info: Ocelot.RateLimit.Middleware.ClientRateLimitMiddleware[0]
      requestId: 8000007e-0016-e700-b63f-84710c7967bb, previousRequestId: no previous request id, message: EndpointRateLimiting is not enabled for /{everything}
info: Ocelot.Authentication.Middleware.AuthenticationMiddleware[0]
      requestId: 8000007e-0016-e700-b63f-84710c7967bb, previousRequestId: no previous request id, message: No authentication needed for /_stcore/host-config
info: Ocelot.Authorization.Middleware.AuthorizationMiddleware[0]
      requestId: 8000007e-0016-e700-b63f-84710c7967bb, previousRequestId: no previous request id, message: /{everything} route does not require user to be authorized
warn: Ocelot.Requester.Middleware.HttpRequesterMiddleware[0]
      requestId: 80000060-0016-e600-b63f-84710c7967bb, previousRequestId: no previous request id, message: 404 (Not Found) status code, request uri: http://192.168.73.133:8000/_stcore/health
warn: Ocelot.Requester.Middleware.HttpRequesterMiddleware[0]
      requestId: 8000007e-0016-e700-b63f-84710c7967bb, previousRequestId: no previous request id, message: 404 (Not Found) status code, request uri: http://192.168.73.133:8000/_stcore/host-config
info: Ocelot.RateLimit.Middleware.ClientRateLimitMiddleware[0]
      requestId: 800006bd-001a-fe00-b63f-84710c7967bb, previousRequestId: no previous request id, message: EndpointRateLimiting is not enabled for /{everything}
info: Ocelot.Authentication.Middleware.AuthenticationMiddleware[0]
      requestId: 800006bd-001a-fe00-b63f-84710c7967bb, previousRequestId: no previous request id, message: No authentication needed for /_stcore/health
info: Ocelot.Authorization.Middleware.AuthorizationMiddleware[0]
      requestId: 800006bd-001a-fe00-b63f-84710c7967bb, previousRequestId: no previous request id, message: /{everything} route does not require user to be authorized
info: Ocelot.RateLimit.Middleware.ClientRateLimitMiddleware[0]
      requestId: 80000564-001c-f600-b63f-84710c7967bb, previousRequestId: no previous request id, message: EndpointRateLimiting is not enabled for /{everything}
info: Ocelot.Authentication.Middleware.AuthenticationMiddleware[0]
      requestId: 80000564-001c-f600-b63f-84710c7967bb, previousRequestId: no previous request id, message: No authentication needed for /_stcore/host-config
info: Ocelot.Authorization.Middleware.AuthorizationMiddleware[0]
      requestId: 80000564-001c-f600-b63f-84710c7967bb, previousRequestId: no previous request id, message: /{everything} route does not require user to be authorized
warn: Ocelot.Requester.Middleware.HttpRequesterMiddleware[0]
      requestId: 800006bd-001a-fe00-b63f-84710c7967bb, previousRequestId: no previous request id, message: 404 (Not Found) status code, request uri: http://192.168.73.133:8000/_stcore/health
warn: Ocelot.Requester.Middleware.HttpRequesterMiddleware[0]
      requestId: 80000564-001c-f600-b63f-84710c7967bb, previousRequestId: no previous request id, message: 404 (Not Found) status code, request uri: http://192.168.73.133:8000/_stcore/host-config
info: Ocelot.RateLimit.Middleware.ClientRateLimitMiddleware[0]
      requestId: 800000b0-0029-fe00-b63f-84710c7967bb, previousRequestId: no previous request id, message: EndpointRateLimiting is not enabled for /{everything}
info: Ocelot.Authentication.Middleware.AuthenticationMiddleware[0]
      requestId: 800000b0-0029-fe00-b63f-84710c7967bb, previousRequestId: no previous request id, message: No authentication needed for /_stcore/health
info: Ocelot.Authorization.Middleware.AuthorizationMiddleware[0]
      requestId: 800000b0-0029-fe00-b63f-84710c7967bb, previousRequestId: no previous request id, message: /{everything} route does not require user to be authorized
info: Ocelot.RateLimit.Middleware.ClientRateLimitMiddleware[0]
      requestId: 80000484-002a-fd00-b63f-84710c7967bb, previousRequestId: no previous request id, message: EndpointRateLimiting is not enabled for /{everything}
info: Ocelot.Authentication.Middleware.AuthenticationMiddleware[0]
      requestId: 80000484-002a-fd00-b63f-84710c7967bb, previousRequestId: no previous request id, message: No authentication needed for /_stcore/host-config
info: Ocelot.Authorization.Middleware.AuthorizationMiddleware[0]
      requestId: 80000484-002a-fd00-b63f-84710c7967bb, previousRequestId: no previous request id, message: /{everything} route does not require user to be authorized
warn: Ocelot.Requester.Middleware.HttpRequesterMiddleware[0]
      requestId: 800000b0-0029-fe00-b63f-84710c7967bb, previousRequestId: no previous request id, message: 404 (Not Found) status code, request uri: http://192.168.73.133:8000/_stcore/health
warn: Ocelot.Requester.Middleware.HttpRequesterMiddleware[0]
      requestId: 80000484-002a-fd00-b63f-84710c7967bb, previousRequestId: no previous request id, message: 404 (Not Found) status code, request uri: http://192.168.73.133:8000/_stcore/host-config
info: Ocelot.RateLimit.Middleware.ClientRateLimitMiddleware[0]
      requestId: 8000030d-001c-fd00-b63f-84710c7967bb, previousRequestId: no previous request id, message: EndpointRateLimiting is not enabled for /{everything}
info: Ocelot.RateLimit.Middleware.ClientRateLimitMiddleware[0]
      requestId: 80000568-001c-f600-b63f-84710c7967bb, previousRequestId: no previous request id, message: EndpointRateLimiting is not enabled for /{everything}
info: Ocelot.Authentication.Middleware.AuthenticationMiddleware[0]
      requestId: 8000030d-001c-fd00-b63f-84710c7967bb, previousRequestId: no previous request id, message: No authentication needed for /_stcore/host-config
info: Ocelot.Authentication.Middleware.AuthenticationMiddleware[0]
      requestId: 80000568-001c-f600-b63f-84710c7967bb, previousRequestId: no previous request id, message: No authentication needed for /_stcore/health
info: Ocelot.Authorization.Middleware.AuthorizationMiddleware[0]
      requestId: 8000030d-001c-fd00-b63f-84710c7967bb, previousRequestId: no previous request id, message: /{everything} route does not require user to be authorized
info: Ocelot.Authorization.Middleware.AuthorizationMiddleware[0]
      requestId: 80000568-001c-f600-b63f-84710c7967bb, previousRequestId: no previous request id, message: /{everything} route does not require user to be authorized
warn: Ocelot.Requester.Middleware.HttpRequesterMiddleware[0]
      requestId: 80000568-001c-f600-b63f-84710c7967bb, previousRequestId: no previous request id, message: 404 (Not Found) status code, request uri: http://192.168.73.133:8000/_stcore/health
warn: Ocelot.Requester.Middleware.HttpRequesterMiddleware[0]
      requestId: 8000030d-001c-fd00-b63f-84710c7967bb, previousRequestId: no previous request id, message: 404 (Not Found) status code, request uri: http://192.168.73.133:8000/_stcore/host-config
info: Ocelot.RateLimit.Middleware.ClientRateLimitMiddleware[0]
      requestId: 8000039d-002e-f500-b63f-84710c7967bb, previousRequestId: no previous request id, message: EndpointRateLimiting is not enabled for /{everything}
info: Ocelot.Authentication.Middleware.AuthenticationMiddleware[0]
      requestId: 8000039d-002e-f500-b63f-84710c7967bb, previousRequestId: no previous request id, message: No authentication needed for /_stcore/health
info: Ocelot.Authorization.Middleware.AuthorizationMiddleware[0]
      requestId: 8000039d-002e-f500-b63f-84710c7967bb, previousRequestId: no previous request id, message: /{everything} route does not require user to be authorized
info: Ocelot.RateLimit.Middleware.ClientRateLimitMiddleware[0]
      requestId: 800000aa-0018-ef00-b63f-84710c7967bb, previousRequestId: no previous request id, message: EndpointRateLimiting is not enabled for /{everything}
info: Ocelot.Authentication.Middleware.AuthenticationMiddleware[0]
      requestId: 800000aa-0018-ef00-b63f-84710c7967bb, previousRequestId: no previous request id, message: No authentication needed for /_stcore/host-config
info: Ocelot.Authorization.Middleware.AuthorizationMiddleware[0]
      requestId: 800000aa-0018-ef00-b63f-84710c7967bb, previousRequestId: no previous request id, message: /{everything} route does not require user to be authorized
warn: Ocelot.Requester.Middleware.HttpRequesterMiddleware[0]
      requestId: 8000039d-002e-f500-b63f-84710c7967bb, previousRequestId: no previous request id, message: 404 (Not Found) status code, request uri: http://192.168.73.133:8000/_stcore/health
warn: Ocelot.Requester.Middleware.HttpRequesterMiddleware[0]
      requestId: 800000aa-0018-ef00-b63f-84710c7967bb, previousRequestId: no previous request id, message: 404 (Not Found) status code, request uri: http://192.168.73.133:8000/_stcore/host-config
info: Microsoft.Hosting.Lifetime[0]
      Application is shutting down...
