info: Microsoft.Hosting.Lifetime[0]
      Application started. Press Ctrl+C to shut down.
info: Microsoft.Hosting.Lifetime[0]
      Hosting environment: Production
info: Microsoft.Hosting.Lifetime[0]
      Content root path: D:\LMS\Getway\
info: Ocelot.RateLimit.Middleware.ClientRateLimitMiddleware[0]
      requestId: 800004fd-0028-f400-b63f-84710c7967bb, previousRequestId: no previous request id, message: EndpointRateLimiting is not enabled for /{everything}
info: Ocelot.Authentication.Middleware.AuthenticationMiddleware[0]
      requestId: 800004fd-0028-f400-b63f-84710c7967bb, previousRequestId: no previous request id, message: No authentication needed for /chat/voice
info: Ocelot.Authorization.Middleware.AuthorizationMiddleware[0]
      requestId: 800004fd-0028-f400-b63f-84710c7967bb, previousRequestId: no previous request id, message: /{everything} route does not require user to be authorized
info: Ocelot.Requester.Middleware.HttpRequesterMiddleware[0]
      requestId: 800004fd-0028-f400-b63f-84710c7967bb, previousRequestId: no previous request id, message: 200 (OK) status code, request uri: http://192.168.73.133:8000/chat/voice
info: Ocelot.RateLimit.Middleware.ClientRateLimitMiddleware[0]
      requestId: 800007ab-0014-f200-b63f-84710c7967bb, previousRequestId: no previous request id, message: EndpointRateLimiting is not enabled for /{everything}
info: Ocelot.Authentication.Middleware.AuthenticationMiddleware[0]
      requestId: 800007ab-0014-f200-b63f-84710c7967bb, previousRequestId: no previous request id, message: No authentication needed for /chat/voice
info: Ocelot.Authorization.Middleware.AuthorizationMiddleware[0]
      requestId: 800007ab-0014-f200-b63f-84710c7967bb, previousRequestId: no previous request id, message: /{everything} route does not require user to be authorized
info: Ocelot.Requester.Middleware.HttpRequesterMiddleware[0]
      requestId: 800007ab-0014-f200-b63f-84710c7967bb, previousRequestId: no previous request id, message: 200 (OK) status code, request uri: http://192.168.73.133:8000/chat/voice
info: Ocelot.RateLimit.Middleware.ClientRateLimitMiddleware[0]
      requestId: 80000199-0012-e600-b63f-84710c7967bb, previousRequestId: no previous request id, message: EndpointRateLimiting is not enabled for /{everything}
info: Ocelot.Authentication.Middleware.AuthenticationMiddleware[0]
      requestId: 80000199-0012-e600-b63f-84710c7967bb, previousRequestId: no previous request id, message: No authentication needed for /chat/voice
info: Ocelot.Authorization.Middleware.AuthorizationMiddleware[0]
      requestId: 80000199-0012-e600-b63f-84710c7967bb, previousRequestId: no previous request id, message: /{everything} route does not require user to be authorized
info: Ocelot.Requester.Middleware.HttpRequesterMiddleware[0]
      requestId: 80000199-0012-e600-b63f-84710c7967bb, previousRequestId: no previous request id, message: 200 (OK) status code, request uri: http://192.168.73.133:8000/chat/voice
info: Ocelot.RateLimit.Middleware.ClientRateLimitMiddleware[0]
      requestId: 800002c1-002a-e300-b63f-84710c7967bb, previousRequestId: no previous request id, message: EndpointRateLimiting is not enabled for /{everything}
info: Ocelot.Authentication.Middleware.AuthenticationMiddleware[0]
      requestId: 800002c1-002a-e300-b63f-84710c7967bb, previousRequestId: no previous request id, message: No authentication needed for /chat/voice
info: Ocelot.Authorization.Middleware.AuthorizationMiddleware[0]
      requestId: 800002c1-002a-e300-b63f-84710c7967bb, previousRequestId: no previous request id, message: /{everything} route does not require user to be authorized
info: Ocelot.Requester.Middleware.HttpRequesterMiddleware[0]
      requestId: 800002c1-002a-e300-b63f-84710c7967bb, previousRequestId: no previous request id, message: 200 (OK) status code, request uri: http://192.168.73.133:8000/chat/voice
info: Ocelot.RateLimit.Middleware.ClientRateLimitMiddleware[0]
      requestId: 80000446-000c-ee00-b63f-84710c7967bb, previousRequestId: no previous request id, message: EndpointRateLimiting is not enabled for /{everything}
info: Ocelot.Authentication.Middleware.AuthenticationMiddleware[0]
      requestId: 80000446-000c-ee00-b63f-84710c7967bb, previousRequestId: no previous request id, message: No authentication needed for /chat/process
info: Ocelot.Authorization.Middleware.AuthorizationMiddleware[0]
      requestId: 80000446-000c-ee00-b63f-84710c7967bb, previousRequestId: no previous request id, message: /{everything} route does not require user to be authorized
info: Ocelot.Requester.Middleware.HttpRequesterMiddleware[0]
      requestId: 80000446-000c-ee00-b63f-84710c7967bb, previousRequestId: no previous request id, message: 200 (OK) status code, request uri: http://192.168.73.133:8000/chat/process
info: Ocelot.RateLimit.Middleware.ClientRateLimitMiddleware[0]
      requestId: 80000448-000c-ee00-b63f-84710c7967bb, previousRequestId: no previous request id, message: EndpointRateLimiting is not enabled for /{everything}
info: Ocelot.Authentication.Middleware.AuthenticationMiddleware[0]
      requestId: 80000448-000c-ee00-b63f-84710c7967bb, previousRequestId: no previous request id, message: No authentication needed for /chat/process
info: Ocelot.Authorization.Middleware.AuthorizationMiddleware[0]
      requestId: 80000448-000c-ee00-b63f-84710c7967bb, previousRequestId: no previous request id, message: /{everything} route does not require user to be authorized
info: Ocelot.Requester.Middleware.HttpRequesterMiddleware[0]
      requestId: 80000448-000c-ee00-b63f-84710c7967bb, previousRequestId: no previous request id, message: 200 (OK) status code, request uri: http://192.168.73.133:8000/chat/process
info: Ocelot.RateLimit.Middleware.ClientRateLimitMiddleware[0]
      requestId: 800007b7-0014-f200-b63f-84710c7967bb, previousRequestId: no previous request id, message: EndpointRateLimiting is not enabled for /{everything}
info: Ocelot.Authentication.Middleware.AuthenticationMiddleware[0]
      requestId: 800007b7-0014-f200-b63f-84710c7967bb, previousRequestId: no previous request id, message: No authentication needed for /chat/voice
info: Ocelot.Authorization.Middleware.AuthorizationMiddleware[0]
      requestId: 800007b7-0014-f200-b63f-84710c7967bb, previousRequestId: no previous request id, message: /{everything} route does not require user to be authorized
info: Ocelot.RateLimit.Middleware.ClientRateLimitMiddleware[0]
      requestId: 800002a5-0010-fc00-b63f-84710c7967bb, previousRequestId: no previous request id, message: EndpointRateLimiting is not enabled for /{everything}
info: Ocelot.Authentication.Middleware.AuthenticationMiddleware[0]
      requestId: 800002a5-0010-fc00-b63f-84710c7967bb, previousRequestId: no previous request id, message: No authentication needed for /chat/voice
info: Ocelot.Authorization.Middleware.AuthorizationMiddleware[0]
      requestId: 800002a5-0010-fc00-b63f-84710c7967bb, previousRequestId: no previous request id, message: /{everything} route does not require user to be authorized
info: Ocelot.RateLimit.Middleware.ClientRateLimitMiddleware[0]
      requestId: 800005e3-0010-f100-b63f-84710c7967bb, previousRequestId: no previous request id, message: EndpointRateLimiting is not enabled for /{everything}
info: Ocelot.Authentication.Middleware.AuthenticationMiddleware[0]
      requestId: 800005e3-0010-f100-b63f-84710c7967bb, previousRequestId: no previous request id, message: No authentication needed for /chat/voice
info: Ocelot.Authorization.Middleware.AuthorizationMiddleware[0]
      requestId: 800005e3-0010-f100-b63f-84710c7967bb, previousRequestId: no previous request id, message: /{everything} route does not require user to be authorized
info: Ocelot.Requester.Middleware.HttpRequesterMiddleware[0]
      requestId: 800007b7-0014-f200-b63f-84710c7967bb, previousRequestId: no previous request id, message: 200 (OK) status code, request uri: http://192.168.73.133:8000/chat/voice
info: Ocelot.Requester.Middleware.HttpRequesterMiddleware[0]
      requestId: 800002a5-0010-fc00-b63f-84710c7967bb, previousRequestId: no previous request id, message: 200 (OK) status code, request uri: http://192.168.73.133:8000/chat/voice
info: Ocelot.Requester.Middleware.HttpRequesterMiddleware[0]
      requestId: 800005e3-0010-f100-b63f-84710c7967bb, previousRequestId: no previous request id, message: 200 (OK) status code, request uri: http://192.168.73.133:8000/chat/voice
info: Ocelot.RateLimit.Middleware.ClientRateLimitMiddleware[0]
      requestId: 800007b9-0014-f200-b63f-84710c7967bb, previousRequestId: no previous request id, message: EndpointRateLimiting is not enabled for /{everything}
info: Ocelot.Authentication.Middleware.AuthenticationMiddleware[0]
      requestId: 800007b9-0014-f200-b63f-84710c7967bb, previousRequestId: no previous request id, message: No authentication needed for /chat/voice
info: Ocelot.Authorization.Middleware.AuthorizationMiddleware[0]
      requestId: 800007b9-0014-f200-b63f-84710c7967bb, previousRequestId: no previous request id, message: /{everything} route does not require user to be authorized
info: Ocelot.RateLimit.Middleware.ClientRateLimitMiddleware[0]
      requestId: 8000019d-0012-e600-b63f-84710c7967bb, previousRequestId: no previous request id, message: EndpointRateLimiting is not enabled for /{everything}
info: Ocelot.Authentication.Middleware.AuthenticationMiddleware[0]
      requestId: 8000019d-0012-e600-b63f-84710c7967bb, previousRequestId: no previous request id, message: No authentication needed for /chat/voice
info: Ocelot.Authorization.Middleware.AuthorizationMiddleware[0]
      requestId: 8000019d-0012-e600-b63f-84710c7967bb, previousRequestId: no previous request id, message: /{everything} route does not require user to be authorized
info: Ocelot.RateLimit.Middleware.ClientRateLimitMiddleware[0]
      requestId: 800004a2-0014-ed00-b63f-84710c7967bb, previousRequestId: no previous request id, message: EndpointRateLimiting is not enabled for /{everything}
info: Ocelot.Authentication.Middleware.AuthenticationMiddleware[0]
      requestId: 800004a2-0014-ed00-b63f-84710c7967bb, previousRequestId: no previous request id, message: No authentication needed for /chat/voice
info: Ocelot.Authorization.Middleware.AuthorizationMiddleware[0]
      requestId: 800004a2-0014-ed00-b63f-84710c7967bb, previousRequestId: no previous request id, message: /{everything} route does not require user to be authorized
info: Ocelot.Requester.Middleware.HttpRequesterMiddleware[0]
      requestId: 8000019d-0012-e600-b63f-84710c7967bb, previousRequestId: no previous request id, message: 200 (OK) status code, request uri: http://192.168.73.133:8000/chat/voice
info: Ocelot.Requester.Middleware.HttpRequesterMiddleware[0]
      requestId: 800004a2-0014-ed00-b63f-84710c7967bb, previousRequestId: no previous request id, message: 200 (OK) status code, request uri: http://192.168.73.133:8000/chat/voice
info: Ocelot.Requester.Middleware.HttpRequesterMiddleware[0]
      requestId: 800007b9-0014-f200-b63f-84710c7967bb, previousRequestId: no previous request id, message: 200 (OK) status code, request uri: http://192.168.73.133:8000/chat/voice
info: Ocelot.RateLimit.Middleware.ClientRateLimitMiddleware[0]
      requestId: 80000379-0026-ea00-b63f-84710c7967bb, previousRequestId: no previous request id, message: EndpointRateLimiting is not enabled for /{everything}
info: Ocelot.Authentication.Middleware.AuthenticationMiddleware[0]
      requestId: 80000379-0026-ea00-b63f-84710c7967bb, previousRequestId: no previous request id, message: No authentication needed for /chat/voice
info: Ocelot.Authorization.Middleware.AuthorizationMiddleware[0]
      requestId: 80000379-0026-ea00-b63f-84710c7967bb, previousRequestId: no previous request id, message: /{everything} route does not require user to be authorized
info: Ocelot.Requester.Middleware.HttpRequesterMiddleware[0]
      requestId: 80000379-0026-ea00-b63f-84710c7967bb, previousRequestId: no previous request id, message: 200 (OK) status code, request uri: http://192.168.73.133:8000/chat/voice
info: Ocelot.RateLimit.Middleware.ClientRateLimitMiddleware[0]
      requestId: 8000025f-0010-f000-b63f-84710c7967bb, previousRequestId: no previous request id, message: EndpointRateLimiting is not enabled for /{everything}
info: Ocelot.Authentication.Middleware.AuthenticationMiddleware[0]
      requestId: 8000025f-0010-f000-b63f-84710c7967bb, previousRequestId: no previous request id, message: No authentication needed for /chat/voice
info: Ocelot.Authorization.Middleware.AuthorizationMiddleware[0]
      requestId: 8000025f-0010-f000-b63f-84710c7967bb, previousRequestId: no previous request id, message: /{everything} route does not require user to be authorized
info: Ocelot.Requester.Middleware.HttpRequesterMiddleware[0]
      requestId: 8000025f-0010-f000-b63f-84710c7967bb, previousRequestId: no previous request id, message: 200 (OK) status code, request uri: http://192.168.73.133:8000/chat/voice
info: Ocelot.RateLimit.Middleware.ClientRateLimitMiddleware[0]
      requestId: 800002b1-0002-d100-b63f-84710c7967bb, previousRequestId: no previous request id, message: EndpointRateLimiting is not enabled for /{everything}
info: Ocelot.Authentication.Middleware.AuthenticationMiddleware[0]
      requestId: 800002b1-0002-d100-b63f-84710c7967bb, previousRequestId: no previous request id, message: No authentication needed for /chat/process
info: Ocelot.Authorization.Middleware.AuthorizationMiddleware[0]
      requestId: 800002b1-0002-d100-b63f-84710c7967bb, previousRequestId: no previous request id, message: /{everything} route does not require user to be authorized
info: Ocelot.Requester.Middleware.HttpRequesterMiddleware[0]
      requestId: 800002b1-0002-d100-b63f-84710c7967bb, previousRequestId: no previous request id, message: 200 (OK) status code, request uri: http://192.168.73.133:8000/chat/process
info: Ocelot.RateLimit.Middleware.ClientRateLimitMiddleware[0]
      requestId: 800002b3-0002-d100-b63f-84710c7967bb, previousRequestId: no previous request id, message: EndpointRateLimiting is not enabled for /{everything}
info: Ocelot.Authentication.Middleware.AuthenticationMiddleware[0]
      requestId: 800002b3-0002-d100-b63f-84710c7967bb, previousRequestId: no previous request id, message: No authentication needed for /chat/process
info: Ocelot.Authorization.Middleware.AuthorizationMiddleware[0]
      requestId: 800002b3-0002-d100-b63f-84710c7967bb, previousRequestId: no previous request id, message: /{everything} route does not require user to be authorized
info: Ocelot.Requester.Middleware.HttpRequesterMiddleware[0]
      requestId: 800002b3-0002-d100-b63f-84710c7967bb, previousRequestId: no previous request id, message: 200 (OK) status code, request uri: http://192.168.73.133:8000/chat/process
info: Ocelot.RateLimit.Middleware.ClientRateLimitMiddleware[0]
      requestId: 80000b17-0008-ae00-b63f-84710c7967bb, previousRequestId: no previous request id, message: EndpointRateLimiting is not enabled for /{everything}
info: Ocelot.Authentication.Middleware.AuthenticationMiddleware[0]
      requestId: 80000b17-0008-ae00-b63f-84710c7967bb, previousRequestId: no previous request id, message: No authentication needed for /chat/voice
info: Ocelot.Authorization.Middleware.AuthorizationMiddleware[0]
      requestId: 80000b17-0008-ae00-b63f-84710c7967bb, previousRequestId: no previous request id, message: /{everything} route does not require user to be authorized
info: Ocelot.Requester.Middleware.HttpRequesterMiddleware[0]
      requestId: 80000b17-0008-ae00-b63f-84710c7967bb, previousRequestId: no previous request id, message: 200 (OK) status code, request uri: http://192.168.73.133:8000/chat/voice
info: Ocelot.RateLimit.Middleware.ClientRateLimitMiddleware[0]
      requestId: 800001a9-0012-e600-b63f-84710c7967bb, previousRequestId: no previous request id, message: EndpointRateLimiting is not enabled for /{everything}
info: Ocelot.Authentication.Middleware.AuthenticationMiddleware[0]
      requestId: 800001a9-0012-e600-b63f-84710c7967bb, previousRequestId: no previous request id, message: No authentication needed for /chat/voice
info: Ocelot.Authorization.Middleware.AuthorizationMiddleware[0]
      requestId: 800001a9-0012-e600-b63f-84710c7967bb, previousRequestId: no previous request id, message: /{everything} route does not require user to be authorized
info: Ocelot.Requester.Middleware.HttpRequesterMiddleware[0]
      requestId: 800001a9-0012-e600-b63f-84710c7967bb, previousRequestId: no previous request id, message: 200 (OK) status code, request uri: http://192.168.73.133:8000/chat/voice
info: Ocelot.RateLimit.Middleware.ClientRateLimitMiddleware[0]
      requestId: 80000454-0006-ea00-b63f-84710c7967bb, previousRequestId: no previous request id, message: EndpointRateLimiting is not enabled for /{everything}
info: Ocelot.Authentication.Middleware.AuthenticationMiddleware[0]
      requestId: 80000454-0006-ea00-b63f-84710c7967bb, previousRequestId: no previous request id, message: No authentication needed for /chat/process
info: Ocelot.Authorization.Middleware.AuthorizationMiddleware[0]
      requestId: 80000454-0006-ea00-b63f-84710c7967bb, previousRequestId: no previous request id, message: /{everything} route does not require user to be authorized
info: Ocelot.Requester.Middleware.HttpRequesterMiddleware[0]
      requestId: 80000454-0006-ea00-b63f-84710c7967bb, previousRequestId: no previous request id, message: 200 (OK) status code, request uri: http://192.168.73.133:8000/chat/process
info: Ocelot.RateLimit.Middleware.ClientRateLimitMiddleware[0]
      requestId: 80000659-0006-f500-b63f-84710c7967bb, previousRequestId: no previous request id, message: EndpointRateLimiting is not enabled for /{everything}
info: Ocelot.RateLimit.Middleware.ClientRateLimitMiddleware[0]
      requestId: 80000507-0006-fd00-b63f-84710c7967bb, previousRequestId: no previous request id, message: EndpointRateLimiting is not enabled for /{everything}
info: Ocelot.RateLimit.Middleware.ClientRateLimitMiddleware[0]
      requestId: 80000456-0006-ea00-b63f-84710c7967bb, previousRequestId: no previous request id, message: EndpointRateLimiting is not enabled for /{everything}
info: Ocelot.Authentication.Middleware.AuthenticationMiddleware[0]
      requestId: 80000659-0006-f500-b63f-84710c7967bb, previousRequestId: no previous request id, message: No authentication needed for /chat/voice
info: Ocelot.Authentication.Middleware.AuthenticationMiddleware[0]
      requestId: 80000507-0006-fd00-b63f-84710c7967bb, previousRequestId: no previous request id, message: No authentication needed for /chat/voice
info: Ocelot.Authorization.Middleware.AuthorizationMiddleware[0]
      requestId: 80000659-0006-f500-b63f-84710c7967bb, previousRequestId: no previous request id, message: /{everything} route does not require user to be authorized
info: Ocelot.Authorization.Middleware.AuthorizationMiddleware[0]
      requestId: 80000507-0006-fd00-b63f-84710c7967bb, previousRequestId: no previous request id, message: /{everything} route does not require user to be authorized
info: Ocelot.Authentication.Middleware.AuthenticationMiddleware[0]
      requestId: 80000456-0006-ea00-b63f-84710c7967bb, previousRequestId: no previous request id, message: No authentication needed for /chat/voice
info: Ocelot.Authorization.Middleware.AuthorizationMiddleware[0]
      requestId: 80000456-0006-ea00-b63f-84710c7967bb, previousRequestId: no previous request id, message: /{everything} route does not require user to be authorized
info: Ocelot.Requester.Middleware.HttpRequesterMiddleware[0]
      requestId: 80000659-0006-f500-b63f-84710c7967bb, previousRequestId: no previous request id, message: 200 (OK) status code, request uri: http://192.168.73.133:8000/chat/voice
info: Ocelot.Requester.Middleware.HttpRequesterMiddleware[0]
      requestId: 80000507-0006-fd00-b63f-84710c7967bb, previousRequestId: no previous request id, message: 200 (OK) status code, request uri: http://192.168.73.133:8000/chat/voice
info: Ocelot.Requester.Middleware.HttpRequesterMiddleware[0]
      requestId: 80000456-0006-ea00-b63f-84710c7967bb, previousRequestId: no previous request id, message: 200 (OK) status code, request uri: http://192.168.73.133:8000/chat/voice
info: Ocelot.RateLimit.Middleware.ClientRateLimitMiddleware[0]
      requestId: 80000112-000a-b600-b63f-84710c7967bb, previousRequestId: no previous request id, message: EndpointRateLimiting is not enabled for /{everything}
info: Ocelot.Authentication.Middleware.AuthenticationMiddleware[0]
      requestId: 80000112-000a-b600-b63f-84710c7967bb, previousRequestId: no previous request id, message: No authentication needed for /chat/process
info: Ocelot.Authorization.Middleware.AuthorizationMiddleware[0]
      requestId: 80000112-000a-b600-b63f-84710c7967bb, previousRequestId: no previous request id, message: /{everything} route does not require user to be authorized
info: Ocelot.Requester.Middleware.HttpRequesterMiddleware[0]
      requestId: 80000112-000a-b600-b63f-84710c7967bb, previousRequestId: no previous request id, message: 200 (OK) status code, request uri: http://192.168.73.133:8000/chat/process
info: Ocelot.RateLimit.Middleware.ClientRateLimitMiddleware[0]
      requestId: 800002b5-0002-d100-b63f-84710c7967bb, previousRequestId: no previous request id, message: EndpointRateLimiting is not enabled for /{everything}
info: Ocelot.Authentication.Middleware.AuthenticationMiddleware[0]
      requestId: 800002b5-0002-d100-b63f-84710c7967bb, previousRequestId: no previous request id, message: No authentication needed for /chat/voice
info: Ocelot.Authorization.Middleware.AuthorizationMiddleware[0]
      requestId: 800002b5-0002-d100-b63f-84710c7967bb, previousRequestId: no previous request id, message: /{everything} route does not require user to be authorized
info: Ocelot.RateLimit.Middleware.ClientRateLimitMiddleware[0]
      requestId: 8000007b-0013-de00-b63f-84710c7967bb, previousRequestId: no previous request id, message: EndpointRateLimiting is not enabled for /{everything}
info: Ocelot.Authentication.Middleware.AuthenticationMiddleware[0]
      requestId: 8000007b-0013-de00-b63f-84710c7967bb, previousRequestId: no previous request id, message: No authentication needed for /chat/voice
info: Ocelot.Authorization.Middleware.AuthorizationMiddleware[0]
      requestId: 8000007b-0013-de00-b63f-84710c7967bb, previousRequestId: no previous request id, message: /{everything} route does not require user to be authorized
info: Ocelot.RateLimit.Middleware.ClientRateLimitMiddleware[0]
      requestId: 80000048-0013-df00-b63f-84710c7967bb, previousRequestId: no previous request id, message: EndpointRateLimiting is not enabled for /{everything}
info: Ocelot.RateLimit.Middleware.ClientRateLimitMiddleware[0]
      requestId: 800000f1-0013-e000-b63f-84710c7967bb, previousRequestId: no previous request id, message: EndpointRateLimiting is not enabled for /{everything}
info: Ocelot.Authentication.Middleware.AuthenticationMiddleware[0]
      requestId: 80000048-0013-df00-b63f-84710c7967bb, previousRequestId: no previous request id, message: No authentication needed for /chat/voice
info: Ocelot.Authorization.Middleware.AuthorizationMiddleware[0]
      requestId: 80000048-0013-df00-b63f-84710c7967bb, previousRequestId: no previous request id, message: /{everything} route does not require user to be authorized
info: Ocelot.Authentication.Middleware.AuthenticationMiddleware[0]
      requestId: 800000f1-0013-e000-b63f-84710c7967bb, previousRequestId: no previous request id, message: No authentication needed for /chat/voice
info: Ocelot.Authorization.Middleware.AuthorizationMiddleware[0]
      requestId: 800000f1-0013-e000-b63f-84710c7967bb, previousRequestId: no previous request id, message: /{everything} route does not require user to be authorized
info: Ocelot.RateLimit.Middleware.ClientRateLimitMiddleware[0]
      requestId: 8000005a-0013-dd00-b63f-84710c7967bb, previousRequestId: no previous request id, message: EndpointRateLimiting is not enabled for /{everything}
info: Ocelot.Authentication.Middleware.AuthenticationMiddleware[0]
      requestId: 8000005a-0013-dd00-b63f-84710c7967bb, previousRequestId: no previous request id, message: No authentication needed for /chat/voice
info: Ocelot.Authorization.Middleware.AuthorizationMiddleware[0]
      requestId: 8000005a-0013-dd00-b63f-84710c7967bb, previousRequestId: no previous request id, message: /{everything} route does not require user to be authorized
info: Ocelot.RateLimit.Middleware.ClientRateLimitMiddleware[0]
      requestId: 80000004-0013-e100-b63f-84710c7967bb, previousRequestId: no previous request id, message: EndpointRateLimiting is not enabled for /{everything}
info: Ocelot.Authentication.Middleware.AuthenticationMiddleware[0]
      requestId: 80000004-0013-e100-b63f-84710c7967bb, previousRequestId: no previous request id, message: No authentication needed for /chat/voice
info: Ocelot.Authorization.Middleware.AuthorizationMiddleware[0]
      requestId: 80000004-0013-e100-b63f-84710c7967bb, previousRequestId: no previous request id, message: /{everything} route does not require user to be authorized
info: Ocelot.RateLimit.Middleware.ClientRateLimitMiddleware[0]
      requestId: 80000004-0013-e400-b63f-84710c7967bb, previousRequestId: no previous request id, message: EndpointRateLimiting is not enabled for /{everything}
info: Ocelot.Authentication.Middleware.AuthenticationMiddleware[0]
      requestId: 80000004-0013-e400-b63f-84710c7967bb, previousRequestId: no previous request id, message: No authentication needed for /chat/voice
info: Ocelot.Authorization.Middleware.AuthorizationMiddleware[0]
      requestId: 80000004-0013-e400-b63f-84710c7967bb, previousRequestId: no previous request id, message: /{everything} route does not require user to be authorized
info: Ocelot.Requester.Middleware.HttpRequesterMiddleware[0]
      requestId: 80000004-0013-e400-b63f-84710c7967bb, previousRequestId: no previous request id, message: 200 (OK) status code, request uri: http://192.168.73.133:8000/chat/voice
info: Ocelot.Requester.Middleware.HttpRequesterMiddleware[0]
      requestId: 80000004-0013-e100-b63f-84710c7967bb, previousRequestId: no previous request id, message: 200 (OK) status code, request uri: http://192.168.73.133:8000/chat/voice
info: Ocelot.Requester.Middleware.HttpRequesterMiddleware[0]
      requestId: 800000f1-0013-e000-b63f-84710c7967bb, previousRequestId: no previous request id, message: 200 (OK) status code, request uri: http://192.168.73.133:8000/chat/voice
info: Ocelot.Requester.Middleware.HttpRequesterMiddleware[0]
      requestId: 800002b5-0002-d100-b63f-84710c7967bb, previousRequestId: no previous request id, message: 200 (OK) status code, request uri: http://192.168.73.133:8000/chat/voice
info: Ocelot.Requester.Middleware.HttpRequesterMiddleware[0]
      requestId: 8000005a-0013-dd00-b63f-84710c7967bb, previousRequestId: no previous request id, message: 200 (OK) status code, request uri: http://192.168.73.133:8000/chat/voice
info: Ocelot.Requester.Middleware.HttpRequesterMiddleware[0]
      requestId: 80000048-0013-df00-b63f-84710c7967bb, previousRequestId: no previous request id, message: 200 (OK) status code, request uri: http://192.168.73.133:8000/chat/voice
info: Ocelot.Requester.Middleware.HttpRequesterMiddleware[0]
      requestId: 8000007b-0013-de00-b63f-84710c7967bb, previousRequestId: no previous request id, message: 200 (OK) status code, request uri: http://192.168.73.133:8000/chat/voice
info: Ocelot.RateLimit.Middleware.ClientRateLimitMiddleware[0]
      requestId: 80000269-0010-f000-b63f-84710c7967bb, previousRequestId: no previous request id, message: EndpointRateLimiting is not enabled for /{everything}
info: Ocelot.Authentication.Middleware.AuthenticationMiddleware[0]
      requestId: 80000269-0010-f000-b63f-84710c7967bb, previousRequestId: no previous request id, message: No authentication needed for /chat/voice
info: Ocelot.Authorization.Middleware.AuthorizationMiddleware[0]
      requestId: 80000269-0010-f000-b63f-84710c7967bb, previousRequestId: no previous request id, message: /{everything} route does not require user to be authorized
info: Ocelot.Requester.Middleware.HttpRequesterMiddleware[0]
      requestId: 80000269-0010-f000-b63f-84710c7967bb, previousRequestId: no previous request id, message: 200 (OK) status code, request uri: http://192.168.73.133:8000/chat/voice
info: Ocelot.RateLimit.Middleware.ClientRateLimitMiddleware[0]
      requestId: 8000026b-0010-f000-b63f-84710c7967bb, previousRequestId: no previous request id, message: EndpointRateLimiting is not enabled for /{everything}
info: Ocelot.Authentication.Middleware.AuthenticationMiddleware[0]
      requestId: 8000026b-0010-f000-b63f-84710c7967bb, previousRequestId: no previous request id, message: No authentication needed for /chat/voice
info: Ocelot.Authorization.Middleware.AuthorizationMiddleware[0]
      requestId: 8000026b-0010-f000-b63f-84710c7967bb, previousRequestId: no previous request id, message: /{everything} route does not require user to be authorized
info: Ocelot.Requester.Middleware.HttpRequesterMiddleware[0]
      requestId: 8000026b-0010-f000-b63f-84710c7967bb, previousRequestId: no previous request id, message: 200 (OK) status code, request uri: http://192.168.73.133:8000/chat/voice
info: Ocelot.RateLimit.Middleware.ClientRateLimitMiddleware[0]
      requestId: 80000e05-000c-db00-b63f-84710c7967bb, previousRequestId: no previous request id, message: EndpointRateLimiting is not enabled for /{everything}
info: Ocelot.Authentication.Middleware.AuthenticationMiddleware[0]
      requestId: 80000e05-000c-db00-b63f-84710c7967bb, previousRequestId: no previous request id, message: No authentication needed for /chat/process
info: Ocelot.Authorization.Middleware.AuthorizationMiddleware[0]
      requestId: 80000e05-000c-db00-b63f-84710c7967bb, previousRequestId: no previous request id, message: /{everything} route does not require user to be authorized
info: Ocelot.Requester.Middleware.HttpRequesterMiddleware[0]
      requestId: 80000e05-000c-db00-b63f-84710c7967bb, previousRequestId: no previous request id, message: 200 (OK) status code, request uri: http://192.168.73.133:8000/chat/process
info: Ocelot.RateLimit.Middleware.ClientRateLimitMiddleware[0]
      requestId: 8000005a-0009-f400-b63f-84710c7967bb, previousRequestId: no previous request id, message: EndpointRateLimiting is not enabled for /{everything}
info: Ocelot.Authentication.Middleware.AuthenticationMiddleware[0]
      requestId: 8000005a-0009-f400-b63f-84710c7967bb, previousRequestId: no previous request id, message: No authentication needed for /chat/process
info: Ocelot.Authorization.Middleware.AuthorizationMiddleware[0]
      requestId: 8000005a-0009-f400-b63f-84710c7967bb, previousRequestId: no previous request id, message: /{everything} route does not require user to be authorized
info: Ocelot.Requester.Middleware.HttpRequesterMiddleware[0]
      requestId: 8000005a-0009-f400-b63f-84710c7967bb, previousRequestId: no previous request id, message: 200 (OK) status code, request uri: http://192.168.73.133:8000/chat/process
info: Ocelot.RateLimit.Middleware.ClientRateLimitMiddleware[0]
      requestId: 800007af-000e-e300-b63f-84710c7967bb, previousRequestId: no previous request id, message: EndpointRateLimiting is not enabled for /{everything}
info: Ocelot.Authentication.Middleware.AuthenticationMiddleware[0]
      requestId: 800007af-000e-e300-b63f-84710c7967bb, previousRequestId: no previous request id, message: No authentication needed for /chat/voice
info: Ocelot.Authorization.Middleware.AuthorizationMiddleware[0]
      requestId: 800007af-000e-e300-b63f-84710c7967bb, previousRequestId: no previous request id, message: /{everything} route does not require user to be authorized
info: Ocelot.RateLimit.Middleware.ClientRateLimitMiddleware[0]
      requestId: 800002f1-000e-cf00-b63f-84710c7967bb, previousRequestId: no previous request id, message: EndpointRateLimiting is not enabled for /{everything}
info: Ocelot.Authentication.Middleware.AuthenticationMiddleware[0]
      requestId: 800002f1-000e-cf00-b63f-84710c7967bb, previousRequestId: no previous request id, message: No authentication needed for /chat/voice
info: Ocelot.Authorization.Middleware.AuthorizationMiddleware[0]
      requestId: 800002f1-000e-cf00-b63f-84710c7967bb, previousRequestId: no previous request id, message: /{everything} route does not require user to be authorized
info: Ocelot.RateLimit.Middleware.ClientRateLimitMiddleware[0]
      requestId: 8000016e-0012-e700-b63f-84710c7967bb, previousRequestId: no previous request id, message: EndpointRateLimiting is not enabled for /{everything}
info: Ocelot.Authentication.Middleware.AuthenticationMiddleware[0]
      requestId: 8000016e-0012-e700-b63f-84710c7967bb, previousRequestId: no previous request id, message: No authentication needed for /chat/voice
info: Ocelot.Authorization.Middleware.AuthorizationMiddleware[0]
      requestId: 8000016e-0012-e700-b63f-84710c7967bb, previousRequestId: no previous request id, message: /{everything} route does not require user to be authorized
info: Ocelot.RateLimit.Middleware.ClientRateLimitMiddleware[0]
      requestId: 800001ad-0012-e600-b63f-84710c7967bb, previousRequestId: no previous request id, message: EndpointRateLimiting is not enabled for /{everything}
info: Ocelot.Authentication.Middleware.AuthenticationMiddleware[0]
      requestId: 800001ad-0012-e600-b63f-84710c7967bb, previousRequestId: no previous request id, message: No authentication needed for /chat/voice
info: Ocelot.Authorization.Middleware.AuthorizationMiddleware[0]
      requestId: 800001ad-0012-e600-b63f-84710c7967bb, previousRequestId: no previous request id, message: /{everything} route does not require user to be authorized
info: Ocelot.RateLimit.Middleware.ClientRateLimitMiddleware[0]
      requestId: 80000487-0012-b500-b63f-84710c7967bb, previousRequestId: no previous request id, message: EndpointRateLimiting is not enabled for /{everything}
info: Ocelot.Authentication.Middleware.AuthenticationMiddleware[0]
      requestId: 80000487-0012-b500-b63f-84710c7967bb, previousRequestId: no previous request id, message: No authentication needed for /chat/voice
info: Ocelot.Authorization.Middleware.AuthorizationMiddleware[0]
      requestId: 80000487-0012-b500-b63f-84710c7967bb, previousRequestId: no previous request id, message: /{everything} route does not require user to be authorized
info: Ocelot.RateLimit.Middleware.ClientRateLimitMiddleware[0]
      requestId: 800004dd-0012-b800-b63f-84710c7967bb, previousRequestId: no previous request id, message: EndpointRateLimiting is not enabled for /{everything}
info: Ocelot.Authentication.Middleware.AuthenticationMiddleware[0]
      requestId: 800004dd-0012-b800-b63f-84710c7967bb, previousRequestId: no previous request id, message: No authentication needed for /chat/voice
info: Ocelot.Authorization.Middleware.AuthorizationMiddleware[0]
      requestId: 800004dd-0012-b800-b63f-84710c7967bb, previousRequestId: no previous request id, message: /{everything} route does not require user to be authorized
info: Ocelot.RateLimit.Middleware.ClientRateLimitMiddleware[0]
      requestId: 800001c4-0000-b500-b63f-84710c7967bb, previousRequestId: no previous request id, message: EndpointRateLimiting is not enabled for /{everything}
info: Ocelot.Authentication.Middleware.AuthenticationMiddleware[0]
      requestId: 800001c4-0000-b500-b63f-84710c7967bb, previousRequestId: no previous request id, message: No authentication needed for /chat/voice
info: Ocelot.Authorization.Middleware.AuthorizationMiddleware[0]
      requestId: 800001c4-0000-b500-b63f-84710c7967bb, previousRequestId: no previous request id, message: /{everything} route does not require user to be authorized
info: Ocelot.RateLimit.Middleware.ClientRateLimitMiddleware[0]
      requestId: 800005f1-0010-f100-b63f-84710c7967bb, previousRequestId: no previous request id, message: EndpointRateLimiting is not enabled for /{everything}
info: Ocelot.Authentication.Middleware.AuthenticationMiddleware[0]
      requestId: 800005f1-0010-f100-b63f-84710c7967bb, previousRequestId: no previous request id, message: No authentication needed for /chat/voice
info: Ocelot.Authorization.Middleware.AuthorizationMiddleware[0]
      requestId: 800005f1-0010-f100-b63f-84710c7967bb, previousRequestId: no previous request id, message: /{everything} route does not require user to be authorized
info: Ocelot.RateLimit.Middleware.ClientRateLimitMiddleware[0]
      requestId: 8000027a-0010-f600-b63f-84710c7967bb, previousRequestId: no previous request id, message: EndpointRateLimiting is not enabled for /{everything}
info: Ocelot.Authentication.Middleware.AuthenticationMiddleware[0]
      requestId: 8000027a-0010-f600-b63f-84710c7967bb, previousRequestId: no previous request id, message: No authentication needed for /chat/voice
info: Ocelot.Authorization.Middleware.AuthorizationMiddleware[0]
      requestId: 8000027a-0010-f600-b63f-84710c7967bb, previousRequestId: no previous request id, message: /{everything} route does not require user to be authorized
info: Ocelot.RateLimit.Middleware.ClientRateLimitMiddleware[0]
      requestId: 8000026d-0010-f000-b63f-84710c7967bb, previousRequestId: no previous request id, message: EndpointRateLimiting is not enabled for /{everything}
info: Ocelot.Authentication.Middleware.AuthenticationMiddleware[0]
      requestId: 8000026d-0010-f000-b63f-84710c7967bb, previousRequestId: no previous request id, message: No authentication needed for /chat/voice
info: Ocelot.Authorization.Middleware.AuthorizationMiddleware[0]
      requestId: 8000026d-0010-f000-b63f-84710c7967bb, previousRequestId: no previous request id, message: /{everything} route does not require user to be authorized
info: Ocelot.RateLimit.Middleware.ClientRateLimitMiddleware[0]
      requestId: 800002e2-0010-f900-b63f-84710c7967bb, previousRequestId: no previous request id, message: EndpointRateLimiting is not enabled for /{everything}
info: Ocelot.Authentication.Middleware.AuthenticationMiddleware[0]
      requestId: 800002e2-0010-f900-b63f-84710c7967bb, previousRequestId: no previous request id, message: No authentication needed for /chat/voice
info: Ocelot.RateLimit.Middleware.ClientRateLimitMiddleware[0]
      requestId: 800002ab-0010-fc00-b63f-84710c7967bb, previousRequestId: no previous request id, message: EndpointRateLimiting is not enabled for /{everything}
info: Ocelot.Authorization.Middleware.AuthorizationMiddleware[0]
      requestId: 800002e2-0010-f900-b63f-84710c7967bb, previousRequestId: no previous request id, message: /{everything} route does not require user to be authorized
info: Ocelot.Authentication.Middleware.AuthenticationMiddleware[0]
      requestId: 800002ab-0010-fc00-b63f-84710c7967bb, previousRequestId: no previous request id, message: No authentication needed for /chat/voice
info: Ocelot.Authorization.Middleware.AuthorizationMiddleware[0]
      requestId: 800002ab-0010-fc00-b63f-84710c7967bb, previousRequestId: no previous request id, message: /{everything} route does not require user to be authorized
info: Ocelot.RateLimit.Middleware.ClientRateLimitMiddleware[0]
      requestId: 80000527-0010-dd00-b63f-84710c7967bb, previousRequestId: no previous request id, message: EndpointRateLimiting is not enabled for /{everything}
info: Ocelot.Authentication.Middleware.AuthenticationMiddleware[0]
      requestId: 80000527-0010-dd00-b63f-84710c7967bb, previousRequestId: no previous request id, message: No authentication needed for /chat/voice
info: Ocelot.Authorization.Middleware.AuthorizationMiddleware[0]
      requestId: 80000527-0010-dd00-b63f-84710c7967bb, previousRequestId: no previous request id, message: /{everything} route does not require user to be authorized
info: Ocelot.RateLimit.Middleware.ClientRateLimitMiddleware[0]
      requestId: 8000062b-0010-ec00-b63f-84710c7967bb, previousRequestId: no previous request id, message: EndpointRateLimiting is not enabled for /{everything}
info: Ocelot.Authentication.Middleware.AuthenticationMiddleware[0]
      requestId: 8000062b-0010-ec00-b63f-84710c7967bb, previousRequestId: no previous request id, message: No authentication needed for /chat/voice
info: Ocelot.Authorization.Middleware.AuthorizationMiddleware[0]
      requestId: 8000062b-0010-ec00-b63f-84710c7967bb, previousRequestId: no previous request id, message: /{everything} route does not require user to be authorized
info: Ocelot.RateLimit.Middleware.ClientRateLimitMiddleware[0]
      requestId: 80000141-0000-b700-b63f-84710c7967bb, previousRequestId: no previous request id, message: EndpointRateLimiting is not enabled for /{everything}
info: Ocelot.Authentication.Middleware.AuthenticationMiddleware[0]
      requestId: 80000141-0000-b700-b63f-84710c7967bb, previousRequestId: no previous request id, message: No authentication needed for /chat/voice
info: Ocelot.Authorization.Middleware.AuthorizationMiddleware[0]
      requestId: 80000141-0000-b700-b63f-84710c7967bb, previousRequestId: no previous request id, message: /{everything} route does not require user to be authorized
info: Ocelot.RateLimit.Middleware.ClientRateLimitMiddleware[0]
      requestId: 80000361-0000-fa00-b63f-84710c7967bb, previousRequestId: no previous request id, message: EndpointRateLimiting is not enabled for /{everything}
info: Ocelot.Authentication.Middleware.AuthenticationMiddleware[0]
      requestId: 80000361-0000-fa00-b63f-84710c7967bb, previousRequestId: no previous request id, message: No authentication needed for /chat/voice
info: Ocelot.Authorization.Middleware.AuthorizationMiddleware[0]
      requestId: 80000361-0000-fa00-b63f-84710c7967bb, previousRequestId: no previous request id, message: /{everything} route does not require user to be authorized
info: Ocelot.RateLimit.Middleware.ClientRateLimitMiddleware[0]
      requestId: 80000a05-0016-f300-b63f-84710c7967bb, previousRequestId: no previous request id, message: EndpointRateLimiting is not enabled for /{everything}
info: Ocelot.Authentication.Middleware.AuthenticationMiddleware[0]
      requestId: 80000a05-0016-f300-b63f-84710c7967bb, previousRequestId: no previous request id, message: No authentication needed for /chat/voice
info: Ocelot.Authorization.Middleware.AuthorizationMiddleware[0]
      requestId: 80000a05-0016-f300-b63f-84710c7967bb, previousRequestId: no previous request id, message: /{everything} route does not require user to be authorized
info: Ocelot.RateLimit.Middleware.ClientRateLimitMiddleware[0]
      requestId: 80000506-0010-ff00-b63f-84710c7967bb, previousRequestId: no previous request id, message: EndpointRateLimiting is not enabled for /{everything}
info: Ocelot.Authentication.Middleware.AuthenticationMiddleware[0]
      requestId: 80000506-0010-ff00-b63f-84710c7967bb, previousRequestId: no previous request id, message: No authentication needed for /chat/voice
info: Ocelot.Authorization.Middleware.AuthorizationMiddleware[0]
      requestId: 80000506-0010-ff00-b63f-84710c7967bb, previousRequestId: no previous request id, message: /{everything} route does not require user to be authorized
info: Ocelot.RateLimit.Middleware.ClientRateLimitMiddleware[0]
      requestId: 800000ca-0000-b800-b63f-84710c7967bb, previousRequestId: no previous request id, message: EndpointRateLimiting is not enabled for /{everything}
info: Ocelot.Authentication.Middleware.AuthenticationMiddleware[0]
      requestId: 800000ca-0000-b800-b63f-84710c7967bb, previousRequestId: no previous request id, message: No authentication needed for /chat/voice
info: Ocelot.Authorization.Middleware.AuthorizationMiddleware[0]
      requestId: 800000ca-0000-b800-b63f-84710c7967bb, previousRequestId: no previous request id, message: /{everything} route does not require user to be authorized
info: Ocelot.RateLimit.Middleware.ClientRateLimitMiddleware[0]
      requestId: 800002bf-0002-d100-b63f-84710c7967bb, previousRequestId: no previous request id, message: EndpointRateLimiting is not enabled for /{everything}
info: Ocelot.Authentication.Middleware.AuthenticationMiddleware[0]
      requestId: 800002bf-0002-d100-b63f-84710c7967bb, previousRequestId: no previous request id, message: No authentication needed for /chat/voice
info: Ocelot.Authorization.Middleware.AuthorizationMiddleware[0]
      requestId: 800002bf-0002-d100-b63f-84710c7967bb, previousRequestId: no previous request id, message: /{everything} route does not require user to be authorized
info: Ocelot.RateLimit.Middleware.ClientRateLimitMiddleware[0]
      requestId: 80000012-0002-cd00-b63f-84710c7967bb, previousRequestId: no previous request id, message: EndpointRateLimiting is not enabled for /{everything}
info: Ocelot.Authentication.Middleware.AuthenticationMiddleware[0]
      requestId: 80000012-0002-cd00-b63f-84710c7967bb, previousRequestId: no previous request id, message: No authentication needed for /chat/voice
info: Ocelot.Authorization.Middleware.AuthorizationMiddleware[0]
      requestId: 80000012-0002-cd00-b63f-84710c7967bb, previousRequestId: no previous request id, message: /{everything} route does not require user to be authorized
warn: Ocelot.Requester.Middleware.HttpRequesterMiddleware[0]
      requestId: 80000a05-0016-f300-b63f-84710c7967bb, previousRequestId: no previous request id, message: 500 (Internal Server Error) status code, request uri: http://192.168.73.133:8000/chat/voice
info: Ocelot.Requester.Middleware.HttpRequesterMiddleware[0]
      requestId: 8000062b-0010-ec00-b63f-84710c7967bb, previousRequestId: no previous request id, message: 200 (OK) status code, request uri: http://192.168.73.133:8000/chat/voice
info: Ocelot.Requester.Middleware.HttpRequesterMiddleware[0]
      requestId: 800001c4-0000-b500-b63f-84710c7967bb, previousRequestId: no previous request id, message: 200 (OK) status code, request uri: http://192.168.73.133:8000/chat/voice
info: Ocelot.Requester.Middleware.HttpRequesterMiddleware[0]
      requestId: 80000012-0002-cd00-b63f-84710c7967bb, previousRequestId: no previous request id, message: 200 (OK) status code, request uri: http://192.168.73.133:8000/chat/voice
info: Ocelot.Requester.Middleware.HttpRequesterMiddleware[0]
      requestId: 800002bf-0002-d100-b63f-84710c7967bb, previousRequestId: no previous request id, message: 200 (OK) status code, request uri: http://192.168.73.133:8000/chat/voice
info: Ocelot.Requester.Middleware.HttpRequesterMiddleware[0]
      requestId: 80000527-0010-dd00-b63f-84710c7967bb, previousRequestId: no previous request id, message: 200 (OK) status code, request uri: http://192.168.73.133:8000/chat/voice
info: Ocelot.Requester.Middleware.HttpRequesterMiddleware[0]
      requestId: 800004dd-0012-b800-b63f-84710c7967bb, previousRequestId: no previous request id, message: 200 (OK) status code, request uri: http://192.168.73.133:8000/chat/voice
info: Ocelot.Requester.Middleware.HttpRequesterMiddleware[0]
      requestId: 8000027a-0010-f600-b63f-84710c7967bb, previousRequestId: no previous request id, message: 200 (OK) status code, request uri: http://192.168.73.133:8000/chat/voice
info: Ocelot.Requester.Middleware.HttpRequesterMiddleware[0]
      requestId: 800002f1-000e-cf00-b63f-84710c7967bb, previousRequestId: no previous request id, message: 200 (OK) status code, request uri: http://192.168.73.133:8000/chat/voice
info: Ocelot.Requester.Middleware.HttpRequesterMiddleware[0]
      requestId: 800007af-000e-e300-b63f-84710c7967bb, previousRequestId: no previous request id, message: 200 (OK) status code, request uri: http://192.168.73.133:8000/chat/voice
info: Ocelot.Requester.Middleware.HttpRequesterMiddleware[0]
      requestId: 8000026d-0010-f000-b63f-84710c7967bb, previousRequestId: no previous request id, message: 200 (OK) status code, request uri: http://192.168.73.133:8000/chat/voice
info: Ocelot.Requester.Middleware.HttpRequesterMiddleware[0]
      requestId: 800000ca-0000-b800-b63f-84710c7967bb, previousRequestId: no previous request id, message: 200 (OK) status code, request uri: http://192.168.73.133:8000/chat/voice
info: Ocelot.Requester.Middleware.HttpRequesterMiddleware[0]
      requestId: 80000141-0000-b700-b63f-84710c7967bb, previousRequestId: no previous request id, message: 200 (OK) status code, request uri: http://192.168.73.133:8000/chat/voice
info: Ocelot.Requester.Middleware.HttpRequesterMiddleware[0]
      requestId: 80000487-0012-b500-b63f-84710c7967bb, previousRequestId: no previous request id, message: 200 (OK) status code, request uri: http://192.168.73.133:8000/chat/voice
info: Ocelot.Requester.Middleware.HttpRequesterMiddleware[0]
      requestId: 800002e2-0010-f900-b63f-84710c7967bb, previousRequestId: no previous request id, message: 200 (OK) status code, request uri: http://192.168.73.133:8000/chat/voice
info: Ocelot.Requester.Middleware.HttpRequesterMiddleware[0]
      requestId: 800002ab-0010-fc00-b63f-84710c7967bb, previousRequestId: no previous request id, message: 200 (OK) status code, request uri: http://192.168.73.133:8000/chat/voice
info: Ocelot.Requester.Middleware.HttpRequesterMiddleware[0]
      requestId: 80000506-0010-ff00-b63f-84710c7967bb, previousRequestId: no previous request id, message: 200 (OK) status code, request uri: http://192.168.73.133:8000/chat/voice
info: Ocelot.Requester.Middleware.HttpRequesterMiddleware[0]
      requestId: 800001ad-0012-e600-b63f-84710c7967bb, previousRequestId: no previous request id, message: 200 (OK) status code, request uri: http://192.168.73.133:8000/chat/voice
info: Ocelot.Requester.Middleware.HttpRequesterMiddleware[0]
      requestId: 8000016e-0012-e700-b63f-84710c7967bb, previousRequestId: no previous request id, message: 200 (OK) status code, request uri: http://192.168.73.133:8000/chat/voice
info: Ocelot.Requester.Middleware.HttpRequesterMiddleware[0]
      requestId: 800005f1-0010-f100-b63f-84710c7967bb, previousRequestId: no previous request id, message: 200 (OK) status code, request uri: http://192.168.73.133:8000/chat/voice
info: Ocelot.Requester.Middleware.HttpRequesterMiddleware[0]
      requestId: 80000361-0000-fa00-b63f-84710c7967bb, previousRequestId: no previous request id, message: 200 (OK) status code, request uri: http://192.168.73.133:8000/chat/voice
info: Ocelot.RateLimit.Middleware.ClientRateLimitMiddleware[0]
      requestId: 80000b21-0008-ae00-b63f-84710c7967bb, previousRequestId: no previous request id, message: EndpointRateLimiting is not enabled for /{everything}
info: Ocelot.Authentication.Middleware.AuthenticationMiddleware[0]
      requestId: 80000b21-0008-ae00-b63f-84710c7967bb, previousRequestId: no previous request id, message: No authentication needed for /chat/voice
info: Ocelot.Authorization.Middleware.AuthorizationMiddleware[0]
      requestId: 80000b21-0008-ae00-b63f-84710c7967bb, previousRequestId: no previous request id, message: /{everything} route does not require user to be authorized
info: Ocelot.Requester.Middleware.HttpRequesterMiddleware[0]
      requestId: 80000b21-0008-ae00-b63f-84710c7967bb, previousRequestId: no previous request id, message: 200 (OK) status code, request uri: http://192.168.73.133:8000/chat/voice
info: Ocelot.RateLimit.Middleware.ClientRateLimitMiddleware[0]
      requestId: 8000025d-0006-de00-b63f-84710c7967bb, previousRequestId: no previous request id, message: EndpointRateLimiting is not enabled for /{everything}
info: Ocelot.Authentication.Middleware.AuthenticationMiddleware[0]
      requestId: 8000025d-0006-de00-b63f-84710c7967bb, previousRequestId: no previous request id, message: No authentication needed for /chat/process
info: Ocelot.Authorization.Middleware.AuthorizationMiddleware[0]
      requestId: 8000025d-0006-de00-b63f-84710c7967bb, previousRequestId: no previous request id, message: /{everything} route does not require user to be authorized
info: Ocelot.Requester.Middleware.HttpRequesterMiddleware[0]
      requestId: 8000025d-0006-de00-b63f-84710c7967bb, previousRequestId: no previous request id, message: 200 (OK) status code, request uri: http://192.168.73.133:8000/chat/process
info: Ocelot.RateLimit.Middleware.ClientRateLimitMiddleware[0]
      requestId: 80000b23-0008-ae00-b63f-84710c7967bb, previousRequestId: no previous request id, message: EndpointRateLimiting is not enabled for /{everything}
info: Ocelot.Authentication.Middleware.AuthenticationMiddleware[0]
      requestId: 80000b23-0008-ae00-b63f-84710c7967bb, previousRequestId: no previous request id, message: No authentication needed for /chat/voice
info: Ocelot.Authorization.Middleware.AuthorizationMiddleware[0]
      requestId: 80000b23-0008-ae00-b63f-84710c7967bb, previousRequestId: no previous request id, message: /{everything} route does not require user to be authorized
info: Ocelot.RateLimit.Middleware.ClientRateLimitMiddleware[0]
      requestId: 8000080e-0014-ef00-b63f-84710c7967bb, previousRequestId: no previous request id, message: EndpointRateLimiting is not enabled for /{everything}
info: Ocelot.Authentication.Middleware.AuthenticationMiddleware[0]
      requestId: 8000080e-0014-ef00-b63f-84710c7967bb, previousRequestId: no previous request id, message: No authentication needed for /chat/voice
info: Ocelot.Authorization.Middleware.AuthorizationMiddleware[0]
      requestId: 8000080e-0014-ef00-b63f-84710c7967bb, previousRequestId: no previous request id, message: /{everything} route does not require user to be authorized
info: Ocelot.RateLimit.Middleware.ClientRateLimitMiddleware[0]
      requestId: 80000683-0014-f000-b63f-84710c7967bb, previousRequestId: no previous request id, message: EndpointRateLimiting is not enabled for /{everything}
info: Ocelot.Authentication.Middleware.AuthenticationMiddleware[0]
      requestId: 80000683-0014-f000-b63f-84710c7967bb, previousRequestId: no previous request id, message: No authentication needed for /chat/voice
info: Ocelot.Authorization.Middleware.AuthorizationMiddleware[0]
      requestId: 80000683-0014-f000-b63f-84710c7967bb, previousRequestId: no previous request id, message: /{everything} route does not require user to be authorized
info: Ocelot.Requester.Middleware.HttpRequesterMiddleware[0]
      requestId: 80000683-0014-f000-b63f-84710c7967bb, previousRequestId: no previous request id, message: 200 (OK) status code, request uri: http://192.168.73.133:8000/chat/voice
info: Ocelot.Requester.Middleware.HttpRequesterMiddleware[0]
      requestId: 8000080e-0014-ef00-b63f-84710c7967bb, previousRequestId: no previous request id, message: 200 (OK) status code, request uri: http://192.168.73.133:8000/chat/voice
info: Ocelot.Requester.Middleware.HttpRequesterMiddleware[0]
      requestId: 80000b23-0008-ae00-b63f-84710c7967bb, previousRequestId: no previous request id, message: 200 (OK) status code, request uri: http://192.168.73.133:8000/chat/voice
info: Microsoft.Hosting.Lifetime[0]
      Application is shutting down...
