info: Microsoft.Hosting.Lifetime[0]
      Application started. Press Ctrl+C to shut down.
info: Microsoft.Hosting.Lifetime[0]
      Hosting environment: Production
info: Microsoft.Hosting.Lifetime[0]
      Content root path: D:\LMS\Getway\
info: Ocelot.RateLimit.Middleware.ClientRateLimitMiddleware[0]
      requestId: 80000837-001e-e400-b63f-84710c7967bb, previousRequestId: no previous request id, message: EndpointRateLimiting is not enabled for /
info: Ocelot.Authentication.Middleware.AuthenticationMiddleware[0]
      requestId: 80000837-001e-e400-b63f-84710c7967bb, previousRequestId: no previous request id, message: No authentication needed for /demo
info: Ocelot.Authorization.Middleware.AuthorizationMiddleware[0]
      requestId: 80000837-001e-e400-b63f-84710c7967bb, previousRequestId: no previous request id, message: / route does not require user to be authorized
info: Ocelot.Requester.Middleware.HttpRequesterMiddleware[0]
      requestId: 80000837-001e-e400-b63f-84710c7967bb, previousRequestId: no previous request id, message: 200 (OK) status code, request uri: http://192.168.73.133:8501/
info: Ocelot.RateLimit.Middleware.ClientRateLimitMiddleware[0]
      requestId: 800010af-0002-d700-b63f-84710c7967bb, previousRequestId: no previous request id, message: EndpointRateLimiting is not enabled for /{everything}
info: Ocelot.RateLimit.Middleware.ClientRateLimitMiddleware[0]
      requestId: 8000034c-0014-f100-b63f-84710c7967bb, previousRequestId: no previous request id, message: EndpointRateLimiting is not enabled for /{everything}
info: Ocelot.RateLimit.Middleware.ClientRateLimitMiddleware[0]
      requestId: 8000057b-0014-d600-b63f-84710c7967bb, previousRequestId: no previous request id, message: EndpointRateLimiting is not enabled for /{everything}
info: Ocelot.Authentication.Middleware.AuthenticationMiddleware[0]
      requestId: 8000034c-0014-f100-b63f-84710c7967bb, previousRequestId: no previous request id, message: No authentication needed for /static/js/index.C1NIn1Y2.js
info: Ocelot.Authentication.Middleware.AuthenticationMiddleware[0]
      requestId: 8000057b-0014-d600-b63f-84710c7967bb, previousRequestId: no previous request id, message: No authentication needed for /static/css/index.CJVRHjQZ.css
info: Ocelot.Authentication.Middleware.AuthenticationMiddleware[0]
      requestId: 800010af-0002-d700-b63f-84710c7967bb, previousRequestId: no previous request id, message: No authentication needed for /static/media/SourceSansVF-Upright.ttf.BsWL4Kly.woff2
info: Ocelot.Authorization.Middleware.AuthorizationMiddleware[0]
      requestId: 8000034c-0014-f100-b63f-84710c7967bb, previousRequestId: no previous request id, message: /{everything} route does not require user to be authorized
info: Ocelot.Authorization.Middleware.AuthorizationMiddleware[0]
      requestId: 8000057b-0014-d600-b63f-84710c7967bb, previousRequestId: no previous request id, message: /{everything} route does not require user to be authorized
info: Ocelot.Authorization.Middleware.AuthorizationMiddleware[0]
      requestId: 800010af-0002-d700-b63f-84710c7967bb, previousRequestId: no previous request id, message: /{everything} route does not require user to be authorized
warn: Ocelot.Requester.Middleware.HttpRequesterMiddleware[0]
      requestId: 800010af-0002-d700-b63f-84710c7967bb, previousRequestId: no previous request id, message: 404 (Not Found) status code, request uri: http://192.168.73.133:8000/static/media/SourceSansVF-Upright.ttf.BsWL4Kly.woff2
warn: Ocelot.Requester.Middleware.HttpRequesterMiddleware[0]
      requestId: 8000057b-0014-d600-b63f-84710c7967bb, previousRequestId: no previous request id, message: 404 (Not Found) status code, request uri: http://192.168.73.133:8000/static/css/index.CJVRHjQZ.css
warn: Ocelot.Requester.Middleware.HttpRequesterMiddleware[0]
      requestId: 8000034c-0014-f100-b63f-84710c7967bb, previousRequestId: no previous request id, message: 404 (Not Found) status code, request uri: http://192.168.73.133:8000/static/js/index.C1NIn1Y2.js
info: Ocelot.RateLimit.Middleware.ClientRateLimitMiddleware[0]
      requestId: 80000037-0005-f200-b63f-84710c7967bb, previousRequestId: no previous request id, message: EndpointRateLimiting is not enabled for /{everything}
info: Ocelot.Authentication.Middleware.AuthenticationMiddleware[0]
      requestId: 80000037-0005-f200-b63f-84710c7967bb, previousRequestId: no previous request id, message: No authentication needed for /favicon.png
info: Ocelot.Authorization.Middleware.AuthorizationMiddleware[0]
      requestId: 80000037-0005-f200-b63f-84710c7967bb, previousRequestId: no previous request id, message: /{everything} route does not require user to be authorized
warn: Ocelot.Requester.Middleware.HttpRequesterMiddleware[0]
      requestId: 80000037-0005-f200-b63f-84710c7967bb, previousRequestId: no previous request id, message: 404 (Not Found) status code, request uri: http://192.168.73.133:8000/favicon.png
info: Ocelot.RateLimit.Middleware.ClientRateLimitMiddleware[0]
      requestId: 800010b3-0002-d700-b63f-84710c7967bb, previousRequestId: no previous request id, message: EndpointRateLimiting is not enabled for /{everything}
info: Ocelot.Authentication.Middleware.AuthenticationMiddleware[0]
      requestId: 800010b3-0002-d700-b63f-84710c7967bb, previousRequestId: no previous request id, message: No authentication needed for /static/css/index.CJVRHjQZ.css
info: Ocelot.Authorization.Middleware.AuthorizationMiddleware[0]
      requestId: 800010b3-0002-d700-b63f-84710c7967bb, previousRequestId: no previous request id, message: /{everything} route does not require user to be authorized
warn: Ocelot.Requester.Middleware.HttpRequesterMiddleware[0]
      requestId: 800010b3-0002-d700-b63f-84710c7967bb, previousRequestId: no previous request id, message: 404 (Not Found) status code, request uri: http://192.168.73.133:8000/static/css/index.CJVRHjQZ.css
info: Ocelot.RateLimit.Middleware.ClientRateLimitMiddleware[0]
      requestId: 80000142-0010-f800-b63f-84710c7967bb, previousRequestId: no previous request id, message: EndpointRateLimiting is not enabled for /{everything}
info: Ocelot.Authentication.Middleware.AuthenticationMiddleware[0]
      requestId: 80000142-0010-f800-b63f-84710c7967bb, previousRequestId: no previous request id, message: No authentication needed for /
info: Ocelot.Authorization.Middleware.AuthorizationMiddleware[0]
      requestId: 80000142-0010-f800-b63f-84710c7967bb, previousRequestId: no previous request id, message: /{everything} route does not require user to be authorized
info: Ocelot.Requester.Middleware.HttpRequesterMiddleware[0]
      requestId: 80000142-0010-f800-b63f-84710c7967bb, previousRequestId: no previous request id, message: 200 (OK) status code, request uri: http://192.168.73.133:8000/
info: Ocelot.RateLimit.Middleware.ClientRateLimitMiddleware[0]
      requestId: 80000144-0010-f800-b63f-84710c7967bb, previousRequestId: no previous request id, message: EndpointRateLimiting is not enabled for /{everything}
info: Ocelot.Authentication.Middleware.AuthenticationMiddleware[0]
      requestId: 80000144-0010-f800-b63f-84710c7967bb, previousRequestId: no previous request id, message: No authentication needed for /favicon.ico
info: Ocelot.Authorization.Middleware.AuthorizationMiddleware[0]
      requestId: 80000144-0010-f800-b63f-84710c7967bb, previousRequestId: no previous request id, message: /{everything} route does not require user to be authorized
warn: Ocelot.Requester.Middleware.HttpRequesterMiddleware[0]
      requestId: 80000144-0010-f800-b63f-84710c7967bb, previousRequestId: no previous request id, message: 404 (Not Found) status code, request uri: http://192.168.73.133:8000/favicon.ico
info: Ocelot.RateLimit.Middleware.ClientRateLimitMiddleware[0]
      requestId: 800001e2-0016-e900-b63f-84710c7967bb, previousRequestId: no previous request id, message: EndpointRateLimiting is not enabled for /
info: Ocelot.Authentication.Middleware.AuthenticationMiddleware[0]
      requestId: 800001e2-0016-e900-b63f-84710c7967bb, previousRequestId: no previous request id, message: No authentication needed for /demo
info: Ocelot.Authorization.Middleware.AuthorizationMiddleware[0]
      requestId: 800001e2-0016-e900-b63f-84710c7967bb, previousRequestId: no previous request id, message: / route does not require user to be authorized
info: Ocelot.Requester.Middleware.HttpRequesterMiddleware[0]
      requestId: 800001e2-0016-e900-b63f-84710c7967bb, previousRequestId: no previous request id, message: 304 (Not Modified) status code, request uri: http://192.168.73.133:8501/
info: Ocelot.RateLimit.Middleware.ClientRateLimitMiddleware[0]
      requestId: 8000057d-0014-d600-b63f-84710c7967bb, previousRequestId: no previous request id, message: EndpointRateLimiting is not enabled for /{everything}
info: Ocelot.Authentication.Middleware.AuthenticationMiddleware[0]
      requestId: 8000057d-0014-d600-b63f-84710c7967bb, previousRequestId: no previous request id, message: No authentication needed for /static/media/SourceSansVF-Upright.ttf.BsWL4Kly.woff2
info: Ocelot.Authorization.Middleware.AuthorizationMiddleware[0]
      requestId: 8000057d-0014-d600-b63f-84710c7967bb, previousRequestId: no previous request id, message: /{everything} route does not require user to be authorized
info: Ocelot.RateLimit.Middleware.ClientRateLimitMiddleware[0]
      requestId: 8000034e-0014-f100-b63f-84710c7967bb, previousRequestId: no previous request id, message: EndpointRateLimiting is not enabled for /{everything}
info: Ocelot.Authentication.Middleware.AuthenticationMiddleware[0]
      requestId: 8000034e-0014-f100-b63f-84710c7967bb, previousRequestId: no previous request id, message: No authentication needed for /static/css/index.CJVRHjQZ.css
info: Ocelot.Authorization.Middleware.AuthorizationMiddleware[0]
      requestId: 8000034e-0014-f100-b63f-84710c7967bb, previousRequestId: no previous request id, message: /{everything} route does not require user to be authorized
info: Ocelot.RateLimit.Middleware.ClientRateLimitMiddleware[0]
      requestId: 800006e5-0014-ff00-b63f-84710c7967bb, previousRequestId: no previous request id, message: EndpointRateLimiting is not enabled for /{everything}
info: Ocelot.Authentication.Middleware.AuthenticationMiddleware[0]
      requestId: 800006e5-0014-ff00-b63f-84710c7967bb, previousRequestId: no previous request id, message: No authentication needed for /static/js/index.C1NIn1Y2.js
info: Ocelot.Authorization.Middleware.AuthorizationMiddleware[0]
      requestId: 800006e5-0014-ff00-b63f-84710c7967bb, previousRequestId: no previous request id, message: /{everything} route does not require user to be authorized
warn: Ocelot.Requester.Middleware.HttpRequesterMiddleware[0]
      requestId: 8000057d-0014-d600-b63f-84710c7967bb, previousRequestId: no previous request id, message: 404 (Not Found) status code, request uri: http://192.168.73.133:8000/static/media/SourceSansVF-Upright.ttf.BsWL4Kly.woff2
warn: Ocelot.Requester.Middleware.HttpRequesterMiddleware[0]
      requestId: 8000034e-0014-f100-b63f-84710c7967bb, previousRequestId: no previous request id, message: 404 (Not Found) status code, request uri: http://192.168.73.133:8000/static/css/index.CJVRHjQZ.css
warn: Ocelot.Requester.Middleware.HttpRequesterMiddleware[0]
      requestId: 800006e5-0014-ff00-b63f-84710c7967bb, previousRequestId: no previous request id, message: 404 (Not Found) status code, request uri: http://192.168.73.133:8000/static/js/index.C1NIn1Y2.js
info: Ocelot.RateLimit.Middleware.ClientRateLimitMiddleware[0]
      requestId: 80000146-0010-f800-b63f-84710c7967bb, previousRequestId: no previous request id, message: EndpointRateLimiting is not enabled for /
info: Ocelot.Authentication.Middleware.AuthenticationMiddleware[0]
      requestId: 80000146-0010-f800-b63f-84710c7967bb, previousRequestId: no previous request id, message: No authentication needed for /demo
info: Ocelot.Authorization.Middleware.AuthorizationMiddleware[0]
      requestId: 80000146-0010-f800-b63f-84710c7967bb, previousRequestId: no previous request id, message: / route does not require user to be authorized
info: Ocelot.Requester.Middleware.HttpRequesterMiddleware[0]
      requestId: 80000146-0010-f800-b63f-84710c7967bb, previousRequestId: no previous request id, message: 304 (Not Modified) status code, request uri: http://192.168.73.133:8501/
info: Ocelot.RateLimit.Middleware.ClientRateLimitMiddleware[0]
      requestId: 800009cb-000e-c400-b63f-84710c7967bb, previousRequestId: no previous request id, message: EndpointRateLimiting is not enabled for /{everything}
info: Ocelot.Authentication.Middleware.AuthenticationMiddleware[0]
      requestId: 800009cb-000e-c400-b63f-84710c7967bb, previousRequestId: no previous request id, message: No authentication needed for /static/media/SourceSansVF-Upright.ttf.BsWL4Kly.woff2
info: Ocelot.Authorization.Middleware.AuthorizationMiddleware[0]
      requestId: 800009cb-000e-c400-b63f-84710c7967bb, previousRequestId: no previous request id, message: /{everything} route does not require user to be authorized
info: Ocelot.RateLimit.Middleware.ClientRateLimitMiddleware[0]
      requestId: 8000043a-000e-cd00-b63f-84710c7967bb, previousRequestId: no previous request id, message: EndpointRateLimiting is not enabled for /{everything}
info: Ocelot.Authentication.Middleware.AuthenticationMiddleware[0]
      requestId: 8000043a-000e-cd00-b63f-84710c7967bb, previousRequestId: no previous request id, message: No authentication needed for /static/js/index.C1NIn1Y2.js
info: Ocelot.Authorization.Middleware.AuthorizationMiddleware[0]
      requestId: 8000043a-000e-cd00-b63f-84710c7967bb, previousRequestId: no previous request id, message: /{everything} route does not require user to be authorized
info: Ocelot.RateLimit.Middleware.ClientRateLimitMiddleware[0]
      requestId: 800002f7-000e-db00-b63f-84710c7967bb, previousRequestId: no previous request id, message: EndpointRateLimiting is not enabled for /{everything}
info: Ocelot.Authentication.Middleware.AuthenticationMiddleware[0]
      requestId: 800002f7-000e-db00-b63f-84710c7967bb, previousRequestId: no previous request id, message: No authentication needed for /static/css/index.CJVRHjQZ.css
info: Ocelot.Authorization.Middleware.AuthorizationMiddleware[0]
      requestId: 800002f7-000e-db00-b63f-84710c7967bb, previousRequestId: no previous request id, message: /{everything} route does not require user to be authorized
warn: Ocelot.Requester.Middleware.HttpRequesterMiddleware[0]
      requestId: 800009cb-000e-c400-b63f-84710c7967bb, previousRequestId: no previous request id, message: 404 (Not Found) status code, request uri: http://192.168.73.133:8000/static/media/SourceSansVF-Upright.ttf.BsWL4Kly.woff2
warn: Ocelot.Requester.Middleware.HttpRequesterMiddleware[0]
      requestId: 8000043a-000e-cd00-b63f-84710c7967bb, previousRequestId: no previous request id, message: 404 (Not Found) status code, request uri: http://192.168.73.133:8000/static/js/index.C1NIn1Y2.js
warn: Ocelot.Requester.Middleware.HttpRequesterMiddleware[0]
      requestId: 800002f7-000e-db00-b63f-84710c7967bb, previousRequestId: no previous request id, message: 404 (Not Found) status code, request uri: http://192.168.73.133:8000/static/css/index.CJVRHjQZ.css
info: Ocelot.RateLimit.Middleware.ClientRateLimitMiddleware[0]
      requestId: 800002f9-000e-db00-b63f-84710c7967bb, previousRequestId: no previous request id, message: EndpointRateLimiting is not enabled for /
info: Ocelot.Authentication.Middleware.AuthenticationMiddleware[0]
      requestId: 800002f9-000e-db00-b63f-84710c7967bb, previousRequestId: no previous request id, message: No authentication needed for /demo/
info: Ocelot.Authorization.Middleware.AuthorizationMiddleware[0]
      requestId: 800002f9-000e-db00-b63f-84710c7967bb, previousRequestId: no previous request id, message: / route does not require user to be authorized
info: Ocelot.Requester.Middleware.HttpRequesterMiddleware[0]
      requestId: 800002f9-000e-db00-b63f-84710c7967bb, previousRequestId: no previous request id, message: 200 (OK) status code, request uri: http://192.168.73.133:8501/
info: Ocelot.RateLimit.Middleware.ClientRateLimitMiddleware[0]
      requestId: 8000014e-0010-f800-b63f-84710c7967bb, previousRequestId: no previous request id, message: EndpointRateLimiting is not enabled for /{everything}
info: Ocelot.Authentication.Middleware.AuthenticationMiddleware[0]
      requestId: 8000014e-0010-f800-b63f-84710c7967bb, previousRequestId: no previous request id, message: No authentication needed for /demo/static/media/SourceSansVF-Upright.ttf.BsWL4Kly.woff2
info: Ocelot.Authorization.Middleware.AuthorizationMiddleware[0]
      requestId: 8000014e-0010-f800-b63f-84710c7967bb, previousRequestId: no previous request id, message: /{everything} route does not require user to be authorized
info: Ocelot.RateLimit.Middleware.ClientRateLimitMiddleware[0]
      requestId: 800002fb-000e-db00-b63f-84710c7967bb, previousRequestId: no previous request id, message: EndpointRateLimiting is not enabled for /{everything}
info: Ocelot.Authentication.Middleware.AuthenticationMiddleware[0]
      requestId: 800002fb-000e-db00-b63f-84710c7967bb, previousRequestId: no previous request id, message: No authentication needed for /demo/static/js/index.C1NIn1Y2.js
info: Ocelot.Authorization.Middleware.AuthorizationMiddleware[0]
      requestId: 800002fb-000e-db00-b63f-84710c7967bb, previousRequestId: no previous request id, message: /{everything} route does not require user to be authorized
info: Ocelot.RateLimit.Middleware.ClientRateLimitMiddleware[0]
      requestId: 8000043c-000e-cd00-b63f-84710c7967bb, previousRequestId: no previous request id, message: EndpointRateLimiting is not enabled for /{everything}
info: Ocelot.Authentication.Middleware.AuthenticationMiddleware[0]
      requestId: 8000043c-000e-cd00-b63f-84710c7967bb, previousRequestId: no previous request id, message: No authentication needed for /demo/static/css/index.CJVRHjQZ.css
info: Ocelot.Authorization.Middleware.AuthorizationMiddleware[0]
      requestId: 8000043c-000e-cd00-b63f-84710c7967bb, previousRequestId: no previous request id, message: /{everything} route does not require user to be authorized
info: Ocelot.Requester.Middleware.HttpRequesterMiddleware[0]
      requestId: 8000014e-0010-f800-b63f-84710c7967bb, previousRequestId: no previous request id, message: 200 (OK) status code, request uri: http://192.168.73.133:8501/static/media/SourceSansVF-Upright.ttf.BsWL4Kly.woff2
info: Ocelot.Requester.Middleware.HttpRequesterMiddleware[0]
      requestId: 800002fb-000e-db00-b63f-84710c7967bb, previousRequestId: no previous request id, message: 200 (OK) status code, request uri: http://192.168.73.133:8501/static/js/index.C1NIn1Y2.js
info: Ocelot.Requester.Middleware.HttpRequesterMiddleware[0]
      requestId: 8000043c-000e-cd00-b63f-84710c7967bb, previousRequestId: no previous request id, message: 200 (OK) status code, request uri: http://192.168.73.133:8501/static/css/index.CJVRHjQZ.css
info: Ocelot.RateLimit.Middleware.ClientRateLimitMiddleware[0]
      requestId: 800002fd-000e-db00-b63f-84710c7967bb, previousRequestId: no previous request id, message: EndpointRateLimiting is not enabled for /_stcore/{everything}
info: Ocelot.Authentication.Middleware.AuthenticationMiddleware[0]
      requestId: 800002fd-000e-db00-b63f-84710c7967bb, previousRequestId: no previous request id, message: No authentication needed for /demo/_stcore/health
info: Ocelot.Authorization.Middleware.AuthorizationMiddleware[0]
      requestId: 800002fd-000e-db00-b63f-84710c7967bb, previousRequestId: no previous request id, message: /_stcore/{everything} route does not require user to be authorized
info: Ocelot.RateLimit.Middleware.ClientRateLimitMiddleware[0]
      requestId: 8000043e-000e-cd00-b63f-84710c7967bb, previousRequestId: no previous request id, message: EndpointRateLimiting is not enabled for /_stcore/{everything}
info: Ocelot.Authentication.Middleware.AuthenticationMiddleware[0]
      requestId: 8000043e-000e-cd00-b63f-84710c7967bb, previousRequestId: no previous request id, message: No authentication needed for /demo/_stcore/host-config
info: Ocelot.Authorization.Middleware.AuthorizationMiddleware[0]
      requestId: 8000043e-000e-cd00-b63f-84710c7967bb, previousRequestId: no previous request id, message: /_stcore/{everything} route does not require user to be authorized
info: Ocelot.Requester.Middleware.HttpRequesterMiddleware[0]
      requestId: 800002fd-000e-db00-b63f-84710c7967bb, previousRequestId: no previous request id, message: 200 (OK) status code, request uri: ws://192.168.73.133:8501/_stcore/health
info: Ocelot.Requester.Middleware.HttpRequesterMiddleware[0]
      requestId: 8000043e-000e-cd00-b63f-84710c7967bb, previousRequestId: no previous request id, message: 200 (OK) status code, request uri: ws://192.168.73.133:8501/_stcore/host-config
info: Ocelot.RateLimit.Middleware.ClientRateLimitMiddleware[0]
      requestId: 80000c16-000c-db00-b63f-84710c7967bb, previousRequestId: no previous request id, message: EndpointRateLimiting is not enabled for /{everything}
info: Ocelot.Authentication.Middleware.AuthenticationMiddleware[0]
      requestId: 80000c16-000c-db00-b63f-84710c7967bb, previousRequestId: no previous request id, message: No authentication needed for /demo/favicon.png
info: Ocelot.Authorization.Middleware.AuthorizationMiddleware[0]
      requestId: 80000c16-000c-db00-b63f-84710c7967bb, previousRequestId: no previous request id, message: /{everything} route does not require user to be authorized
info: Ocelot.Requester.Middleware.HttpRequesterMiddleware[0]
      requestId: 80000c16-000c-db00-b63f-84710c7967bb, previousRequestId: no previous request id, message: 200 (OK) status code, request uri: http://192.168.73.133:8501/favicon.png
info: Ocelot.RateLimit.Middleware.ClientRateLimitMiddleware[0]
      requestId: 80000440-000e-cd00-b63f-84710c7967bb, previousRequestId: no previous request id, message: EndpointRateLimiting is not enabled for /{everything}
info: Ocelot.Authentication.Middleware.AuthenticationMiddleware[0]
      requestId: 80000440-000e-cd00-b63f-84710c7967bb, previousRequestId: no previous request id, message: No authentication needed for /demo/static/js/index.DX-oiXlb.js
info: Ocelot.Authorization.Middleware.AuthorizationMiddleware[0]
      requestId: 80000440-000e-cd00-b63f-84710c7967bb, previousRequestId: no previous request id, message: /{everything} route does not require user to be authorized
info: Ocelot.RateLimit.Middleware.ClientRateLimitMiddleware[0]
      requestId: 800002ff-000e-db00-b63f-84710c7967bb, previousRequestId: no previous request id, message: EndpointRateLimiting is not enabled for /{everything}
info: Ocelot.Authentication.Middleware.AuthenticationMiddleware[0]
      requestId: 800002ff-000e-db00-b63f-84710c7967bb, previousRequestId: no previous request id, message: No authentication needed for /demo/static/js/index.7hy6AeJ1.js
info: Ocelot.Authorization.Middleware.AuthorizationMiddleware[0]
      requestId: 800002ff-000e-db00-b63f-84710c7967bb, previousRequestId: no previous request id, message: /{everything} route does not require user to be authorized
info: Ocelot.RateLimit.Middleware.ClientRateLimitMiddleware[0]
      requestId: 800009cd-000e-c400-b63f-84710c7967bb, previousRequestId: no previous request id, message: EndpointRateLimiting is not enabled for /{everything}
info: Ocelot.Authentication.Middleware.AuthenticationMiddleware[0]
      requestId: 800009cd-000e-c400-b63f-84710c7967bb, previousRequestId: no previous request id, message: No authentication needed for /demo/static/js/FileHelper.kt7mhnu8.js
info: Ocelot.Authorization.Middleware.AuthorizationMiddleware[0]
      requestId: 800009cd-000e-c400-b63f-84710c7967bb, previousRequestId: no previous request id, message: /{everything} route does not require user to be authorized
info: Ocelot.RateLimit.Middleware.ClientRateLimitMiddleware[0]
      requestId: 800007cd-000e-da00-b63f-84710c7967bb, previousRequestId: no previous request id, message: EndpointRateLimiting is not enabled for /{everything}
info: Ocelot.Authentication.Middleware.AuthenticationMiddleware[0]
      requestId: 800007cd-000e-da00-b63f-84710c7967bb, previousRequestId: no previous request id, message: No authentication needed for /demo/static/js/UploadFileInfo.0DCkpDDf.js
info: Ocelot.Authorization.Middleware.AuthorizationMiddleware[0]
      requestId: 800007cd-000e-da00-b63f-84710c7967bb, previousRequestId: no previous request id, message: /{everything} route does not require user to be authorized
info: Ocelot.RateLimit.Middleware.ClientRateLimitMiddleware[0]
      requestId: 80000298-000e-e300-b63f-84710c7967bb, previousRequestId: no previous request id, message: EndpointRateLimiting is not enabled for /{everything}
info: Ocelot.Authentication.Middleware.AuthenticationMiddleware[0]
      requestId: 80000298-000e-e300-b63f-84710c7967bb, previousRequestId: no previous request id, message: No authentication needed for /demo/static/js/InputInstructions.DaZ89mzH.js
info: Ocelot.Authorization.Middleware.AuthorizationMiddleware[0]
      requestId: 80000298-000e-e300-b63f-84710c7967bb, previousRequestId: no previous request id, message: /{everything} route does not require user to be authorized
info: Ocelot.RateLimit.Middleware.ClientRateLimitMiddleware[0]
      requestId: 8000016a-000e-cf00-b63f-84710c7967bb, previousRequestId: no previous request id, message: EndpointRateLimiting is not enabled for /{everything}
info: Ocelot.Authentication.Middleware.AuthenticationMiddleware[0]
      requestId: 8000016a-000e-cf00-b63f-84710c7967bb, previousRequestId: no previous request id, message: No authentication needed for /demo/static/js/inputUtils.CQWz5UKz.js
info: Ocelot.Authorization.Middleware.AuthorizationMiddleware[0]
      requestId: 8000016a-000e-cf00-b63f-84710c7967bb, previousRequestId: no previous request id, message: /{everything} route does not require user to be authorized
info: Ocelot.RateLimit.Middleware.ClientRateLimitMiddleware[0]
      requestId: 80000a07-000e-c200-b63f-84710c7967bb, previousRequestId: no previous request id, message: EndpointRateLimiting is not enabled for /{everything}
info: Ocelot.Authentication.Middleware.AuthenticationMiddleware[0]
      requestId: 80000a07-000e-c200-b63f-84710c7967bb, previousRequestId: no previous request id, message: No authentication needed for /demo/static/js/ErrorOutline.esm.DitPpe1Y.js
info: Ocelot.Authorization.Middleware.AuthorizationMiddleware[0]
      requestId: 80000a07-000e-c200-b63f-84710c7967bb, previousRequestId: no previous request id, message: /{everything} route does not require user to be authorized
info: Ocelot.RateLimit.Middleware.ClientRateLimitMiddleware[0]
      requestId: 8000013e-000e-e000-b63f-84710c7967bb, previousRequestId: no previous request id, message: EndpointRateLimiting is not enabled for /{everything}
info: Ocelot.Authentication.Middleware.AuthenticationMiddleware[0]
      requestId: 8000013e-000e-e000-b63f-84710c7967bb, previousRequestId: no previous request id, message: No authentication needed for /demo/static/js/textarea.QKjxR64N.js
info: Ocelot.Authorization.Middleware.AuthorizationMiddleware[0]
      requestId: 8000013e-000e-e000-b63f-84710c7967bb, previousRequestId: no previous request id, message: /{everything} route does not require user to be authorized
info: Ocelot.RateLimit.Middleware.ClientRateLimitMiddleware[0]
      requestId: 80000c18-000c-db00-b63f-84710c7967bb, previousRequestId: no previous request id, message: EndpointRateLimiting is not enabled for /{everything}
info: Ocelot.Authentication.Middleware.AuthenticationMiddleware[0]
      requestId: 80000c18-000c-db00-b63f-84710c7967bb, previousRequestId: no previous request id, message: No authentication needed for /demo/static/js/base-input.BJ4qsfSq.js
info: Ocelot.Authorization.Middleware.AuthorizationMiddleware[0]
      requestId: 80000c18-000c-db00-b63f-84710c7967bb, previousRequestId: no previous request id, message: /{everything} route does not require user to be authorized
info: Ocelot.RateLimit.Middleware.ClientRateLimitMiddleware[0]
      requestId: 800000a4-0012-c000-b63f-84710c7967bb, previousRequestId: no previous request id, message: EndpointRateLimiting is not enabled for /{everything}
info: Ocelot.Authentication.Middleware.AuthenticationMiddleware[0]
      requestId: 800000a4-0012-c000-b63f-84710c7967bb, previousRequestId: no previous request id, message: No authentication needed for /demo/static/media/MaterialSymbols-Rounded.DsbC8sYI.woff2
info: Ocelot.Authorization.Middleware.AuthorizationMiddleware[0]
      requestId: 800000a4-0012-c000-b63f-84710c7967bb, previousRequestId: no previous request id, message: /{everything} route does not require user to be authorized
info: Ocelot.Requester.Middleware.HttpRequesterMiddleware[0]
      requestId: 80000440-000e-cd00-b63f-84710c7967bb, previousRequestId: no previous request id, message: 200 (OK) status code, request uri: http://192.168.73.133:8501/static/js/index.DX-oiXlb.js
info: Ocelot.Requester.Middleware.HttpRequesterMiddleware[0]
      requestId: 800002ff-000e-db00-b63f-84710c7967bb, previousRequestId: no previous request id, message: 200 (OK) status code, request uri: http://192.168.73.133:8501/static/js/index.7hy6AeJ1.js
info: Ocelot.Requester.Middleware.HttpRequesterMiddleware[0]
      requestId: 800009cd-000e-c400-b63f-84710c7967bb, previousRequestId: no previous request id, message: 200 (OK) status code, request uri: http://192.168.73.133:8501/static/js/FileHelper.kt7mhnu8.js
info: Ocelot.Requester.Middleware.HttpRequesterMiddleware[0]
      requestId: 800007cd-000e-da00-b63f-84710c7967bb, previousRequestId: no previous request id, message: 200 (OK) status code, request uri: http://192.168.73.133:8501/static/js/UploadFileInfo.0DCkpDDf.js
info: Ocelot.Requester.Middleware.HttpRequesterMiddleware[0]
      requestId: 80000298-000e-e300-b63f-84710c7967bb, previousRequestId: no previous request id, message: 200 (OK) status code, request uri: http://192.168.73.133:8501/static/js/InputInstructions.DaZ89mzH.js
info: Ocelot.Requester.Middleware.HttpRequesterMiddleware[0]
      requestId: 8000016a-000e-cf00-b63f-84710c7967bb, previousRequestId: no previous request id, message: 200 (OK) status code, request uri: http://192.168.73.133:8501/static/js/inputUtils.CQWz5UKz.js
info: Ocelot.Requester.Middleware.HttpRequesterMiddleware[0]
      requestId: 80000a07-000e-c200-b63f-84710c7967bb, previousRequestId: no previous request id, message: 200 (OK) status code, request uri: http://192.168.73.133:8501/static/js/ErrorOutline.esm.DitPpe1Y.js
info: Ocelot.Requester.Middleware.HttpRequesterMiddleware[0]
      requestId: 8000013e-000e-e000-b63f-84710c7967bb, previousRequestId: no previous request id, message: 200 (OK) status code, request uri: http://192.168.73.133:8501/static/js/textarea.QKjxR64N.js
info: Ocelot.Requester.Middleware.HttpRequesterMiddleware[0]
      requestId: 80000c18-000c-db00-b63f-84710c7967bb, previousRequestId: no previous request id, message: 200 (OK) status code, request uri: http://192.168.73.133:8501/static/js/base-input.BJ4qsfSq.js
info: Ocelot.Requester.Middleware.HttpRequesterMiddleware[0]
      requestId: 800000a4-0012-c000-b63f-84710c7967bb, previousRequestId: no previous request id, message: 200 (OK) status code, request uri: http://192.168.73.133:8501/static/media/MaterialSymbols-Rounded.DsbC8sYI.woff2
info: Ocelot.RateLimit.Middleware.ClientRateLimitMiddleware[0]
      requestId: 800007aa-0000-e900-b63f-84710c7967bb, previousRequestId: no previous request id, message: EndpointRateLimiting is not enabled for /{everything}
info: Ocelot.Authentication.Middleware.AuthenticationMiddleware[0]
      requestId: 800007aa-0000-e900-b63f-84710c7967bb, previousRequestId: no previous request id, message: No authentication needed for /demo/static/js/index.xW7mVdI8.js
info: Ocelot.Authorization.Middleware.AuthorizationMiddleware[0]
      requestId: 800007aa-0000-e900-b63f-84710c7967bb, previousRequestId: no previous request id, message: /{everything} route does not require user to be authorized
info: Ocelot.RateLimit.Middleware.ClientRateLimitMiddleware[0]
      requestId: 80000047-0017-f000-b63f-84710c7967bb, previousRequestId: no previous request id, message: EndpointRateLimiting is not enabled for /{everything}
info: Ocelot.Authentication.Middleware.AuthenticationMiddleware[0]
      requestId: 80000047-0017-f000-b63f-84710c7967bb, previousRequestId: no previous request id, message: No authentication needed for /demo/static/js/uniqueId.O0UbJ2Bu.js
info: Ocelot.Authorization.Middleware.AuthorizationMiddleware[0]
      requestId: 80000047-0017-f000-b63f-84710c7967bb, previousRequestId: no previous request id, message: /{everything} route does not require user to be authorized
info: Ocelot.RateLimit.Middleware.ClientRateLimitMiddleware[0]
      requestId: 8000002a-0017-f900-b63f-84710c7967bb, previousRequestId: no previous request id, message: EndpointRateLimiting is not enabled for /{everything}
info: Ocelot.Authentication.Middleware.AuthenticationMiddleware[0]
      requestId: 8000002a-0017-f900-b63f-84710c7967bb, previousRequestId: no previous request id, message: No authentication needed for /demo/static/js/useOnInputChange.Cxh6ExEn.js
info: Ocelot.Authorization.Middleware.AuthorizationMiddleware[0]
      requestId: 8000002a-0017-f900-b63f-84710c7967bb, previousRequestId: no previous request id, message: /{everything} route does not require user to be authorized
info: Ocelot.RateLimit.Middleware.ClientRateLimitMiddleware[0]
      requestId: 80000131-0017-f500-b63f-84710c7967bb, previousRequestId: no previous request id, message: EndpointRateLimiting is not enabled for /{everything}
info: Ocelot.Authentication.Middleware.AuthenticationMiddleware[0]
      requestId: 80000131-0017-f500-b63f-84710c7967bb, previousRequestId: no previous request id, message: No authentication needed for /demo/static/js/useBasicWidgetState.Ci89jaH5.js
info: Ocelot.Authorization.Middleware.AuthorizationMiddleware[0]
      requestId: 80000131-0017-f500-b63f-84710c7967bb, previousRequestId: no previous request id, message: /{everything} route does not require user to be authorized
info: Ocelot.RateLimit.Middleware.ClientRateLimitMiddleware[0]
      requestId: 800000fc-0017-fa00-b63f-84710c7967bb, previousRequestId: no previous request id, message: EndpointRateLimiting is not enabled for /{everything}
info: Ocelot.Authentication.Middleware.AuthenticationMiddleware[0]
      requestId: 800000fc-0017-fa00-b63f-84710c7967bb, previousRequestId: no previous request id, message: No authentication needed for /demo/static/js/FormClearHelper.D1M9GM_c.js
info: Ocelot.Authorization.Middleware.AuthorizationMiddleware[0]
      requestId: 800000fc-0017-fa00-b63f-84710c7967bb, previousRequestId: no previous request id, message: /{everything} route does not require user to be authorized
info: Ocelot.RateLimit.Middleware.ClientRateLimitMiddleware[0]
      requestId: 800000bd-0017-fc00-b63f-84710c7967bb, previousRequestId: no previous request id, message: EndpointRateLimiting is not enabled for /{everything}
info: Ocelot.Authentication.Middleware.AuthenticationMiddleware[0]
      requestId: 800000bd-0017-fc00-b63f-84710c7967bb, previousRequestId: no previous request id, message: No authentication needed for /demo/static/js/input.CxKZ5Wrc.js
info: Ocelot.Authorization.Middleware.AuthorizationMiddleware[0]
      requestId: 800000bd-0017-fc00-b63f-84710c7967bb, previousRequestId: no previous request id, message: /{everything} route does not require user to be authorized
info: Ocelot.Requester.Middleware.HttpRequesterMiddleware[0]
      requestId: 800007aa-0000-e900-b63f-84710c7967bb, previousRequestId: no previous request id, message: 200 (OK) status code, request uri: http://192.168.73.133:8501/static/js/index.xW7mVdI8.js
info: Ocelot.Requester.Middleware.HttpRequesterMiddleware[0]
      requestId: 80000047-0017-f000-b63f-84710c7967bb, previousRequestId: no previous request id, message: 200 (OK) status code, request uri: http://192.168.73.133:8501/static/js/uniqueId.O0UbJ2Bu.js
info: Ocelot.RateLimit.Middleware.ClientRateLimitMiddleware[0]
      requestId: 80000036-0013-de00-b63f-84710c7967bb, previousRequestId: no previous request id, message: EndpointRateLimiting is not enabled for /{everything}
info: Ocelot.Authentication.Middleware.AuthenticationMiddleware[0]
      requestId: 80000036-0013-de00-b63f-84710c7967bb, previousRequestId: no previous request id, message: No authentication needed for /demo/static/js/index.B8oW0ZTD.js
info: Ocelot.Authorization.Middleware.AuthorizationMiddleware[0]
      requestId: 80000036-0013-de00-b63f-84710c7967bb, previousRequestId: no previous request id, message: /{everything} route does not require user to be authorized
info: Ocelot.Requester.Middleware.HttpRequesterMiddleware[0]
      requestId: 8000002a-0017-f900-b63f-84710c7967bb, previousRequestId: no previous request id, message: 200 (OK) status code, request uri: http://192.168.73.133:8501/static/js/useOnInputChange.Cxh6ExEn.js
info: Ocelot.RateLimit.Middleware.ClientRateLimitMiddleware[0]
      requestId: 80000c1a-000c-db00-b63f-84710c7967bb, previousRequestId: no previous request id, message: EndpointRateLimiting is not enabled for /{everything}
info: Ocelot.Authentication.Middleware.AuthenticationMiddleware[0]
      requestId: 80000c1a-000c-db00-b63f-84710c7967bb, previousRequestId: no previous request id, message: No authentication needed for /demo/static/js/index.CxGSemHL.js
info: Ocelot.Authorization.Middleware.AuthorizationMiddleware[0]
      requestId: 80000c1a-000c-db00-b63f-84710c7967bb, previousRequestId: no previous request id, message: /{everything} route does not require user to be authorized
info: Ocelot.RateLimit.Middleware.ClientRateLimitMiddleware[0]
      requestId: 800003ad-000c-f000-b63f-84710c7967bb, previousRequestId: no previous request id, message: EndpointRateLimiting is not enabled for /{everything}
info: Ocelot.Authentication.Middleware.AuthenticationMiddleware[0]
      requestId: 800003ad-000c-f000-b63f-84710c7967bb, previousRequestId: no previous request id, message: No authentication needed for /demo/static/js/checkbox.DSDh78Xz.js
info: Ocelot.Authorization.Middleware.AuthorizationMiddleware[0]
      requestId: 800003ad-000c-f000-b63f-84710c7967bb, previousRequestId: no previous request id, message: /{everything} route does not require user to be authorized
info: Ocelot.Requester.Middleware.HttpRequesterMiddleware[0]
      requestId: 80000131-0017-f500-b63f-84710c7967bb, previousRequestId: no previous request id, message: 200 (OK) status code, request uri: http://192.168.73.133:8501/static/js/useBasicWidgetState.Ci89jaH5.js
info: Ocelot.Requester.Middleware.HttpRequesterMiddleware[0]
      requestId: 800000fc-0017-fa00-b63f-84710c7967bb, previousRequestId: no previous request id, message: 200 (OK) status code, request uri: http://192.168.73.133:8501/static/js/FormClearHelper.D1M9GM_c.js
info: Ocelot.Requester.Middleware.HttpRequesterMiddleware[0]
      requestId: 800000bd-0017-fc00-b63f-84710c7967bb, previousRequestId: no previous request id, message: 200 (OK) status code, request uri: http://192.168.73.133:8501/static/js/input.CxKZ5Wrc.js
info: Ocelot.Requester.Middleware.HttpRequesterMiddleware[0]
      requestId: 80000036-0013-de00-b63f-84710c7967bb, previousRequestId: no previous request id, message: 200 (OK) status code, request uri: http://192.168.73.133:8501/static/js/index.B8oW0ZTD.js
info: Ocelot.Requester.Middleware.HttpRequesterMiddleware[0]
      requestId: 80000c1a-000c-db00-b63f-84710c7967bb, previousRequestId: no previous request id, message: 200 (OK) status code, request uri: http://192.168.73.133:8501/static/js/index.CxGSemHL.js
info: Ocelot.Requester.Middleware.HttpRequesterMiddleware[0]
      requestId: 800003ad-000c-f000-b63f-84710c7967bb, previousRequestId: no previous request id, message: 200 (OK) status code, request uri: http://192.168.73.133:8501/static/js/checkbox.DSDh78Xz.js
info: Ocelot.RateLimit.Middleware.ClientRateLimitMiddleware[0]
      requestId: 800009b4-002c-f400-b63f-84710c7967bb, previousRequestId: no previous request id, message: EndpointRateLimiting is not enabled for /{everything}
info: Ocelot.Authentication.Middleware.AuthenticationMiddleware[0]
      requestId: 800009b4-002c-f400-b63f-84710c7967bb, previousRequestId: no previous request id, message: No authentication needed for /demo/static/js/index.B4CGJiBW.js
info: Ocelot.Authorization.Middleware.AuthorizationMiddleware[0]
      requestId: 800009b4-002c-f400-b63f-84710c7967bb, previousRequestId: no previous request id, message: /{everything} route does not require user to be authorized
info: Ocelot.Requester.Middleware.HttpRequesterMiddleware[0]
      requestId: 800009b4-002c-f400-b63f-84710c7967bb, previousRequestId: no previous request id, message: 200 (OK) status code, request uri: http://192.168.73.133:8501/static/js/index.B4CGJiBW.js
fail: Ocelot.Errors.Middleware.ExceptionHandlerMiddleware[0]
      requestId: 80000ae0-000a-cf00-b63f-84710c7967bb, previousRequestId: no previous request id, message: Exception caught in global error handler, exception message: The WebSocket is in an invalid state ('Aborted') for this operation. Valid states are: 'Open, CloseReceived', exception stack:    at System.Net.WebSockets.WebSocketValidate.ThrowIfInvalidState(WebSocketState currentState, Boolean isDisposed, WebSocketState[] validStates)
         at System.Net.WebSockets.ManagedWebSocket.CloseOutputAsyncCore(WebSocketCloseStatus closeStatus, String statusDescription, CancellationToken cancellationToken)
         at Ocelot.WebSockets.Middleware.WebSocketsProxyMiddleware.PumpWebSocket(WebSocket source, WebSocket destination, Int32 bufferSize, CancellationToken cancellationToken)
         at Ocelot.WebSockets.Middleware.WebSocketsProxyMiddleware.Proxy(HttpContext context, String serverEndpoint)
         at Ocelot.WebSockets.Middleware.WebSocketsProxyMiddleware.Invoke(HttpContext httpContext)
         at Ocelot.DownstreamUrlCreator.Middleware.DownstreamUrlCreatorMiddleware.Invoke(HttpContext httpContext)
         at Ocelot.LoadBalancer.Middleware.LoadBalancingMiddleware.Invoke(HttpContext httpContext)
         at Ocelot.Request.Middleware.DownstreamRequestInitialiserMiddleware.Invoke(HttpContext httpContext)
         at Ocelot.Multiplexer.MultiplexingMiddleware.Invoke(HttpContext httpContext)
         at Ocelot.DownstreamRouteFinder.Middleware.DownstreamRouteFinderMiddleware.Invoke(HttpContext httpContext)
         at Ocelot.Errors.Middleware.ExceptionHandlerMiddleware.Invoke(HttpContext httpContext) RequestId: 80000ae0-000a-cf00-b63f-84710c7967bb, exception: System.Net.WebSockets.WebSocketException (0x80004005): The WebSocket is in an invalid state ('Aborted') for this operation. Valid states are: 'Open, CloseReceived'
         at System.Net.WebSockets.WebSocketValidate.ThrowIfInvalidState(WebSocketState currentState, Boolean isDisposed, WebSocketState[] validStates)
         at System.Net.WebSockets.ManagedWebSocket.CloseOutputAsyncCore(WebSocketCloseStatus closeStatus, String statusDescription, CancellationToken cancellationToken)
         at Ocelot.WebSockets.Middleware.WebSocketsProxyMiddleware.PumpWebSocket(WebSocket source, WebSocket destination, Int32 bufferSize, CancellationToken cancellationToken)
         at Ocelot.WebSockets.Middleware.WebSocketsProxyMiddleware.Proxy(HttpContext context, String serverEndpoint)
         at Ocelot.WebSockets.Middleware.WebSocketsProxyMiddleware.Invoke(HttpContext httpContext)
         at Ocelot.DownstreamUrlCreator.Middleware.DownstreamUrlCreatorMiddleware.Invoke(HttpContext httpContext)
         at Ocelot.LoadBalancer.Middleware.LoadBalancingMiddleware.Invoke(HttpContext httpContext)
         at Ocelot.Request.Middleware.DownstreamRequestInitialiserMiddleware.Invoke(HttpContext httpContext)
         at Ocelot.Multiplexer.MultiplexingMiddleware.Invoke(HttpContext httpContext)
         at Ocelot.DownstreamRouteFinder.Middleware.DownstreamRouteFinderMiddleware.Invoke(HttpContext httpContext)
         at Ocelot.Errors.Middleware.ExceptionHandlerMiddleware.Invoke(HttpContext httpContext)
      System.Net.WebSockets.WebSocketException (0x80004005): The WebSocket is in an invalid state ('Aborted') for this operation. Valid states are: 'Open, CloseReceived'
         at System.Net.WebSockets.WebSocketValidate.ThrowIfInvalidState(WebSocketState currentState, Boolean isDisposed, WebSocketState[] validStates)
         at System.Net.WebSockets.ManagedWebSocket.CloseOutputAsyncCore(WebSocketCloseStatus closeStatus, String statusDescription, CancellationToken cancellationToken)
         at Ocelot.WebSockets.Middleware.WebSocketsProxyMiddleware.PumpWebSocket(WebSocket source, WebSocket destination, Int32 bufferSize, CancellationToken cancellationToken)
         at Ocelot.WebSockets.Middleware.WebSocketsProxyMiddleware.Proxy(HttpContext context, String serverEndpoint)
         at Ocelot.WebSockets.Middleware.WebSocketsProxyMiddleware.Invoke(HttpContext httpContext)
         at Ocelot.DownstreamUrlCreator.Middleware.DownstreamUrlCreatorMiddleware.Invoke(HttpContext httpContext)
         at Ocelot.LoadBalancer.Middleware.LoadBalancingMiddleware.Invoke(HttpContext httpContext)
         at Ocelot.Request.Middleware.DownstreamRequestInitialiserMiddleware.Invoke(HttpContext httpContext)
         at Ocelot.Multiplexer.MultiplexingMiddleware.Invoke(HttpContext httpContext)
         at Ocelot.DownstreamRouteFinder.Middleware.DownstreamRouteFinderMiddleware.Invoke(HttpContext httpContext)
         at Ocelot.Errors.Middleware.ExceptionHandlerMiddleware.Invoke(HttpContext httpContext)
info: Microsoft.Hosting.Lifetime[0]
      Application is shutting down...
