info: Microsoft.Hosting.Lifetime[0]
      Application started. Press Ctrl+C to shut down.
info: Microsoft.Hosting.Lifetime[0]
      Hosting environment: Production
info: Microsoft.Hosting.Lifetime[0]
      Content root path: D:\LMS\Getway\
warn: Ocelot.DownstreamRouteFinder.Middleware.DownstreamRouteFinderMiddleware[0]
      requestId: 800003b7-002c-f000-b63f-84710c7967bb, previousRequestId: no previous request id, message: DownstreamRouteFinderMiddleware setting pipeline errors. IDownstreamRouteFinder returned Error Code: UnableToFindDownstreamRouteError Message: Failed to match Route configuration for upstream path: /_stcore/host-config, verb: GET.
warn: Ocelot.DownstreamRouteFinder.Middleware.DownstreamRouteFinderMiddleware[0]
      requestId: 800003c6-0010-dc00-b63f-84710c7967bb, previousRequestId: no previous request id, message: DownstreamRouteFinderMiddleware setting pipeline errors. IDownstreamRouteFinder returned Error Code: UnableToFindDownstreamRouteError Message: Failed to match Route configuration for upstream path: /demo/, verb: GET.
warn: Ocelot.DownstreamRouteFinder.Middleware.DownstreamRouteFinderMiddleware[0]
      requestId: 80000244-0024-fd00-b63f-84710c7967bb, previousRequestId: no previous request id, message: DownstreamRouteFinderMiddleware setting pipeline errors. IDownstreamRouteFinder returned Error Code: UnableToFindDownstreamRouteError Message: Failed to match Route configuration for upstream path: /_stcore/health, verb: GET.
warn: Ocelot.Responder.Middleware.ResponderMiddleware[0]
      requestId: 800003c6-0010-dc00-b63f-84710c7967bb, previousRequestId: no previous request id, message: Error Code: UnableToFindDownstreamRouteError Message: Failed to match Route configuration for upstream path: /demo/, verb: GET. errors found in ResponderMiddleware. Setting error response for request path:/demo/, request method: GET
warn: Ocelot.Responder.Middleware.ResponderMiddleware[0]
      requestId: 80000244-0024-fd00-b63f-84710c7967bb, previousRequestId: no previous request id, message: Error Code: UnableToFindDownstreamRouteError Message: Failed to match Route configuration for upstream path: /_stcore/health, verb: GET. errors found in ResponderMiddleware. Setting error response for request path:/_stcore/health, request method: GET
warn: Ocelot.Responder.Middleware.ResponderMiddleware[0]
      requestId: 800003b7-002c-f000-b63f-84710c7967bb, previousRequestId: no previous request id, message: Error Code: UnableToFindDownstreamRouteError Message: Failed to match Route configuration for upstream path: /_stcore/host-config, verb: GET. errors found in ResponderMiddleware. Setting error response for request path:/_stcore/host-config, request method: GET
warn: Ocelot.DownstreamRouteFinder.Middleware.DownstreamRouteFinderMiddleware[0]
      requestId: 80000343-0022-f400-b63f-84710c7967bb, previousRequestId: no previous request id, message: DownstreamRouteFinderMiddleware setting pipeline errors. IDownstreamRouteFinder returned Error Code: UnableToFindDownstreamRouteError Message: Failed to match Route configuration for upstream path: /_stcore/host-config, verb: GET.
warn: Ocelot.DownstreamRouteFinder.Middleware.DownstreamRouteFinderMiddleware[0]
      requestId: 80000246-0024-fd00-b63f-84710c7967bb, previousRequestId: no previous request id, message: DownstreamRouteFinderMiddleware setting pipeline errors. IDownstreamRouteFinder returned Error Code: UnableToFindDownstreamRouteError Message: Failed to match Route configuration for upstream path: /_stcore/health, verb: GET.
warn: Ocelot.Responder.Middleware.ResponderMiddleware[0]
      requestId: 80000343-0022-f400-b63f-84710c7967bb, previousRequestId: no previous request id, message: Error Code: UnableToFindDownstreamRouteError Message: Failed to match Route configuration for upstream path: /_stcore/host-config, verb: GET. errors found in ResponderMiddleware. Setting error response for request path:/_stcore/host-config, request method: GET
warn: Ocelot.Responder.Middleware.ResponderMiddleware[0]
      requestId: 80000246-0024-fd00-b63f-84710c7967bb, previousRequestId: no previous request id, message: Error Code: UnableToFindDownstreamRouteError Message: Failed to match Route configuration for upstream path: /_stcore/health, verb: GET. errors found in ResponderMiddleware. Setting error response for request path:/_stcore/health, request method: GET
warn: Ocelot.DownstreamRouteFinder.Middleware.DownstreamRouteFinderMiddleware[0]
      requestId: 800001e6-000e-c100-b63f-84710c7967bb, previousRequestId: no previous request id, message: DownstreamRouteFinderMiddleware setting pipeline errors. IDownstreamRouteFinder returned Error Code: UnableToFindDownstreamRouteError Message: Failed to match Route configuration for upstream path: /api/, verb: GET.
warn: Ocelot.Responder.Middleware.ResponderMiddleware[0]
      requestId: 800001e6-000e-c100-b63f-84710c7967bb, previousRequestId: no previous request id, message: Error Code: UnableToFindDownstreamRouteError Message: Failed to match Route configuration for upstream path: /api/, verb: GET. errors found in ResponderMiddleware. Setting error response for request path:/api/, request method: GET
warn: Ocelot.DownstreamRouteFinder.Middleware.DownstreamRouteFinderMiddleware[0]
      requestId: 80000345-0022-f400-b63f-84710c7967bb, previousRequestId: no previous request id, message: DownstreamRouteFinderMiddleware setting pipeline errors. IDownstreamRouteFinder returned Error Code: UnableToFindDownstreamRouteError Message: Failed to match Route configuration for upstream path: /_stcore/health, verb: GET.
warn: Ocelot.DownstreamRouteFinder.Middleware.DownstreamRouteFinderMiddleware[0]
      requestId: 8000031c-0022-f200-b63f-84710c7967bb, previousRequestId: no previous request id, message: DownstreamRouteFinderMiddleware setting pipeline errors. IDownstreamRouteFinder returned Error Code: UnableToFindDownstreamRouteError Message: Failed to match Route configuration for upstream path: /_stcore/host-config, verb: GET.
warn: Ocelot.Responder.Middleware.ResponderMiddleware[0]
      requestId: 80000345-0022-f400-b63f-84710c7967bb, previousRequestId: no previous request id, message: Error Code: UnableToFindDownstreamRouteError Message: Failed to match Route configuration for upstream path: /_stcore/health, verb: GET. errors found in ResponderMiddleware. Setting error response for request path:/_stcore/health, request method: GET
warn: Ocelot.Responder.Middleware.ResponderMiddleware[0]
      requestId: 8000031c-0022-f200-b63f-84710c7967bb, previousRequestId: no previous request id, message: Error Code: UnableToFindDownstreamRouteError Message: Failed to match Route configuration for upstream path: /_stcore/host-config, verb: GET. errors found in ResponderMiddleware. Setting error response for request path:/_stcore/host-config, request method: GET
warn: Ocelot.DownstreamRouteFinder.Middleware.DownstreamRouteFinderMiddleware[0]
      requestId: 800002c1-001c-fd00-b63f-84710c7967bb, previousRequestId: no previous request id, message: DownstreamRouteFinderMiddleware setting pipeline errors. IDownstreamRouteFinder returned Error Code: UnableToFindDownstreamRouteError Message: Failed to match Route configuration for upstream path: /_stcore/health, verb: GET.
warn: Ocelot.Responder.Middleware.ResponderMiddleware[0]
      requestId: 800002c1-001c-fd00-b63f-84710c7967bb, previousRequestId: no previous request id, message: Error Code: UnableToFindDownstreamRouteError Message: Failed to match Route configuration for upstream path: /_stcore/health, verb: GET. errors found in ResponderMiddleware. Setting error response for request path:/_stcore/health, request method: GET
warn: Ocelot.DownstreamRouteFinder.Middleware.DownstreamRouteFinderMiddleware[0]
      requestId: 80000497-001c-f600-b63f-84710c7967bb, previousRequestId: no previous request id, message: DownstreamRouteFinderMiddleware setting pipeline errors. IDownstreamRouteFinder returned Error Code: UnableToFindDownstreamRouteError Message: Failed to match Route configuration for upstream path: /_stcore/host-config, verb: GET.
warn: Ocelot.Responder.Middleware.ResponderMiddleware[0]
      requestId: 80000497-001c-f600-b63f-84710c7967bb, previousRequestId: no previous request id, message: Error Code: UnableToFindDownstreamRouteError Message: Failed to match Route configuration for upstream path: /_stcore/host-config, verb: GET. errors found in ResponderMiddleware. Setting error response for request path:/_stcore/host-config, request method: GET
warn: Ocelot.DownstreamRouteFinder.Middleware.DownstreamRouteFinderMiddleware[0]
      requestId: 80000228-001e-ef00-b63f-84710c7967bb, previousRequestId: no previous request id, message: DownstreamRouteFinderMiddleware setting pipeline errors. IDownstreamRouteFinder returned Error Code: UnableToFindDownstreamRouteError Message: Failed to match Route configuration for upstream path: /_stcore/health, verb: GET.
warn: Ocelot.DownstreamRouteFinder.Middleware.DownstreamRouteFinderMiddleware[0]
      requestId: 8000003e-001e-e400-b63f-84710c7967bb, previousRequestId: no previous request id, message: DownstreamRouteFinderMiddleware setting pipeline errors. IDownstreamRouteFinder returned Error Code: UnableToFindDownstreamRouteError Message: Failed to match Route configuration for upstream path: /_stcore/host-config, verb: GET.
warn: Ocelot.Responder.Middleware.ResponderMiddleware[0]
      requestId: 80000228-001e-ef00-b63f-84710c7967bb, previousRequestId: no previous request id, message: Error Code: UnableToFindDownstreamRouteError Message: Failed to match Route configuration for upstream path: /_stcore/health, verb: GET. errors found in ResponderMiddleware. Setting error response for request path:/_stcore/health, request method: GET
warn: Ocelot.Responder.Middleware.ResponderMiddleware[0]
      requestId: 8000003e-001e-e400-b63f-84710c7967bb, previousRequestId: no previous request id, message: Error Code: UnableToFindDownstreamRouteError Message: Failed to match Route configuration for upstream path: /_stcore/host-config, verb: GET. errors found in ResponderMiddleware. Setting error response for request path:/_stcore/host-config, request method: GET
warn: Ocelot.DownstreamRouteFinder.Middleware.DownstreamRouteFinderMiddleware[0]
      requestId: 800003b9-002c-f000-b63f-84710c7967bb, previousRequestId: no previous request id, message: DownstreamRouteFinderMiddleware setting pipeline errors. IDownstreamRouteFinder returned Error Code: UnableToFindDownstreamRouteError Message: Failed to match Route configuration for upstream path: /_stcore/health, verb: GET.
warn: Ocelot.DownstreamRouteFinder.Middleware.DownstreamRouteFinderMiddleware[0]
      requestId: 80000248-0024-fd00-b63f-84710c7967bb, previousRequestId: no previous request id, message: DownstreamRouteFinderMiddleware setting pipeline errors. IDownstreamRouteFinder returned Error Code: UnableToFindDownstreamRouteError Message: Failed to match Route configuration for upstream path: /_stcore/host-config, verb: GET.
warn: Ocelot.Responder.Middleware.ResponderMiddleware[0]
      requestId: 800003b9-002c-f000-b63f-84710c7967bb, previousRequestId: no previous request id, message: Error Code: UnableToFindDownstreamRouteError Message: Failed to match Route configuration for upstream path: /_stcore/health, verb: GET. errors found in ResponderMiddleware. Setting error response for request path:/_stcore/health, request method: GET
warn: Ocelot.Responder.Middleware.ResponderMiddleware[0]
      requestId: 80000248-0024-fd00-b63f-84710c7967bb, previousRequestId: no previous request id, message: Error Code: UnableToFindDownstreamRouteError Message: Failed to match Route configuration for upstream path: /_stcore/host-config, verb: GET. errors found in ResponderMiddleware. Setting error response for request path:/_stcore/host-config, request method: GET
warn: Ocelot.DownstreamRouteFinder.Middleware.DownstreamRouteFinderMiddleware[0]
      requestId: 800002d2-000c-f200-b63f-84710c7967bb, previousRequestId: no previous request id, message: DownstreamRouteFinderMiddleware setting pipeline errors. IDownstreamRouteFinder returned Error Code: UnableToFindDownstreamRouteError Message: Failed to match Route configuration for upstream path: /_stcore/health, verb: GET.
warn: Ocelot.Responder.Middleware.ResponderMiddleware[0]
      requestId: 800002d2-000c-f200-b63f-84710c7967bb, previousRequestId: no previous request id, message: Error Code: UnableToFindDownstreamRouteError Message: Failed to match Route configuration for upstream path: /_stcore/health, verb: GET. errors found in ResponderMiddleware. Setting error response for request path:/_stcore/health, request method: GET
warn: Ocelot.DownstreamRouteFinder.Middleware.DownstreamRouteFinderMiddleware[0]
      requestId: 8000026f-000c-e000-b63f-84710c7967bb, previousRequestId: no previous request id, message: DownstreamRouteFinderMiddleware setting pipeline errors. IDownstreamRouteFinder returned Error Code: UnableToFindDownstreamRouteError Message: Failed to match Route configuration for upstream path: /_stcore/host-config, verb: GET.
warn: Ocelot.Responder.Middleware.ResponderMiddleware[0]
      requestId: 8000026f-000c-e000-b63f-84710c7967bb, previousRequestId: no previous request id, message: Error Code: UnableToFindDownstreamRouteError Message: Failed to match Route configuration for upstream path: /_stcore/host-config, verb: GET. errors found in ResponderMiddleware. Setting error response for request path:/_stcore/host-config, request method: GET
warn: Ocelot.DownstreamRouteFinder.Middleware.DownstreamRouteFinderMiddleware[0]
      requestId: 8000024a-0024-fd00-b63f-84710c7967bb, previousRequestId: no previous request id, message: DownstreamRouteFinderMiddleware setting pipeline errors. IDownstreamRouteFinder returned Error Code: UnableToFindDownstreamRouteError Message: Failed to match Route configuration for upstream path: /_stcore/health, verb: GET.
warn: Ocelot.DownstreamRouteFinder.Middleware.DownstreamRouteFinderMiddleware[0]
      requestId: 800001f8-0024-f500-b63f-84710c7967bb, previousRequestId: no previous request id, message: DownstreamRouteFinderMiddleware setting pipeline errors. IDownstreamRouteFinder returned Error Code: UnableToFindDownstreamRouteError Message: Failed to match Route configuration for upstream path: /_stcore/host-config, verb: GET.
warn: Ocelot.Responder.Middleware.ResponderMiddleware[0]
      requestId: 8000024a-0024-fd00-b63f-84710c7967bb, previousRequestId: no previous request id, message: Error Code: UnableToFindDownstreamRouteError Message: Failed to match Route configuration for upstream path: /_stcore/health, verb: GET. errors found in ResponderMiddleware. Setting error response for request path:/_stcore/health, request method: GET
warn: Ocelot.Responder.Middleware.ResponderMiddleware[0]
      requestId: 800001f8-0024-f500-b63f-84710c7967bb, previousRequestId: no previous request id, message: Error Code: UnableToFindDownstreamRouteError Message: Failed to match Route configuration for upstream path: /_stcore/host-config, verb: GET. errors found in ResponderMiddleware. Setting error response for request path:/_stcore/host-config, request method: GET
warn: Ocelot.DownstreamRouteFinder.Middleware.DownstreamRouteFinderMiddleware[0]
      requestId: 80000582-001a-fd00-b63f-84710c7967bb, previousRequestId: no previous request id, message: DownstreamRouteFinderMiddleware setting pipeline errors. IDownstreamRouteFinder returned Error Code: UnableToFindDownstreamRouteError Message: Failed to match Route configuration for upstream path: /_stcore/health, verb: GET.
warn: Ocelot.DownstreamRouteFinder.Middleware.DownstreamRouteFinderMiddleware[0]
      requestId: 80000499-001c-f600-b63f-84710c7967bb, previousRequestId: no previous request id, message: DownstreamRouteFinderMiddleware setting pipeline errors. IDownstreamRouteFinder returned Error Code: UnableToFindDownstreamRouteError Message: Failed to match Route configuration for upstream path: /_stcore/host-config, verb: GET.
warn: Ocelot.Responder.Middleware.ResponderMiddleware[0]
      requestId: 80000582-001a-fd00-b63f-84710c7967bb, previousRequestId: no previous request id, message: Error Code: UnableToFindDownstreamRouteError Message: Failed to match Route configuration for upstream path: /_stcore/health, verb: GET. errors found in ResponderMiddleware. Setting error response for request path:/_stcore/health, request method: GET
warn: Ocelot.Responder.Middleware.ResponderMiddleware[0]
      requestId: 80000499-001c-f600-b63f-84710c7967bb, previousRequestId: no previous request id, message: Error Code: UnableToFindDownstreamRouteError Message: Failed to match Route configuration for upstream path: /_stcore/host-config, verb: GET. errors found in ResponderMiddleware. Setting error response for request path:/_stcore/host-config, request method: GET
warn: Ocelot.DownstreamRouteFinder.Middleware.DownstreamRouteFinderMiddleware[0]
      requestId: 80000710-002e-ff00-b63f-84710c7967bb, previousRequestId: no previous request id, message: DownstreamRouteFinderMiddleware setting pipeline errors. IDownstreamRouteFinder returned Error Code: UnableToFindDownstreamRouteError Message: Failed to match Route configuration for upstream path: /_stcore/health, verb: GET.
warn: Ocelot.DownstreamRouteFinder.Middleware.DownstreamRouteFinderMiddleware[0]
      requestId: 800002f8-002e-f500-b63f-84710c7967bb, previousRequestId: no previous request id, message: DownstreamRouteFinderMiddleware setting pipeline errors. IDownstreamRouteFinder returned Error Code: UnableToFindDownstreamRouteError Message: Failed to match Route configuration for upstream path: /_stcore/host-config, verb: GET.
warn: Ocelot.Responder.Middleware.ResponderMiddleware[0]
      requestId: 80000710-002e-ff00-b63f-84710c7967bb, previousRequestId: no previous request id, message: Error Code: UnableToFindDownstreamRouteError Message: Failed to match Route configuration for upstream path: /_stcore/health, verb: GET. errors found in ResponderMiddleware. Setting error response for request path:/_stcore/health, request method: GET
warn: Ocelot.Responder.Middleware.ResponderMiddleware[0]
      requestId: 800002f8-002e-f500-b63f-84710c7967bb, previousRequestId: no previous request id, message: Error Code: UnableToFindDownstreamRouteError Message: Failed to match Route configuration for upstream path: /_stcore/host-config, verb: GET. errors found in ResponderMiddleware. Setting error response for request path:/_stcore/host-config, request method: GET
warn: Ocelot.DownstreamRouteFinder.Middleware.DownstreamRouteFinderMiddleware[0]
      requestId: 80000584-001a-fd00-b63f-84710c7967bb, previousRequestId: no previous request id, message: DownstreamRouteFinderMiddleware setting pipeline errors. IDownstreamRouteFinder returned Error Code: UnableToFindDownstreamRouteError Message: Failed to match Route configuration for upstream path: /_stcore/health, verb: GET.
warn: Ocelot.Responder.Middleware.ResponderMiddleware[0]
      requestId: 80000584-001a-fd00-b63f-84710c7967bb, previousRequestId: no previous request id, message: Error Code: UnableToFindDownstreamRouteError Message: Failed to match Route configuration for upstream path: /_stcore/health, verb: GET. errors found in ResponderMiddleware. Setting error response for request path:/_stcore/health, request method: GET
warn: Ocelot.DownstreamRouteFinder.Middleware.DownstreamRouteFinderMiddleware[0]
      requestId: 800005a9-001a-f700-b63f-84710c7967bb, previousRequestId: no previous request id, message: DownstreamRouteFinderMiddleware setting pipeline errors. IDownstreamRouteFinder returned Error Code: UnableToFindDownstreamRouteError Message: Failed to match Route configuration for upstream path: /_stcore/host-config, verb: GET.
warn: Ocelot.Responder.Middleware.ResponderMiddleware[0]
      requestId: 800005a9-001a-f700-b63f-84710c7967bb, previousRequestId: no previous request id, message: Error Code: UnableToFindDownstreamRouteError Message: Failed to match Route configuration for upstream path: /_stcore/host-config, verb: GET. errors found in ResponderMiddleware. Setting error response for request path:/_stcore/host-config, request method: GET
warn: Ocelot.DownstreamRouteFinder.Middleware.DownstreamRouteFinderMiddleware[0]
      requestId: 800005ab-001a-f700-b63f-84710c7967bb, previousRequestId: no previous request id, message: DownstreamRouteFinderMiddleware setting pipeline errors. IDownstreamRouteFinder returned Error Code: UnableToFindDownstreamRouteError Message: Failed to match Route configuration for upstream path: /_stcore/health, verb: GET.
warn: Ocelot.Responder.Middleware.ResponderMiddleware[0]
      requestId: 800005ab-001a-f700-b63f-84710c7967bb, previousRequestId: no previous request id, message: Error Code: UnableToFindDownstreamRouteError Message: Failed to match Route configuration for upstream path: /_stcore/health, verb: GET. errors found in ResponderMiddleware. Setting error response for request path:/_stcore/health, request method: GET
warn: Ocelot.DownstreamRouteFinder.Middleware.DownstreamRouteFinderMiddleware[0]
      requestId: 80000586-001a-fd00-b63f-84710c7967bb, previousRequestId: no previous request id, message: DownstreamRouteFinderMiddleware setting pipeline errors. IDownstreamRouteFinder returned Error Code: UnableToFindDownstreamRouteError Message: Failed to match Route configuration for upstream path: /_stcore/host-config, verb: GET.
warn: Ocelot.Responder.Middleware.ResponderMiddleware[0]
      requestId: 80000586-001a-fd00-b63f-84710c7967bb, previousRequestId: no previous request id, message: Error Code: UnableToFindDownstreamRouteError Message: Failed to match Route configuration for upstream path: /_stcore/host-config, verb: GET. errors found in ResponderMiddleware. Setting error response for request path:/_stcore/host-config, request method: GET
warn: Ocelot.DownstreamRouteFinder.Middleware.DownstreamRouteFinderMiddleware[0]
      requestId: 800003f6-0018-fe00-b63f-84710c7967bb, previousRequestId: no previous request id, message: DownstreamRouteFinderMiddleware setting pipeline errors. IDownstreamRouteFinder returned Error Code: UnableToFindDownstreamRouteError Message: Failed to match Route configuration for upstream path: /_stcore/health, verb: GET.
warn: Ocelot.Responder.Middleware.ResponderMiddleware[0]
      requestId: 800003f6-0018-fe00-b63f-84710c7967bb, previousRequestId: no previous request id, message: Error Code: UnableToFindDownstreamRouteError Message: Failed to match Route configuration for upstream path: /_stcore/health, verb: GET. errors found in ResponderMiddleware. Setting error response for request path:/_stcore/health, request method: GET
warn: Ocelot.DownstreamRouteFinder.Middleware.DownstreamRouteFinderMiddleware[0]
      requestId: 80000423-0026-fb00-b63f-84710c7967bb, previousRequestId: no previous request id, message: DownstreamRouteFinderMiddleware setting pipeline errors. IDownstreamRouteFinder returned Error Code: UnableToFindDownstreamRouteError Message: Failed to match Route configuration for upstream path: /_stcore/host-config, verb: GET.
warn: Ocelot.Responder.Middleware.ResponderMiddleware[0]
      requestId: 80000423-0026-fb00-b63f-84710c7967bb, previousRequestId: no previous request id, message: Error Code: UnableToFindDownstreamRouteError Message: Failed to match Route configuration for upstream path: /_stcore/host-config, verb: GET. errors found in ResponderMiddleware. Setting error response for request path:/_stcore/host-config, request method: GET
warn: Ocelot.DownstreamRouteFinder.Middleware.DownstreamRouteFinderMiddleware[0]
      requestId: 80000023-0012-d200-b63f-84710c7967bb, previousRequestId: no previous request id, message: DownstreamRouteFinderMiddleware setting pipeline errors. IDownstreamRouteFinder returned Error Code: UnableToFindDownstreamRouteError Message: Failed to match Route configuration for upstream path: /_stcore/health, verb: GET.
warn: Ocelot.Responder.Middleware.ResponderMiddleware[0]
      requestId: 80000023-0012-d200-b63f-84710c7967bb, previousRequestId: no previous request id, message: Error Code: UnableToFindDownstreamRouteError Message: Failed to match Route configuration for upstream path: /_stcore/health, verb: GET. errors found in ResponderMiddleware. Setting error response for request path:/_stcore/health, request method: GET
warn: Ocelot.DownstreamRouteFinder.Middleware.DownstreamRouteFinderMiddleware[0]
      requestId: 8000004e-0012-cf00-b63f-84710c7967bb, previousRequestId: no previous request id, message: DownstreamRouteFinderMiddleware setting pipeline errors. IDownstreamRouteFinder returned Error Code: UnableToFindDownstreamRouteError Message: Failed to match Route configuration for upstream path: /_stcore/host-config, verb: GET.
warn: Ocelot.Responder.Middleware.ResponderMiddleware[0]
      requestId: 8000004e-0012-cf00-b63f-84710c7967bb, previousRequestId: no previous request id, message: Error Code: UnableToFindDownstreamRouteError Message: Failed to match Route configuration for upstream path: /_stcore/host-config, verb: GET. errors found in ResponderMiddleware. Setting error response for request path:/_stcore/host-config, request method: GET
warn: Ocelot.DownstreamRouteFinder.Middleware.DownstreamRouteFinderMiddleware[0]
      requestId: 800003f8-0020-fa00-b63f-84710c7967bb, previousRequestId: no previous request id, message: DownstreamRouteFinderMiddleware setting pipeline errors. IDownstreamRouteFinder returned Error Code: UnableToFindDownstreamRouteError Message: Failed to match Route configuration for upstream path: /_stcore/health, verb: GET.
warn: Ocelot.Responder.Middleware.ResponderMiddleware[0]
      requestId: 800003f8-0020-fa00-b63f-84710c7967bb, previousRequestId: no previous request id, message: Error Code: UnableToFindDownstreamRouteError Message: Failed to match Route configuration for upstream path: /_stcore/health, verb: GET. errors found in ResponderMiddleware. Setting error response for request path:/_stcore/health, request method: GET
warn: Ocelot.DownstreamRouteFinder.Middleware.DownstreamRouteFinderMiddleware[0]
      requestId: 80000326-0020-f300-b63f-84710c7967bb, previousRequestId: no previous request id, message: DownstreamRouteFinderMiddleware setting pipeline errors. IDownstreamRouteFinder returned Error Code: UnableToFindDownstreamRouteError Message: Failed to match Route configuration for upstream path: /_stcore/host-config, verb: GET.
warn: Ocelot.Responder.Middleware.ResponderMiddleware[0]
      requestId: 80000326-0020-f300-b63f-84710c7967bb, previousRequestId: no previous request id, message: Error Code: UnableToFindDownstreamRouteError Message: Failed to match Route configuration for upstream path: /_stcore/host-config, verb: GET. errors found in ResponderMiddleware. Setting error response for request path:/_stcore/host-config, request method: GET
warn: Ocelot.DownstreamRouteFinder.Middleware.DownstreamRouteFinderMiddleware[0]
      requestId: 8000049b-001c-f600-b63f-84710c7967bb, previousRequestId: no previous request id, message: DownstreamRouteFinderMiddleware setting pipeline errors. IDownstreamRouteFinder returned Error Code: UnableToFindDownstreamRouteError Message: Failed to match Route configuration for upstream path: /_stcore/health, verb: GET.
warn: Ocelot.DownstreamRouteFinder.Middleware.DownstreamRouteFinderMiddleware[0]
      requestId: 800001fa-0024-f500-b63f-84710c7967bb, previousRequestId: no previous request id, message: DownstreamRouteFinderMiddleware setting pipeline errors. IDownstreamRouteFinder returned Error Code: UnableToFindDownstreamRouteError Message: Failed to match Route configuration for upstream path: /_stcore/host-config, verb: GET.
warn: Ocelot.Responder.Middleware.ResponderMiddleware[0]
      requestId: 8000049b-001c-f600-b63f-84710c7967bb, previousRequestId: no previous request id, message: Error Code: UnableToFindDownstreamRouteError Message: Failed to match Route configuration for upstream path: /_stcore/health, verb: GET. errors found in ResponderMiddleware. Setting error response for request path:/_stcore/health, request method: GET
warn: Ocelot.Responder.Middleware.ResponderMiddleware[0]
      requestId: 800001fa-0024-f500-b63f-84710c7967bb, previousRequestId: no previous request id, message: Error Code: UnableToFindDownstreamRouteError Message: Failed to match Route configuration for upstream path: /_stcore/host-config, verb: GET. errors found in ResponderMiddleware. Setting error response for request path:/_stcore/host-config, request method: GET
warn: Ocelot.DownstreamRouteFinder.Middleware.DownstreamRouteFinderMiddleware[0]
      requestId: 80000425-0026-fb00-b63f-84710c7967bb, previousRequestId: no previous request id, message: DownstreamRouteFinderMiddleware setting pipeline errors. IDownstreamRouteFinder returned Error Code: UnableToFindDownstreamRouteError Message: Failed to match Route configuration for upstream path: /_stcore/health, verb: GET.
warn: Ocelot.DownstreamRouteFinder.Middleware.DownstreamRouteFinderMiddleware[0]
      requestId: 8000043e-0026-ff00-b63f-84710c7967bb, previousRequestId: no previous request id, message: DownstreamRouteFinderMiddleware setting pipeline errors. IDownstreamRouteFinder returned Error Code: UnableToFindDownstreamRouteError Message: Failed to match Route configuration for upstream path: /_stcore/host-config, verb: GET.
warn: Ocelot.Responder.Middleware.ResponderMiddleware[0]
      requestId: 80000425-0026-fb00-b63f-84710c7967bb, previousRequestId: no previous request id, message: Error Code: UnableToFindDownstreamRouteError Message: Failed to match Route configuration for upstream path: /_stcore/health, verb: GET. errors found in ResponderMiddleware. Setting error response for request path:/_stcore/health, request method: GET
warn: Ocelot.Responder.Middleware.ResponderMiddleware[0]
      requestId: 8000043e-0026-ff00-b63f-84710c7967bb, previousRequestId: no previous request id, message: Error Code: UnableToFindDownstreamRouteError Message: Failed to match Route configuration for upstream path: /_stcore/host-config, verb: GET. errors found in ResponderMiddleware. Setting error response for request path:/_stcore/host-config, request method: GET
warn: Ocelot.DownstreamRouteFinder.Middleware.DownstreamRouteFinderMiddleware[0]
      requestId: 80000440-0026-ff00-b63f-84710c7967bb, previousRequestId: no previous request id, message: DownstreamRouteFinderMiddleware setting pipeline errors. IDownstreamRouteFinder returned Error Code: UnableToFindDownstreamRouteError Message: Failed to match Route configuration for upstream path: /_stcore/health, verb: GET.
warn: Ocelot.Responder.Middleware.ResponderMiddleware[0]
      requestId: 80000440-0026-ff00-b63f-84710c7967bb, previousRequestId: no previous request id, message: Error Code: UnableToFindDownstreamRouteError Message: Failed to match Route configuration for upstream path: /_stcore/health, verb: GET. errors found in ResponderMiddleware. Setting error response for request path:/_stcore/health, request method: GET
warn: Ocelot.DownstreamRouteFinder.Middleware.DownstreamRouteFinderMiddleware[0]
      requestId: 80000427-0026-fb00-b63f-84710c7967bb, previousRequestId: no previous request id, message: DownstreamRouteFinderMiddleware setting pipeline errors. IDownstreamRouteFinder returned Error Code: UnableToFindDownstreamRouteError Message: Failed to match Route configuration for upstream path: /_stcore/host-config, verb: GET.
warn: Ocelot.Responder.Middleware.ResponderMiddleware[0]
      requestId: 80000427-0026-fb00-b63f-84710c7967bb, previousRequestId: no previous request id, message: Error Code: UnableToFindDownstreamRouteError Message: Failed to match Route configuration for upstream path: /_stcore/host-config, verb: GET. errors found in ResponderMiddleware. Setting error response for request path:/_stcore/host-config, request method: GET
warn: Ocelot.DownstreamRouteFinder.Middleware.DownstreamRouteFinderMiddleware[0]
      requestId: 8000031e-0022-f200-b63f-84710c7967bb, previousRequestId: no previous request id, message: DownstreamRouteFinderMiddleware setting pipeline errors. IDownstreamRouteFinder returned Error Code: UnableToFindDownstreamRouteError Message: Failed to match Route configuration for upstream path: /_stcore/health, verb: GET.
warn: Ocelot.Responder.Middleware.ResponderMiddleware[0]
      requestId: 8000031e-0022-f200-b63f-84710c7967bb, previousRequestId: no previous request id, message: Error Code: UnableToFindDownstreamRouteError Message: Failed to match Route configuration for upstream path: /_stcore/health, verb: GET. errors found in ResponderMiddleware. Setting error response for request path:/_stcore/health, request method: GET
warn: Ocelot.DownstreamRouteFinder.Middleware.DownstreamRouteFinderMiddleware[0]
      requestId: 80000347-0022-f400-b63f-84710c7967bb, previousRequestId: no previous request id, message: DownstreamRouteFinderMiddleware setting pipeline errors. IDownstreamRouteFinder returned Error Code: UnableToFindDownstreamRouteError Message: Failed to match Route configuration for upstream path: /_stcore/host-config, verb: GET.
warn: Ocelot.Responder.Middleware.ResponderMiddleware[0]
      requestId: 80000347-0022-f400-b63f-84710c7967bb, previousRequestId: no previous request id, message: Error Code: UnableToFindDownstreamRouteError Message: Failed to match Route configuration for upstream path: /_stcore/host-config, verb: GET. errors found in ResponderMiddleware. Setting error response for request path:/_stcore/host-config, request method: GET
warn: Ocelot.DownstreamRouteFinder.Middleware.DownstreamRouteFinderMiddleware[0]
      requestId: 80000429-0026-fb00-b63f-84710c7967bb, previousRequestId: no previous request id, message: DownstreamRouteFinderMiddleware setting pipeline errors. IDownstreamRouteFinder returned Error Code: UnableToFindDownstreamRouteError Message: Failed to match Route configuration for upstream path: /_stcore/health, verb: GET.
warn: Ocelot.Responder.Middleware.ResponderMiddleware[0]
      requestId: 80000429-0026-fb00-b63f-84710c7967bb, previousRequestId: no previous request id, message: Error Code: UnableToFindDownstreamRouteError Message: Failed to match Route configuration for upstream path: /_stcore/health, verb: GET. errors found in ResponderMiddleware. Setting error response for request path:/_stcore/health, request method: GET
warn: Ocelot.DownstreamRouteFinder.Middleware.DownstreamRouteFinderMiddleware[0]
      requestId: 80000442-0026-ff00-b63f-84710c7967bb, previousRequestId: no previous request id, message: DownstreamRouteFinderMiddleware setting pipeline errors. IDownstreamRouteFinder returned Error Code: UnableToFindDownstreamRouteError Message: Failed to match Route configuration for upstream path: /_stcore/host-config, verb: GET.
warn: Ocelot.Responder.Middleware.ResponderMiddleware[0]
      requestId: 80000442-0026-ff00-b63f-84710c7967bb, previousRequestId: no previous request id, message: Error Code: UnableToFindDownstreamRouteError Message: Failed to match Route configuration for upstream path: /_stcore/host-config, verb: GET. errors found in ResponderMiddleware. Setting error response for request path:/_stcore/host-config, request method: GET
warn: Ocelot.DownstreamRouteFinder.Middleware.DownstreamRouteFinderMiddleware[0]
      requestId: 80000444-0026-ff00-b63f-84710c7967bb, previousRequestId: no previous request id, message: DownstreamRouteFinderMiddleware setting pipeline errors. IDownstreamRouteFinder returned Error Code: UnableToFindDownstreamRouteError Message: Failed to match Route configuration for upstream path: /_stcore/health, verb: GET.
warn: Ocelot.Responder.Middleware.ResponderMiddleware[0]
      requestId: 80000444-0026-ff00-b63f-84710c7967bb, previousRequestId: no previous request id, message: Error Code: UnableToFindDownstreamRouteError Message: Failed to match Route configuration for upstream path: /_stcore/health, verb: GET. errors found in ResponderMiddleware. Setting error response for request path:/_stcore/health, request method: GET
warn: Ocelot.DownstreamRouteFinder.Middleware.DownstreamRouteFinderMiddleware[0]
      requestId: 80000505-0028-fb00-b63f-84710c7967bb, previousRequestId: no previous request id, message: DownstreamRouteFinderMiddleware setting pipeline errors. IDownstreamRouteFinder returned Error Code: UnableToFindDownstreamRouteError Message: Failed to match Route configuration for upstream path: /_stcore/host-config, verb: GET.
warn: Ocelot.Responder.Middleware.ResponderMiddleware[0]
      requestId: 80000505-0028-fb00-b63f-84710c7967bb, previousRequestId: no previous request id, message: Error Code: UnableToFindDownstreamRouteError Message: Failed to match Route configuration for upstream path: /_stcore/host-config, verb: GET. errors found in ResponderMiddleware. Setting error response for request path:/_stcore/host-config, request method: GET
warn: Ocelot.DownstreamRouteFinder.Middleware.DownstreamRouteFinderMiddleware[0]
      requestId: 80000328-0020-f300-b63f-84710c7967bb, previousRequestId: no previous request id, message: DownstreamRouteFinderMiddleware setting pipeline errors. IDownstreamRouteFinder returned Error Code: UnableToFindDownstreamRouteError Message: Failed to match Route configuration for upstream path: /_stcore/health, verb: GET.
warn: Ocelot.DownstreamRouteFinder.Middleware.DownstreamRouteFinderMiddleware[0]
      requestId: 800003fa-0020-fa00-b63f-84710c7967bb, previousRequestId: no previous request id, message: DownstreamRouteFinderMiddleware setting pipeline errors. IDownstreamRouteFinder returned Error Code: UnableToFindDownstreamRouteError Message: Failed to match Route configuration for upstream path: /_stcore/host-config, verb: GET.
warn: Ocelot.Responder.Middleware.ResponderMiddleware[0]
      requestId: 80000328-0020-f300-b63f-84710c7967bb, previousRequestId: no previous request id, message: Error Code: UnableToFindDownstreamRouteError Message: Failed to match Route configuration for upstream path: /_stcore/health, verb: GET. errors found in ResponderMiddleware. Setting error response for request path:/_stcore/health, request method: GET
warn: Ocelot.Responder.Middleware.ResponderMiddleware[0]
      requestId: 800003fa-0020-fa00-b63f-84710c7967bb, previousRequestId: no previous request id, message: Error Code: UnableToFindDownstreamRouteError Message: Failed to match Route configuration for upstream path: /_stcore/host-config, verb: GET. errors found in ResponderMiddleware. Setting error response for request path:/_stcore/host-config, request method: GET
warn: Ocelot.DownstreamRouteFinder.Middleware.DownstreamRouteFinderMiddleware[0]
      requestId: 80000507-0028-fb00-b63f-84710c7967bb, previousRequestId: no previous request id, message: DownstreamRouteFinderMiddleware setting pipeline errors. IDownstreamRouteFinder returned Error Code: UnableToFindDownstreamRouteError Message: Failed to match Route configuration for upstream path: /_stcore/health, verb: GET.
warn: Ocelot.Responder.Middleware.ResponderMiddleware[0]
      requestId: 80000507-0028-fb00-b63f-84710c7967bb, previousRequestId: no previous request id, message: Error Code: UnableToFindDownstreamRouteError Message: Failed to match Route configuration for upstream path: /_stcore/health, verb: GET. errors found in ResponderMiddleware. Setting error response for request path:/_stcore/health, request method: GET
warn: Ocelot.DownstreamRouteFinder.Middleware.DownstreamRouteFinderMiddleware[0]
      requestId: 80000242-0028-ea00-b63f-84710c7967bb, previousRequestId: no previous request id, message: DownstreamRouteFinderMiddleware setting pipeline errors. IDownstreamRouteFinder returned Error Code: UnableToFindDownstreamRouteError Message: Failed to match Route configuration for upstream path: /_stcore/host-config, verb: GET.
warn: Ocelot.Responder.Middleware.ResponderMiddleware[0]
      requestId: 80000242-0028-ea00-b63f-84710c7967bb, previousRequestId: no previous request id, message: Error Code: UnableToFindDownstreamRouteError Message: Failed to match Route configuration for upstream path: /_stcore/host-config, verb: GET. errors found in ResponderMiddleware. Setting error response for request path:/_stcore/host-config, request method: GET
warn: Ocelot.DownstreamRouteFinder.Middleware.DownstreamRouteFinderMiddleware[0]
      requestId: 8000009d-001d-fe00-b63f-84710c7967bb, previousRequestId: no previous request id, message: DownstreamRouteFinderMiddleware setting pipeline errors. IDownstreamRouteFinder returned Error Code: UnableToFindDownstreamRouteError Message: Failed to match Route configuration for upstream path: /_stcore/health, verb: GET.
warn: Ocelot.Responder.Middleware.ResponderMiddleware[0]
      requestId: 8000009d-001d-fe00-b63f-84710c7967bb, previousRequestId: no previous request id, message: Error Code: UnableToFindDownstreamRouteError Message: Failed to match Route configuration for upstream path: /_stcore/health, verb: GET. errors found in ResponderMiddleware. Setting error response for request path:/_stcore/health, request method: GET
warn: Ocelot.DownstreamRouteFinder.Middleware.DownstreamRouteFinderMiddleware[0]
      requestId: 80000349-0022-f400-b63f-84710c7967bb, previousRequestId: no previous request id, message: DownstreamRouteFinderMiddleware setting pipeline errors. IDownstreamRouteFinder returned Error Code: UnableToFindDownstreamRouteError Message: Failed to match Route configuration for upstream path: /_stcore/host-config, verb: GET.
warn: Ocelot.Responder.Middleware.ResponderMiddleware[0]
      requestId: 80000349-0022-f400-b63f-84710c7967bb, previousRequestId: no previous request id, message: Error Code: UnableToFindDownstreamRouteError Message: Failed to match Route configuration for upstream path: /_stcore/host-config, verb: GET. errors found in ResponderMiddleware. Setting error response for request path:/_stcore/host-config, request method: GET
warn: Ocelot.DownstreamRouteFinder.Middleware.DownstreamRouteFinderMiddleware[0]
      requestId: 80000022-0016-e700-b63f-84710c7967bb, previousRequestId: no previous request id, message: DownstreamRouteFinderMiddleware setting pipeline errors. IDownstreamRouteFinder returned Error Code: UnableToFindDownstreamRouteError Message: Failed to match Route configuration for upstream path: /_stcore/health, verb: GET.
warn: Ocelot.Responder.Middleware.ResponderMiddleware[0]
      requestId: 80000022-0016-e700-b63f-84710c7967bb, previousRequestId: no previous request id, message: Error Code: UnableToFindDownstreamRouteError Message: Failed to match Route configuration for upstream path: /_stcore/health, verb: GET. errors found in ResponderMiddleware. Setting error response for request path:/_stcore/health, request method: GET
warn: Ocelot.DownstreamRouteFinder.Middleware.DownstreamRouteFinderMiddleware[0]
      requestId: 800001c5-000a-c900-b63f-84710c7967bb, previousRequestId: no previous request id, message: DownstreamRouteFinderMiddleware setting pipeline errors. IDownstreamRouteFinder returned Error Code: UnableToFindDownstreamRouteError Message: Failed to match Route configuration for upstream path: /_stcore/host-config, verb: GET.
warn: Ocelot.Responder.Middleware.ResponderMiddleware[0]
      requestId: 800001c5-000a-c900-b63f-84710c7967bb, previousRequestId: no previous request id, message: Error Code: UnableToFindDownstreamRouteError Message: Failed to match Route configuration for upstream path: /_stcore/host-config, verb: GET. errors found in ResponderMiddleware. Setting error response for request path:/_stcore/host-config, request method: GET
warn: Ocelot.DownstreamRouteFinder.Middleware.DownstreamRouteFinderMiddleware[0]
      requestId: 800003bb-002c-f000-b63f-84710c7967bb, previousRequestId: no previous request id, message: DownstreamRouteFinderMiddleware setting pipeline errors. IDownstreamRouteFinder returned Error Code: UnableToFindDownstreamRouteError Message: Failed to match Route configuration for upstream path: /_stcore/health, verb: GET.
warn: Ocelot.Responder.Middleware.ResponderMiddleware[0]
      requestId: 800003bb-002c-f000-b63f-84710c7967bb, previousRequestId: no previous request id, message: Error Code: UnableToFindDownstreamRouteError Message: Failed to match Route configuration for upstream path: /_stcore/health, verb: GET. errors found in ResponderMiddleware. Setting error response for request path:/_stcore/health, request method: GET
warn: Ocelot.DownstreamRouteFinder.Middleware.DownstreamRouteFinderMiddleware[0]
      requestId: 800000cf-0029-f500-b63f-84710c7967bb, previousRequestId: no previous request id, message: DownstreamRouteFinderMiddleware setting pipeline errors. IDownstreamRouteFinder returned Error Code: UnableToFindDownstreamRouteError Message: Failed to match Route configuration for upstream path: /_stcore/host-config, verb: GET.
warn: Ocelot.Responder.Middleware.ResponderMiddleware[0]
      requestId: 800000cf-0029-f500-b63f-84710c7967bb, previousRequestId: no previous request id, message: Error Code: UnableToFindDownstreamRouteError Message: Failed to match Route configuration for upstream path: /_stcore/host-config, verb: GET. errors found in ResponderMiddleware. Setting error response for request path:/_stcore/host-config, request method: GET
warn: Ocelot.DownstreamRouteFinder.Middleware.DownstreamRouteFinderMiddleware[0]
      requestId: 80000040-001e-e400-b63f-84710c7967bb, previousRequestId: no previous request id, message: DownstreamRouteFinderMiddleware setting pipeline errors. IDownstreamRouteFinder returned Error Code: UnableToFindDownstreamRouteError Message: Failed to match Route configuration for upstream path: /_stcore/health, verb: GET.
warn: Ocelot.DownstreamRouteFinder.Middleware.DownstreamRouteFinderMiddleware[0]
      requestId: 8000022a-001e-ef00-b63f-84710c7967bb, previousRequestId: no previous request id, message: DownstreamRouteFinderMiddleware setting pipeline errors. IDownstreamRouteFinder returned Error Code: UnableToFindDownstreamRouteError Message: Failed to match Route configuration for upstream path: /_stcore/host-config, verb: GET.
warn: Ocelot.Responder.Middleware.ResponderMiddleware[0]
      requestId: 80000040-001e-e400-b63f-84710c7967bb, previousRequestId: no previous request id, message: Error Code: UnableToFindDownstreamRouteError Message: Failed to match Route configuration for upstream path: /_stcore/health, verb: GET. errors found in ResponderMiddleware. Setting error response for request path:/_stcore/health, request method: GET
warn: Ocelot.Responder.Middleware.ResponderMiddleware[0]
      requestId: 8000022a-001e-ef00-b63f-84710c7967bb, previousRequestId: no previous request id, message: Error Code: UnableToFindDownstreamRouteError Message: Failed to match Route configuration for upstream path: /_stcore/host-config, verb: GET. errors found in ResponderMiddleware. Setting error response for request path:/_stcore/host-config, request method: GET
warn: Ocelot.DownstreamRouteFinder.Middleware.DownstreamRouteFinderMiddleware[0]
      requestId: 8000001a-002d-f900-b63f-84710c7967bb, previousRequestId: no previous request id, message: DownstreamRouteFinderMiddleware setting pipeline errors. IDownstreamRouteFinder returned Error Code: UnableToFindDownstreamRouteError Message: Failed to match Route configuration for upstream path: /_stcore/health, verb: GET.
warn: Ocelot.Responder.Middleware.ResponderMiddleware[0]
      requestId: 8000001a-002d-f900-b63f-84710c7967bb, previousRequestId: no previous request id, message: Error Code: UnableToFindDownstreamRouteError Message: Failed to match Route configuration for upstream path: /_stcore/health, verb: GET. errors found in ResponderMiddleware. Setting error response for request path:/_stcore/health, request method: GET
warn: Ocelot.DownstreamRouteFinder.Middleware.DownstreamRouteFinderMiddleware[0]
      requestId: 80000030-0021-fa00-b63f-84710c7967bb, previousRequestId: no previous request id, message: DownstreamRouteFinderMiddleware setting pipeline errors. IDownstreamRouteFinder returned Error Code: UnableToFindDownstreamRouteError Message: Failed to match Route configuration for upstream path: /_stcore/host-config, verb: GET.
warn: Ocelot.Responder.Middleware.ResponderMiddleware[0]
      requestId: 80000030-0021-fa00-b63f-84710c7967bb, previousRequestId: no previous request id, message: Error Code: UnableToFindDownstreamRouteError Message: Failed to match Route configuration for upstream path: /_stcore/host-config, verb: GET. errors found in ResponderMiddleware. Setting error response for request path:/_stcore/host-config, request method: GET
warn: Ocelot.DownstreamRouteFinder.Middleware.DownstreamRouteFinderMiddleware[0]
      requestId: 8000027a-0008-ae00-b63f-84710c7967bb, previousRequestId: no previous request id, message: DownstreamRouteFinderMiddleware setting pipeline errors. IDownstreamRouteFinder returned Error Code: UnableToFindDownstreamRouteError Message: Failed to match Route configuration for upstream path: /_stcore/health, verb: GET.
warn: Ocelot.Responder.Middleware.ResponderMiddleware[0]
      requestId: 8000027a-0008-ae00-b63f-84710c7967bb, previousRequestId: no previous request id, message: Error Code: UnableToFindDownstreamRouteError Message: Failed to match Route configuration for upstream path: /_stcore/health, verb: GET. errors found in ResponderMiddleware. Setting error response for request path:/_stcore/health, request method: GET
warn: Ocelot.DownstreamRouteFinder.Middleware.DownstreamRouteFinderMiddleware[0]
      requestId: 80000af6-0002-c700-b63f-84710c7967bb, previousRequestId: no previous request id, message: DownstreamRouteFinderMiddleware setting pipeline errors. IDownstreamRouteFinder returned Error Code: UnableToFindDownstreamRouteError Message: Failed to match Route configuration for upstream path: /_stcore/host-config, verb: GET.
warn: Ocelot.Responder.Middleware.ResponderMiddleware[0]
      requestId: 80000af6-0002-c700-b63f-84710c7967bb, previousRequestId: no previous request id, message: Error Code: UnableToFindDownstreamRouteError Message: Failed to match Route configuration for upstream path: /_stcore/host-config, verb: GET. errors found in ResponderMiddleware. Setting error response for request path:/_stcore/host-config, request method: GET
warn: Ocelot.DownstreamRouteFinder.Middleware.DownstreamRouteFinderMiddleware[0]
      requestId: 80000244-0028-ea00-b63f-84710c7967bb, previousRequestId: no previous request id, message: DownstreamRouteFinderMiddleware setting pipeline errors. IDownstreamRouteFinder returned Error Code: UnableToFindDownstreamRouteError Message: Failed to match Route configuration for upstream path: /_stcore/health, verb: GET.
warn: Ocelot.Responder.Middleware.ResponderMiddleware[0]
      requestId: 80000244-0028-ea00-b63f-84710c7967bb, previousRequestId: no previous request id, message: Error Code: UnableToFindDownstreamRouteError Message: Failed to match Route configuration for upstream path: /_stcore/health, verb: GET. errors found in ResponderMiddleware. Setting error response for request path:/_stcore/health, request method: GET
warn: Ocelot.DownstreamRouteFinder.Middleware.DownstreamRouteFinderMiddleware[0]
      requestId: 80000509-0028-fb00-b63f-84710c7967bb, previousRequestId: no previous request id, message: DownstreamRouteFinderMiddleware setting pipeline errors. IDownstreamRouteFinder returned Error Code: UnableToFindDownstreamRouteError Message: Failed to match Route configuration for upstream path: /_stcore/host-config, verb: GET.
warn: Ocelot.Responder.Middleware.ResponderMiddleware[0]
      requestId: 80000509-0028-fb00-b63f-84710c7967bb, previousRequestId: no previous request id, message: Error Code: UnableToFindDownstreamRouteError Message: Failed to match Route configuration for upstream path: /_stcore/host-config, verb: GET. errors found in ResponderMiddleware. Setting error response for request path:/_stcore/host-config, request method: GET
warn: Ocelot.DownstreamRouteFinder.Middleware.DownstreamRouteFinderMiddleware[0]
      requestId: 80000556-0002-d500-b63f-84710c7967bb, previousRequestId: no previous request id, message: DownstreamRouteFinderMiddleware setting pipeline errors. IDownstreamRouteFinder returned Error Code: UnableToFindDownstreamRouteError Message: Failed to match Route configuration for upstream path: /_stcore/host-config, verb: GET.
warn: Ocelot.DownstreamRouteFinder.Middleware.DownstreamRouteFinderMiddleware[0]
      requestId: 80000af8-0002-c700-b63f-84710c7967bb, previousRequestId: no previous request id, message: DownstreamRouteFinderMiddleware setting pipeline errors. IDownstreamRouteFinder returned Error Code: UnableToFindDownstreamRouteError Message: Failed to match Route configuration for upstream path: /_stcore/health, verb: GET.
warn: Ocelot.Responder.Middleware.ResponderMiddleware[0]
      requestId: 80000af8-0002-c700-b63f-84710c7967bb, previousRequestId: no previous request id, message: Error Code: UnableToFindDownstreamRouteError Message: Failed to match Route configuration for upstream path: /_stcore/health, verb: GET. errors found in ResponderMiddleware. Setting error response for request path:/_stcore/health, request method: GET
warn: Ocelot.Responder.Middleware.ResponderMiddleware[0]
      requestId: 80000556-0002-d500-b63f-84710c7967bb, previousRequestId: no previous request id, message: Error Code: UnableToFindDownstreamRouteError Message: Failed to match Route configuration for upstream path: /_stcore/host-config, verb: GET. errors found in ResponderMiddleware. Setting error response for request path:/_stcore/host-config, request method: GET
warn: Ocelot.DownstreamRouteFinder.Middleware.DownstreamRouteFinderMiddleware[0]
      requestId: 8000019a-000c-df00-b63f-84710c7967bb, previousRequestId: no previous request id, message: DownstreamRouteFinderMiddleware setting pipeline errors. IDownstreamRouteFinder returned Error Code: UnableToFindDownstreamRouteError Message: Failed to match Route configuration for upstream path: /_stcore/health, verb: GET.
warn: Ocelot.Responder.Middleware.ResponderMiddleware[0]
      requestId: 8000019a-000c-df00-b63f-84710c7967bb, previousRequestId: no previous request id, message: Error Code: UnableToFindDownstreamRouteError Message: Failed to match Route configuration for upstream path: /_stcore/health, verb: GET. errors found in ResponderMiddleware. Setting error response for request path:/_stcore/health, request method: GET
warn: Ocelot.DownstreamRouteFinder.Middleware.DownstreamRouteFinderMiddleware[0]
      requestId: 80000271-000c-e000-b63f-84710c7967bb, previousRequestId: no previous request id, message: DownstreamRouteFinderMiddleware setting pipeline errors. IDownstreamRouteFinder returned Error Code: UnableToFindDownstreamRouteError Message: Failed to match Route configuration for upstream path: /_stcore/host-config, verb: GET.
warn: Ocelot.Responder.Middleware.ResponderMiddleware[0]
      requestId: 80000271-000c-e000-b63f-84710c7967bb, previousRequestId: no previous request id, message: Error Code: UnableToFindDownstreamRouteError Message: Failed to match Route configuration for upstream path: /_stcore/host-config, verb: GET. errors found in ResponderMiddleware. Setting error response for request path:/_stcore/host-config, request method: GET
warn: Ocelot.DownstreamRouteFinder.Middleware.DownstreamRouteFinderMiddleware[0]
      requestId: 800003f8-0018-fe00-b63f-84710c7967bb, previousRequestId: no previous request id, message: DownstreamRouteFinderMiddleware setting pipeline errors. IDownstreamRouteFinder returned Error Code: UnableToFindDownstreamRouteError Message: Failed to match Route configuration for upstream path: /_stcore/health, verb: GET.
warn: Ocelot.Responder.Middleware.ResponderMiddleware[0]
      requestId: 800003f8-0018-fe00-b63f-84710c7967bb, previousRequestId: no previous request id, message: Error Code: UnableToFindDownstreamRouteError Message: Failed to match Route configuration for upstream path: /_stcore/health, verb: GET. errors found in ResponderMiddleware. Setting error response for request path:/_stcore/health, request method: GET
warn: Ocelot.DownstreamRouteFinder.Middleware.DownstreamRouteFinderMiddleware[0]
      requestId: 8000034b-0022-f400-b63f-84710c7967bb, previousRequestId: no previous request id, message: DownstreamRouteFinderMiddleware setting pipeline errors. IDownstreamRouteFinder returned Error Code: UnableToFindDownstreamRouteError Message: Failed to match Route configuration for upstream path: /_stcore/host-config, verb: GET.
warn: Ocelot.Responder.Middleware.ResponderMiddleware[0]
      requestId: 8000034b-0022-f400-b63f-84710c7967bb, previousRequestId: no previous request id, message: Error Code: UnableToFindDownstreamRouteError Message: Failed to match Route configuration for upstream path: /_stcore/host-config, verb: GET. errors found in ResponderMiddleware. Setting error response for request path:/_stcore/host-config, request method: GET
info: Microsoft.Hosting.Lifetime[0]
      Application is shutting down...
