info: Microsoft.Hosting.Lifetime[0]
      Application started. Press Ctrl+C to shut down.
info: Microsoft.Hosting.Lifetime[0]
      Hosting environment: Production
info: Microsoft.Hosting.Lifetime[0]
      Content root path: D:\LMS\Getway\
info: Ocelot.RateLimit.Middleware.ClientRateLimitMiddleware[0]
      requestId: 80000882-0026-e400-b63f-84710c7967bb, previousRequestId: no previous request id, message: EndpointRateLimiting is not enabled for /{everything}
info: Ocelot.Authentication.Middleware.AuthenticationMiddleware[0]
      requestId: 80000882-0026-e400-b63f-84710c7967bb, previousRequestId: no previous request id, message: No authentication needed for /chatbot/demo
info: Ocelot.Authorization.Middleware.AuthorizationMiddleware[0]
      requestId: 80000882-0026-e400-b63f-84710c7967bb, previousRequestId: no previous request id, message: /{everything} route does not require user to be authorized
warn: Ocelot.Requester.Middleware.HttpRequesterMiddleware[0]
      requestId: 80000882-0026-e400-b63f-84710c7967bb, previousRequestId: no previous request id, message: 404 (Not Found) status code, request uri: http://192.168.73.133:8000/chatbot/demo
info: Ocelot.RateLimit.Middleware.ClientRateLimitMiddleware[0]
      requestId: 80000092-000c-dc00-b63f-84710c7967bb, previousRequestId: no previous request id, message: EndpointRateLimiting is not enabled for /
info: Ocelot.Authentication.Middleware.AuthenticationMiddleware[0]
      requestId: 80000092-000c-dc00-b63f-84710c7967bb, previousRequestId: no previous request id, message: No authentication needed for /demo/
info: Ocelot.Authorization.Middleware.AuthorizationMiddleware[0]
      requestId: 80000092-000c-dc00-b63f-84710c7967bb, previousRequestId: no previous request id, message: / route does not require user to be authorized
info: Ocelot.Requester.Middleware.HttpRequesterMiddleware[0]
      requestId: 80000092-000c-dc00-b63f-84710c7967bb, previousRequestId: no previous request id, message: 200 (OK) status code, request uri: http://192.168.73.133:8501/
info: Ocelot.RateLimit.Middleware.ClientRateLimitMiddleware[0]
      requestId: 80000094-000c-dc00-b63f-84710c7967bb, previousRequestId: no previous request id, message: EndpointRateLimiting is not enabled for /{everything}
info: Ocelot.Authentication.Middleware.AuthenticationMiddleware[0]
      requestId: 80000094-000c-dc00-b63f-84710c7967bb, previousRequestId: no previous request id, message: No authentication needed for /demo/static/media/SourceSansVF-Upright.ttf.BsWL4Kly.woff2
info: Ocelot.Authorization.Middleware.AuthorizationMiddleware[0]
      requestId: 80000094-000c-dc00-b63f-84710c7967bb, previousRequestId: no previous request id, message: /{everything} route does not require user to be authorized
info: Ocelot.RateLimit.Middleware.ClientRateLimitMiddleware[0]
      requestId: 80000bcd-000a-c500-b63f-84710c7967bb, previousRequestId: no previous request id, message: EndpointRateLimiting is not enabled for /{everything}
info: Ocelot.Authentication.Middleware.AuthenticationMiddleware[0]
      requestId: 80000bcd-000a-c500-b63f-84710c7967bb, previousRequestId: no previous request id, message: No authentication needed for /demo/static/css/index.CJVRHjQZ.css
info: Ocelot.RateLimit.Middleware.ClientRateLimitMiddleware[0]
      requestId: 8000101b-000a-cb00-b63f-84710c7967bb, previousRequestId: no previous request id, message: EndpointRateLimiting is not enabled for /{everything}
info: Ocelot.Authorization.Middleware.AuthorizationMiddleware[0]
      requestId: 80000bcd-000a-c500-b63f-84710c7967bb, previousRequestId: no previous request id, message: /{everything} route does not require user to be authorized
info: Ocelot.Authentication.Middleware.AuthenticationMiddleware[0]
      requestId: 8000101b-000a-cb00-b63f-84710c7967bb, previousRequestId: no previous request id, message: No authentication needed for /demo/static/js/index.C1NIn1Y2.js
info: Ocelot.Authorization.Middleware.AuthorizationMiddleware[0]
      requestId: 8000101b-000a-cb00-b63f-84710c7967bb, previousRequestId: no previous request id, message: /{everything} route does not require user to be authorized
info: Ocelot.Requester.Middleware.HttpRequesterMiddleware[0]
      requestId: 80000094-000c-dc00-b63f-84710c7967bb, previousRequestId: no previous request id, message: 200 (OK) status code, request uri: http://192.168.73.133:8501/static/media/SourceSansVF-Upright.ttf.BsWL4Kly.woff2
info: Ocelot.Requester.Middleware.HttpRequesterMiddleware[0]
      requestId: 8000101b-000a-cb00-b63f-84710c7967bb, previousRequestId: no previous request id, message: 200 (OK) status code, request uri: http://192.168.73.133:8501/static/js/index.C1NIn1Y2.js
info: Ocelot.Requester.Middleware.HttpRequesterMiddleware[0]
      requestId: 80000bcd-000a-c500-b63f-84710c7967bb, previousRequestId: no previous request id, message: 200 (OK) status code, request uri: http://192.168.73.133:8501/static/css/index.CJVRHjQZ.css
info: Ocelot.RateLimit.Middleware.ClientRateLimitMiddleware[0]
      requestId: 80000d29-0014-f200-b63f-84710c7967bb, previousRequestId: no previous request id, message: EndpointRateLimiting is not enabled for /_stcore/{everything}
info: Ocelot.Authentication.Middleware.AuthenticationMiddleware[0]
      requestId: 80000d29-0014-f200-b63f-84710c7967bb, previousRequestId: no previous request id, message: No authentication needed for /demo/_stcore/health
info: Ocelot.Authorization.Middleware.AuthorizationMiddleware[0]
      requestId: 80000d29-0014-f200-b63f-84710c7967bb, previousRequestId: no previous request id, message: /_stcore/{everything} route does not require user to be authorized
info: Ocelot.RateLimit.Middleware.ClientRateLimitMiddleware[0]
      requestId: 80000b5f-0014-f000-b63f-84710c7967bb, previousRequestId: no previous request id, message: EndpointRateLimiting is not enabled for /_stcore/{everything}
info: Ocelot.Authentication.Middleware.AuthenticationMiddleware[0]
      requestId: 80000b5f-0014-f000-b63f-84710c7967bb, previousRequestId: no previous request id, message: No authentication needed for /demo/_stcore/host-config
info: Ocelot.Authorization.Middleware.AuthorizationMiddleware[0]
      requestId: 80000b5f-0014-f000-b63f-84710c7967bb, previousRequestId: no previous request id, message: /_stcore/{everything} route does not require user to be authorized
info: Ocelot.Requester.Middleware.HttpRequesterMiddleware[0]
      requestId: 80000d29-0014-f200-b63f-84710c7967bb, previousRequestId: no previous request id, message: 304 (Not Modified) status code, request uri: ws://192.168.73.133:8501/_stcore/health
info: Ocelot.Requester.Middleware.HttpRequesterMiddleware[0]
      requestId: 80000b5f-0014-f000-b63f-84710c7967bb, previousRequestId: no previous request id, message: 304 (Not Modified) status code, request uri: ws://192.168.73.133:8501/_stcore/host-config
info: Ocelot.RateLimit.Middleware.ClientRateLimitMiddleware[0]
      requestId: 800009f1-0008-9c00-b63f-84710c7967bb, previousRequestId: no previous request id, message: EndpointRateLimiting is not enabled for /{everything}
info: Ocelot.Authentication.Middleware.AuthenticationMiddleware[0]
      requestId: 800009f1-0008-9c00-b63f-84710c7967bb, previousRequestId: no previous request id, message: No authentication needed for /demo/static/js/index.DX-oiXlb.js
info: Ocelot.Authorization.Middleware.AuthorizationMiddleware[0]
      requestId: 800009f1-0008-9c00-b63f-84710c7967bb, previousRequestId: no previous request id, message: /{everything} route does not require user to be authorized
info: Ocelot.Requester.Middleware.HttpRequesterMiddleware[0]
      requestId: 800009f1-0008-9c00-b63f-84710c7967bb, previousRequestId: no previous request id, message: 200 (OK) status code, request uri: http://192.168.73.133:8501/static/js/index.DX-oiXlb.js
info: Ocelot.RateLimit.Middleware.ClientRateLimitMiddleware[0]
      requestId: 8000263a-0004-fc00-b63f-84710c7967bb, previousRequestId: no previous request id, message: EndpointRateLimiting is not enabled for /{everything}
info: Ocelot.Authentication.Middleware.AuthenticationMiddleware[0]
      requestId: 8000263a-0004-fc00-b63f-84710c7967bb, previousRequestId: no previous request id, message: No authentication needed for /demo/static/js/index.CxGSemHL.js
info: Ocelot.Authorization.Middleware.AuthorizationMiddleware[0]
      requestId: 8000263a-0004-fc00-b63f-84710c7967bb, previousRequestId: no previous request id, message: /{everything} route does not require user to be authorized
info: Ocelot.RateLimit.Middleware.ClientRateLimitMiddleware[0]
      requestId: 800009f3-0008-9c00-b63f-84710c7967bb, previousRequestId: no previous request id, message: EndpointRateLimiting is not enabled for /{everything}
info: Ocelot.Authentication.Middleware.AuthenticationMiddleware[0]
      requestId: 800009f3-0008-9c00-b63f-84710c7967bb, previousRequestId: no previous request id, message: No authentication needed for /demo/static/js/useBasicWidgetState.Ci89jaH5.js
info: Ocelot.Authorization.Middleware.AuthorizationMiddleware[0]
      requestId: 800009f3-0008-9c00-b63f-84710c7967bb, previousRequestId: no previous request id, message: /{everything} route does not require user to be authorized
info: Ocelot.RateLimit.Middleware.ClientRateLimitMiddleware[0]
      requestId: 80000bd1-000a-c500-b63f-84710c7967bb, previousRequestId: no previous request id, message: EndpointRateLimiting is not enabled for /{everything}
info: Ocelot.Authentication.Middleware.AuthenticationMiddleware[0]
      requestId: 80000bd1-000a-c500-b63f-84710c7967bb, previousRequestId: no previous request id, message: No authentication needed for /demo/static/js/FormClearHelper.D1M9GM_c.js
info: Ocelot.Authorization.Middleware.AuthorizationMiddleware[0]
      requestId: 80000bd1-000a-c500-b63f-84710c7967bb, previousRequestId: no previous request id, message: /{everything} route does not require user to be authorized
info: Ocelot.RateLimit.Middleware.ClientRateLimitMiddleware[0]
      requestId: 80000345-0008-9f00-b63f-84710c7967bb, previousRequestId: no previous request id, message: EndpointRateLimiting is not enabled for /{everything}
info: Ocelot.Authentication.Middleware.AuthenticationMiddleware[0]
      requestId: 80000345-0008-9f00-b63f-84710c7967bb, previousRequestId: no previous request id, message: No authentication needed for /demo/static/js/checkbox.DSDh78Xz.js
info: Ocelot.Authorization.Middleware.AuthorizationMiddleware[0]
      requestId: 80000345-0008-9f00-b63f-84710c7967bb, previousRequestId: no previous request id, message: /{everything} route does not require user to be authorized
info: Ocelot.Requester.Middleware.HttpRequesterMiddleware[0]
      requestId: 8000263a-0004-fc00-b63f-84710c7967bb, previousRequestId: no previous request id, message: 200 (OK) status code, request uri: http://192.168.73.133:8501/static/js/index.CxGSemHL.js
info: Ocelot.Requester.Middleware.HttpRequesterMiddleware[0]
      requestId: 800009f3-0008-9c00-b63f-84710c7967bb, previousRequestId: no previous request id, message: 200 (OK) status code, request uri: http://192.168.73.133:8501/static/js/useBasicWidgetState.Ci89jaH5.js
info: Ocelot.Requester.Middleware.HttpRequesterMiddleware[0]
      requestId: 80000bd1-000a-c500-b63f-84710c7967bb, previousRequestId: no previous request id, message: 200 (OK) status code, request uri: http://192.168.73.133:8501/static/js/FormClearHelper.D1M9GM_c.js
info: Ocelot.Requester.Middleware.HttpRequesterMiddleware[0]
      requestId: 80000345-0008-9f00-b63f-84710c7967bb, previousRequestId: no previous request id, message: 200 (OK) status code, request uri: http://192.168.73.133:8501/static/js/checkbox.DSDh78Xz.js
info: Ocelot.RateLimit.Middleware.ClientRateLimitMiddleware[0]
      requestId: 80000b61-0014-f000-b63f-84710c7967bb, previousRequestId: no previous request id, message: EndpointRateLimiting is not enabled for /{everything}
info: Ocelot.Authentication.Middleware.AuthenticationMiddleware[0]
      requestId: 80000b61-0014-f000-b63f-84710c7967bb, previousRequestId: no previous request id, message: No authentication needed for /demo/static/media/MaterialSymbols-Rounded.DsbC8sYI.woff2
info: Ocelot.Authorization.Middleware.AuthorizationMiddleware[0]
      requestId: 80000b61-0014-f000-b63f-84710c7967bb, previousRequestId: no previous request id, message: /{everything} route does not require user to be authorized
info: Ocelot.RateLimit.Middleware.ClientRateLimitMiddleware[0]
      requestId: 80000d2b-0014-f200-b63f-84710c7967bb, previousRequestId: no previous request id, message: EndpointRateLimiting is not enabled for /{everything}
info: Ocelot.Authentication.Middleware.AuthenticationMiddleware[0]
      requestId: 80000d2b-0014-f200-b63f-84710c7967bb, previousRequestId: no previous request id, message: No authentication needed for /demo/static/js/index.7hy6AeJ1.js
info: Ocelot.Authorization.Middleware.AuthorizationMiddleware[0]
      requestId: 80000d2b-0014-f200-b63f-84710c7967bb, previousRequestId: no previous request id, message: /{everything} route does not require user to be authorized
info: Ocelot.RateLimit.Middleware.ClientRateLimitMiddleware[0]
      requestId: 8000071c-0014-f500-b63f-84710c7967bb, previousRequestId: no previous request id, message: EndpointRateLimiting is not enabled for /{everything}
info: Ocelot.Authentication.Middleware.AuthenticationMiddleware[0]
      requestId: 8000071c-0014-f500-b63f-84710c7967bb, previousRequestId: no previous request id, message: No authentication needed for /demo/static/js/FileHelper.kt7mhnu8.js
info: Ocelot.Authorization.Middleware.AuthorizationMiddleware[0]
      requestId: 8000071c-0014-f500-b63f-84710c7967bb, previousRequestId: no previous request id, message: /{everything} route does not require user to be authorized
info: Ocelot.RateLimit.Middleware.ClientRateLimitMiddleware[0]
      requestId: 8000263c-0004-fc00-b63f-84710c7967bb, previousRequestId: no previous request id, message: EndpointRateLimiting is not enabled for /{everything}
info: Ocelot.Authentication.Middleware.AuthenticationMiddleware[0]
      requestId: 8000263c-0004-fc00-b63f-84710c7967bb, previousRequestId: no previous request id, message: No authentication needed for /demo/static/js/UploadFileInfo.0DCkpDDf.js
info: Ocelot.Authorization.Middleware.AuthorizationMiddleware[0]
      requestId: 8000263c-0004-fc00-b63f-84710c7967bb, previousRequestId: no previous request id, message: /{everything} route does not require user to be authorized
info: Ocelot.RateLimit.Middleware.ClientRateLimitMiddleware[0]
      requestId: 80000583-0016-e900-b63f-84710c7967bb, previousRequestId: no previous request id, message: EndpointRateLimiting is not enabled for /{everything}
info: Ocelot.Authentication.Middleware.AuthenticationMiddleware[0]
      requestId: 80000583-0016-e900-b63f-84710c7967bb, previousRequestId: no previous request id, message: No authentication needed for /demo/static/js/InputInstructions.DaZ89mzH.js
info: Ocelot.Authorization.Middleware.AuthorizationMiddleware[0]
      requestId: 80000583-0016-e900-b63f-84710c7967bb, previousRequestId: no previous request id, message: /{everything} route does not require user to be authorized
info: Ocelot.RateLimit.Middleware.ClientRateLimitMiddleware[0]
      requestId: 800009c3-0012-b900-b63f-84710c7967bb, previousRequestId: no previous request id, message: EndpointRateLimiting is not enabled for /{everything}
info: Ocelot.Authentication.Middleware.AuthenticationMiddleware[0]
      requestId: 800009c3-0012-b900-b63f-84710c7967bb, previousRequestId: no previous request id, message: No authentication needed for /demo/static/js/inputUtils.CQWz5UKz.js
info: Ocelot.Authorization.Middleware.AuthorizationMiddleware[0]
      requestId: 800009c3-0012-b900-b63f-84710c7967bb, previousRequestId: no previous request id, message: /{everything} route does not require user to be authorized
info: Ocelot.RateLimit.Middleware.ClientRateLimitMiddleware[0]
      requestId: 80000b56-0012-b700-b63f-84710c7967bb, previousRequestId: no previous request id, message: EndpointRateLimiting is not enabled for /{everything}
info: Ocelot.Authentication.Middleware.AuthenticationMiddleware[0]
      requestId: 80000b56-0012-b700-b63f-84710c7967bb, previousRequestId: no previous request id, message: No authentication needed for /demo/static/js/ErrorOutline.esm.DitPpe1Y.js
info: Ocelot.Authorization.Middleware.AuthorizationMiddleware[0]
      requestId: 80000b56-0012-b700-b63f-84710c7967bb, previousRequestId: no previous request id, message: /{everything} route does not require user to be authorized
info: Ocelot.RateLimit.Middleware.ClientRateLimitMiddleware[0]
      requestId: 800001b9-0005-ea00-b63f-84710c7967bb, previousRequestId: no previous request id, message: EndpointRateLimiting is not enabled for /{everything}
info: Ocelot.Authentication.Middleware.AuthenticationMiddleware[0]
      requestId: 800001b9-0005-ea00-b63f-84710c7967bb, previousRequestId: no previous request id, message: No authentication needed for /demo/static/js/textarea.QKjxR64N.js
info: Ocelot.Authorization.Middleware.AuthorizationMiddleware[0]
      requestId: 800001b9-0005-ea00-b63f-84710c7967bb, previousRequestId: no previous request id, message: /{everything} route does not require user to be authorized
info: Ocelot.RateLimit.Middleware.ClientRateLimitMiddleware[0]
      requestId: 80000ae7-000e-d900-b63f-84710c7967bb, previousRequestId: no previous request id, message: EndpointRateLimiting is not enabled for /{everything}
info: Ocelot.Authentication.Middleware.AuthenticationMiddleware[0]
      requestId: 80000ae7-000e-d900-b63f-84710c7967bb, previousRequestId: no previous request id, message: No authentication needed for /demo/static/js/base-input.BJ4qsfSq.js
info: Ocelot.Authorization.Middleware.AuthorizationMiddleware[0]
      requestId: 80000ae7-000e-d900-b63f-84710c7967bb, previousRequestId: no previous request id, message: /{everything} route does not require user to be authorized
info: Ocelot.Requester.Middleware.HttpRequesterMiddleware[0]
      requestId: 80000d2b-0014-f200-b63f-84710c7967bb, previousRequestId: no previous request id, message: 200 (OK) status code, request uri: http://192.168.73.133:8501/static/js/index.7hy6AeJ1.js
info: Ocelot.Requester.Middleware.HttpRequesterMiddleware[0]
      requestId: 8000071c-0014-f500-b63f-84710c7967bb, previousRequestId: no previous request id, message: 200 (OK) status code, request uri: http://192.168.73.133:8501/static/js/FileHelper.kt7mhnu8.js
info: Ocelot.Requester.Middleware.HttpRequesterMiddleware[0]
      requestId: 8000263c-0004-fc00-b63f-84710c7967bb, previousRequestId: no previous request id, message: 200 (OK) status code, request uri: http://192.168.73.133:8501/static/js/UploadFileInfo.0DCkpDDf.js
info: Ocelot.Requester.Middleware.HttpRequesterMiddleware[0]
      requestId: 80000583-0016-e900-b63f-84710c7967bb, previousRequestId: no previous request id, message: 200 (OK) status code, request uri: http://192.168.73.133:8501/static/js/InputInstructions.DaZ89mzH.js
info: Ocelot.Requester.Middleware.HttpRequesterMiddleware[0]
      requestId: 800009c3-0012-b900-b63f-84710c7967bb, previousRequestId: no previous request id, message: 200 (OK) status code, request uri: http://192.168.73.133:8501/static/js/inputUtils.CQWz5UKz.js
info: Ocelot.Requester.Middleware.HttpRequesterMiddleware[0]
      requestId: 80000b56-0012-b700-b63f-84710c7967bb, previousRequestId: no previous request id, message: 200 (OK) status code, request uri: http://192.168.73.133:8501/static/js/ErrorOutline.esm.DitPpe1Y.js
info: Ocelot.Requester.Middleware.HttpRequesterMiddleware[0]
      requestId: 800001b9-0005-ea00-b63f-84710c7967bb, previousRequestId: no previous request id, message: 200 (OK) status code, request uri: http://192.168.73.133:8501/static/js/textarea.QKjxR64N.js
info: Ocelot.Requester.Middleware.HttpRequesterMiddleware[0]
      requestId: 80000ae7-000e-d900-b63f-84710c7967bb, previousRequestId: no previous request id, message: 200 (OK) status code, request uri: http://192.168.73.133:8501/static/js/base-input.BJ4qsfSq.js
info: Ocelot.Requester.Middleware.HttpRequesterMiddleware[0]
      requestId: 80000b61-0014-f000-b63f-84710c7967bb, previousRequestId: no previous request id, message: 200 (OK) status code, request uri: http://192.168.73.133:8501/static/media/MaterialSymbols-Rounded.DsbC8sYI.woff2
info: Ocelot.RateLimit.Middleware.ClientRateLimitMiddleware[0]
      requestId: 8000263e-0004-fc00-b63f-84710c7967bb, previousRequestId: no previous request id, message: EndpointRateLimiting is not enabled for /{everything}
info: Ocelot.Authentication.Middleware.AuthenticationMiddleware[0]
      requestId: 8000263e-0004-fc00-b63f-84710c7967bb, previousRequestId: no previous request id, message: No authentication needed for /demo/favicon.png
info: Ocelot.Authorization.Middleware.AuthorizationMiddleware[0]
      requestId: 8000263e-0004-fc00-b63f-84710c7967bb, previousRequestId: no previous request id, message: /{everything} route does not require user to be authorized
info: Ocelot.Requester.Middleware.HttpRequesterMiddleware[0]
      requestId: 8000263e-0004-fc00-b63f-84710c7967bb, previousRequestId: no previous request id, message: 200 (OK) status code, request uri: http://192.168.73.133:8501/favicon.png
info: Ocelot.RateLimit.Middleware.ClientRateLimitMiddleware[0]
      requestId: 800009d8-0016-fe00-b63f-84710c7967bb, previousRequestId: no previous request id, message: EndpointRateLimiting is not enabled for /{everything}
info: Ocelot.Authentication.Middleware.AuthenticationMiddleware[0]
      requestId: 800009d8-0016-fe00-b63f-84710c7967bb, previousRequestId: no previous request id, message: No authentication needed for /demo/static/js/index.B4CGJiBW.js
info: Ocelot.Authorization.Middleware.AuthorizationMiddleware[0]
      requestId: 800009d8-0016-fe00-b63f-84710c7967bb, previousRequestId: no previous request id, message: /{everything} route does not require user to be authorized
info: Ocelot.Requester.Middleware.HttpRequesterMiddleware[0]
      requestId: 800009d8-0016-fe00-b63f-84710c7967bb, previousRequestId: no previous request id, message: 200 (OK) status code, request uri: http://192.168.73.133:8501/static/js/index.B4CGJiBW.js
fail: Ocelot.Errors.Middleware.ExceptionHandlerMiddleware[0]
      requestId: 80000096-000c-dc00-b63f-84710c7967bb, previousRequestId: no previous request id, message: Exception caught in global error handler, exception message: The WebSocket is in an invalid state ('Aborted') for this operation. Valid states are: 'Open, CloseReceived', exception stack:    at System.Net.WebSockets.WebSocketValidate.ThrowIfInvalidState(WebSocketState currentState, Boolean isDisposed, WebSocketState[] validStates)
         at System.Net.WebSockets.ManagedWebSocket.CloseOutputAsyncCore(WebSocketCloseStatus closeStatus, String statusDescription, CancellationToken cancellationToken)
         at Ocelot.WebSockets.Middleware.WebSocketsProxyMiddleware.PumpWebSocket(WebSocket source, WebSocket destination, Int32 bufferSize, CancellationToken cancellationToken)
         at Ocelot.WebSockets.Middleware.WebSocketsProxyMiddleware.Proxy(HttpContext context, String serverEndpoint)
         at Ocelot.WebSockets.Middleware.WebSocketsProxyMiddleware.Invoke(HttpContext httpContext)
         at Ocelot.DownstreamUrlCreator.Middleware.DownstreamUrlCreatorMiddleware.Invoke(HttpContext httpContext)
         at Ocelot.LoadBalancer.Middleware.LoadBalancingMiddleware.Invoke(HttpContext httpContext)
         at Ocelot.Request.Middleware.DownstreamRequestInitialiserMiddleware.Invoke(HttpContext httpContext)
         at Ocelot.Multiplexer.MultiplexingMiddleware.Invoke(HttpContext httpContext)
         at Ocelot.DownstreamRouteFinder.Middleware.DownstreamRouteFinderMiddleware.Invoke(HttpContext httpContext)
         at Ocelot.Errors.Middleware.ExceptionHandlerMiddleware.Invoke(HttpContext httpContext) RequestId: 80000096-000c-dc00-b63f-84710c7967bb, exception: System.Net.WebSockets.WebSocketException (0x80004005): The WebSocket is in an invalid state ('Aborted') for this operation. Valid states are: 'Open, CloseReceived'
         at System.Net.WebSockets.WebSocketValidate.ThrowIfInvalidState(WebSocketState currentState, Boolean isDisposed, WebSocketState[] validStates)
         at System.Net.WebSockets.ManagedWebSocket.CloseOutputAsyncCore(WebSocketCloseStatus closeStatus, String statusDescription, CancellationToken cancellationToken)
         at Ocelot.WebSockets.Middleware.WebSocketsProxyMiddleware.PumpWebSocket(WebSocket source, WebSocket destination, Int32 bufferSize, CancellationToken cancellationToken)
         at Ocelot.WebSockets.Middleware.WebSocketsProxyMiddleware.Proxy(HttpContext context, String serverEndpoint)
         at Ocelot.WebSockets.Middleware.WebSocketsProxyMiddleware.Invoke(HttpContext httpContext)
         at Ocelot.DownstreamUrlCreator.Middleware.DownstreamUrlCreatorMiddleware.Invoke(HttpContext httpContext)
         at Ocelot.LoadBalancer.Middleware.LoadBalancingMiddleware.Invoke(HttpContext httpContext)
         at Ocelot.Request.Middleware.DownstreamRequestInitialiserMiddleware.Invoke(HttpContext httpContext)
         at Ocelot.Multiplexer.MultiplexingMiddleware.Invoke(HttpContext httpContext)
         at Ocelot.DownstreamRouteFinder.Middleware.DownstreamRouteFinderMiddleware.Invoke(HttpContext httpContext)
         at Ocelot.Errors.Middleware.ExceptionHandlerMiddleware.Invoke(HttpContext httpContext)
      System.Net.WebSockets.WebSocketException (0x80004005): The WebSocket is in an invalid state ('Aborted') for this operation. Valid states are: 'Open, CloseReceived'
         at System.Net.WebSockets.WebSocketValidate.ThrowIfInvalidState(WebSocketState currentState, Boolean isDisposed, WebSocketState[] validStates)
         at System.Net.WebSockets.ManagedWebSocket.CloseOutputAsyncCore(WebSocketCloseStatus closeStatus, String statusDescription, CancellationToken cancellationToken)
         at Ocelot.WebSockets.Middleware.WebSocketsProxyMiddleware.PumpWebSocket(WebSocket source, WebSocket destination, Int32 bufferSize, CancellationToken cancellationToken)
         at Ocelot.WebSockets.Middleware.WebSocketsProxyMiddleware.Proxy(HttpContext context, String serverEndpoint)
         at Ocelot.WebSockets.Middleware.WebSocketsProxyMiddleware.Invoke(HttpContext httpContext)
         at Ocelot.DownstreamUrlCreator.Middleware.DownstreamUrlCreatorMiddleware.Invoke(HttpContext httpContext)
         at Ocelot.LoadBalancer.Middleware.LoadBalancingMiddleware.Invoke(HttpContext httpContext)
         at Ocelot.Request.Middleware.DownstreamRequestInitialiserMiddleware.Invoke(HttpContext httpContext)
         at Ocelot.Multiplexer.MultiplexingMiddleware.Invoke(HttpContext httpContext)
         at Ocelot.DownstreamRouteFinder.Middleware.DownstreamRouteFinderMiddleware.Invoke(HttpContext httpContext)
         at Ocelot.Errors.Middleware.ExceptionHandlerMiddleware.Invoke(HttpContext httpContext)
info: Microsoft.Hosting.Lifetime[0]
      Application is shutting down...
