info: Microsoft.Hosting.Lifetime[0]
      Application started. Press Ctrl+C to shut down.
info: Microsoft.Hosting.Lifetime[0]
      Hosting environment: Production
info: Microsoft.Hosting.Lifetime[0]
      Content root path: D:\LMS\Getway\
warn: Ocelot.DownstreamRouteFinder.Middleware.DownstreamRouteFinderMiddleware[0]
      requestId: 80000054-0014-ee00-b63f-84710c7967bb, previousRequestId: no previous request id, message: DownstreamRouteFinderMiddleware setting pipeline errors. IDownstreamRouteFinder returned Error Code: UnableToFindDownstreamRouteError Message: Failed to match Route configuration for upstream path: /api, verb: GET.
warn: Ocelot.DownstreamRouteFinder.Middleware.DownstreamRouteFinderMiddleware[0]
      requestId: 8000041d-0026-fb00-b63f-84710c7967bb, previousRequestId: no previous request id, message: DownstreamRouteFinderMiddleware setting pipeline errors. IDownstreamRouteFinder returned Error Code: UnableToFindDownstreamRouteError Message: Failed to match Route configuration for upstream path: /_stcore/host-config, verb: GET.
warn: Ocelot.DownstreamRouteFinder.Middleware.DownstreamRouteFinderMiddleware[0]
      requestId: 80000438-0026-ff00-b63f-84710c7967bb, previousRequestId: no previous request id, message: DownstreamRouteFinderMiddleware setting pipeline errors. IDownstreamRouteFinder returned Error Code: UnableToFindDownstreamRouteError Message: Failed to match Route configuration for upstream path: /_stcore/health, verb: GET.
warn: Ocelot.Responder.Middleware.ResponderMiddleware[0]
      requestId: 8000041d-0026-fb00-b63f-84710c7967bb, previousRequestId: no previous request id, message: Error Code: UnableToFindDownstreamRouteError Message: Failed to match Route configuration for upstream path: /_stcore/host-config, verb: GET. errors found in ResponderMiddleware. Setting error response for request path:/_stcore/host-config, request method: GET
warn: Ocelot.Responder.Middleware.ResponderMiddleware[0]
      requestId: 80000054-0014-ee00-b63f-84710c7967bb, previousRequestId: no previous request id, message: Error Code: UnableToFindDownstreamRouteError Message: Failed to match Route configuration for upstream path: /api, verb: GET. errors found in ResponderMiddleware. Setting error response for request path:/api, request method: GET
warn: Ocelot.Responder.Middleware.ResponderMiddleware[0]
      requestId: 80000438-0026-ff00-b63f-84710c7967bb, previousRequestId: no previous request id, message: Error Code: UnableToFindDownstreamRouteError Message: Failed to match Route configuration for upstream path: /_stcore/health, verb: GET. errors found in ResponderMiddleware. Setting error response for request path:/_stcore/health, request method: GET
warn: Ocelot.DownstreamRouteFinder.Middleware.DownstreamRouteFinderMiddleware[0]
      requestId: 8000001c-0016-e700-b63f-84710c7967bb, previousRequestId: no previous request id, message: DownstreamRouteFinderMiddleware setting pipeline errors. IDownstreamRouteFinder returned Error Code: UnableToFindDownstreamRouteError Message: Failed to match Route configuration for upstream path: /, verb: GET.
warn: Ocelot.Responder.Middleware.ResponderMiddleware[0]
      requestId: 8000001c-0016-e700-b63f-84710c7967bb, previousRequestId: no previous request id, message: Error Code: UnableToFindDownstreamRouteError Message: Failed to match Route configuration for upstream path: /, verb: GET. errors found in ResponderMiddleware. Setting error response for request path:/, request method: GET
warn: Ocelot.DownstreamRouteFinder.Middleware.DownstreamRouteFinderMiddleware[0]
      requestId: 800000a4-0010-f100-b63f-84710c7967bb, previousRequestId: no previous request id, message: DownstreamRouteFinderMiddleware setting pipeline errors. IDownstreamRouteFinder returned Error Code: UnableToFindDownstreamRouteError Message: Failed to match Route configuration for upstream path: /_stcore/health, verb: GET.
warn: Ocelot.DownstreamRouteFinder.Middleware.DownstreamRouteFinderMiddleware[0]
      requestId: 800003c2-0010-dc00-b63f-84710c7967bb, previousRequestId: no previous request id, message: DownstreamRouteFinderMiddleware setting pipeline errors. IDownstreamRouteFinder returned Error Code: UnableToFindDownstreamRouteError Message: Failed to match Route configuration for upstream path: /_stcore/host-config, verb: GET.
warn: Ocelot.Responder.Middleware.ResponderMiddleware[0]
      requestId: 800000a4-0010-f100-b63f-84710c7967bb, previousRequestId: no previous request id, message: Error Code: UnableToFindDownstreamRouteError Message: Failed to match Route configuration for upstream path: /_stcore/health, verb: GET. errors found in ResponderMiddleware. Setting error response for request path:/_stcore/health, request method: GET
warn: Ocelot.Responder.Middleware.ResponderMiddleware[0]
      requestId: 800003c2-0010-dc00-b63f-84710c7967bb, previousRequestId: no previous request id, message: Error Code: UnableToFindDownstreamRouteError Message: Failed to match Route configuration for upstream path: /_stcore/host-config, verb: GET. errors found in ResponderMiddleware. Setting error response for request path:/_stcore/host-config, request method: GET
warn: Ocelot.DownstreamRouteFinder.Middleware.DownstreamRouteFinderMiddleware[0]
      requestId: 8000048d-001c-f600-b63f-84710c7967bb, previousRequestId: no previous request id, message: DownstreamRouteFinderMiddleware setting pipeline errors. IDownstreamRouteFinder returned Error Code: UnableToFindDownstreamRouteError Message: Failed to match Route configuration for upstream path: /_stcore/health, verb: GET.
warn: Ocelot.DownstreamRouteFinder.Middleware.DownstreamRouteFinderMiddleware[0]
      requestId: 80000053-002b-fd00-b63f-84710c7967bb, previousRequestId: no previous request id, message: DownstreamRouteFinderMiddleware setting pipeline errors. IDownstreamRouteFinder returned Error Code: UnableToFindDownstreamRouteError Message: Failed to match Route configuration for upstream path: /_stcore/host-config, verb: GET.
warn: Ocelot.Responder.Middleware.ResponderMiddleware[0]
      requestId: 8000048d-001c-f600-b63f-84710c7967bb, previousRequestId: no previous request id, message: Error Code: UnableToFindDownstreamRouteError Message: Failed to match Route configuration for upstream path: /_stcore/health, verb: GET. errors found in ResponderMiddleware. Setting error response for request path:/_stcore/health, request method: GET
warn: Ocelot.Responder.Middleware.ResponderMiddleware[0]
      requestId: 80000053-002b-fd00-b63f-84710c7967bb, previousRequestId: no previous request id, message: Error Code: UnableToFindDownstreamRouteError Message: Failed to match Route configuration for upstream path: /_stcore/host-config, verb: GET. errors found in ResponderMiddleware. Setting error response for request path:/_stcore/host-config, request method: GET
info: Ocelot.RateLimit.Middleware.ClientRateLimitMiddleware[0]
      requestId: 80000232-000e-cc00-b63f-84710c7967bb, previousRequestId: no previous request id, message: EndpointRateLimiting is not enabled for /{**catchAll}
info: Ocelot.RateLimit.Middleware.ClientRateLimitMiddleware[0]
      requestId: 800001de-000e-c100-b63f-84710c7967bb, previousRequestId: no previous request id, message: EndpointRateLimiting is not enabled for /{**catchAll}
info: Ocelot.Authentication.Middleware.AuthenticationMiddleware[0]
      requestId: 800001de-000e-c100-b63f-84710c7967bb, previousRequestId: no previous request id, message: No authentication needed for /_stcore/health
info: Ocelot.Authentication.Middleware.AuthenticationMiddleware[0]
      requestId: 80000232-000e-cc00-b63f-84710c7967bb, previousRequestId: no previous request id, message: No authentication needed for /_stcore/host-config
info: Ocelot.Authorization.Middleware.AuthorizationMiddleware[0]
      requestId: 80000232-000e-cc00-b63f-84710c7967bb, previousRequestId: no previous request id, message: /{**catchAll} route does not require user to be authorized
info: Ocelot.Authorization.Middleware.AuthorizationMiddleware[0]
      requestId: 800001de-000e-c100-b63f-84710c7967bb, previousRequestId: no previous request id, message: /{**catchAll} route does not require user to be authorized
warn: Ocelot.Requester.Middleware.HttpRequesterMiddleware[0]
      requestId: 80000232-000e-cc00-b63f-84710c7967bb, previousRequestId: no previous request id, message: 404 (Not Found) status code, request uri: http://192.168.73.133:8000/_stcore/host-config
warn: Ocelot.Requester.Middleware.HttpRequesterMiddleware[0]
      requestId: 800001de-000e-c100-b63f-84710c7967bb, previousRequestId: no previous request id, message: 404 (Not Found) status code, request uri: http://192.168.73.133:8000/_stcore/health
info: Microsoft.Hosting.Lifetime[0]
      Application is shutting down...
